/home/s1890135/miniconda3/envs/mlp/lib/python3.7/site-packages/torch/nn/functional.py:1332: UserWarning: nn.functional.sigmoid is deprecated. Use torch.sigmoid instead.
  warnings.warn("nn.functional.sigmoid is deprecated. Use torch.sigmoid instead.")
/home/s1890135/miniconda3/envs/mlp/lib/python3.7/site-packages/torch/nn/functional.py:1320: UserWarning: nn.functional.tanh is deprecated. Use torch.tanh instead.
  warnings.warn("nn.functional.tanh is deprecated. Use torch.tanh instead.")
Random Seed:  8008
cuda:0  will be used.

Generator(
  (fc_embed1): Linear(in_features=20, out_features=128, bias=False)
  (fc_embed2): Linear(in_features=20, out_features=128, bias=False)
  (tconv1): ConvTranspose2d(356, 512, kernel_size=(4, 4), stride=(1, 1), bias=False)
  (bn1): BatchNorm2d(512, eps=1e-05, momentum=0.1, affine=True, track_running_stats=True)
  (tconv2): ConvTranspose2d(512, 256, kernel_size=(4, 4), stride=(2, 2), padding=(1, 1), bias=False)
  (bn2): BatchNorm2d(256, eps=1e-05, momentum=0.1, affine=True, track_running_stats=True)
  (tconv3): ConvTranspose2d(256, 128, kernel_size=(4, 4), stride=(2, 2), padding=(1, 1), bias=False)
  (bn3): BatchNorm2d(128, eps=1e-05, momentum=0.1, affine=True, track_running_stats=True)
  (tconv4): ConvTranspose2d(128, 64, kernel_size=(4, 4), stride=(2, 2), padding=(1, 1), bias=False)
  (bn4): BatchNorm2d(64, eps=1e-05, momentum=0.1, affine=True, track_running_stats=True)
  (tconv5): ConvTranspose2d(64, 3, kernel_size=(4, 4), stride=(2, 2), padding=(1, 1), bias=False)
)
3
Discriminator(
  (conv1): Conv2d(3, 64, kernel_size=(4, 4), stride=(2, 2), padding=(1, 1), bias=False)
  (conv2): Conv2d(64, 128, kernel_size=(4, 4), stride=(2, 2), padding=(1, 1), bias=False)
  (bn2): BatchNorm2d(128, eps=1e-05, momentum=0.1, affine=True, track_running_stats=True)
  (conv3): Conv2d(128, 256, kernel_size=(4, 4), stride=(2, 2), padding=(1, 1), bias=False)
  (bn3): BatchNorm2d(256, eps=1e-05, momentum=0.1, affine=True, track_running_stats=True)
  (conv4): Conv2d(256, 512, kernel_size=(4, 4), stride=(2, 2), padding=(1, 1), bias=False)
  (bn4): BatchNorm2d(512, eps=1e-05, momentum=0.1, affine=True, track_running_stats=True)
  (conv5): Conv2d(768, 512, kernel_size=(1, 1), stride=(1, 1), bias=False)
  (bn5): BatchNorm2d(512, eps=1e-05, momentum=0.1, affine=True, track_running_stats=True)
  (conv6): Conv2d(512, 1, kernel_size=(4, 4), stride=(1, 1), bias=False)
  (fc_embed1): Linear(in_features=20, out_features=128, bias=False)
  (fc_embed2): Linear(in_features=20, out_features=128, bias=False)
)
Starting Training Loop...
-------------------------
True
[0/1000][0/12]	Loss_D: 2.0237	Loss_G: 1.3812	D(x): 0.2775	D(G(z)): 0.3717 / 0.3069
True
[1/1000][0/12]	Loss_D: 1.2784	Loss_G: 5.6582	D(x): 0.6920	D(G(z)): 0.1379 / 0.0056
True
[2/1000][0/12]	Loss_D: 1.0836	Loss_G: 5.4593	D(x): 0.6977	D(G(z)): 0.0878 / 0.0058
True
[3/1000][0/12]	Loss_D: 1.2981	Loss_G: 8.7088	D(x): 0.4646	D(G(z)): 0.0003 / 0.0002
True
[4/1000][0/12]	Loss_D: 1.6051	Loss_G: 5.8633	D(x): 0.9462	D(G(z)): 0.0453 / 0.0037
True
[5/1000][0/12]	Loss_D: 1.1300	Loss_G: 2.8815	D(x): 0.5287	D(G(z)): 0.0572 / 0.0621
True
[6/1000][0/12]	Loss_D: 1.5552	Loss_G: 6.7276	D(x): 0.8766	D(G(z)): 0.3433 / 0.0013
True
[7/1000][0/12]	Loss_D: 1.3139	Loss_G: 1.0102	D(x): 0.3622	D(G(z)): 0.0266 / 0.3728
True
[8/1000][0/12]	Loss_D: 1.1199	Loss_G: 4.1986	D(x): 0.6856	D(G(z)): 0.2146 / 0.0190
True
[9/1000][0/12]	Loss_D: 1.7695	Loss_G: 1.9677	D(x): 0.2205	D(G(z)): 0.0101 / 0.1494
True
[10/1000][0/12]	Loss_D: 1.1264	Loss_G: 3.3244	D(x): 0.7470	D(G(z)): 0.1852 / 0.0416
True
[11/1000][0/12]	Loss_D: 1.1778	Loss_G: 4.5439	D(x): 0.7766	D(G(z)): 0.2002 / 0.0133
True
[12/1000][0/12]	Loss_D: 1.1212	Loss_G: 4.8300	D(x): 0.7547	D(G(z)): 0.1478 / 0.0107
True
[13/1000][0/12]	Loss_D: 1.0325	Loss_G: 4.3152	D(x): 0.7597	D(G(z)): 0.0948 / 0.0164
True
[14/1000][0/12]	Loss_D: 1.0578	Loss_G: 3.7407	D(x): 0.5478	D(G(z)): 0.0445 / 0.0276
True
[15/1000][0/12]	Loss_D: 1.1042	Loss_G: 2.5262	D(x): 0.5561	D(G(z)): 0.1562 / 0.0856
True
[16/1000][0/12]	Loss_D: 1.1280	Loss_G: 3.0713	D(x): 0.7055	D(G(z)): 0.2615 / 0.0596
True
[17/1000][0/12]	Loss_D: 1.0912	Loss_G: 3.5453	D(x): 0.7223	D(G(z)): 0.1737 / 0.0384
True
[18/1000][0/12]	Loss_D: 1.3313	Loss_G: 4.0777	D(x): 0.8178	D(G(z)): 0.3222 / 0.0235
True
[19/1000][0/12]	Loss_D: 1.0806	Loss_G: 2.9904	D(x): 0.5464	D(G(z)): 0.0803 / 0.0605
True
[20/1000][0/12]	Loss_D: 1.0980	Loss_G: 3.0331	D(x): 0.6809	D(G(z)): 0.2003 / 0.0542
True
[21/1000][0/12]	Loss_D: 1.6360	Loss_G: 5.5611	D(x): 0.8785	D(G(z)): 0.5890 / 0.0054
True
[22/1000][0/12]	Loss_D: 1.0810	Loss_G: 2.0696	D(x): 0.5393	D(G(z)): 0.1542 / 0.1436
True
[23/1000][0/12]	Loss_D: 1.1036	Loss_G: 3.0750	D(x): 0.7191	D(G(z)): 0.2703 / 0.0497
True
[24/1000][0/12]	Loss_D: 1.1195	Loss_G: 2.3880	D(x): 0.4548	D(G(z)): 0.0662 / 0.1008
True
[25/1000][0/12]	Loss_D: 0.9453	Loss_G: 3.5263	D(x): 0.7249	D(G(z)): 0.1486 / 0.0353
True
[26/1000][0/12]	Loss_D: 1.0934	Loss_G: 3.5866	D(x): 0.7962	D(G(z)): 0.2348 / 0.0337
True
[27/1000][0/12]	Loss_D: 0.9413	Loss_G: 2.6554	D(x): 0.6288	D(G(z)): 0.0723 / 0.0742
True
[28/1000][0/12]	Loss_D: 0.8701	Loss_G: 2.7796	D(x): 0.6853	D(G(z)): 0.1911 / 0.0713
True
[29/1000][0/12]	Loss_D: 1.0295	Loss_G: 3.6954	D(x): 0.8121	D(G(z)): 0.3032 / 0.0265
True
[30/1000][0/12]	Loss_D: 0.9016	Loss_G: 4.1015	D(x): 0.8097	D(G(z)): 0.3021 / 0.0212
True
[31/1000][0/12]	Loss_D: 1.0336	Loss_G: 1.6480	D(x): 0.4368	D(G(z)): 0.0537 / 0.2212
True
[32/1000][0/12]	Loss_D: 0.8969	Loss_G: 3.6857	D(x): 0.6671	D(G(z)): 0.0890 / 0.0318
True
[33/1000][0/12]	Loss_D: 1.7828	Loss_G: 3.0538	D(x): 0.9383	D(G(z)): 0.6799 / 0.0548
True
[34/1000][0/12]	Loss_D: 1.7898	Loss_G: 4.1546	D(x): 0.9431	D(G(z)): 0.7135 / 0.0217
True
[35/1000][0/12]	Loss_D: 0.9150	Loss_G: 3.0265	D(x): 0.8465	D(G(z)): 0.3027 / 0.0566
True
[36/1000][0/12]	Loss_D: 1.8416	Loss_G: 1.4254	D(x): 0.2073	D(G(z)): 0.0208 / 0.2748
True
[37/1000][0/12]	Loss_D: 0.9538	Loss_G: 4.1810	D(x): 0.8780	D(G(z)): 0.4535 / 0.0180
True
[38/1000][0/12]	Loss_D: 0.9347	Loss_G: 1.5228	D(x): 0.5025	D(G(z)): 0.0861 / 0.2431
True
[39/1000][0/12]	Loss_D: 1.6850	Loss_G: 4.3875	D(x): 0.9583	D(G(z)): 0.7928 / 0.0166
True
[40/1000][0/12]	Loss_D: 0.6230	Loss_G: 2.4869	D(x): 0.7673	D(G(z)): 0.1813 / 0.0982
True
[41/1000][0/12]	Loss_D: 0.7602	Loss_G: 4.3676	D(x): 0.8292	D(G(z)): 0.2526 / 0.0132
True
[42/1000][0/12]	Loss_D: 0.5507	Loss_G: 2.6917	D(x): 0.8365	D(G(z)): 0.2122 / 0.0825
True
[43/1000][0/12]	Loss_D: 0.7663	Loss_G: 1.2047	D(x): 0.5504	D(G(z)): 0.0469 / 0.3289
True
[44/1000][0/12]	Loss_D: 2.0933	Loss_G: 4.5424	D(x): 0.9731	D(G(z)): 0.8037 / 0.0138
True
[45/1000][0/12]	Loss_D: 0.6586	Loss_G: 2.5216	D(x): 0.7666	D(G(z)): 0.2357 / 0.0937
True
[46/1000][0/12]	Loss_D: 0.6369	Loss_G: 2.7262	D(x): 0.7765	D(G(z)): 0.2948 / 0.0805
True
[47/1000][0/12]	Loss_D: 1.8331	Loss_G: 3.2052	D(x): 0.9773	D(G(z)): 0.8365 / 0.0578
True
[48/1000][0/12]	Loss_D: 0.6927	Loss_G: 1.7402	D(x): 0.5998	D(G(z)): 0.1292 / 0.1954
True
[49/1000][0/12]	Loss_D: 0.8144	Loss_G: 3.7277	D(x): 0.9289	D(G(z)): 0.4917 / 0.0299
True
[50/1000][0/12]	Loss_D: 0.6062	Loss_G: 3.8179	D(x): 0.9190	D(G(z)): 0.3861 / 0.0271
True
[51/1000][0/12]	Loss_D: 0.4685	Loss_G: 3.0926	D(x): 0.9118	D(G(z)): 0.3074 / 0.0529
True
[52/1000][0/12]	Loss_D: 2.0140	Loss_G: 6.7867	D(x): 0.9862	D(G(z)): 0.8168 / 0.0026
True
[53/1000][0/12]	Loss_D: 0.4091	Loss_G: 2.8081	D(x): 0.9198	D(G(z)): 0.3592 / 0.0757
True
[54/1000][0/12]	Loss_D: 0.4508	Loss_G: 2.2322	D(x): 0.7268	D(G(z)): 0.1026 / 0.1310
True
[55/1000][0/12]	Loss_D: 0.6619	Loss_G: 3.2206	D(x): 0.9507	D(G(z)): 0.4790 / 0.0586
True
[56/1000][0/12]	Loss_D: 0.5182	Loss_G: 2.1332	D(x): 0.6422	D(G(z)): 0.0335 / 0.1432
True
[57/1000][0/12]	Loss_D: 0.4000	Loss_G: 3.8730	D(x): 0.9302	D(G(z)): 0.3773 / 0.0272
True
[58/1000][0/12]	Loss_D: 0.4499	Loss_G: 3.9896	D(x): 0.9380	D(G(z)): 0.4854 / 0.0231
True
[59/1000][0/12]	Loss_D: 0.2828	Loss_G: 2.2942	D(x): 0.8366	D(G(z)): 0.0835 / 0.1244
True
[60/1000][0/12]	Loss_D: 1.2949	Loss_G: 3.4003	D(x): 0.9942	D(G(z)): 0.8695 / 0.0574
True
[61/1000][0/12]	Loss_D: 0.5729	Loss_G: 2.6278	D(x): 0.9206	D(G(z)): 0.5334 / 0.1086
True
[62/1000][0/12]	Loss_D: 0.3419	Loss_G: 4.6156	D(x): 0.9457	D(G(z)): 0.3839 / 0.0145
True
[63/1000][0/12]	Loss_D: 1.1424	Loss_G: 7.4259	D(x): 0.9875	D(G(z)): 0.8258 / 0.0011
True
[64/1000][0/12]	Loss_D: 0.4517	Loss_G: 2.1539	D(x): 0.9101	D(G(z)): 0.4882 / 0.1522
True
[65/1000][0/12]	Loss_D: 1.2861	Loss_G: 3.0577	D(x): 0.9913	D(G(z)): 0.8272 / 0.0702
True
[66/1000][0/12]	Loss_D: 0.2232	Loss_G: 2.6791	D(x): 0.8504	D(G(z)): 0.1815 / 0.0910
True
[67/1000][0/12]	Loss_D: 0.2837	Loss_G: 2.3313	D(x): 0.8547	D(G(z)): 0.2796 / 0.1235
True
[68/1000][0/12]	Loss_D: 0.4681	Loss_G: 1.8150	D(x): 0.6730	D(G(z)): 0.0420 / 0.1943
True
[69/1000][0/12]	Loss_D: 0.1388	Loss_G: 2.9826	D(x): 0.8921	D(G(z)): 0.0973 / 0.0674
True
[70/1000][0/12]	Loss_D: 0.8341	Loss_G: 4.3213	D(x): 0.9889	D(G(z)): 0.7651 / 0.0195
True
[71/1000][0/12]	Loss_D: 1.0309	Loss_G: 4.3757	D(x): 0.9949	D(G(z)): 0.7963 / 0.0229
True
[72/1000][0/12]	Loss_D: 0.3722	Loss_G: 3.8383	D(x): 0.9755	D(G(z)): 0.4318 / 0.0305
True
[73/1000][0/12]	Loss_D: 0.1850	Loss_G: 2.5826	D(x): 0.8821	D(G(z)): 0.0814 / 0.0911
True
[74/1000][0/12]	Loss_D: 0.1754	Loss_G: 2.9125	D(x): 0.9740	D(G(z)): 0.2872 / 0.0664
True
[75/1000][0/12]	Loss_D: 0.1927	Loss_G: 3.5202	D(x): 0.9524	D(G(z)): 0.2773 / 0.0421
True
[76/1000][0/12]	Loss_D: 0.3347	Loss_G: 2.4048	D(x): 0.8116	D(G(z)): 0.1442 / 0.1276
True
[77/1000][0/12]	Loss_D: 0.3402	Loss_G: 1.9430	D(x): 0.7712	D(G(z)): 0.0738 / 0.1935
True
[78/1000][0/12]	Loss_D: 0.1172	Loss_G: 3.0320	D(x): 0.9435	D(G(z)): 0.1581 / 0.0599
True
[79/1000][0/12]	Loss_D: 0.9116	Loss_G: 5.4159	D(x): 0.9935	D(G(z)): 0.7051 / 0.0074
True
[80/1000][0/12]	Loss_D: 0.1556	Loss_G: 3.4515	D(x): 0.9556	D(G(z)): 0.1846 / 0.0387
True
[81/1000][0/12]	Loss_D: 0.2137	Loss_G: 3.0422	D(x): 0.8894	D(G(z)): 0.0781 / 0.0644
True
[82/1000][0/12]	Loss_D: 0.2532	Loss_G: 3.7471	D(x): 0.9672	D(G(z)): 0.2363 / 0.0331
True
[83/1000][0/12]	Loss_D: 0.2576	Loss_G: 4.4023	D(x): 0.9740	D(G(z)): 0.3147 / 0.0172
True
[84/1000][0/12]	Loss_D: 0.1677	Loss_G: 3.6123	D(x): 0.9387	D(G(z)): 0.2060 / 0.0342
True
[85/1000][0/12]	Loss_D: 0.4247	Loss_G: 4.5428	D(x): 0.9815	D(G(z)): 0.4843 / 0.0138
True
[86/1000][0/12]	Loss_D: 0.1518	Loss_G: 3.6674	D(x): 0.9606	D(G(z)): 0.3103 / 0.0360
True
[87/1000][0/12]	Loss_D: 1.1207	Loss_G: 6.1659	D(x): 0.9926	D(G(z)): 0.8415 / 0.0068
True
[88/1000][0/12]	Loss_D: 0.4421	Loss_G: 3.8558	D(x): 0.9067	D(G(z)): 0.4391 / 0.0271
True
[89/1000][0/12]	Loss_D: 0.1776	Loss_G: 4.5413	D(x): 0.9318	D(G(z)): 0.1691 / 0.0185
True
[90/1000][0/12]	Loss_D: 0.2737	Loss_G: 3.7418	D(x): 0.9769	D(G(z)): 0.3216 / 0.0327
True
[91/1000][0/12]	Loss_D: 0.2322	Loss_G: 3.9576	D(x): 0.9776	D(G(z)): 0.3523 / 0.0290
True
[92/1000][0/12]	Loss_D: 0.3364	Loss_G: 3.7711	D(x): 0.9848	D(G(z)): 0.3879 / 0.0363
True
[93/1000][0/12]	Loss_D: 0.1567	Loss_G: 3.6529	D(x): 0.9353	D(G(z)): 0.1101 / 0.0340
True
[94/1000][0/12]	Loss_D: 0.2225	Loss_G: 3.0860	D(x): 0.9806	D(G(z)): 0.2963 / 0.0716
True
[95/1000][0/12]	Loss_D: 0.8179	Loss_G: 5.4607	D(x): 0.9943	D(G(z)): 0.6805 / 0.0072
True
[96/1000][0/12]	Loss_D: 0.1328	Loss_G: 3.2168	D(x): 0.9680	D(G(z)): 0.2707 / 0.0534
True
[97/1000][0/12]	Loss_D: 0.3080	Loss_G: 4.6487	D(x): 0.9809	D(G(z)): 0.2307 / 0.0132
True
[98/1000][0/12]	Loss_D: 0.1688	Loss_G: 2.9705	D(x): 0.9414	D(G(z)): 0.1746 / 0.0695
True
[99/1000][0/12]	Loss_D: 0.2947	Loss_G: 3.3569	D(x): 0.9814	D(G(z)): 0.3480 / 0.0467
True
[100/1000][0/12]	Loss_D: 0.3239	Loss_G: 4.4955	D(x): 0.9793	D(G(z)): 0.2972 / 0.0171
True
[101/1000][0/12]	Loss_D: 0.1875	Loss_G: 3.8157	D(x): 0.9707	D(G(z)): 0.2716 / 0.0304
True
[102/1000][0/12]	Loss_D: 0.0691	Loss_G: 3.4783	D(x): 0.9718	D(G(z)): 0.2659 / 0.0389
True
[103/1000][0/12]	Loss_D: 0.1397	Loss_G: 4.5718	D(x): 0.9827	D(G(z)): 0.2646 / 0.0127
True
[104/1000][0/12]	Loss_D: 0.3205	Loss_G: 4.4761	D(x): 0.9845	D(G(z)): 0.3220 / 0.0118
True
[105/1000][0/12]	Loss_D: 0.2367	Loss_G: 3.5420	D(x): 0.9752	D(G(z)): 0.2379 / 0.0391
True
[106/1000][0/12]	Loss_D: 0.2451	Loss_G: 4.7635	D(x): 0.9891	D(G(z)): 0.3293 / 0.0104
True
[107/1000][0/12]	Loss_D: 0.2986	Loss_G: 5.6904	D(x): 0.9918	D(G(z)): 0.4139 / 0.0048
True
[108/1000][0/12]	Loss_D: 0.6521	Loss_G: 6.4067	D(x): 0.9948	D(G(z)): 0.4439 / 0.0023
True
[109/1000][0/12]	Loss_D: 0.0830	Loss_G: 2.9444	D(x): 0.9611	D(G(z)): 0.1161 / 0.0977
True
[110/1000][0/12]	Loss_D: 0.0867	Loss_G: 3.9189	D(x): 0.9724	D(G(z)): 0.1446 / 0.0290
True
[111/1000][0/12]	Loss_D: 0.2926	Loss_G: 5.4908	D(x): 0.9892	D(G(z)): 0.3001 / 0.0049
True
[112/1000][0/12]	Loss_D: 0.0680	Loss_G: 3.8797	D(x): 0.9610	D(G(z)): 0.1284 / 0.0298
True
[113/1000][0/12]	Loss_D: 0.3133	Loss_G: 4.6616	D(x): 0.9911	D(G(z)): 0.2086 / 0.0121
True
[114/1000][0/12]	Loss_D: 0.0734	Loss_G: 3.5207	D(x): 0.9563	D(G(z)): 0.0557 / 0.0406
True
[115/1000][0/12]	Loss_D: 0.1404	Loss_G: 3.6049	D(x): 0.9105	D(G(z)): 0.0638 / 0.0445
True
[116/1000][0/12]	Loss_D: 0.2376	Loss_G: 4.5361	D(x): 0.9784	D(G(z)): 0.1241 / 0.0140
True
[117/1000][0/12]	Loss_D: 0.0972	Loss_G: 4.4555	D(x): 0.9826	D(G(z)): 0.2068 / 0.0158
True
[118/1000][0/12]	Loss_D: 0.0774	Loss_G: 4.8016	D(x): 0.9872	D(G(z)): 0.2193 / 0.0117
True
[119/1000][0/12]	Loss_D: 0.5772	Loss_G: 7.1397	D(x): 0.9983	D(G(z)): 0.6301 / 0.0011
True
[120/1000][0/12]	Loss_D: 0.3778	Loss_G: 4.9938	D(x): 0.9930	D(G(z)): 0.3043 / 0.0098
True
[121/1000][0/12]	Loss_D: 0.4419	Loss_G: 5.9129	D(x): 0.9981	D(G(z)): 0.6824 / 0.0040
True
[122/1000][0/12]	Loss_D: 0.0888	Loss_G: 4.1355	D(x): 0.9893	D(G(z)): 0.2383 / 0.0250
True
[123/1000][0/12]	Loss_D: 0.1155	Loss_G: 3.9606	D(x): 0.9343	D(G(z)): 0.0512 / 0.0269
True
[124/1000][0/12]	Loss_D: 0.0284	Loss_G: 4.3338	D(x): 0.9615	D(G(z)): 0.0513 / 0.0202
True
[125/1000][0/12]	Loss_D: 0.0603	Loss_G: 4.0632	D(x): 0.9517	D(G(z)): 0.0483 / 0.0243
True
[126/1000][0/12]	Loss_D: 0.0551	Loss_G: 2.8725	D(x): 0.9897	D(G(z)): 0.1722 / 0.0739
True
[127/1000][0/12]	Loss_D: 0.0392	Loss_G: 3.6611	D(x): 0.9911	D(G(z)): 0.1478 / 0.0360
True
[128/1000][0/12]	Loss_D: 0.1086	Loss_G: 3.9124	D(x): 0.9536	D(G(z)): 0.0486 / 0.0313
True
[129/1000][0/12]	Loss_D: 0.0524	Loss_G: 2.8521	D(x): 0.9301	D(G(z)): 0.0410 / 0.0765
True
[130/1000][0/12]	Loss_D: 0.6665	Loss_G: 8.5027	D(x): 0.9989	D(G(z)): 0.7201 / 0.0004
True
[131/1000][0/12]	Loss_D: 2.0471	Loss_G: 0.1218	D(x): 0.2544	D(G(z)): 0.0529 / 0.8984
True
[132/1000][0/12]	Loss_D: 0.4700	Loss_G: 1.4963	D(x): 0.7569	D(G(z)): 0.2456 / 0.3118
True
[133/1000][0/12]	Loss_D: 0.2584	Loss_G: 3.1714	D(x): 0.9726	D(G(z)): 0.3019 / 0.0613
True
[134/1000][0/12]	Loss_D: 0.1527	Loss_G: 4.3396	D(x): 0.9746	D(G(z)): 0.2287 / 0.0197
True
[135/1000][0/12]	Loss_D: 0.2955	Loss_G: 2.7142	D(x): 0.8326	D(G(z)): 0.0794 / 0.0829
True
[136/1000][0/12]	Loss_D: 0.2399	Loss_G: 4.4201	D(x): 0.9887	D(G(z)): 0.3360 / 0.0194
True
[137/1000][0/12]	Loss_D: 0.1232	Loss_G: 3.9680	D(x): 0.9581	D(G(z)): 0.1432 / 0.0286
True
[138/1000][0/12]	Loss_D: 0.1003	Loss_G: 3.4946	D(x): 0.9876	D(G(z)): 0.2560 / 0.0371
True
[139/1000][0/12]	Loss_D: 0.3245	Loss_G: 4.1761	D(x): 0.9906	D(G(z)): 0.2534 / 0.0188
True
[140/1000][0/12]	Loss_D: -0.1006	Loss_G: 3.3050	D(x): 0.9900	D(G(z)): 0.1815 / 0.0436
True
[141/1000][0/12]	Loss_D: 0.0874	Loss_G: 3.8383	D(x): 0.9879	D(G(z)): 0.1567 / 0.0298
True
[142/1000][0/12]	Loss_D: 0.1370	Loss_G: 3.5454	D(x): 0.9818	D(G(z)): 0.1410 / 0.0387
True
[143/1000][0/12]	Loss_D: 0.0984	Loss_G: 3.4235	D(x): 0.9618	D(G(z)): 0.0812 / 0.0501
True
[144/1000][0/12]	Loss_D: 0.1732	Loss_G: 4.4870	D(x): 0.9593	D(G(z)): 0.0369 / 0.0163
True
[145/1000][0/12]	Loss_D: 0.1325	Loss_G: 4.1506	D(x): 0.9249	D(G(z)): 0.0187 / 0.0271
True
[146/1000][0/12]	Loss_D: 0.0323	Loss_G: 3.5523	D(x): 0.9872	D(G(z)): 0.0974 / 0.0383
True
[147/1000][0/12]	Loss_D: -0.0074	Loss_G: 3.2526	D(x): 0.9711	D(G(z)): 0.0588 / 0.0593
True
[148/1000][0/12]	Loss_D: -0.0039	Loss_G: 4.4391	D(x): 0.9874	D(G(z)): 0.0283 / 0.0164
True
[149/1000][0/12]	Loss_D: 0.3245	Loss_G: 5.2614	D(x): 0.9941	D(G(z)): 0.3717 / 0.0069
True
[150/1000][0/12]	Loss_D: 0.1649	Loss_G: 3.8839	D(x): 0.9342	D(G(z)): 0.0258 / 0.0284
True
[151/1000][0/12]	Loss_D: 0.1432	Loss_G: 3.6560	D(x): 0.9076	D(G(z)): 0.0228 / 0.0341
True
[152/1000][0/12]	Loss_D: 0.0361	Loss_G: 4.2287	D(x): 0.9830	D(G(z)): 0.0747 / 0.0214
True
[153/1000][0/12]	Loss_D: 0.2040	Loss_G: 3.9413	D(x): 0.9517	D(G(z)): 0.0307 / 0.0312
True
[154/1000][0/12]	Loss_D: -0.0669	Loss_G: 3.8431	D(x): 0.9713	D(G(z)): 0.0440 / 0.0311
True
[155/1000][0/12]	Loss_D: 0.0843	Loss_G: 5.0705	D(x): 0.9754	D(G(z)): 0.0202 / 0.0096
True
[156/1000][0/12]	Loss_D: 0.0636	Loss_G: 4.5852	D(x): 0.9781	D(G(z)): 0.0448 / 0.0171
True
[157/1000][0/12]	Loss_D: 0.2401	Loss_G: 4.2657	D(x): 0.9814	D(G(z)): 0.0794 / 0.0193
True
[158/1000][0/12]	Loss_D: 0.2612	Loss_G: 7.1334	D(x): 0.9965	D(G(z)): 0.3079 / 0.0011
True
[159/1000][0/12]	Loss_D: 0.1762	Loss_G: 4.7242	D(x): 0.9592	D(G(z)): 0.0239 / 0.0124
True
[160/1000][0/12]	Loss_D: 0.2196	Loss_G: 4.1515	D(x): 0.9495	D(G(z)): 0.0313 / 0.0209
True
[161/1000][0/12]	Loss_D: -0.1717	Loss_G: 3.3862	D(x): 0.9805	D(G(z)): 0.0340 / 0.0555
True
[162/1000][0/12]	Loss_D: 0.1430	Loss_G: 6.0612	D(x): 0.9644	D(G(z)): 0.0158 / 0.0048
True
[163/1000][0/12]	Loss_D: 0.0335	Loss_G: 4.2264	D(x): 0.9910	D(G(z)): 0.0791 / 0.0204
True
[164/1000][0/12]	Loss_D: 0.2724	Loss_G: 4.9489	D(x): 0.9830	D(G(z)): 0.0580 / 0.0101
True
[165/1000][0/12]	Loss_D: 0.0656	Loss_G: 6.0711	D(x): 0.9963	D(G(z)): 0.2891 / 0.0029
True
[166/1000][0/12]	Loss_D: -0.0377	Loss_G: 3.8998	D(x): 0.9757	D(G(z)): 0.0516 / 0.0289
True
[167/1000][0/12]	Loss_D: 0.0182	Loss_G: 4.2799	D(x): 0.9901	D(G(z)): 0.0706 / 0.0192
True
[168/1000][0/12]	Loss_D: 0.0535	Loss_G: 5.7160	D(x): 0.9961	D(G(z)): 0.2240 / 0.0051
True
[169/1000][0/12]	Loss_D: 0.4454	Loss_G: 8.0715	D(x): 0.9991	D(G(z)): 0.4024 / 0.0006
True
[170/1000][0/12]	Loss_D: -0.0370	Loss_G: 4.2838	D(x): 0.9402	D(G(z)): 0.0096 / 0.0216
True
[171/1000][0/12]	Loss_D: -0.0729	Loss_G: 4.2335	D(x): 0.9739	D(G(z)): 0.0215 / 0.0233
True
[172/1000][0/12]	Loss_D: 0.1978	Loss_G: 5.0534	D(x): 0.9909	D(G(z)): 0.1411 / 0.0088
True
[173/1000][0/12]	Loss_D: -0.0656	Loss_G: 3.3955	D(x): 0.9762	D(G(z)): 0.0429 / 0.0529
True
[174/1000][0/12]	Loss_D: 0.0988	Loss_G: 3.9413	D(x): 0.9836	D(G(z)): 0.0758 / 0.0324
True
[175/1000][0/12]	Loss_D: 0.4287	Loss_G: 8.4328	D(x): 0.9966	D(G(z)): 0.3868 / 0.0004
True
[176/1000][0/12]	Loss_D: 0.0933	Loss_G: 3.6679	D(x): 0.9768	D(G(z)): 0.0496 / 0.0328
True
[177/1000][0/12]	Loss_D: 0.1156	Loss_G: 4.5364	D(x): 0.9481	D(G(z)): 0.0103 / 0.0171
True
[178/1000][0/12]	Loss_D: 0.1577	Loss_G: 5.4718	D(x): 0.9767	D(G(z)): 0.0272 / 0.0076
True
[179/1000][0/12]	Loss_D: -0.0558	Loss_G: 3.5212	D(x): 0.9898	D(G(z)): 0.0738 / 0.0425
True
[180/1000][0/12]	Loss_D: 0.2139	Loss_G: 5.3681	D(x): 0.9979	D(G(z)): 0.2309 / 0.0064
True
[181/1000][0/12]	Loss_D: 0.0791	Loss_G: 3.1278	D(x): 0.9011	D(G(z)): 0.0087 / 0.0677
True
[182/1000][0/12]	Loss_D: 0.1830	Loss_G: 3.7423	D(x): 0.8957	D(G(z)): 0.0084 / 0.0389
True
[183/1000][0/12]	Loss_D: 0.3720	Loss_G: 7.4008	D(x): 0.9986	D(G(z)): 0.3317 / 0.0010
True
[184/1000][0/12]	Loss_D: 0.1783	Loss_G: 5.0972	D(x): 0.9917	D(G(z)): 0.1606 / 0.0078
True
[185/1000][0/12]	Loss_D: -0.0285	Loss_G: 4.8496	D(x): 0.9964	D(G(z)): 0.1722 / 0.0089
True
[186/1000][0/12]	Loss_D: 0.0219	Loss_G: 5.0783	D(x): 0.9802	D(G(z)): 0.0261 / 0.0109
True
[187/1000][0/12]	Loss_D: 0.0439	Loss_G: 5.7843	D(x): 0.9888	D(G(z)): 0.0226 / 0.0061
True
[188/1000][0/12]	Loss_D: 0.3209	Loss_G: 6.8147	D(x): 0.9983	D(G(z)): 0.3600 / 0.0016
True
[189/1000][0/12]	Loss_D: 0.1057	Loss_G: 4.0961	D(x): 0.9769	D(G(z)): 0.0682 / 0.0248
True
[190/1000][0/12]	Loss_D: 0.0246	Loss_G: 3.8647	D(x): 0.9703	D(G(z)): 0.0311 / 0.0313
True
[191/1000][0/12]	Loss_D: 0.1090	Loss_G: 4.4723	D(x): 0.9332	D(G(z)): 0.0102 / 0.0187
True
[192/1000][0/12]	Loss_D: 0.2604	Loss_G: 5.5315	D(x): 0.9962	D(G(z)): 0.0536 / 0.0053
True
[193/1000][0/12]	Loss_D: 0.0816	Loss_G: 4.5740	D(x): 0.9846	D(G(z)): 0.0697 / 0.0180
True
[194/1000][0/12]	Loss_D: 0.1352	Loss_G: 5.0836	D(x): 0.9495	D(G(z)): 0.0063 / 0.0165
True
[195/1000][0/12]	Loss_D: 0.0161	Loss_G: 4.5564	D(x): 0.9922	D(G(z)): 0.0838 / 0.0146
True
[196/1000][0/12]	Loss_D: 0.1057	Loss_G: 4.2370	D(x): 0.9110	D(G(z)): 0.0043 / 0.0256
True
[197/1000][0/12]	Loss_D: 0.1647	Loss_G: 4.2808	D(x): 0.9348	D(G(z)): 0.0131 / 0.0204
True
[198/1000][0/12]	Loss_D: 0.0115	Loss_G: 4.1727	D(x): 0.9961	D(G(z)): 0.0846 / 0.0221
True
[199/1000][0/12]	Loss_D: 0.2688	Loss_G: 2.1483	D(x): 0.8101	D(G(z)): 0.0012 / 0.1750
True
[200/1000][0/12]	Loss_D: -0.0855	Loss_G: 3.9407	D(x): 0.9866	D(G(z)): 0.0220 / 0.0285
True
[201/1000][0/12]	Loss_D: -0.0381	Loss_G: 4.3968	D(x): 0.9922	D(G(z)): 0.0450 / 0.0178
True
[202/1000][0/12]	Loss_D: 0.3709	Loss_G: 7.2942	D(x): 0.9981	D(G(z)): 0.1853 / 0.0011
True
[203/1000][0/12]	Loss_D: 0.0881	Loss_G: 5.1517	D(x): 0.9968	D(G(z)): 0.1486 / 0.0081
True
[204/1000][0/12]	Loss_D: 0.2165	Loss_G: 3.8898	D(x): 0.9070	D(G(z)): 0.0055 / 0.0417
True
[205/1000][0/12]	Loss_D: 0.0964	Loss_G: 4.8226	D(x): 0.9825	D(G(z)): 0.0346 / 0.0114
True
[206/1000][0/12]	Loss_D: -0.0608	Loss_G: 3.2574	D(x): 0.9423	D(G(z)): 0.0085 / 0.0668
True
[207/1000][0/12]	Loss_D: -0.2020	Loss_G: 4.5472	D(x): 0.9971	D(G(z)): 0.0751 / 0.0142
True
[208/1000][0/12]	Loss_D: 0.0642	Loss_G: 2.4709	D(x): 0.9161	D(G(z)): 0.0100 / 0.1143
True
[209/1000][0/12]	Loss_D: 0.0103	Loss_G: 4.7895	D(x): 0.9812	D(G(z)): 0.0128 / 0.0112
True
[210/1000][0/12]	Loss_D: -0.1312	Loss_G: 4.6331	D(x): 0.9977	D(G(z)): 0.0757 / 0.0163
True
[211/1000][0/12]	Loss_D: 0.1154	Loss_G: 6.0602	D(x): 0.9972	D(G(z)): 0.1666 / 0.0036
True
[212/1000][0/12]	Loss_D: 1.0737	Loss_G: 2.0040	D(x): 0.4974	D(G(z)): 0.0004 / 0.1939
True
[213/1000][0/12]	Loss_D: 1.9667	Loss_G: 0.3984	D(x): 0.9926	D(G(z)): 0.9205 / 0.7197
True
[214/1000][0/12]	Loss_D: 0.7709	Loss_G: 0.8689	D(x): 0.5481	D(G(z)): 0.1532 / 0.4888
True
[215/1000][0/12]	Loss_D: 0.4779	Loss_G: 1.3406	D(x): 0.7429	D(G(z)): 0.2363 / 0.3699
True
[216/1000][0/12]	Loss_D: 0.9208	Loss_G: 5.3965	D(x): 0.9885	D(G(z)): 0.7713 / 0.0113
True
[217/1000][0/12]	Loss_D: 1.0897	Loss_G: 5.5172	D(x): 0.9970	D(G(z)): 0.8364 / 0.0077
True
[218/1000][0/12]	Loss_D: 0.4039	Loss_G: 3.9260	D(x): 0.9227	D(G(z)): 0.3148 / 0.0322
True
[219/1000][0/12]	Loss_D: 0.2256	Loss_G: 4.7977	D(x): 0.8834	D(G(z)): 0.0406 / 0.0172
True
[220/1000][0/12]	Loss_D: 0.0626	Loss_G: 3.9848	D(x): 0.9491	D(G(z)): 0.0527 / 0.0274
True
[221/1000][0/12]	Loss_D: 0.1415	Loss_G: 3.6681	D(x): 0.9810	D(G(z)): 0.1616 / 0.0331
True
[222/1000][0/12]	Loss_D: 0.2115	Loss_G: 4.4296	D(x): 0.9952	D(G(z)): 0.1913 / 0.0166
True
[223/1000][0/12]	Loss_D: -0.0227	Loss_G: 3.5872	D(x): 0.9832	D(G(z)): 0.0956 / 0.0429
True
[224/1000][0/12]	Loss_D: 0.0845	Loss_G: 4.1703	D(x): 0.9853	D(G(z)): 0.0761 / 0.0254
True
[225/1000][0/12]	Loss_D: 0.2623	Loss_G: 4.4620	D(x): 0.9960	D(G(z)): 0.3193 / 0.0191
True
[226/1000][0/12]	Loss_D: 0.0552	Loss_G: 4.5942	D(x): 0.9721	D(G(z)): 0.0361 / 0.0151
True
[227/1000][0/12]	Loss_D: 0.0031	Loss_G: 4.0247	D(x): 0.9871	D(G(z)): 0.0875 / 0.0286
True
[228/1000][0/12]	Loss_D: 0.1338	Loss_G: 3.8813	D(x): 0.9510	D(G(z)): 0.0240 / 0.0327
True
[229/1000][0/12]	Loss_D: 0.0061	Loss_G: 3.9011	D(x): 0.9466	D(G(z)): 0.0095 / 0.0290
True
[230/1000][0/12]	Loss_D: 0.1095	Loss_G: 4.7660	D(x): 0.9479	D(G(z)): 0.0084 / 0.0118
True
[231/1000][0/12]	Loss_D: 0.1202	Loss_G: 4.3597	D(x): 0.9907	D(G(z)): 0.1240 / 0.0165
True
[232/1000][0/12]	Loss_D: 0.0960	Loss_G: 4.1115	D(x): 0.9888	D(G(z)): 0.0659 / 0.0218
True
[233/1000][0/12]	Loss_D: -0.0798	Loss_G: 3.6825	D(x): 0.9939	D(G(z)): 0.1203 / 0.0357
True
[234/1000][0/12]	Loss_D: 0.1065	Loss_G: 4.1030	D(x): 0.9802	D(G(z)): 0.0403 / 0.0231
True
[235/1000][0/12]	Loss_D: 0.0252	Loss_G: 4.6114	D(x): 0.9934	D(G(z)): 0.0684 / 0.0146
True
[236/1000][0/12]	Loss_D: 0.0710	Loss_G: 4.3963	D(x): 0.9798	D(G(z)): 0.0281 / 0.0169
True
[237/1000][0/12]	Loss_D: 0.4494	Loss_G: 7.2908	D(x): 0.9980	D(G(z)): 0.3294 / 0.0010
True
[238/1000][0/12]	Loss_D: -0.1449	Loss_G: 3.1246	D(x): 0.9874	D(G(z)): 0.0359 / 0.0624
True
[239/1000][0/12]	Loss_D: 0.1071	Loss_G: 4.6044	D(x): 0.9775	D(G(z)): 0.0291 / 0.0162
True
[240/1000][0/12]	Loss_D: 0.0742	Loss_G: 4.8729	D(x): 0.9974	D(G(z)): 0.1441 / 0.0109
True
[241/1000][0/12]	Loss_D: 0.0039	Loss_G: 5.3647	D(x): 0.9599	D(G(z)): 0.0044 / 0.0078
True
[242/1000][0/12]	Loss_D: -0.0011	Loss_G: 5.0560	D(x): 0.9860	D(G(z)): 0.0451 / 0.0082
True
[243/1000][0/12]	Loss_D: 0.0022	Loss_G: 4.7941	D(x): 0.9904	D(G(z)): 0.0357 / 0.0152
True
[244/1000][0/12]	Loss_D: 0.0199	Loss_G: 4.1498	D(x): 0.9873	D(G(z)): 0.0446 / 0.0229
True
[245/1000][0/12]	Loss_D: -0.0386	Loss_G: 5.1406	D(x): 0.9703	D(G(z)): 0.0106 / 0.0112
True
[246/1000][0/12]	Loss_D: -0.0552	Loss_G: 4.6326	D(x): 0.9913	D(G(z)): 0.0391 / 0.0143
True
[247/1000][0/12]	Loss_D: 0.1045	Loss_G: 4.7000	D(x): 0.9957	D(G(z)): 0.0591 / 0.0156
True
[248/1000][0/12]	Loss_D: 0.1180	Loss_G: 4.3057	D(x): 0.9889	D(G(z)): 0.0440 / 0.0183
True
[249/1000][0/12]	Loss_D: 0.0963	Loss_G: 6.1234	D(x): 0.9987	D(G(z)): 0.1649 / 0.0031
True
[250/1000][0/12]	Loss_D: -0.0258	Loss_G: 4.0328	D(x): 0.9770	D(G(z)): 0.0202 / 0.0362
True
[251/1000][0/12]	Loss_D: 0.0645	Loss_G: 5.2137	D(x): 0.9874	D(G(z)): 0.0302 / 0.0093
True
[252/1000][0/12]	Loss_D: 0.1242	Loss_G: 5.1522	D(x): 0.9772	D(G(z)): 0.0127 / 0.0092
True
[253/1000][0/12]	Loss_D: 0.0588	Loss_G: 5.1085	D(x): 0.9957	D(G(z)): 0.0937 / 0.0082
True
[254/1000][0/12]	Loss_D: 0.1223	Loss_G: 5.4236	D(x): 0.9847	D(G(z)): 0.0108 / 0.0096
True
[255/1000][0/12]	Loss_D: -0.0784	Loss_G: 4.1975	D(x): 0.9924	D(G(z)): 0.0226 / 0.0209
True
[256/1000][0/12]	Loss_D: -0.0206	Loss_G: 4.6368	D(x): 0.9867	D(G(z)): 0.0231 / 0.0189
True
[257/1000][0/12]	Loss_D: 0.1443	Loss_G: 5.6297	D(x): 0.9604	D(G(z)): 0.0083 / 0.0062
True
[258/1000][0/12]	Loss_D: 0.2482	Loss_G: 6.1552	D(x): 0.9943	D(G(z)): 0.0715 / 0.0036
True
[259/1000][0/12]	Loss_D: 0.1255	Loss_G: 5.0610	D(x): 0.9968	D(G(z)): 0.0774 / 0.0108
True
[260/1000][0/12]	Loss_D: 0.0851	Loss_G: 5.6705	D(x): 0.9832	D(G(z)): 0.0129 / 0.0049
True
[261/1000][0/12]	Loss_D: 0.1685	Loss_G: 6.1333	D(x): 0.9765	D(G(z)): 0.0069 / 0.0028
True
[262/1000][0/12]	Loss_D: 0.0966	Loss_G: 5.8679	D(x): 0.9934	D(G(z)): 0.1078 / 0.0045
True
[263/1000][0/12]	Loss_D: -0.1036	Loss_G: 4.8795	D(x): 0.9883	D(G(z)): 0.0101 / 0.0122
True
[264/1000][0/12]	Loss_D: -0.0398	Loss_G: 5.3996	D(x): 0.9961	D(G(z)): 0.0587 / 0.0060
True
[265/1000][0/12]	Loss_D: -0.0059	Loss_G: 5.0807	D(x): 0.9957	D(G(z)): 0.0277 / 0.0100
True
[266/1000][0/12]	Loss_D: 0.0720	Loss_G: 4.4906	D(x): 0.9971	D(G(z)): 0.0556 / 0.0175
True
[267/1000][0/12]	Loss_D: -0.0262	Loss_G: 4.5803	D(x): 0.9487	D(G(z)): 0.0024 / 0.0190
True
[268/1000][0/12]	Loss_D: 0.1847	Loss_G: 6.4955	D(x): 0.9965	D(G(z)): 0.0904 / 0.0024
True
[269/1000][0/12]	Loss_D: 0.0954	Loss_G: 5.9806	D(x): 0.9989	D(G(z)): 0.1951 / 0.0036
True
[270/1000][0/12]	Loss_D: -0.0166	Loss_G: 4.9858	D(x): 0.9613	D(G(z)): 0.0119 / 0.0132
True
[271/1000][0/12]	Loss_D: -0.1693	Loss_G: 4.3786	D(x): 0.9934	D(G(z)): 0.0355 / 0.0221
True
[272/1000][0/12]	Loss_D: 0.1404	Loss_G: 8.6141	D(x): 0.9311	D(G(z)): 0.0006 / 0.0004
True
[273/1000][0/12]	Loss_D: 0.0533	Loss_G: 4.8384	D(x): 0.9748	D(G(z)): 0.0094 / 0.0146
True
[274/1000][0/12]	Loss_D: -0.0731	Loss_G: 2.8552	D(x): 0.9338	D(G(z)): 0.0071 / 0.0954
True
[275/1000][0/12]	Loss_D: 0.1493	Loss_G: 4.6398	D(x): 0.9392	D(G(z)): 0.0026 / 0.0177
True
[276/1000][0/12]	Loss_D: 0.0664	Loss_G: 4.6947	D(x): 0.9900	D(G(z)): 0.0179 / 0.0158
True
[277/1000][0/12]	Loss_D: 0.0677	Loss_G: 4.1074	D(x): 0.9634	D(G(z)): 0.0113 / 0.0200
True
[278/1000][0/12]	Loss_D: 0.2363	Loss_G: 7.9046	D(x): 0.9976	D(G(z)): 0.1895 / 0.0005
True
[279/1000][0/12]	Loss_D: 0.0820	Loss_G: 6.4508	D(x): 0.9931	D(G(z)): 0.0110 / 0.0037
True
[280/1000][0/12]	Loss_D: 0.0048	Loss_G: 4.8039	D(x): 0.9966	D(G(z)): 0.0432 / 0.0125
True
[281/1000][0/12]	Loss_D: 0.0046	Loss_G: 5.7145	D(x): 0.9936	D(G(z)): 0.0109 / 0.0048
True
[282/1000][0/12]	Loss_D: 0.0569	Loss_G: 5.4360	D(x): 0.9956	D(G(z)): 0.0357 / 0.0068
True
[283/1000][0/12]	Loss_D: -0.0230	Loss_G: 5.1570	D(x): 0.9960	D(G(z)): 0.0783 / 0.0075
True
[284/1000][0/12]	Loss_D: -0.0658	Loss_G: 5.2069	D(x): 0.9983	D(G(z)): 0.1234 / 0.0078
True
[285/1000][0/12]	Loss_D: 0.0884	Loss_G: 6.8744	D(x): 0.9836	D(G(z)): 0.0075 / 0.0021
True
[286/1000][0/12]	Loss_D: 0.1408	Loss_G: 5.9239	D(x): 0.9872	D(G(z)): 0.0154 / 0.0035
True
[287/1000][0/12]	Loss_D: -0.1352	Loss_G: 5.4408	D(x): 0.9981	D(G(z)): 0.1081 / 0.0057
True
[288/1000][0/12]	Loss_D: -0.1303	Loss_G: 4.8656	D(x): 0.9807	D(G(z)): 0.0073 / 0.0135
True
[289/1000][0/12]	Loss_D: -0.0458	Loss_G: 2.5019	D(x): 0.9339	D(G(z)): 0.0058 / 0.1137
True
[290/1000][0/12]	Loss_D: -0.0814	Loss_G: 5.4671	D(x): 0.9971	D(G(z)): 0.0908 / 0.0076
True
[291/1000][0/12]	Loss_D: -0.0111	Loss_G: 5.2494	D(x): 0.9751	D(G(z)): 0.0051 / 0.0096
True
[292/1000][0/12]	Loss_D: -0.1302	Loss_G: 5.0546	D(x): 0.9970	D(G(z)): 0.0727 / 0.0084
True
[293/1000][0/12]	Loss_D: 0.0568	Loss_G: 5.5999	D(x): 0.9792	D(G(z)): 0.0080 / 0.0065
True
[294/1000][0/12]	Loss_D: -0.1303	Loss_G: 4.9537	D(x): 0.9977	D(G(z)): 0.1170 / 0.0111
True
[295/1000][0/12]	Loss_D: 0.1735	Loss_G: 9.3722	D(x): 0.9968	D(G(z)): 0.2193 / 0.0003
True
[296/1000][0/12]	Loss_D: -0.0092	Loss_G: 5.8017	D(x): 0.9978	D(G(z)): 0.1051 / 0.0053
True
[297/1000][0/12]	Loss_D: -0.0466	Loss_G: 4.6134	D(x): 0.8881	D(G(z)): 0.0004 / 0.0255
True
[298/1000][0/12]	Loss_D: 0.0298	Loss_G: 7.1448	D(x): 0.9990	D(G(z)): 0.1864 / 0.0013
True
[299/1000][0/12]	Loss_D: -0.1279	Loss_G: 4.7574	D(x): 0.9971	D(G(z)): 0.1164 / 0.0155
True
[300/1000][0/12]	Loss_D: -0.0393	Loss_G: 5.2528	D(x): 0.9947	D(G(z)): 0.0115 / 0.0099
True
[301/1000][0/12]	Loss_D: -0.1073	Loss_G: 4.2254	D(x): 0.9891	D(G(z)): 0.0191 / 0.0223
True
[302/1000][0/12]	Loss_D: -0.0106	Loss_G: 4.9708	D(x): 0.9962	D(G(z)): 0.0330 / 0.0113
True
[303/1000][0/12]	Loss_D: 0.0242	Loss_G: 5.4894	D(x): 0.9986	D(G(z)): 0.0246 / 0.0064
True
[304/1000][0/12]	Loss_D: 0.1272	Loss_G: 6.7412	D(x): 0.9974	D(G(z)): 0.1134 / 0.0017
True
[305/1000][0/12]	Loss_D: 0.2085	Loss_G: 1.7673	D(x): 0.8272	D(G(z)): 0.0018 / 0.2489
True
[306/1000][0/12]	Loss_D: 0.0391	Loss_G: 5.9446	D(x): 0.9763	D(G(z)): 0.0110 / 0.0046
True
[307/1000][0/12]	Loss_D: -0.1898	Loss_G: 4.3694	D(x): 0.9866	D(G(z)): 0.0223 / 0.0212
True
[308/1000][0/12]	Loss_D: 0.1006	Loss_G: 6.1805	D(x): 0.9591	D(G(z)): 0.0168 / 0.0047
True
[309/1000][0/12]	Loss_D: 0.1832	Loss_G: 5.0428	D(x): 0.9924	D(G(z)): 0.0813 / 0.0090
True
[310/1000][0/12]	Loss_D: -0.0317	Loss_G: 4.7685	D(x): 0.9575	D(G(z)): 0.0038 / 0.0136
True
[311/1000][0/12]	Loss_D: 0.1454	Loss_G: 5.7051	D(x): 0.9949	D(G(z)): 0.0419 / 0.0052
True
[312/1000][0/12]	Loss_D: -0.0560	Loss_G: 9.0438	D(x): 0.9988	D(G(z)): 0.1977 / 0.0002
True
[313/1000][0/12]	Loss_D: 0.6966	Loss_G: 14.7400	D(x): 0.9996	D(G(z)): 0.4789 / 0.0000
True
[314/1000][0/12]	Loss_D: 0.3069	Loss_G: 5.3954	D(x): 0.9647	D(G(z)): 0.3058 / 0.0101
True
[315/1000][0/12]	Loss_D: 0.0830	Loss_G: 6.2059	D(x): 0.9468	D(G(z)): 0.0134 / 0.0053
True
[316/1000][0/12]	Loss_D: 0.0914	Loss_G: 4.3159	D(x): 0.9178	D(G(z)): 0.0099 / 0.0276
True
[317/1000][0/12]	Loss_D: 0.1988	Loss_G: 5.1702	D(x): 0.9822	D(G(z)): 0.1058 / 0.0091
True
[318/1000][0/12]	Loss_D: 0.2119	Loss_G: 4.7890	D(x): 0.9581	D(G(z)): 0.0500 / 0.0171
True
[319/1000][0/12]	Loss_D: 0.0625	Loss_G: 5.2141	D(x): 0.9974	D(G(z)): 0.1254 / 0.0085
True
[320/1000][0/12]	Loss_D: -0.1244	Loss_G: 4.1072	D(x): 0.9946	D(G(z)): 0.0456 / 0.0270
True
[321/1000][0/12]	Loss_D: 0.2408	Loss_G: 8.5098	D(x): 0.9992	D(G(z)): 0.3707 / 0.0002
True
[322/1000][0/12]	Loss_D: 0.1244	Loss_G: 5.1364	D(x): 0.9850	D(G(z)): 0.0192 / 0.0092
True
[323/1000][0/12]	Loss_D: 0.0198	Loss_G: 3.5428	D(x): 0.9729	D(G(z)): 0.0188 / 0.0369
True
[324/1000][0/12]	Loss_D: 0.5673	Loss_G: 9.3165	D(x): 0.9993	D(G(z)): 0.3970 / 0.0002
True
[325/1000][0/12]	Loss_D: 0.0346	Loss_G: 3.9740	D(x): 0.9818	D(G(z)): 0.0286 / 0.0295
True
[326/1000][0/12]	Loss_D: -0.0561	Loss_G: 4.7783	D(x): 0.9851	D(G(z)): 0.0152 / 0.0117
True
[327/1000][0/12]	Loss_D: -0.0582	Loss_G: 3.5045	D(x): 0.9883	D(G(z)): 0.0407 / 0.0318
True
[328/1000][0/12]	Loss_D: 0.0637	Loss_G: 5.9756	D(x): 0.9976	D(G(z)): 0.1350 / 0.0029
True
[329/1000][0/12]	Loss_D: 0.1766	Loss_G: 5.3444	D(x): 0.9937	D(G(z)): 0.1017 / 0.0074
True
[330/1000][0/12]	Loss_D: 0.3267	Loss_G: 7.7298	D(x): 0.9939	D(G(z)): 0.2370 / 0.0007
True
[331/1000][0/12]	Loss_D: 0.1324	Loss_G: 6.6085	D(x): 0.9667	D(G(z)): 0.0033 / 0.0022
True
[332/1000][0/12]	Loss_D: 0.0105	Loss_G: 5.4642	D(x): 0.9923	D(G(z)): 0.0476 / 0.0065
True
[333/1000][0/12]	Loss_D: 0.0307	Loss_G: 3.6805	D(x): 0.9501	D(G(z)): 0.0130 / 0.0480
True
[334/1000][0/12]	Loss_D: -0.0383	Loss_G: 5.8529	D(x): 0.9985	D(G(z)): 0.0202 / 0.0046
True
[335/1000][0/12]	Loss_D: 0.0479	Loss_G: 4.7937	D(x): 0.9929	D(G(z)): 0.0664 / 0.0114
True
[336/1000][0/12]	Loss_D: 0.2639	Loss_G: 6.4009	D(x): 0.9942	D(G(z)): 0.0187 / 0.0026
True
[337/1000][0/12]	Loss_D: 0.2374	Loss_G: 5.9842	D(x): 0.9933	D(G(z)): 0.0096 / 0.0045
True
[338/1000][0/12]	Loss_D: -0.1016	Loss_G: 4.0639	D(x): 0.9945	D(G(z)): 0.0205 / 0.0271
True
[339/1000][0/12]	Loss_D: -0.1315	Loss_G: 5.0042	D(x): 0.9832	D(G(z)): 0.0113 / 0.0134
True
[340/1000][0/12]	Loss_D: -0.0845	Loss_G: 5.3911	D(x): 0.9920	D(G(z)): 0.0082 / 0.0072
True
[341/1000][0/12]	Loss_D: 0.0398	Loss_G: 5.1734	D(x): 0.9919	D(G(z)): 0.0282 / 0.0109
True
[342/1000][0/12]	Loss_D: 0.0925	Loss_G: 7.2964	D(x): 0.9946	D(G(z)): 0.0088 / 0.0015
True
[343/1000][0/12]	Loss_D: -0.2391	Loss_G: 4.3204	D(x): 0.9916	D(G(z)): 0.0226 / 0.0248
True
[344/1000][0/12]	Loss_D: 0.4402	Loss_G: 16.1082	D(x): 0.9987	D(G(z)): 0.5080 / 0.0000
True
[345/1000][0/12]	Loss_D: 0.3249	Loss_G: 5.1523	D(x): 0.9974	D(G(z)): 0.1515 / 0.0161
True
[346/1000][0/12]	Loss_D: 0.0432	Loss_G: 4.9830	D(x): 0.9611	D(G(z)): 0.0122 / 0.0126
True
[347/1000][0/12]	Loss_D: -0.0377	Loss_G: 4.5428	D(x): 0.9797	D(G(z)): 0.0332 / 0.0189
True
[348/1000][0/12]	Loss_D: -0.0537	Loss_G: 4.4635	D(x): 0.9781	D(G(z)): 0.0111 / 0.0174
True
[349/1000][0/12]	Loss_D: 0.0489	Loss_G: 5.6040	D(x): 0.9908	D(G(z)): 0.0179 / 0.0065
True
[350/1000][0/12]	Loss_D: -0.0803	Loss_G: 4.7853	D(x): 0.9984	D(G(z)): 0.0446 / 0.0128
True
[351/1000][0/12]	Loss_D: -0.0137	Loss_G: 4.5633	D(x): 0.9826	D(G(z)): 0.0609 / 0.0132
True
[352/1000][0/12]	Loss_D: 0.0130	Loss_G: 4.9799	D(x): 0.9943	D(G(z)): 0.0525 / 0.0097
True
[353/1000][0/12]	Loss_D: 1.0377	Loss_G: 16.0548	D(x): 0.9991	D(G(z)): 0.7875 / 0.0000
True
[354/1000][0/12]	Loss_D: -0.0557	Loss_G: 4.9248	D(x): 0.9852	D(G(z)): 0.0378 / 0.0114
True
[355/1000][0/12]	Loss_D: 0.0750	Loss_G: 5.5329	D(x): 0.9954	D(G(z)): 0.0634 / 0.0056
True
[356/1000][0/12]	Loss_D: -0.0162	Loss_G: 6.7097	D(x): 0.9801	D(G(z)): 0.0079 / 0.0035
True
[357/1000][0/12]	Loss_D: 0.1375	Loss_G: 6.8864	D(x): 0.9983	D(G(z)): 0.1023 / 0.0017
True
[358/1000][0/12]	Loss_D: -0.1015	Loss_G: 4.7060	D(x): 0.9704	D(G(z)): 0.0093 / 0.0164
True
[359/1000][0/12]	Loss_D: 0.1630	Loss_G: 5.8633	D(x): 0.9965	D(G(z)): 0.0316 / 0.0053
True
[360/1000][0/12]	Loss_D: -0.0502	Loss_G: 5.5130	D(x): 0.9938	D(G(z)): 0.0769 / 0.0064
True
[361/1000][0/12]	Loss_D: 0.2084	Loss_G: 6.6640	D(x): 0.9964	D(G(z)): 0.0990 / 0.0023
True
[362/1000][0/12]	Loss_D: -0.0605	Loss_G: 5.3149	D(x): 0.9928	D(G(z)): 0.0133 / 0.0087
True
[363/1000][0/12]	Loss_D: 0.1232	Loss_G: 6.7826	D(x): 0.9927	D(G(z)): 0.0041 / 0.0029
True
[364/1000][0/12]	Loss_D: 0.1767	Loss_G: 8.7262	D(x): 0.9994	D(G(z)): 0.2188 / 0.0002
True
[365/1000][0/12]	Loss_D: -0.0347	Loss_G: 5.2911	D(x): 0.9724	D(G(z)): 0.0044 / 0.0084
True
[366/1000][0/12]	Loss_D: -0.1727	Loss_G: 5.2767	D(x): 0.9948	D(G(z)): 0.0941 / 0.0092
True
[367/1000][0/12]	Loss_D: 0.1077	Loss_G: 7.3767	D(x): 0.9983	D(G(z)): 0.1541 / 0.0009
True
[368/1000][0/12]	Loss_D: 0.4939	Loss_G: 12.6952	D(x): 0.9971	D(G(z)): 0.3114 / 0.0000
True
[369/1000][0/12]	Loss_D: -0.0624	Loss_G: 5.9917	D(x): 0.9862	D(G(z)): 0.0130 / 0.0122
True
[370/1000][0/12]	Loss_D: 0.1369	Loss_G: 7.0232	D(x): 0.9938	D(G(z)): 0.0074 / 0.0018
True
[371/1000][0/12]	Loss_D: 0.1740	Loss_G: 5.0571	D(x): 0.9848	D(G(z)): 0.0204 / 0.0112
True
[372/1000][0/12]	Loss_D: -0.0094	Loss_G: 9.6000	D(x): 0.9994	D(G(z)): 0.2358 / 0.0002
True
[373/1000][0/12]	Loss_D: -0.0899	Loss_G: 4.4214	D(x): 0.9629	D(G(z)): 0.0074 / 0.0264
True
[374/1000][0/12]	Loss_D: -0.1747	Loss_G: 5.3950	D(x): 0.9987	D(G(z)): 0.1132 / 0.0082
True
[375/1000][0/12]	Loss_D: 0.2958	Loss_G: 9.3861	D(x): 0.9980	D(G(z)): 0.2074 / 0.0002
True
[376/1000][0/12]	Loss_D: 0.0691	Loss_G: 5.3040	D(x): 0.9681	D(G(z)): 0.0076 / 0.0072
True
[377/1000][0/12]	Loss_D: 0.1682	Loss_G: 6.4691	D(x): 0.9531	D(G(z)): 0.0009 / 0.0033
True
[378/1000][0/12]	Loss_D: 0.0137	Loss_G: 4.9885	D(x): 0.9590	D(G(z)): 0.0032 / 0.0143
True
[379/1000][0/12]	Loss_D: 0.1167	Loss_G: 6.6016	D(x): 0.9968	D(G(z)): 0.0092 / 0.0027
True
[380/1000][0/12]	Loss_D: 0.1696	Loss_G: 9.2021	D(x): 0.9970	D(G(z)): 0.1531 / 0.0002
True
[381/1000][0/12]	Loss_D: 0.0985	Loss_G: 8.1028	D(x): 0.9544	D(G(z)): 0.0013 / 0.0008
True
[382/1000][0/12]	Loss_D: -0.1503	Loss_G: 5.5133	D(x): 0.9955	D(G(z)): 0.0081 / 0.0063
True
[383/1000][0/12]	Loss_D: -0.0278	Loss_G: 5.6844	D(x): 0.9988	D(G(z)): 0.0199 / 0.0052
True
[384/1000][0/12]	Loss_D: 0.1673	Loss_G: 5.3417	D(x): 0.9698	D(G(z)): 0.0060 / 0.0075
True
[385/1000][0/12]	Loss_D: -0.0777	Loss_G: 5.6149	D(x): 0.9809	D(G(z)): 0.0035 / 0.0049
True
[386/1000][0/12]	Loss_D: 0.2213	Loss_G: 6.2200	D(x): 0.9936	D(G(z)): 0.0167 / 0.0028
True
[387/1000][0/12]	Loss_D: 0.2050	Loss_G: 7.1105	D(x): 0.9860	D(G(z)): 0.0029 / 0.0013
True
[388/1000][0/12]	Loss_D: 0.3136	Loss_G: 5.8174	D(x): 0.9963	D(G(z)): 0.0352 / 0.0040
True
[389/1000][0/12]	Loss_D: 0.0947	Loss_G: 10.8818	D(x): 0.9992	D(G(z)): 0.2983 / 0.0001
True
[390/1000][0/12]	Loss_D: -0.0529	Loss_G: 7.0055	D(x): 0.9949	D(G(z)): 0.1185 / 0.0018
True
[391/1000][0/12]	Loss_D: -0.2261	Loss_G: 7.6604	D(x): 0.9986	D(G(z)): 0.0040 / 0.0014
True
[392/1000][0/12]	Loss_D: 0.0127	Loss_G: 5.5362	D(x): 0.9984	D(G(z)): 0.1094 / 0.0052
True
[393/1000][0/12]	Loss_D: 0.1385	Loss_G: 8.9807	D(x): 0.9303	D(G(z)): 0.0001 / 0.0008
True
[394/1000][0/12]	Loss_D: -0.2875	Loss_G: 4.6091	D(x): 0.9956	D(G(z)): 0.0163 / 0.0230
True
[395/1000][0/12]	Loss_D: 0.2070	Loss_G: 7.2993	D(x): 0.9872	D(G(z)): 0.0078 / 0.0013
True
[396/1000][0/12]	Loss_D: -0.1322	Loss_G: 6.2626	D(x): 0.9936	D(G(z)): 0.0012 / 0.0051
True
[397/1000][0/12]	Loss_D: -0.0435	Loss_G: 4.8519	D(x): 0.9879	D(G(z)): 0.0059 / 0.0151
True
[398/1000][0/12]	Loss_D: -0.1569	Loss_G: 5.3098	D(x): 0.9946	D(G(z)): 0.0107 / 0.0089
True
[399/1000][0/12]	Loss_D: -0.0123	Loss_G: 5.3948	D(x): 0.9901	D(G(z)): 0.0149 / 0.0076
True
[400/1000][0/12]	Loss_D: -0.1151	Loss_G: 4.9387	D(x): 0.9980	D(G(z)): 0.0158 / 0.0163
True
[401/1000][0/12]	Loss_D: 0.1790	Loss_G: 6.0177	D(x): 0.9942	D(G(z)): 0.0697 / 0.0045
True
[402/1000][0/12]	Loss_D: 0.2821	Loss_G: 5.7162	D(x): 0.9387	D(G(z)): 0.0038 / 0.0064
True
[403/1000][0/12]	Loss_D: 0.0068	Loss_G: 6.1326	D(x): 0.9986	D(G(z)): 0.1023 / 0.0034
True
[404/1000][0/12]	Loss_D: -0.1374	Loss_G: 5.1509	D(x): 0.9310	D(G(z)): 0.0005 / 0.0082
True
[405/1000][0/12]	Loss_D: 0.0856	Loss_G: 6.7993	D(x): 0.9938	D(G(z)): 0.0050 / 0.0023
True
[406/1000][0/12]	Loss_D: -0.2878	Loss_G: 5.2295	D(x): 0.9939	D(G(z)): 0.0064 / 0.0086
True
[407/1000][0/12]	Loss_D: 0.0418	Loss_G: 4.4330	D(x): 0.9709	D(G(z)): 0.0133 / 0.0214
True
[408/1000][0/12]	Loss_D: 0.1081	Loss_G: 7.8504	D(x): 0.9857	D(G(z)): 0.0014 / 0.0006
True
[409/1000][0/12]	Loss_D: 0.0384	Loss_G: 6.0295	D(x): 0.9682	D(G(z)): 0.0096 / 0.0047
True
[410/1000][0/12]	Loss_D: 0.1014	Loss_G: 5.1599	D(x): 0.9914	D(G(z)): 0.0528 / 0.0104
True
[411/1000][0/12]	Loss_D: 0.1047	Loss_G: 7.7160	D(x): 0.9995	D(G(z)): 0.1029 / 0.0009
True
[412/1000][0/12]	Loss_D: 0.0505	Loss_G: 7.2310	D(x): 0.9937	D(G(z)): 0.0030 / 0.0017
True
[413/1000][0/12]	Loss_D: -0.0151	Loss_G: 5.4745	D(x): 0.9992	D(G(z)): 0.0084 / 0.0086
True
[414/1000][0/12]	Loss_D: -0.1672	Loss_G: 6.4912	D(x): 0.9910	D(G(z)): 0.0076 / 0.0028
True
[415/1000][0/12]	Loss_D: -0.0306	Loss_G: 6.6580	D(x): 0.9975	D(G(z)): 0.0153 / 0.0034
True
[416/1000][0/12]	Loss_D: -0.0768	Loss_G: 6.9197	D(x): 0.9695	D(G(z)): 0.0017 / 0.0020
True
[417/1000][0/12]	Loss_D: 0.2194	Loss_G: 8.7742	D(x): 0.9946	D(G(z)): 0.1588 / 0.0002
True
[418/1000][0/12]	Loss_D: 0.2147	Loss_G: 8.4769	D(x): 0.9976	D(G(z)): 0.1082 / 0.0005
True
[419/1000][0/12]	Loss_D: -0.1709	Loss_G: 6.9355	D(x): 0.9989	D(G(z)): 0.1228 / 0.0018
True
[420/1000][0/12]	Loss_D: 0.5859	Loss_G: 1.4671	D(x): 0.7319	D(G(z)): 0.0002 / 0.2992
True
[421/1000][0/12]	Loss_D: -0.0439	Loss_G: 9.5552	D(x): 0.9977	D(G(z)): 0.0754 / 0.0016
True
[422/1000][0/12]	Loss_D: 0.3326	Loss_G: 5.7394	D(x): 0.8087	D(G(z)): 0.0026 / 0.0241
True
[423/1000][0/12]	Loss_D: 0.0698	Loss_G: 4.4799	D(x): 0.9724	D(G(z)): 0.0542 / 0.0228
True
[424/1000][0/12]	Loss_D: 0.0835	Loss_G: 5.1013	D(x): 0.9853	D(G(z)): 0.0748 / 0.0130
True
[425/1000][0/12]	Loss_D: 0.0798	Loss_G: 5.8603	D(x): 0.9888	D(G(z)): 0.0171 / 0.0067
True
[426/1000][0/12]	Loss_D: 0.2975	Loss_G: 7.7252	D(x): 0.9936	D(G(z)): 0.2138 / 0.0009
True
[427/1000][0/12]	Loss_D: 0.1505	Loss_G: 4.6050	D(x): 0.9377	D(G(z)): 0.0159 / 0.0209
True
[428/1000][0/12]	Loss_D: 0.0573	Loss_G: 6.1518	D(x): 0.9673	D(G(z)): 0.0115 / 0.0059
True
[429/1000][0/12]	Loss_D: 0.1192	Loss_G: 4.9316	D(x): 0.8743	D(G(z)): 0.0023 / 0.0146
True
[430/1000][0/12]	Loss_D: -0.1826	Loss_G: 5.0519	D(x): 0.9974	D(G(z)): 0.1305 / 0.0115
True
[431/1000][0/12]	Loss_D: 0.1430	Loss_G: 5.1184	D(x): 0.9912	D(G(z)): 0.0399 / 0.0147
True
[432/1000][0/12]	Loss_D: 0.0646	Loss_G: 4.9220	D(x): 0.9874	D(G(z)): 0.0378 / 0.0120
True
[433/1000][0/12]	Loss_D: 0.1240	Loss_G: 4.6797	D(x): 0.9930	D(G(z)): 0.0355 / 0.0171
True
[434/1000][0/12]	Loss_D: -0.0375	Loss_G: 5.5354	D(x): 0.9935	D(G(z)): 0.0407 / 0.0054
True
[435/1000][0/12]	Loss_D: 0.1227	Loss_G: 6.9979	D(x): 0.9977	D(G(z)): 0.1167 / 0.0012
True
[436/1000][0/12]	Loss_D: 0.1546	Loss_G: 5.7256	D(x): 0.9969	D(G(z)): 0.0130 / 0.0051
True
[437/1000][0/12]	Loss_D: 0.0597	Loss_G: 7.5646	D(x): 0.9918	D(G(z)): 0.0034 / 0.0010
True
[438/1000][0/12]	Loss_D: -0.0487	Loss_G: 7.5457	D(x): 0.9835	D(G(z)): 0.0041 / 0.0014
True
[439/1000][0/12]	Loss_D: 0.0267	Loss_G: 5.1985	D(x): 0.9493	D(G(z)): 0.0064 / 0.0092
True
[440/1000][0/12]	Loss_D: -0.1206	Loss_G: 5.0900	D(x): 0.9945	D(G(z)): 0.0280 / 0.0107
True
[441/1000][0/12]	Loss_D: -0.2485	Loss_G: 5.4349	D(x): 0.9854	D(G(z)): 0.0045 / 0.0061
True
[442/1000][0/12]	Loss_D: 0.3012	Loss_G: 6.2848	D(x): 0.9975	D(G(z)): 0.0350 / 0.0029
True
[443/1000][0/12]	Loss_D: -0.0684	Loss_G: 4.7639	D(x): 0.9937	D(G(z)): 0.0386 / 0.0154
True
[444/1000][0/12]	Loss_D: -0.0636	Loss_G: 4.5841	D(x): 0.9982	D(G(z)): 0.0334 / 0.0157
True
[445/1000][0/12]	Loss_D: 0.1642	Loss_G: 6.8608	D(x): 0.9953	D(G(z)): 0.0042 / 0.0016
True
[446/1000][0/12]	Loss_D: 0.1735	Loss_G: 5.7081	D(x): 0.9923	D(G(z)): 0.0089 / 0.0056
True
[447/1000][0/12]	Loss_D: 0.1120	Loss_G: 4.6811	D(x): 0.9884	D(G(z)): 0.0313 / 0.0158
True
[448/1000][0/12]	Loss_D: 0.1853	Loss_G: 6.9511	D(x): 0.9983	D(G(z)): 0.0384 / 0.0019
True
[449/1000][0/12]	Loss_D: 0.1183	Loss_G: 6.8840	D(x): 0.9859	D(G(z)): 0.0062 / 0.0017
True
[450/1000][0/12]	Loss_D: 0.0204	Loss_G: 5.4139	D(x): 0.9984	D(G(z)): 0.0616 / 0.0066
True
[451/1000][0/12]	Loss_D: 0.0624	Loss_G: 6.6133	D(x): 0.9999	D(G(z)): 0.0297 / 0.0024
True
[452/1000][0/12]	Loss_D: -0.3300	Loss_G: 6.0225	D(x): 0.9997	D(G(z)): 0.0575 / 0.0037
True
[453/1000][0/12]	Loss_D: 0.1486	Loss_G: 6.4880	D(x): 0.9968	D(G(z)): 0.0032 / 0.0083
True
[454/1000][0/12]	Loss_D: -0.0962	Loss_G: 6.0467	D(x): 0.9956	D(G(z)): 0.0529 / 0.0043
True
[455/1000][0/12]	Loss_D: -0.0167	Loss_G: 7.5661	D(x): 0.9987	D(G(z)): 0.0254 / 0.0017
True
[456/1000][0/12]	Loss_D: 0.0258	Loss_G: 7.0083	D(x): 0.9924	D(G(z)): 0.0040 / 0.0012
True
[457/1000][0/12]	Loss_D: -0.0814	Loss_G: 4.7147	D(x): 0.9980	D(G(z)): 0.0259 / 0.0149
True
[458/1000][0/12]	Loss_D: 0.2351	Loss_G: 6.4729	D(x): 0.9740	D(G(z)): 0.0139 / 0.0036
True
[459/1000][0/12]	Loss_D: -0.0864	Loss_G: 5.5756	D(x): 0.9988	D(G(z)): 0.0201 / 0.0068
True
[460/1000][0/12]	Loss_D: 0.0954	Loss_G: 5.4171	D(x): 0.9990	D(G(z)): 0.0391 / 0.0085
True
[461/1000][0/12]	Loss_D: 0.0045	Loss_G: 5.1711	D(x): 0.9910	D(G(z)): 0.0088 / 0.0089
True
[462/1000][0/12]	Loss_D: -0.3574	Loss_G: 6.3350	D(x): 0.9989	D(G(z)): 0.0854 / 0.0027
True
[463/1000][0/12]	Loss_D: 0.0533	Loss_G: 5.4732	D(x): 0.9766	D(G(z)): 0.0027 / 0.0063
True
[464/1000][0/12]	Loss_D: -0.1631	Loss_G: 5.4448	D(x): 0.9998	D(G(z)): 0.0087 / 0.0555
True
[465/1000][0/12]	Loss_D: -0.0963	Loss_G: 4.9363	D(x): 0.9770	D(G(z)): 0.0087 / 0.0107
True
[466/1000][0/12]	Loss_D: 0.2919	Loss_G: 7.3031	D(x): 0.9928	D(G(z)): 0.0088 / 0.0011
True
[467/1000][0/12]	Loss_D: 0.1920	Loss_G: 11.6118	D(x): 0.9996	D(G(z)): 0.1947 / 0.0001
True
[468/1000][0/12]	Loss_D: -0.0664	Loss_G: 6.7498	D(x): 0.9954	D(G(z)): 0.0201 / 0.0025
True
[469/1000][0/12]	Loss_D: 0.0741	Loss_G: 5.4937	D(x): 0.9899	D(G(z)): 0.0039 / 0.0095
True
[470/1000][0/12]	Loss_D: 0.2711	Loss_G: 6.7446	D(x): 0.9930	D(G(z)): 0.0319 / 0.0018
True
[471/1000][0/12]	Loss_D: 0.3515	Loss_G: 8.9821	D(x): 0.9985	D(G(z)): 0.0980 / 0.0002
True
[472/1000][0/12]	Loss_D: 0.2242	Loss_G: 5.1603	D(x): 0.9230	D(G(z)): 0.0016 / 0.0112
True
[473/1000][0/12]	Loss_D: 0.0502	Loss_G: 5.3851	D(x): 0.9970	D(G(z)): 0.0329 / 0.0070
True
[474/1000][0/12]	Loss_D: 0.1029	Loss_G: 5.5348	D(x): 0.9920	D(G(z)): 0.0477 / 0.0056
True
[475/1000][0/12]	Loss_D: -0.0198	Loss_G: 5.0698	D(x): 0.9978	D(G(z)): 0.0081 / 0.0090
True
[476/1000][0/12]	Loss_D: 0.1155	Loss_G: 6.6122	D(x): 0.9949	D(G(z)): 0.0158 / 0.0021
True
[477/1000][0/12]	Loss_D: 0.0380	Loss_G: 7.7835	D(x): 0.9963	D(G(z)): 0.0769 / 0.0006
True
[478/1000][0/12]	Loss_D: 0.1075	Loss_G: 4.7077	D(x): 0.9620	D(G(z)): 0.0020 / 0.0142
True
[479/1000][0/12]	Loss_D: -0.1034	Loss_G: 6.7626	D(x): 0.9991	D(G(z)): 0.0188 / 0.0025
True
[480/1000][0/12]	Loss_D: 0.2361	Loss_G: 6.4143	D(x): 0.9508	D(G(z)): 0.0005 / 0.0026
True
[481/1000][0/12]	Loss_D: 0.1543	Loss_G: 6.1920	D(x): 0.9752	D(G(z)): 0.0091 / 0.0035
True
[482/1000][0/12]	Loss_D: -0.0794	Loss_G: 5.5006	D(x): 0.9942	D(G(z)): 0.0036 / 0.0058
True
[483/1000][0/12]	Loss_D: -0.0787	Loss_G: 4.3539	D(x): 0.9865	D(G(z)): 0.0081 / 0.0319
True
[484/1000][0/12]	Loss_D: -0.0387	Loss_G: 5.5854	D(x): 0.9693	D(G(z)): 0.0017 / 0.0060
True
[485/1000][0/12]	Loss_D: -0.0678	Loss_G: 5.1962	D(x): 0.9975	D(G(z)): 0.0136 / 0.0083
True
[486/1000][0/12]	Loss_D: 0.4152	Loss_G: 7.2047	D(x): 0.9936	D(G(z)): 0.0447 / 0.0011
True
[487/1000][0/12]	Loss_D: 0.0186	Loss_G: 11.4508	D(x): 0.9986	D(G(z)): 0.1956 / 0.0000
True
[488/1000][0/12]	Loss_D: -0.0071	Loss_G: 8.1982	D(x): 0.9983	D(G(z)): 0.0047 / 0.0006
True
[489/1000][0/12]	Loss_D: 0.0492	Loss_G: 10.3669	D(x): 0.9754	D(G(z)): 0.0009 / 0.0002
True
[490/1000][0/12]	Loss_D: 0.0402	Loss_G: 8.0933	D(x): 0.9982	D(G(z)): 0.0026 / 0.0006
True
[491/1000][0/12]	Loss_D: 0.1114	Loss_G: 5.4426	D(x): 0.9777	D(G(z)): 0.0150 / 0.0052
True
[492/1000][0/12]	Loss_D: 0.2742	Loss_G: 7.3074	D(x): 0.9970	D(G(z)): 0.0346 / 0.0011
True
[493/1000][0/12]	Loss_D: -0.3999	Loss_G: 6.9123	D(x): 0.9965	D(G(z)): 0.0038 / 0.0027
True
[494/1000][0/12]	Loss_D: 0.1804	Loss_G: 7.4227	D(x): 0.9980	D(G(z)): 0.0532 / 0.0009
True
[495/1000][0/12]	Loss_D: -0.1339	Loss_G: 6.6245	D(x): 0.9849	D(G(z)): 0.0019 / 0.0029
True
[496/1000][0/12]	Loss_D: -0.2629	Loss_G: 9.6821	D(x): 0.9966	D(G(z)): 0.0787 / 0.0002
True
[497/1000][0/12]	Loss_D: -0.1060	Loss_G: 8.1564	D(x): 0.9849	D(G(z)): 0.0007 / 0.0005
True
[498/1000][0/12]	Loss_D: -0.0635	Loss_G: 9.7613	D(x): 0.9976	D(G(z)): 0.0738 / 0.0002
True
[499/1000][0/12]	Loss_D: 0.1451	Loss_G: 7.1788	D(x): 0.9781	D(G(z)): 0.0040 / 0.0023
True
[500/1000][0/12]	Loss_D: 0.1744	Loss_G: 8.6750	D(x): 0.9999	D(G(z)): 0.0532 / 0.0003
True
[501/1000][0/12]	Loss_D: -0.0109	Loss_G: 10.7865	D(x): 0.9998	D(G(z)): 0.0638 / 0.0000
True
[502/1000][0/12]	Loss_D: -0.0246	Loss_G: 6.3039	D(x): 0.9857	D(G(z)): 0.0039 / 0.0026
True
[503/1000][0/12]	Loss_D: 0.1535	Loss_G: 10.7047	D(x): 0.9937	D(G(z)): 0.0002 / 0.0000
True
[504/1000][0/12]	Loss_D: 0.0834	Loss_G: 9.0088	D(x): 0.9969	D(G(z)): 0.0007 / 0.0002
True
[505/1000][0/12]	Loss_D: 0.0038	Loss_G: 9.5492	D(x): 0.9937	D(G(z)): 0.0005 / 0.0001
True
[506/1000][0/12]	Loss_D: -0.1294	Loss_G: 6.9484	D(x): 0.9982	D(G(z)): 0.0035 / 0.0014
True
[507/1000][0/12]	Loss_D: -0.0642	Loss_G: 5.4207	D(x): 0.9969	D(G(z)): 0.0274 / 0.0061
True
[508/1000][0/12]	Loss_D: 0.1691	Loss_G: 8.9638	D(x): 0.9992	D(G(z)): 0.0043 / 0.0005
True
[509/1000][0/12]	Loss_D: 0.0039	Loss_G: 26.7281	D(x): 0.9998	D(G(z)): 0.3747 / 0.0000
True
[510/1000][0/12]	Loss_D: 0.0936	Loss_G: 7.1101	D(x): 0.9975	D(G(z)): 0.0060 / 0.0019
True
[511/1000][0/12]	Loss_D: 0.0611	Loss_G: 7.6908	D(x): 0.9965	D(G(z)): 0.0583 / 0.0009
True
[512/1000][0/12]	Loss_D: -0.0191	Loss_G: 9.8191	D(x): 0.9902	D(G(z)): 0.0005 / 0.0001
True
[513/1000][0/12]	Loss_D: 0.0385	Loss_G: 6.4587	D(x): 0.9893	D(G(z)): 0.0075 / 0.0018
True
[514/1000][0/12]	Loss_D: 0.3659	Loss_G: 16.0789	D(x): 0.9613	D(G(z)): 0.0000 / 0.0000
True
[515/1000][0/12]	Loss_D: 0.2215	Loss_G: 8.1815	D(x): 0.9966	D(G(z)): 0.0038 / 0.0008
True
[516/1000][0/12]	Loss_D: 0.1215	Loss_G: 7.2145	D(x): 0.9963	D(G(z)): 0.0071 / 0.0011
True
[517/1000][0/12]	Loss_D: 0.1562	Loss_G: 6.0778	D(x): 0.9994	D(G(z)): 0.0228 / 0.0030
True
[518/1000][0/12]	Loss_D: -0.2134	Loss_G: 6.6610	D(x): 0.9999	D(G(z)): 0.0029 / 0.0023
True
[519/1000][0/12]	Loss_D: 0.0609	Loss_G: 6.7845	D(x): 0.9956	D(G(z)): 0.0279 / 0.0016
True
[520/1000][0/12]	Loss_D: 0.2286	Loss_G: 8.9353	D(x): 0.9943	D(G(z)): 0.0395 / 0.0002
True
[521/1000][0/12]	Loss_D: 0.1180	Loss_G: 16.7007	D(x): 0.9969	D(G(z)): 0.1594 / 0.0000
True
[522/1000][0/12]	Loss_D: 0.0235	Loss_G: 6.2272	D(x): 0.9868	D(G(z)): 0.0337 / 0.0041
True
[523/1000][0/12]	Loss_D: -0.1917	Loss_G: 6.5531	D(x): 0.9975	D(G(z)): 0.0113 / 0.0033
True
[524/1000][0/12]	Loss_D: 0.1518	Loss_G: 5.7261	D(x): 0.9853	D(G(z)): 0.0038 / 0.0056
True
[525/1000][0/12]	Loss_D: 0.6724	Loss_G: 31.1327	D(x): 1.0000	D(G(z)): 0.6744 / 0.0000
True
[526/1000][0/12]	Loss_D: 0.0828	Loss_G: 10.8723	D(x): 0.9957	D(G(z)): 0.0505 / 0.0042
True
[527/1000][0/12]	Loss_D: 0.0773	Loss_G: 7.0428	D(x): 0.9212	D(G(z)): 0.0003 / 0.0022
True
[528/1000][0/12]	Loss_D: 0.2252	Loss_G: 15.8523	D(x): 0.9977	D(G(z)): 0.2444 / 0.0000
True
[529/1000][0/12]	Loss_D: 0.2306	Loss_G: 6.8914	D(x): 0.9984	D(G(z)): 0.0233 / 0.0018
True
[530/1000][0/12]	Loss_D: -0.0181	Loss_G: 6.3184	D(x): 0.9995	D(G(z)): 0.0244 / 0.0040
True
[531/1000][0/12]	Loss_D: 0.0084	Loss_G: 7.6952	D(x): 0.9991	D(G(z)): 0.0102 / 0.0011
True
[532/1000][0/12]	Loss_D: 0.1746	Loss_G: 7.3673	D(x): 0.9938	D(G(z)): 0.0176 / 0.0021
True
[533/1000][0/12]	Loss_D: 0.0186	Loss_G: 5.4099	D(x): 0.9957	D(G(z)): 0.0190 / 0.0081
True
[534/1000][0/12]	Loss_D: -0.0463	Loss_G: 10.4525	D(x): 0.9996	D(G(z)): 0.2420 / 0.0001
True
[535/1000][0/12]	Loss_D: 0.1930	Loss_G: 4.3688	D(x): 0.9090	D(G(z)): 0.0151 / 0.0316
True
[536/1000][0/12]	Loss_D: 0.4074	Loss_G: 10.0218	D(x): 0.9984	D(G(z)): 0.1725 / 0.0001
True
[537/1000][0/12]	Loss_D: 0.0842	Loss_G: 6.7724	D(x): 0.9974	D(G(z)): 0.0252 / 0.0022
True
[538/1000][0/12]	Loss_D: 0.2100	Loss_G: 9.3564	D(x): 0.9993	D(G(z)): 0.1811 / 0.0001
True
[539/1000][0/12]	Loss_D: 0.0107	Loss_G: 6.6632	D(x): 0.9973	D(G(z)): 0.0450 / 0.0019
True
[540/1000][0/12]	Loss_D: 0.0431	Loss_G: 9.5448	D(x): 0.9995	D(G(z)): 0.1757 / 0.0001
True
[541/1000][0/12]	Loss_D: 0.2593	Loss_G: 9.2059	D(x): 0.9920	D(G(z)): 0.0033 / 0.0003
True
[542/1000][0/12]	Loss_D: -0.1824	Loss_G: 5.7044	D(x): 0.9991	D(G(z)): 0.0389 / 0.0063
True
[543/1000][0/12]	Loss_D: -0.1540	Loss_G: 9.6801	D(x): 0.9711	D(G(z)): 0.0003 / 0.0003
True
[544/1000][0/12]	Loss_D: 0.0531	Loss_G: 7.0020	D(x): 0.9994	D(G(z)): 0.0912 / 0.0013
True
[545/1000][0/12]	Loss_D: 0.1068	Loss_G: 7.0303	D(x): 0.9937	D(G(z)): 0.0132 / 0.0020
True
[546/1000][0/12]	Loss_D: -0.0870	Loss_G: 4.6834	D(x): 0.9521	D(G(z)): 0.0020 / 0.0159
True
[547/1000][0/12]	Loss_D: 0.3384	Loss_G: 3.4048	D(x): 0.8016	D(G(z)): 0.0040 / 0.1964
True
[548/1000][0/12]	Loss_D: -0.0874	Loss_G: 6.9899	D(x): 0.9910	D(G(z)): 0.0078 / 0.0039
True
[549/1000][0/12]	Loss_D: -0.0517	Loss_G: 5.7574	D(x): 0.9951	D(G(z)): 0.0481 / 0.0070
True
[550/1000][0/12]	Loss_D: 0.1752	Loss_G: 6.2215	D(x): 0.9549	D(G(z)): 0.0083 / 0.0040
True
[551/1000][0/12]	Loss_D: 0.0477	Loss_G: 5.4026	D(x): 0.9518	D(G(z)): 0.0059 / 0.0086
True
[552/1000][0/12]	Loss_D: 0.1584	Loss_G: 6.4776	D(x): 0.9891	D(G(z)): 0.0429 / 0.0024
True
[553/1000][0/12]	Loss_D: 0.1732	Loss_G: 7.1655	D(x): 0.9900	D(G(z)): 0.0093 / 0.0015
True
[554/1000][0/12]	Loss_D: -0.1266	Loss_G: 4.7086	D(x): 0.9911	D(G(z)): 0.0207 / 0.0135
True
[555/1000][0/12]	Loss_D: 0.0177	Loss_G: 5.0098	D(x): 0.9929	D(G(z)): 0.0199 / 0.0117
True
[556/1000][0/12]	Loss_D: 0.0795	Loss_G: 5.4305	D(x): 0.9994	D(G(z)): 0.0737 / 0.0075
True
[557/1000][0/12]	Loss_D: 0.4302	Loss_G: 14.6708	D(x): 0.9991	D(G(z)): 0.3546 / 0.0000
True
[558/1000][0/12]	Loss_D: -0.2407	Loss_G: 4.2893	D(x): 0.9958	D(G(z)): 0.0294 / 0.0269
True
[559/1000][0/12]	Loss_D: 0.0522	Loss_G: 6.2519	D(x): 0.9994	D(G(z)): 0.0735 / 0.0030
True
[560/1000][0/12]	Loss_D: 0.1261	Loss_G: 11.8996	D(x): 0.9998	D(G(z)): 0.3195 / 0.0000
True
[561/1000][0/12]	Loss_D: -0.0378	Loss_G: 5.4121	D(x): 0.9913	D(G(z)): 0.0531 / 0.0067
True
[562/1000][0/12]	Loss_D: 0.6532	Loss_G: 24.0916	D(x): 0.9999	D(G(z)): 0.6619 / 0.0000
True
[563/1000][0/12]	Loss_D: 0.0538	Loss_G: 5.0727	D(x): 0.9636	D(G(z)): 0.0154 / 0.0085
True
[564/1000][0/12]	Loss_D: -0.1580	Loss_G: 5.2744	D(x): 0.9928	D(G(z)): 0.0327 / 0.0093
True
[565/1000][0/12]	Loss_D: 0.0325	Loss_G: 6.9653	D(x): 0.9975	D(G(z)): 0.0107 / 0.0016
True
[566/1000][0/12]	Loss_D: 0.0847	Loss_G: 8.2996	D(x): 0.9716	D(G(z)): 0.0016 / 0.0004
True
[567/1000][0/12]	Loss_D: -0.0479	Loss_G: 5.2425	D(x): 0.9927	D(G(z)): 0.0313 / 0.0071
True
[568/1000][0/12]	Loss_D: -0.1457	Loss_G: 6.3161	D(x): 0.9996	D(G(z)): 0.0262 / 0.0041
True
[569/1000][0/12]	Loss_D: 0.0906	Loss_G: 6.5004	D(x): 0.9802	D(G(z)): 0.0087 / 0.0024
True
[570/1000][0/12]	Loss_D: 0.0460	Loss_G: 6.1897	D(x): 0.9872	D(G(z)): 0.0306 / 0.0038
True
[571/1000][0/12]	Loss_D: -0.0639	Loss_G: 5.5827	D(x): 0.9884	D(G(z)): 0.0143 / 0.0043
True
[572/1000][0/12]	Loss_D: 0.2521	Loss_G: 6.6624	D(x): 0.9972	D(G(z)): 0.0136 / 0.0021
True
[573/1000][0/12]	Loss_D: -0.1502	Loss_G: 6.4196	D(x): 0.9994	D(G(z)): 0.0096 / 0.0083
True
[574/1000][0/12]	Loss_D: 0.1197	Loss_G: 5.4354	D(x): 0.9991	D(G(z)): 0.0422 / 0.0064
True
[575/1000][0/12]	Loss_D: -0.1280	Loss_G: 5.0905	D(x): 0.9971	D(G(z)): 0.0079 / 0.0101
True
[576/1000][0/12]	Loss_D: 0.0929	Loss_G: 6.8634	D(x): 0.9983	D(G(z)): 0.0195 / 0.0013
True
[577/1000][0/12]	Loss_D: 0.1038	Loss_G: 6.4673	D(x): 0.9666	D(G(z)): 0.0015 / 0.0024
True
[578/1000][0/12]	Loss_D: 0.0260	Loss_G: 7.0061	D(x): 0.9998	D(G(z)): 0.0041 / 0.0011
True
[579/1000][0/12]	Loss_D: 0.0327	Loss_G: 6.5779	D(x): 0.9977	D(G(z)): 0.0099 / 0.0014
True
[580/1000][0/12]	Loss_D: -0.0032	Loss_G: 10.0375	D(x): 0.9958	D(G(z)): 0.0014 / 0.0007
True
[581/1000][0/12]	Loss_D: 0.0290	Loss_G: 10.3280	D(x): 0.9721	D(G(z)): 0.0004 / 0.0001
True
[582/1000][0/12]	Loss_D: -0.2793	Loss_G: 6.2407	D(x): 0.9960	D(G(z)): 0.0084 / 0.0027
True
[583/1000][0/12]	Loss_D: 0.0787	Loss_G: 9.9384	D(x): 0.9882	D(G(z)): 0.0013 / 0.0005
True
[584/1000][0/12]	Loss_D: -0.0449	Loss_G: 5.3830	D(x): 0.9987	D(G(z)): 0.0179 / 0.0091
True
[585/1000][0/12]	Loss_D: -0.0734	Loss_G: 5.9531	D(x): 0.9889	D(G(z)): 0.0088 / 0.0033
True
[586/1000][0/12]	Loss_D: 0.1552	Loss_G: 7.0433	D(x): 0.9994	D(G(z)): 0.0075 / 0.0015
True
[587/1000][0/12]	Loss_D: 0.1323	Loss_G: 8.9773	D(x): 0.9969	D(G(z)): 0.0016 / 0.0007
True
[588/1000][0/12]	Loss_D: 0.1178	Loss_G: 8.8696	D(x): 0.9953	D(G(z)): 0.0672 / 0.0004
True
[589/1000][0/12]	Loss_D: 0.2233	Loss_G: 4.1221	D(x): 0.8915	D(G(z)): 0.0017 / 0.0263
True
[590/1000][0/12]	Loss_D: 0.2563	Loss_G: 16.8629	D(x): 0.9973	D(G(z)): 0.2120 / 0.0000
True
[591/1000][0/12]	Loss_D: 0.1712	Loss_G: 6.7905	D(x): 0.9834	D(G(z)): 0.0019 / 0.0016
True
[592/1000][0/12]	Loss_D: 0.1912	Loss_G: 13.9611	D(x): 0.9987	D(G(z)): 0.0004 / 0.0000
True
[593/1000][0/12]	Loss_D: -0.3041	Loss_G: 5.2025	D(x): 0.9973	D(G(z)): 0.0113 / 0.0074
True
[594/1000][0/12]	Loss_D: -0.0923	Loss_G: 8.7588	D(x): 0.9999	D(G(z)): 0.0635 / 0.0004
True
[595/1000][0/12]	Loss_D: 0.2263	Loss_G: 6.9202	D(x): 0.9927	D(G(z)): 0.0037 / 0.0027
True
[596/1000][0/12]	Loss_D: 0.0742	Loss_G: 4.5002	D(x): 0.9543	D(G(z)): 0.0081 / 0.0190
True
[597/1000][0/12]	Loss_D: 0.2564	Loss_G: 5.5877	D(x): 0.9940	D(G(z)): 0.0224 / 0.0047
True
[598/1000][0/12]	Loss_D: -0.1457	Loss_G: 6.9429	D(x): 0.9987	D(G(z)): 0.0528 / 0.0014
True
[599/1000][0/12]	Loss_D: 0.1137	Loss_G: 7.8653	D(x): 0.9961	D(G(z)): 0.0501 / 0.0006
True
[600/1000][0/12]	Loss_D: 0.1386	Loss_G: 6.5386	D(x): 0.9900	D(G(z)): 0.0037 / 0.0024
True
[601/1000][0/12]	Loss_D: 0.0964	Loss_G: 6.6271	D(x): 0.9910	D(G(z)): 0.0043 / 0.0018
True
[602/1000][0/12]	Loss_D: -0.3014	Loss_G: 4.8585	D(x): 0.9952	D(G(z)): 0.0073 / 0.0143
True
[603/1000][0/12]	Loss_D: -0.1277	Loss_G: 8.2037	D(x): 0.9997	D(G(z)): 0.0007 / 0.0025
True
[604/1000][0/12]	Loss_D: -0.1680	Loss_G: 13.8541	D(x): 0.9992	D(G(z)): 0.1599 / 0.0000
True
[605/1000][0/12]	Loss_D: 0.0471	Loss_G: 6.0547	D(x): 0.9999	D(G(z)): 0.0260 / 0.0038
True
[606/1000][0/12]	Loss_D: 2.8210	Loss_G: 33.2207	D(x): 1.0000	D(G(z)): 0.9846 / 0.0000
True
[607/1000][0/12]	Loss_D: 0.0159	Loss_G: 13.1507	D(x): 0.9974	D(G(z)): 0.0006 / 0.0000
True
[608/1000][0/12]	Loss_D: 0.0168	Loss_G: 12.5256	D(x): 0.9800	D(G(z)): 0.0007 / 0.0001
True
[609/1000][0/12]	Loss_D: -0.3976	Loss_G: 9.7071	D(x): 0.9995	D(G(z)): 0.0183 / 0.0073
True
[610/1000][0/12]	Loss_D: -0.0392	Loss_G: 9.0853	D(x): 0.9999	D(G(z)): 0.1176 / 0.0002
True
[611/1000][0/12]	Loss_D: -0.0545	Loss_G: 10.5550	D(x): 1.0000	D(G(z)): 0.0001 / 0.0004
True
[612/1000][0/12]	Loss_D: 0.3306	Loss_G: 13.0662	D(x): 0.9997	D(G(z)): 0.1560 / 0.0000
True
[613/1000][0/12]	Loss_D: 0.0004	Loss_G: 7.1113	D(x): 0.9914	D(G(z)): 0.0117 / 0.0020
True
[614/1000][0/12]	Loss_D: 0.2722	Loss_G: 13.9111	D(x): 0.9992	D(G(z)): 0.2607 / 0.0000
True
[615/1000][0/12]	Loss_D: 0.1218	Loss_G: 5.5776	D(x): 0.9974	D(G(z)): 0.0258 / 0.0055
True
[616/1000][0/12]	Loss_D: 0.0661	Loss_G: 6.0088	D(x): 0.9848	D(G(z)): 0.0062 / 0.0069
True
[617/1000][0/12]	Loss_D: 0.1445	Loss_G: 8.1932	D(x): 0.9931	D(G(z)): 0.0731 / 0.0005
True
[618/1000][0/12]	Loss_D: 0.1771	Loss_G: 9.9693	D(x): 0.9883	D(G(z)): 0.0009 / 0.0001
True
[619/1000][0/12]	Loss_D: 0.1439	Loss_G: 7.0718	D(x): 0.9990	D(G(z)): 0.0647 / 0.0010
True
[620/1000][0/12]	Loss_D: -0.1279	Loss_G: 5.1316	D(x): 0.9960	D(G(z)): 0.0166 / 0.0067
True
[621/1000][0/12]	Loss_D: -0.0257	Loss_G: 6.6299	D(x): 0.9928	D(G(z)): 0.0034 / 0.0016
True
[622/1000][0/12]	Loss_D: 0.2378	Loss_G: 9.1365	D(x): 0.9999	D(G(z)): 0.1096 / 0.0002
True
[623/1000][0/12]	Loss_D: 0.1180	Loss_G: 6.0764	D(x): 0.9836	D(G(z)): 0.0102 / 0.0036
True
[624/1000][0/12]	Loss_D: 0.0844	Loss_G: 5.8623	D(x): 0.9930	D(G(z)): 0.0089 / 0.0045
True
[625/1000][0/12]	Loss_D: 0.1641	Loss_G: 6.9164	D(x): 0.9995	D(G(z)): 0.0107 / 0.0013
True
[626/1000][0/12]	Loss_D: 0.0232	Loss_G: 5.3311	D(x): 0.9977	D(G(z)): 0.0441 / 0.0078
True
[627/1000][0/12]	Loss_D: -0.1642	Loss_G: 5.3868	D(x): 0.9942	D(G(z)): 0.0265 / 0.0054
True
[628/1000][0/12]	Loss_D: 0.0768	Loss_G: 6.3800	D(x): 0.9950	D(G(z)): 0.0105 / 0.0025
True
[629/1000][0/12]	Loss_D: 0.1389	Loss_G: 8.1183	D(x): 0.9967	D(G(z)): 0.0575 / 0.0004
True
[630/1000][0/12]	Loss_D: -0.1255	Loss_G: 7.7077	D(x): 0.9897	D(G(z)): 0.0012 / 0.0011
True
[631/1000][0/12]	Loss_D: 0.0128	Loss_G: 6.0011	D(x): 0.9920	D(G(z)): 0.0093 / 0.0035
True
[632/1000][0/12]	Loss_D: -0.3137	Loss_G: 5.6984	D(x): 0.9989	D(G(z)): 0.0272 / 0.0042
True
[633/1000][0/12]	Loss_D: -0.1782	Loss_G: 6.2215	D(x): 0.9991	D(G(z)): 0.0352 / 0.0026
True
[634/1000][0/12]	Loss_D: -0.0470	Loss_G: 11.2366	D(x): 0.9986	D(G(z)): 0.0462 / 0.0001
True
[635/1000][0/12]	Loss_D: 0.0459	Loss_G: 5.6297	D(x): 0.9843	D(G(z)): 0.0049 / 0.0057
True
[636/1000][0/12]	Loss_D: -0.2425	Loss_G: 6.0953	D(x): 0.9989	D(G(z)): 0.0440 / 0.0023
True
[637/1000][0/12]	Loss_D: 0.0622	Loss_G: 7.1571	D(x): 0.9986	D(G(z)): 0.0135 / 0.0011
True
[638/1000][0/12]	Loss_D: -0.0659	Loss_G: 6.3659	D(x): 0.9976	D(G(z)): 0.0070 / 0.0019
True
[639/1000][0/12]	Loss_D: -0.3528	Loss_G: 9.9931	D(x): 0.9985	D(G(z)): 0.0007 / 0.0001
True
[640/1000][0/12]	Loss_D: -0.0056	Loss_G: 7.5798	D(x): 0.9995	D(G(z)): 0.0554 / 0.0012
True
[641/1000][0/12]	Loss_D: 0.0366	Loss_G: 7.0364	D(x): 0.9947	D(G(z)): 0.0067 / 0.0029
True
[642/1000][0/12]	Loss_D: 0.0894	Loss_G: 5.5516	D(x): 0.9901	D(G(z)): 0.0199 / 0.0042
True
[643/1000][0/12]	Loss_D: -0.1432	Loss_G: 9.9573	D(x): 0.9946	D(G(z)): 0.0055 / 0.0011
True
[644/1000][0/12]	Loss_D: 0.1118	Loss_G: 12.5612	D(x): 0.9997	D(G(z)): 0.1335 / 0.0000
True
[645/1000][0/12]	Loss_D: -0.1701	Loss_G: 4.7917	D(x): 0.9989	D(G(z)): 0.0140 / 0.0105
True
[646/1000][0/12]	Loss_D: -0.1408	Loss_G: 7.2458	D(x): 0.9979	D(G(z)): 0.0052 / 0.0014
True
[647/1000][0/12]	Loss_D: 0.0292	Loss_G: 5.5226	D(x): 0.9867	D(G(z)): 0.0110 / 0.0058
True
[648/1000][0/12]	Loss_D: -0.0231	Loss_G: 5.6395	D(x): 0.9883	D(G(z)): 0.0107 / 0.0051
True
[649/1000][0/12]	Loss_D: 0.0089	Loss_G: 7.8646	D(x): 0.9843	D(G(z)): 0.0007 / 0.0006
True
[650/1000][0/12]	Loss_D: 0.3889	Loss_G: 8.0526	D(x): 0.9892	D(G(z)): 0.0087 / 0.0007
True
[651/1000][0/12]	Loss_D: 1.5669	Loss_G: 39.9435	D(x): 1.0000	D(G(z)): 0.9579 / 0.0000
True
[652/1000][0/12]	Loss_D: 0.0460	Loss_G: 20.8114	D(x): 0.9939	D(G(z)): 0.0000 / 0.0000
True
[653/1000][0/12]	Loss_D: -0.0103	Loss_G: 13.6886	D(x): 0.9999	D(G(z)): 0.1054 / 0.0000
True
[654/1000][0/12]	Loss_D: 0.0063	Loss_G: 12.0703	D(x): 0.9997	D(G(z)): 0.0079 / 0.0080
True
[655/1000][0/12]	Loss_D: 0.0126	Loss_G: 3.0813	D(x): 0.9288	D(G(z)): 0.0187 / 0.0790
True
[656/1000][0/12]	Loss_D: -0.0965	Loss_G: 10.5060	D(x): 0.9989	D(G(z)): 0.1247 / 0.0014
True
[657/1000][0/12]	Loss_D: -0.0536	Loss_G: 7.3007	D(x): 0.9995	D(G(z)): 0.0893 / 0.0011
True
[658/1000][0/12]	Loss_D: 0.2079	Loss_G: 7.6049	D(x): 0.9626	D(G(z)): 0.0036 / 0.0009
True
[659/1000][0/12]	Loss_D: 0.2204	Loss_G: 6.6460	D(x): 0.9989	D(G(z)): 0.0130 / 0.0018
True
[660/1000][0/12]	Loss_D: -0.0016	Loss_G: 6.3471	D(x): 0.9914	D(G(z)): 0.0117 / 0.0039
True
[661/1000][0/12]	Loss_D: 0.1368	Loss_G: 8.5609	D(x): 0.9978	D(G(z)): 0.0152 / 0.0005
True
[662/1000][0/12]	Loss_D: -0.0043	Loss_G: 6.0365	D(x): 0.9824	D(G(z)): 0.0096 / 0.0039
True
[663/1000][0/12]	Loss_D: -0.1850	Loss_G: 6.6254	D(x): 0.9972	D(G(z)): 0.0464 / 0.0040
True
[664/1000][0/12]	Loss_D: 1.4175	Loss_G: 30.9442	D(x): 1.0000	D(G(z)): 0.8879 / 0.0000
True
[665/1000][0/12]	Loss_D: 0.2842	Loss_G: 17.2998	D(x): 0.9996	D(G(z)): 0.2181 / 0.0000
True
[666/1000][0/12]	Loss_D: -0.0220	Loss_G: 6.3570	D(x): 0.9871	D(G(z)): 0.0230 / 0.0025
True
[667/1000][0/12]	Loss_D: 0.0884	Loss_G: 6.2696	D(x): 0.9948	D(G(z)): 0.0296 / 0.0025
True
[668/1000][0/12]	Loss_D: 0.1276	Loss_G: 6.6268	D(x): 0.9920	D(G(z)): 0.0061 / 0.0015
True
[669/1000][0/12]	Loss_D: 0.1351	Loss_G: 7.2170	D(x): 0.9990	D(G(z)): 0.0010 / 0.0019
True
[670/1000][0/12]	Loss_D: 0.2345	Loss_G: 7.4137	D(x): 0.9989	D(G(z)): 0.0561 / 0.0011
True
[671/1000][0/12]	Loss_D: 0.0421	Loss_G: 10.1807	D(x): 0.9974	D(G(z)): 0.1350 / 0.0001
True
[672/1000][0/12]	Loss_D: -0.1414	Loss_G: 4.1582	D(x): 0.9740	D(G(z)): 0.0107 / 0.0170
True
[673/1000][0/12]	Loss_D: -0.0293	Loss_G: 8.6264	D(x): 0.9776	D(G(z)): 0.0796 / 0.0003
True
[674/1000][0/12]	Loss_D: 0.0920	Loss_G: 8.9244	D(x): 0.9847	D(G(z)): 0.0019 / 0.0015
True
[675/1000][0/12]	Loss_D: -0.1760	Loss_G: 6.2053	D(x): 0.9990	D(G(z)): 0.0139 / 0.0020
True
[676/1000][0/12]	Loss_D: 0.2308	Loss_G: 8.5637	D(x): 0.9856	D(G(z)): 0.0545 / 0.0002
True
[677/1000][0/12]	Loss_D: 0.2517	Loss_G: 6.3460	D(x): 0.9927	D(G(z)): 0.0179 / 0.0019
True
[678/1000][0/12]	Loss_D: -0.0906	Loss_G: 5.9545	D(x): 0.9970	D(G(z)): 0.0288 / 0.0035
True
[679/1000][0/12]	Loss_D: 0.0643	Loss_G: 7.8845	D(x): 0.9965	D(G(z)): 0.0398 / 0.0006
True
[680/1000][0/12]	Loss_D: -0.2710	Loss_G: 5.4907	D(x): 0.9975	D(G(z)): 0.0219 / 0.0084
True
[681/1000][0/12]	Loss_D: -0.1231	Loss_G: 9.0920	D(x): 0.9994	D(G(z)): 0.0810 / 0.0002
True
[682/1000][0/12]	Loss_D: 0.1922	Loss_G: 7.2390	D(x): 0.9982	D(G(z)): 0.0155 / 0.0041
True
[683/1000][0/12]	Loss_D: 0.1218	Loss_G: 13.0220	D(x): 0.9846	D(G(z)): 0.0000 / 0.0000
True
[684/1000][0/12]	Loss_D: 0.1839	Loss_G: 23.1279	D(x): 0.9956	D(G(z)): 0.3881 / 0.0000
True
[685/1000][0/12]	Loss_D: -0.0961	Loss_G: 8.2819	D(x): 0.9998	D(G(z)): 0.0423 / 0.0003
True
[686/1000][0/12]	Loss_D: 0.4894	Loss_G: 14.8602	D(x): 0.9994	D(G(z)): 0.1577 / 0.0000
True
[687/1000][0/12]	Loss_D: 0.2101	Loss_G: 7.6676	D(x): 0.9924	D(G(z)): 0.0018 / 0.0016
True
[688/1000][0/12]	Loss_D: 0.1038	Loss_G: 5.6566	D(x): 0.9993	D(G(z)): 0.0112 / 0.0042
True
[689/1000][0/12]	Loss_D: -0.1328	Loss_G: 6.0691	D(x): 0.9994	D(G(z)): 0.0178 / 0.0047
True
[690/1000][0/12]	Loss_D: 0.2159	Loss_G: 11.1186	D(x): 0.9639	D(G(z)): 0.0007 / 0.0000
True
[691/1000][0/12]	Loss_D: 0.1929	Loss_G: 19.2775	D(x): 0.9989	D(G(z)): 0.2371 / 0.0000
True
[692/1000][0/12]	Loss_D: -0.1139	Loss_G: 6.3064	D(x): 0.9976	D(G(z)): 0.0342 / 0.0025
True
[693/1000][0/12]	Loss_D: 0.0805	Loss_G: 18.5768	D(x): 0.9694	D(G(z)): 0.0003 / 0.0000
True
[694/1000][0/12]	Loss_D: 0.3658	Loss_G: 8.7177	D(x): 0.9885	D(G(z)): 0.0062 / 0.0003
True
[695/1000][0/12]	Loss_D: 0.1349	Loss_G: 8.6155	D(x): 0.9976	D(G(z)): 0.0717 / 0.0003
True
[696/1000][0/12]	Loss_D: 0.0227	Loss_G: 10.3754	D(x): 0.9986	D(G(z)): 0.0025 / 0.0016
True
[697/1000][0/12]	Loss_D: 0.2394	Loss_G: 11.0648	D(x): 0.9982	D(G(z)): 0.1141 / 0.0000
True
[698/1000][0/12]	Loss_D: 0.4148	Loss_G: 8.1546	D(x): 0.9998	D(G(z)): 0.0238 / 0.0009
True
[699/1000][0/12]	Loss_D: 0.1204	Loss_G: 7.5164	D(x): 0.9978	D(G(z)): 0.0146 / 0.0009
True
[700/1000][0/12]	Loss_D: 0.0135	Loss_G: 15.9471	D(x): 0.9877	D(G(z)): 0.0000 / 0.0000
True
[701/1000][0/12]	Loss_D: 0.2833	Loss_G: 6.2209	D(x): 0.9878	D(G(z)): 0.0116 / 0.0031
True
[702/1000][0/12]	Loss_D: 0.0092	Loss_G: 11.9699	D(x): 0.9921	D(G(z)): 0.0054 / 0.0040
True
[703/1000][0/12]	Loss_D: 0.1155	Loss_G: 9.7817	D(x): 0.9729	D(G(z)): 0.0021 / 0.0011
True
[704/1000][0/12]	Loss_D: 0.0793	Loss_G: 7.3287	D(x): 0.9993	D(G(z)): 0.0575 / 0.0008
True
[705/1000][0/12]	Loss_D: 0.0349	Loss_G: 6.7964	D(x): 0.9985	D(G(z)): 0.0588 / 0.0014
True
[706/1000][0/12]	Loss_D: 0.1753	Loss_G: 6.1361	D(x): 0.9765	D(G(z)): 0.0046 / 0.0058
True
[707/1000][0/12]	Loss_D: -0.1875	Loss_G: 11.8281	D(x): 0.9987	D(G(z)): 0.1065 / 0.0002
True
[708/1000][0/12]	Loss_D: 0.3347	Loss_G: 5.1722	D(x): 0.9633	D(G(z)): 0.0064 / 0.0081
True
[709/1000][0/12]	Loss_D: 0.0883	Loss_G: 9.9500	D(x): 0.9991	D(G(z)): 0.0715 / 0.0001
True
[710/1000][0/12]	Loss_D: -0.0352	Loss_G: 10.5771	D(x): 0.9984	D(G(z)): 0.0062 / 0.0016
True
[711/1000][0/12]	Loss_D: 0.0723	Loss_G: 4.8479	D(x): 0.9937	D(G(z)): 0.0267 / 0.0113
True
[712/1000][0/12]	Loss_D: -0.2175	Loss_G: 8.8233	D(x): 0.9987	D(G(z)): 0.0621 / 0.0002
True
[713/1000][0/12]	Loss_D: 0.0320	Loss_G: 8.8095	D(x): 0.9995	D(G(z)): 0.0008 / 0.0044
True
[714/1000][0/12]	Loss_D: 0.2374	Loss_G: 10.0952	D(x): 0.9998	D(G(z)): 0.0012 / 0.0001
True
[715/1000][0/12]	Loss_D: 0.0147	Loss_G: 6.3760	D(x): 0.9980	D(G(z)): 0.0274 / 0.0022
True
[716/1000][0/12]	Loss_D: 0.1156	Loss_G: 6.9947	D(x): 0.9964	D(G(z)): 0.0129 / 0.0011
True
[717/1000][0/12]	Loss_D: 0.0634	Loss_G: 5.4011	D(x): 0.9985	D(G(z)): 0.0153 / 0.0070
True
[718/1000][0/12]	Loss_D: -0.0462	Loss_G: 5.9942	D(x): 0.9856	D(G(z)): 0.0227 / 0.0032
True
[719/1000][0/12]	Loss_D: 0.0329	Loss_G: 10.5051	D(x): 0.9956	D(G(z)): 0.0948 / 0.0001
True
[720/1000][0/12]	Loss_D: 0.1372	Loss_G: 11.6532	D(x): 0.9997	D(G(z)): 0.0903 / 0.0001
True
[721/1000][0/12]	Loss_D: -0.0405	Loss_G: 5.6451	D(x): 0.9852	D(G(z)): 0.0099 / 0.0051
True
[722/1000][0/12]	Loss_D: -0.2303	Loss_G: 10.6542	D(x): 1.0000	D(G(z)): 0.0365 / 0.0003
True
[723/1000][0/12]	Loss_D: -0.1937	Loss_G: 6.9072	D(x): 0.9964	D(G(z)): 0.0111 / 0.0014
True
[724/1000][0/12]	Loss_D: 0.0039	Loss_G: 5.1784	D(x): 0.9560	D(G(z)): 0.0024 / 0.0064
True
[725/1000][0/12]	Loss_D: -0.4002	Loss_G: 10.1762	D(x): 0.9997	D(G(z)): 0.1111 / 0.0001
True
[726/1000][0/12]	Loss_D: 0.0917	Loss_G: 11.4211	D(x): 0.9998	D(G(z)): 0.1226 / 0.0000
True
[727/1000][0/12]	Loss_D: 0.4569	Loss_G: 17.2585	D(x): 0.9999	D(G(z)): 0.2069 / 0.0000
True
[728/1000][0/12]	Loss_D: 0.0936	Loss_G: 12.1311	D(x): 0.9994	D(G(z)): 0.1149 / 0.0000
True
[729/1000][0/12]	Loss_D: 0.2627	Loss_G: 8.1988	D(x): 0.9995	D(G(z)): 0.0387 / 0.0003
True
[730/1000][0/12]	Loss_D: 0.2143	Loss_G: 21.7238	D(x): 0.9036	D(G(z)): 0.0000 / 0.0000
True
[731/1000][0/12]	Loss_D: -0.3528	Loss_G: 10.8199	D(x): 0.9998	D(G(z)): 0.1050 / 0.0001
True
[732/1000][0/12]	Loss_D: 0.1609	Loss_G: 7.5575	D(x): 0.9957	D(G(z)): 0.0030 / 0.0006
True
[733/1000][0/12]	Loss_D: -0.0754	Loss_G: 5.1365	D(x): 0.9873	D(G(z)): 0.0068 / 0.0083
True
[734/1000][0/12]	Loss_D: -0.2523	Loss_G: 9.0864	D(x): 0.9996	D(G(z)): 0.0935 / 0.0002
True
[735/1000][0/12]	Loss_D: 0.1327	Loss_G: 12.1592	D(x): 0.9996	D(G(z)): 0.1014 / 0.0000
True
[736/1000][0/12]	Loss_D: -0.0162	Loss_G: 10.7399	D(x): 0.9948	D(G(z)): 0.1043 / 0.0001
True
[737/1000][0/12]	Loss_D: -0.2383	Loss_G: 11.6086	D(x): 1.0000	D(G(z)): 0.2353 / 0.0002
True
[738/1000][0/12]	Loss_D: -0.0930	Loss_G: 10.5323	D(x): 0.9999	D(G(z)): 0.0408 / 0.0007
True
[739/1000][0/12]	Loss_D: -0.1458	Loss_G: 13.1651	D(x): 0.9999	D(G(z)): 0.0006 / 0.0000
True
[740/1000][0/12]	Loss_D: 0.1169	Loss_G: 9.1101	D(x): 0.9994	D(G(z)): 0.0727 / 0.0004
True
[741/1000][0/12]	Loss_D: 0.0067	Loss_G: 6.6177	D(x): 0.9927	D(G(z)): 0.0119 / 0.0021
True
[742/1000][0/12]	Loss_D: 0.0751	Loss_G: 7.0558	D(x): 0.9834	D(G(z)): 0.0082 / 0.0012
True
[743/1000][0/12]	Loss_D: -0.0388	Loss_G: 4.9696	D(x): 0.9834	D(G(z)): 0.0278 / 0.0079
True
[744/1000][0/12]	Loss_D: 0.2237	Loss_G: 7.8112	D(x): 0.9981	D(G(z)): 0.0697 / 0.0009
True
[745/1000][0/12]	Loss_D: 0.2582	Loss_G: 6.6724	D(x): 0.9980	D(G(z)): 0.0117 / 0.0055
True
[746/1000][0/12]	Loss_D: -0.1917	Loss_G: 6.7893	D(x): 0.9404	D(G(z)): 0.0006 / 0.0040
True
[747/1000][0/12]	Loss_D: -0.0691	Loss_G: 7.3180	D(x): 0.9951	D(G(z)): 0.0485 / 0.0008
True
[748/1000][0/12]	Loss_D: 0.0374	Loss_G: 10.1119	D(x): 0.9728	D(G(z)): 0.0003 / 0.0002
True
[749/1000][0/12]	Loss_D: 0.0628	Loss_G: 17.7155	D(x): 0.9857	D(G(z)): 0.0191 / 0.0026
True
[750/1000][0/12]	Loss_D: 0.0639	Loss_G: 6.8114	D(x): 0.9815	D(G(z)): 0.0159 / 0.0032
True
[751/1000][0/12]	Loss_D: 0.1175	Loss_G: 15.5140	D(x): 0.9778	D(G(z)): 0.0001 / 0.0000
True
[752/1000][0/12]	Loss_D: -0.0584	Loss_G: 6.6667	D(x): 0.9951	D(G(z)): 0.0057 / 0.0021
True
[753/1000][0/12]	Loss_D: 0.0114	Loss_G: 4.8767	D(x): 0.9758	D(G(z)): 0.0139 / 0.0100
True
[754/1000][0/12]	Loss_D: -0.1370	Loss_G: 6.4290	D(x): 0.9919	D(G(z)): 0.0348 / 0.0023
True
[755/1000][0/12]	Loss_D: -0.1428	Loss_G: 7.4638	D(x): 0.9967	D(G(z)): 0.0261 / 0.0008
True
[756/1000][0/12]	Loss_D: -0.0480	Loss_G: 6.7185	D(x): 0.9960	D(G(z)): 0.0084 / 0.0014
True
[757/1000][0/12]	Loss_D: 0.0486	Loss_G: 10.4125	D(x): 0.9998	D(G(z)): 0.1505 / 0.0001
True
[758/1000][0/12]	Loss_D: 0.0250	Loss_G: 7.2415	D(x): 0.9879	D(G(z)): 0.0057 / 0.0009
True
[759/1000][0/12]	Loss_D: -0.0876	Loss_G: 20.4817	D(x): 0.9982	D(G(z)): 0.0003 / 0.0002
True
[760/1000][0/12]	Loss_D: 0.1593	Loss_G: 15.1996	D(x): 0.9990	D(G(z)): 0.2142 / 0.0000
True
[761/1000][0/12]	Loss_D: 0.1033	Loss_G: 6.3391	D(x): 0.9998	D(G(z)): 0.0033 / 0.0040
True
[762/1000][0/12]	Loss_D: 0.2249	Loss_G: 7.4673	D(x): 0.9950	D(G(z)): 0.0476 / 0.0007
True
[763/1000][0/12]	Loss_D: -0.1346	Loss_G: 5.0884	D(x): 0.9882	D(G(z)): 0.0099 / 0.0084
True
[764/1000][0/12]	Loss_D: -0.2585	Loss_G: 7.2625	D(x): 0.9908	D(G(z)): 0.0027 / 0.0007
True
[765/1000][0/12]	Loss_D: 0.3600	Loss_G: 18.8274	D(x): 0.8356	D(G(z)): 0.0000 / 0.0000
True
[766/1000][0/12]	Loss_D: 0.2557	Loss_G: 23.9112	D(x): 0.9993	D(G(z)): 0.3275 / 0.0000
True
[767/1000][0/12]	Loss_D: -0.1688	Loss_G: 12.3869	D(x): 0.9967	D(G(z)): 0.0016 / 0.0004
True
[768/1000][0/12]	Loss_D: 0.7317	Loss_G: 34.6887	D(x): 0.9998	D(G(z)): 0.6931 / 0.0000
True
[769/1000][0/12]	Loss_D: 0.0629	Loss_G: 9.2136	D(x): 0.9991	D(G(z)): 0.0955 / 0.0002
True
[770/1000][0/12]	Loss_D: -0.0022	Loss_G: 9.5046	D(x): 0.9350	D(G(z)): 0.0001 / 0.0003
True
[771/1000][0/12]	Loss_D: 0.1626	Loss_G: 12.9839	D(x): 0.9995	D(G(z)): 0.1580 / 0.0000
True
[772/1000][0/12]	Loss_D: 0.0902	Loss_G: 8.1368	D(x): 0.9903	D(G(z)): 0.0127 / 0.0008
True
[773/1000][0/12]	Loss_D: 0.1478	Loss_G: 6.2296	D(x): 0.9512	D(G(z)): 0.0066 / 0.0038
True
[774/1000][0/12]	Loss_D: 0.2986	Loss_G: 6.6946	D(x): 0.9990	D(G(z)): 0.0465 / 0.0015
True
[775/1000][0/12]	Loss_D: -0.1421	Loss_G: 5.5788	D(x): 0.9938	D(G(z)): 0.0091 / 0.0045
True
[776/1000][0/12]	Loss_D: 0.0030	Loss_G: 5.9119	D(x): 0.9811	D(G(z)): 0.0138 / 0.0028
True
[777/1000][0/12]	Loss_D: 0.0879	Loss_G: 7.8321	D(x): 0.9993	D(G(z)): 0.0557 / 0.0007
True
[778/1000][0/12]	Loss_D: 0.0568	Loss_G: 10.3036	D(x): 0.9983	D(G(z)): 0.0880 / 0.0001
True
[779/1000][0/12]	Loss_D: 0.8873	Loss_G: 36.5355	D(x): 1.0000	D(G(z)): 0.6637 / 0.0000
True
[780/1000][0/12]	Loss_D: 0.0910	Loss_G: 13.8078	D(x): 0.9994	D(G(z)): 0.0077 / 0.0010
True
[781/1000][0/12]	Loss_D: 0.0419	Loss_G: 14.6665	D(x): 0.9748	D(G(z)): 0.0002 / 0.0000
True
[782/1000][0/12]	Loss_D: -0.0297	Loss_G: 7.3003	D(x): 0.9961	D(G(z)): 0.0632 / 0.0007
True
[783/1000][0/12]	Loss_D: 0.1640	Loss_G: 6.0037	D(x): 0.9992	D(G(z)): 0.0103 / 0.0053
True
[784/1000][0/12]	Loss_D: 0.0440	Loss_G: 6.3292	D(x): 0.9714	D(G(z)): 0.0069 / 0.0064
True
[785/1000][0/12]	Loss_D: 0.2724	Loss_G: 12.4506	D(x): 0.8606	D(G(z)): 0.0000 / 0.0000
True
[786/1000][0/12]	Loss_D: 0.2262	Loss_G: 10.7556	D(x): 0.9989	D(G(z)): 0.0909 / 0.0001
True
[787/1000][0/12]	Loss_D: 0.0230	Loss_G: 6.6356	D(x): 0.9969	D(G(z)): 0.0044 / 0.0020
True
[788/1000][0/12]	Loss_D: 0.1471	Loss_G: 8.5429	D(x): 0.9864	D(G(z)): 0.0012 / 0.0010
True
[789/1000][0/12]	Loss_D: -0.0396	Loss_G: 9.1322	D(x): 0.9794	D(G(z)): 0.0022 / 0.0005
True
[790/1000][0/12]	Loss_D: 0.1268	Loss_G: 7.2548	D(x): 0.9977	D(G(z)): 0.0582 / 0.0007
True
[791/1000][0/12]	Loss_D: 0.1388	Loss_G: 6.6095	D(x): 0.9877	D(G(z)): 0.0159 / 0.0014
True
[792/1000][0/12]	Loss_D: -0.0505	Loss_G: 4.4678	D(x): 0.9606	D(G(z)): 0.0025 / 0.0187
True
[793/1000][0/12]	Loss_D: 0.3241	Loss_G: 36.4410	D(x): 0.9999	D(G(z)): 0.7592 / 0.0000
True
[794/1000][0/12]	Loss_D: -0.0037	Loss_G: 23.3649	D(x): 1.0000	D(G(z)): 0.0000 / 0.0000
True
[795/1000][0/12]	Loss_D: 0.0860	Loss_G: 6.8750	D(x): 0.9728	D(G(z)): 0.0139 / 0.0017
True
[796/1000][0/12]	Loss_D: 0.1158	Loss_G: 9.3320	D(x): 0.9996	D(G(z)): 0.0125 / 0.0007
True
[797/1000][0/12]	Loss_D: 0.0438	Loss_G: 11.5982	D(x): 0.9999	D(G(z)): 0.0001 / 0.0001
True
[798/1000][0/12]	Loss_D: -0.0414	Loss_G: 6.1962	D(x): 0.9947	D(G(z)): 0.0089 / 0.0024
True
[799/1000][0/12]	Loss_D: -0.2426	Loss_G: 5.3756	D(x): 0.9986	D(G(z)): 0.0178 / 0.0061
True
[800/1000][0/12]	Loss_D: -0.0469	Loss_G: 9.1487	D(x): 0.9835	D(G(z)): 0.0014 / 0.0004
True
[801/1000][0/12]	Loss_D: -0.0825	Loss_G: 4.8654	D(x): 0.9973	D(G(z)): 0.0214 / 0.0091
True
[802/1000][0/12]	Loss_D: 0.0265	Loss_G: 22.1998	D(x): 1.0000	D(G(z)): 0.4246 / 0.0000
True
[803/1000][0/12]	Loss_D: -0.0654	Loss_G: 7.2963	D(x): 0.9971	D(G(z)): 0.0025 / 0.0008
True
[804/1000][0/12]	Loss_D: 0.0785	Loss_G: 7.1513	D(x): 0.9986	D(G(z)): 0.0062 / 0.0009
True
[805/1000][0/12]	Loss_D: -0.0135	Loss_G: 5.2689	D(x): 0.9956	D(G(z)): 0.0251 / 0.0058
True
[806/1000][0/12]	Loss_D: 0.2283	Loss_G: 7.6390	D(x): 0.9937	D(G(z)): 0.0450 / 0.0006
True
[807/1000][0/12]	Loss_D: 0.0268	Loss_G: 6.6514	D(x): 0.9947	D(G(z)): 0.0197 / 0.0015
True
[808/1000][0/12]	Loss_D: 0.0058	Loss_G: 8.7183	D(x): 0.9982	D(G(z)): 0.0068 / 0.0026
True
[809/1000][0/12]	Loss_D: -0.0385	Loss_G: 5.6569	D(x): 0.9924	D(G(z)): 0.0186 / 0.0042
True
[810/1000][0/12]	Loss_D: 0.0126	Loss_G: 7.4408	D(x): 0.9399	D(G(z)): 0.0008 / 0.0017
True
[811/1000][0/12]	Loss_D: -0.1890	Loss_G: 6.1044	D(x): 0.9987	D(G(z)): 0.0389 / 0.0027
True
[812/1000][0/12]	Loss_D: 0.1114	Loss_G: 6.4131	D(x): 0.9948	D(G(z)): 0.0255 / 0.0025
True
[813/1000][0/12]	Loss_D: 0.0208	Loss_G: 4.9017	D(x): 0.9966	D(G(z)): 0.0277 / 0.0085
True
[814/1000][0/12]	Loss_D: -0.1715	Loss_G: 6.3239	D(x): 0.9920	D(G(z)): 0.0055 / 0.0062
True
[815/1000][0/12]	Loss_D: -0.1062	Loss_G: 7.2298	D(x): 0.9989	D(G(z)): 0.0750 / 0.0009
True
[816/1000][0/12]	Loss_D: 0.1543	Loss_G: 7.5081	D(x): 0.9761	D(G(z)): 0.0042 / 0.0007
True
[817/1000][0/12]	Loss_D: 0.2053	Loss_G: 8.0489	D(x): 0.9999	D(G(z)): 0.0326 / 0.0006
True
[818/1000][0/12]	Loss_D: -0.0070	Loss_G: 6.4402	D(x): 0.9698	D(G(z)): 0.0014 / 0.0031
True
[819/1000][0/12]	Loss_D: 0.0984	Loss_G: 8.2962	D(x): 0.9993	D(G(z)): 0.0007 / 0.0003
True
[820/1000][0/12]	Loss_D: 0.2366	Loss_G: 17.1838	D(x): 0.9998	D(G(z)): 0.2238 / 0.0000
True
[821/1000][0/12]	Loss_D: 0.0267	Loss_G: 5.6747	D(x): 0.9840	D(G(z)): 0.0172 / 0.0038
True
[822/1000][0/12]	Loss_D: -0.0666	Loss_G: 7.4226	D(x): 0.9915	D(G(z)): 0.0461 / 0.0009
True
[823/1000][0/12]	Loss_D: 0.2058	Loss_G: 8.7853	D(x): 0.9994	D(G(z)): 0.0227 / 0.0003
True
[824/1000][0/12]	Loss_D: 0.0488	Loss_G: 8.5096	D(x): 0.9991	D(G(z)): 0.0748 / 0.0002
True
[825/1000][0/12]	Loss_D: 0.0998	Loss_G: 7.9642	D(x): 0.9988	D(G(z)): 0.0013 / 0.0007
True
[826/1000][0/12]	Loss_D: -0.1586	Loss_G: 5.6811	D(x): 0.9977	D(G(z)): 0.0414 / 0.0043
True
[827/1000][0/12]	Loss_D: -0.0594	Loss_G: 7.7299	D(x): 0.9931	D(G(z)): 0.0029 / 0.0009
True
[828/1000][0/12]	Loss_D: 0.2585	Loss_G: 9.5164	D(x): 0.9962	D(G(z)): 0.0595 / 0.0002
True
[829/1000][0/12]	Loss_D: 0.4317	Loss_G: 35.5766	D(x): 0.9998	D(G(z)): 0.7437 / 0.0000
True
[830/1000][0/12]	Loss_D: 0.1079	Loss_G: 6.6829	D(x): 0.9747	D(G(z)): 0.0046 / 0.0032
True
[831/1000][0/12]	Loss_D: 0.1887	Loss_G: 13.1774	D(x): 0.9374	D(G(z)): 0.0000 / 0.0000
True
[832/1000][0/12]	Loss_D: 0.0240	Loss_G: 8.7872	D(x): 0.9994	D(G(z)): 0.0038 / 0.0013
True
[833/1000][0/12]	Loss_D: 0.0974	Loss_G: 9.6903	D(x): 0.9796	D(G(z)): 0.0002 / 0.0001
True
[834/1000][0/12]	Loss_D: -0.2355	Loss_G: 5.5648	D(x): 0.9975	D(G(z)): 0.0190 / 0.0052
True
[835/1000][0/12]	Loss_D: 0.1585	Loss_G: 6.1161	D(x): 0.9956	D(G(z)): 0.0230 / 0.0043
True
[836/1000][0/12]	Loss_D: -0.0752	Loss_G: 6.0263	D(x): 0.9923	D(G(z)): 0.0068 / 0.0053
True
[837/1000][0/12]	Loss_D: -0.0997	Loss_G: 9.0825	D(x): 1.0000	D(G(z)): 0.0999 / 0.0003
True
[838/1000][0/12]	Loss_D: -0.0914	Loss_G: 5.9578	D(x): 0.9989	D(G(z)): 0.0160 / 0.0029
True
[839/1000][0/12]	Loss_D: 0.0076	Loss_G: 10.7173	D(x): 0.9993	D(G(z)): 0.0908 / 0.0001
True
[840/1000][0/12]	Loss_D: 0.0475	Loss_G: 11.8302	D(x): 0.9990	D(G(z)): 0.1609 / 0.0000
True
[841/1000][0/12]	Loss_D: 0.0301	Loss_G: 6.6089	D(x): 0.9939	D(G(z)): 0.0130 / 0.0021
True
[842/1000][0/12]	Loss_D: 0.1225	Loss_G: 12.0410	D(x): 1.0000	D(G(z)): 0.1416 / 0.0001
True
[843/1000][0/12]	Loss_D: -0.1836	Loss_G: 12.3810	D(x): 0.9714	D(G(z)): 0.0004 / 0.0002
True
[844/1000][0/12]	Loss_D: 0.0010	Loss_G: 8.0630	D(x): 0.9983	D(G(z)): 0.0920 / 0.0003
True
[845/1000][0/12]	Loss_D: 0.3323	Loss_G: 16.0678	D(x): 0.9999	D(G(z)): 0.2531 / 0.0000
True
[846/1000][0/12]	Loss_D: 0.1710	Loss_G: 8.2224	D(x): 0.9913	D(G(z)): 0.0263 / 0.0003
True
[847/1000][0/12]	Loss_D: -0.1259	Loss_G: 4.4602	D(x): 0.9773	D(G(z)): 0.0123 / 0.0178
True
[848/1000][0/12]	Loss_D: 0.0545	Loss_G: 7.6686	D(x): 0.9903	D(G(z)): 0.0642 / 0.0007
True
[849/1000][0/12]	Loss_D: -0.0733	Loss_G: 8.8207	D(x): 0.9893	D(G(z)): 0.0011 / 0.0002
True
[850/1000][0/12]	Loss_D: 0.1413	Loss_G: 7.3088	D(x): 0.9988	D(G(z)): 0.0520 / 0.0010
True
[851/1000][0/12]	Loss_D: 1.7323	Loss_G: 32.4051	D(x): 1.0000	D(G(z)): 0.9367 / 0.0000
True
[852/1000][0/12]	Loss_D: -0.0605	Loss_G: 11.7224	D(x): 0.9913	D(G(z)): 0.0006 / 0.0001
True
[853/1000][0/12]	Loss_D: 0.0255	Loss_G: 7.2271	D(x): 0.9933	D(G(z)): 0.0538 / 0.0010
True
[854/1000][0/12]	Loss_D: 0.2309	Loss_G: 9.7582	D(x): 0.9999	D(G(z)): 0.0340 / 0.0003
True
[855/1000][0/12]	Loss_D: -0.1058	Loss_G: 6.1453	D(x): 0.9989	D(G(z)): 0.0322 / 0.0029
True
[856/1000][0/12]	Loss_D: -0.1290	Loss_G: 5.9723	D(x): 0.9941	D(G(z)): 0.0255 / 0.0027
True
[857/1000][0/12]	Loss_D: -0.1133	Loss_G: 6.6942	D(x): 0.9916	D(G(z)): 0.0270 / 0.0017
True
[858/1000][0/12]	Loss_D: 0.1027	Loss_G: 7.6613	D(x): 0.9973	D(G(z)): 0.0643 / 0.0006
True
[859/1000][0/12]	Loss_D: 0.0280	Loss_G: 7.0915	D(x): 0.9956	D(G(z)): 0.0382 / 0.0011
True
[860/1000][0/12]	Loss_D: 0.2460	Loss_G: 19.7011	D(x): 1.0000	D(G(z)): 0.3949 / 0.0000
True
[861/1000][0/12]	Loss_D: -0.0457	Loss_G: 12.2178	D(x): 0.9961	D(G(z)): 0.0063 / 0.0018
True
[862/1000][0/12]	Loss_D: -0.0283	Loss_G: 5.6739	D(x): 0.9976	D(G(z)): 0.0267 / 0.0046
True
[863/1000][0/12]	Loss_D: -0.2469	Loss_G: 11.0118	D(x): 0.9984	D(G(z)): 0.1521 / 0.0001
True
[864/1000][0/12]	Loss_D: 0.2499	Loss_G: 8.9093	D(x): 0.9952	D(G(z)): 0.0817 / 0.0001
True
[865/1000][0/12]	Loss_D: 0.0509	Loss_G: 6.1928	D(x): 0.9863	D(G(z)): 0.0105 / 0.0021
True
[866/1000][0/12]	Loss_D: -0.0192	Loss_G: 10.4588	D(x): 1.0000	D(G(z)): 0.0121 / 0.0010
True
[867/1000][0/12]	Loss_D: 0.0127	Loss_G: 6.5061	D(x): 0.9985	D(G(z)): 0.0317 / 0.0019
True
[868/1000][0/12]	Loss_D: -0.1643	Loss_G: 15.4163	D(x): 0.9801	D(G(z)): 0.0001 / 0.0000
True
[869/1000][0/12]	Loss_D: -0.0127	Loss_G: 11.6582	D(x): 0.9892	D(G(z)): 0.0898 / 0.0002
True
[870/1000][0/12]	Loss_D: 0.1129	Loss_G: 9.1456	D(x): 0.9997	D(G(z)): 0.0445 / 0.0005
True
[871/1000][0/12]	Loss_D: 3.5024	Loss_G: 35.0684	D(x): 1.0000	D(G(z)): 0.9958 / 0.0000
True
[872/1000][0/12]	Loss_D: -0.0317	Loss_G: 17.7671	D(x): 0.9968	D(G(z)): 0.1772 / 0.0000
True
[873/1000][0/12]	Loss_D: -0.1150	Loss_G: 7.9317	D(x): 0.9963	D(G(z)): 0.0182 / 0.0007
True
[874/1000][0/12]	Loss_D: 0.2141	Loss_G: 20.6249	D(x): 1.0000	D(G(z)): 0.0000 / 0.0000
True
[875/1000][0/12]	Loss_D: 0.2326	Loss_G: 9.1196	D(x): 0.9934	D(G(z)): 0.0048 / 0.0003
True
[876/1000][0/12]	Loss_D: -0.1356	Loss_G: 5.3571	D(x): 0.9937	D(G(z)): 0.0299 / 0.0058
True
[877/1000][0/12]	Loss_D: 0.1383	Loss_G: 6.1182	D(x): 0.9929	D(G(z)): 0.0255 / 0.0026
True
[878/1000][0/12]	Loss_D: 0.2109	Loss_G: 6.7019	D(x): 0.9984	D(G(z)): 0.0398 / 0.0016
True
[879/1000][0/12]	Loss_D: -0.0788	Loss_G: 6.7291	D(x): 0.9985	D(G(z)): 0.0319 / 0.0016
True
[880/1000][0/12]	Loss_D: -0.0265	Loss_G: 9.4546	D(x): 0.9972	D(G(z)): 0.0017 / 0.0002
True
[881/1000][0/12]	Loss_D: 0.1212	Loss_G: 6.2251	D(x): 0.9974	D(G(z)): 0.0166 / 0.0025
True
[882/1000][0/12]	Loss_D: -0.0866	Loss_G: 5.3593	D(x): 0.9876	D(G(z)): 0.0146 / 0.0064
True
[883/1000][0/12]	Loss_D: 0.0631	Loss_G: 6.3162	D(x): 0.9711	D(G(z)): 0.0032 / 0.0029
True
[884/1000][0/12]	Loss_D: 0.4481	Loss_G: 27.0763	D(x): 0.9997	D(G(z)): 0.4790 / 0.0000
True
[885/1000][0/12]	Loss_D: 0.3560	Loss_G: 12.1473	D(x): 0.9984	D(G(z)): 0.0243 / 0.0011
True
[886/1000][0/12]	Loss_D: 0.0079	Loss_G: 5.1773	D(x): 0.9792	D(G(z)): 0.0103 / 0.0064
True
[887/1000][0/12]	Loss_D: -0.1154	Loss_G: 11.1588	D(x): 0.9984	D(G(z)): 0.1566 / 0.0000
True
[888/1000][0/12]	Loss_D: 0.0695	Loss_G: 6.6328	D(x): 0.9978	D(G(z)): 0.0592 / 0.0020
True
[889/1000][0/12]	Loss_D: -0.1666	Loss_G: 11.6298	D(x): 0.9914	D(G(z)): 0.1387 / 0.0001
True
[890/1000][0/12]	Loss_D: 0.1913	Loss_G: 11.7658	D(x): 0.9844	D(G(z)): 0.0010 / 0.0002
True
[891/1000][0/12]	Loss_D: -0.0390	Loss_G: 7.3962	D(x): 0.9994	D(G(z)): 0.0736 / 0.0009
True
[892/1000][0/12]	Loss_D: -0.1116	Loss_G: 5.9986	D(x): 0.9901	D(G(z)): 0.0141 / 0.0032
True
[893/1000][0/12]	Loss_D: 0.0482	Loss_G: 6.3302	D(x): 0.9989	D(G(z)): 0.0091 / 0.0025
True
[894/1000][0/12]	Loss_D: 0.2434	Loss_G: 5.4308	D(x): 0.9982	D(G(z)): 0.0289 / 0.0046
True
[895/1000][0/12]	Loss_D: 0.0279	Loss_G: 13.9062	D(x): 0.9974	D(G(z)): 0.2375 / 0.0000
True
[896/1000][0/12]	Loss_D: -0.1813	Loss_G: 5.9006	D(x): 0.9963	D(G(z)): 0.0164 / 0.0052
True
[897/1000][0/12]	Loss_D: 0.1038	Loss_G: 21.7752	D(x): 0.9994	D(G(z)): 0.3901 / 0.0000
True
[898/1000][0/12]	Loss_D: -0.1287	Loss_G: 9.4664	D(x): 0.9996	D(G(z)): 0.0132 / 0.0020
True
[899/1000][0/12]	Loss_D: 0.0002	Loss_G: 7.2686	D(x): 0.9997	D(G(z)): 0.1168 / 0.0007
True
[900/1000][0/12]	Loss_D: 0.6310	Loss_G: 29.2221	D(x): 0.9999	D(G(z)): 0.6284 / 0.0000
True
[901/1000][0/12]	Loss_D: 0.0878	Loss_G: 8.1601	D(x): 0.9998	D(G(z)): 0.0089 / 0.0021
True
[902/1000][0/12]	Loss_D: 0.0742	Loss_G: 5.7850	D(x): 0.9916	D(G(z)): 0.0135 / 0.0058
True
[903/1000][0/12]	Loss_D: -0.1787	Loss_G: 6.4200	D(x): 0.9909	D(G(z)): 0.0101 / 0.0021
True
[904/1000][0/12]	Loss_D: 0.0674	Loss_G: 22.2630	D(x): 0.9994	D(G(z)): 0.3635 / 0.0000
True
[905/1000][0/12]	Loss_D: -0.1796	Loss_G: 7.1245	D(x): 0.9998	D(G(z)): 0.0739 / 0.0010
True
[906/1000][0/12]	Loss_D: 0.1419	Loss_G: 6.4366	D(x): 0.9952	D(G(z)): 0.0070 / 0.0018
True
[907/1000][0/12]	Loss_D: -0.0710	Loss_G: 6.3262	D(x): 0.9984	D(G(z)): 0.0056 / 0.0019
True
[908/1000][0/12]	Loss_D: -0.2394	Loss_G: 13.1138	D(x): 0.9993	D(G(z)): 0.0006 / 0.0000
True
[909/1000][0/12]	Loss_D: -0.0900	Loss_G: 6.1099	D(x): 0.9683	D(G(z)): 0.0046 / 0.0038
True
[910/1000][0/12]	Loss_D: 0.1740	Loss_G: 5.1818	D(x): 0.9274	D(G(z)): 0.0035 / 0.0075
True
[911/1000][0/12]	Loss_D: -0.1052	Loss_G: 6.9536	D(x): 0.9991	D(G(z)): 0.0084 / 0.0011
True
[912/1000][0/12]	Loss_D: -0.2330	Loss_G: 6.2681	D(x): 0.9952	D(G(z)): 0.0083 / 0.0034
True
[913/1000][0/12]	Loss_D: -0.1975	Loss_G: 6.6903	D(x): 0.9956	D(G(z)): 0.0028 / 0.0015
True
[914/1000][0/12]	Loss_D: 0.1101	Loss_G: 5.3958	D(x): 0.9986	D(G(z)): 0.0146 / 0.0049
True
[915/1000][0/12]	Loss_D: 0.2128	Loss_G: 0.8012	D(x): 0.8362	D(G(z)): 0.0036 / 0.4992
True
[916/1000][0/12]	Loss_D: -0.1338	Loss_G: 9.2576	D(x): 0.9892	D(G(z)): 0.0060 / 0.0017
True
[917/1000][0/12]	Loss_D: -0.0323	Loss_G: 8.5528	D(x): 0.9783	D(G(z)): 0.0132 / 0.0036
True
[918/1000][0/12]	Loss_D: 0.8160	Loss_G: 30.7770	D(x): 1.0000	D(G(z)): 0.4711 / 0.0000
True
[919/1000][0/12]	Loss_D: -0.0572	Loss_G: 16.0563	D(x): 0.9997	D(G(z)): 0.0165 / 0.0019
True
[920/1000][0/12]	Loss_D: -0.2425	Loss_G: 8.3867	D(x): 0.9976	D(G(z)): 0.0107 / 0.0009
True
[921/1000][0/12]	Loss_D: 0.2616	Loss_G: 7.5112	D(x): 0.9998	D(G(z)): 0.0071 / 0.0034
True
[922/1000][0/12]	Loss_D: 0.2538	Loss_G: 16.3506	D(x): 0.9984	D(G(z)): 0.0147 / 0.0016
True
[923/1000][0/12]	Loss_D: -0.1591	Loss_G: 6.5954	D(x): 0.9878	D(G(z)): 0.0090 / 0.0028
True
[924/1000][0/12]	Loss_D: 0.1290	Loss_G: 7.2675	D(x): 0.9847	D(G(z)): 0.0378 / 0.0011
True
[925/1000][0/12]	Loss_D: 0.0172	Loss_G: 19.3927	D(x): 0.9540	D(G(z)): 0.0000 / 0.0000
True
[926/1000][0/12]	Loss_D: 0.0191	Loss_G: 6.1213	D(x): 0.9991	D(G(z)): 0.0114 / 0.0027
True
[927/1000][0/12]	Loss_D: -0.0026	Loss_G: 6.7230	D(x): 0.9986	D(G(z)): 0.0182 / 0.0014
True
[928/1000][0/12]	Loss_D: 0.0984	Loss_G: 6.6392	D(x): 0.9945	D(G(z)): 0.0080 / 0.0024
True
[929/1000][0/12]	Loss_D: -0.2151	Loss_G: 8.1079	D(x): 0.9947	D(G(z)): 0.0003 / 0.0009
True
[930/1000][0/12]	Loss_D: -0.0750	Loss_G: 5.6609	D(x): 0.9944	D(G(z)): 0.0176 / 0.0044
True
[931/1000][0/12]	Loss_D: 0.1980	Loss_G: 7.4155	D(x): 0.9839	D(G(z)): 0.0453 / 0.0007
True
[932/1000][0/12]	Loss_D: -0.3174	Loss_G: 6.8831	D(x): 0.9961	D(G(z)): 0.1002 / 0.0014
True
[933/1000][0/12]	Loss_D: 0.1744	Loss_G: 7.8431	D(x): 0.9995	D(G(z)): 0.0142 / 0.0005
True
[934/1000][0/12]	Loss_D: -0.1024	Loss_G: 7.4604	D(x): 0.9986	D(G(z)): 0.0960 / 0.0007
True
[935/1000][0/12]	Loss_D: -0.1432	Loss_G: 6.8696	D(x): 0.9948	D(G(z)): 0.0532 / 0.0014
True
[936/1000][0/12]	Loss_D: 0.2901	Loss_G: 7.7610	D(x): 0.9991	D(G(z)): 0.0116 / 0.0005
True
[937/1000][0/12]	Loss_D: 0.1615	Loss_G: 8.0794	D(x): 0.9927	D(G(z)): 0.0011 / 0.0005
True
[938/1000][0/12]	Loss_D: 0.1693	Loss_G: 10.6769	D(x): 0.9124	D(G(z)): 0.0000 / 0.0001
True
[939/1000][0/12]	Loss_D: 0.2252	Loss_G: 9.0827	D(x): 0.9999	D(G(z)): 0.0963 / 0.0031
True
[940/1000][0/12]	Loss_D: -0.1396	Loss_G: 5.9332	D(x): 0.9955	D(G(z)): 0.0415 / 0.0031
True
[941/1000][0/12]	Loss_D: -0.1233	Loss_G: 5.5519	D(x): 0.9994	D(G(z)): 0.0298 / 0.0040
True
[942/1000][0/12]	Loss_D: -0.0670	Loss_G: 8.1495	D(x): 0.9992	D(G(z)): 0.0536 / 0.0005
True
[943/1000][0/12]	Loss_D: 0.3836	Loss_G: 7.5396	D(x): 0.9982	D(G(z)): 0.0084 / 0.0006
True
[944/1000][0/12]	Loss_D: 0.2645	Loss_G: 7.0908	D(x): 0.9974	D(G(z)): 0.0098 / 0.0008
True
[945/1000][0/12]	Loss_D: -0.0899	Loss_G: 5.7398	D(x): 0.9871	D(G(z)): 0.0080 / 0.0043
True
[946/1000][0/12]	Loss_D: -0.0564	Loss_G: 6.1066	D(x): 0.9996	D(G(z)): 0.0085 / 0.0056
True
[947/1000][0/12]	Loss_D: -0.0282	Loss_G: 5.8508	D(x): 0.9876	D(G(z)): 0.0170 / 0.0034
True
[948/1000][0/12]	Loss_D: 0.2416	Loss_G: 15.0078	D(x): 0.9988	D(G(z)): 0.1629 / 0.0000
True
[949/1000][0/12]	Loss_D: 0.1292	Loss_G: 7.4879	D(x): 0.9691	D(G(z)): 0.0044 / 0.0018
True
[950/1000][0/12]	Loss_D: 0.3415	Loss_G: 7.3994	D(x): 0.9679	D(G(z)): 0.0043 / 0.0006
True
[951/1000][0/12]	Loss_D: -0.1532	Loss_G: 10.3425	D(x): 1.0000	D(G(z)): 0.0702 / 0.0003
True
[952/1000][0/12]	Loss_D: 0.0688	Loss_G: 6.3730	D(x): 0.9913	D(G(z)): 0.0098 / 0.0029
True
[953/1000][0/12]	Loss_D: -0.1564	Loss_G: 6.7024	D(x): 0.9994	D(G(z)): 0.0081 / 0.0035
True
[954/1000][0/12]	Loss_D: -0.0246	Loss_G: 5.5736	D(x): 0.9968	D(G(z)): 0.0113 / 0.0049
True
[955/1000][0/12]	Loss_D: 0.0492	Loss_G: 7.6581	D(x): 0.9952	D(G(z)): 0.0589 / 0.0007
True
[956/1000][0/12]	Loss_D: 0.1078	Loss_G: 19.4241	D(x): 0.9005	D(G(z)): 0.0000 / 0.0000
True
[957/1000][0/12]	Loss_D: 0.3259	Loss_G: 7.4084	D(x): 0.9994	D(G(z)): 0.0155 / 0.0009
True
[958/1000][0/12]	Loss_D: 0.1202	Loss_G: 12.9904	D(x): 0.9997	D(G(z)): 0.1751 / 0.0000
True
[959/1000][0/12]	Loss_D: -0.0037	Loss_G: 14.1016	D(x): 0.9999	D(G(z)): 0.2002 / 0.0000
True
[960/1000][0/12]	Loss_D: 0.1332	Loss_G: 10.4201	D(x): 0.9990	D(G(z)): 0.0062 / 0.0094
True
[961/1000][0/12]	Loss_D: 0.2827	Loss_G: 11.8822	D(x): 0.9997	D(G(z)): 0.1408 / 0.0000
True
[962/1000][0/12]	Loss_D: 0.3589	Loss_G: 9.7888	D(x): 0.9996	D(G(z)): 0.1019 / 0.0001
True
[963/1000][0/12]	Loss_D: 0.1666	Loss_G: 7.5427	D(x): 0.9981	D(G(z)): 0.0233 / 0.0010
True
[964/1000][0/12]	Loss_D: 0.1403	Loss_G: 24.1717	D(x): 1.0000	D(G(z)): 0.2872 / 0.0000
True
[965/1000][0/12]	Loss_D: 0.2008	Loss_G: 31.0722	D(x): 1.0000	D(G(z)): 0.4112 / 0.0000
True
[966/1000][0/12]	Loss_D: -0.1068	Loss_G: 6.3697	D(x): 0.9999	D(G(z)): 0.0212 / 0.0025
True
[967/1000][0/12]	Loss_D: 0.1911	Loss_G: 15.0998	D(x): 1.0000	D(G(z)): 0.1765 / 0.0000
True
[968/1000][0/12]	Loss_D: 0.1091	Loss_G: 9.2822	D(x): 0.9537	D(G(z)): 0.0002 / 0.0003
True
[969/1000][0/12]	Loss_D: -0.0040	Loss_G: 7.6173	D(x): 0.9066	D(G(z)): 0.0001 / 0.0007
True
[970/1000][0/12]	Loss_D: -0.2013	Loss_G: 5.2242	D(x): 0.9992	D(G(z)): 0.0299 / 0.0073
True
[971/1000][0/12]	Loss_D: 0.0329	Loss_G: 7.1579	D(x): 0.9951	D(G(z)): 0.0037 / 0.0012
True
[972/1000][0/12]	Loss_D: -0.2495	Loss_G: 6.1414	D(x): 0.9970	D(G(z)): 0.0205 / 0.0025
True
[973/1000][0/12]	Loss_D: -0.0721	Loss_G: 5.5078	D(x): 0.9798	D(G(z)): 0.0549 / 0.0063
True
[974/1000][0/12]	Loss_D: -0.0684	Loss_G: 7.2733	D(x): 0.9925	D(G(z)): 0.0618 / 0.0009
True
[975/1000][0/12]	Loss_D: 0.1709	Loss_G: 5.3138	D(x): 0.8655	D(G(z)): 0.0004 / 0.0113
True
[976/1000][0/12]	Loss_D: 0.1336	Loss_G: 6.4479	D(x): 0.9841	D(G(z)): 0.0099 / 0.0023
True
[977/1000][0/12]	Loss_D: 0.2943	Loss_G: 12.0716	D(x): 0.9999	D(G(z)): 0.1299 / 0.0000
True
[978/1000][0/12]	Loss_D: 0.4821	Loss_G: 6.4727	D(x): 0.9983	D(G(z)): 0.0465 / 0.0020
True
[979/1000][0/12]	Loss_D: -0.0122	Loss_G: 8.0105	D(x): 0.9999	D(G(z)): 0.0657 / 0.0005
True
[980/1000][0/12]	Loss_D: 0.2882	Loss_G: 13.0562	D(x): 0.9975	D(G(z)): 0.1603 / 0.0000
True
[981/1000][0/12]	Loss_D: 0.0012	Loss_G: 7.2353	D(x): 0.9969	D(G(z)): 0.0150 / 0.0009
True
[982/1000][0/12]	Loss_D: 0.1178	Loss_G: 7.2928	D(x): 0.9993	D(G(z)): 0.0533 / 0.0009
True
[983/1000][0/12]	Loss_D: 0.1014	Loss_G: 7.3580	D(x): 0.9978	D(G(z)): 0.0089 / 0.0008
True
[984/1000][0/12]	Loss_D: -0.0162	Loss_G: 7.9055	D(x): 0.9904	D(G(z)): 0.0033 / 0.0012
True
[985/1000][0/12]	Loss_D: 0.2891	Loss_G: 9.5666	D(x): 0.9940	D(G(z)): 0.0013 / 0.0001
True
[986/1000][0/12]	Loss_D: 0.2692	Loss_G: 23.1691	D(x): 0.9994	D(G(z)): 0.3217 / 0.0000
True
[987/1000][0/12]	Loss_D: 0.0853	Loss_G: 12.6365	D(x): 0.9999	D(G(z)): 0.0019 / 0.0002
True
[988/1000][0/12]	Loss_D: 0.1199	Loss_G: 7.9764	D(x): 0.9624	D(G(z)): 0.0014 / 0.0005
True
[989/1000][0/12]	Loss_D: 0.0366	Loss_G: 4.8050	D(x): 0.9987	D(G(z)): 0.0177 / 0.0099
True
[990/1000][0/12]	Loss_D: 0.2562	Loss_G: 5.9615	D(x): 0.9972	D(G(z)): 0.0270 / 0.0028
True
[991/1000][0/12]	Loss_D: -0.2248	Loss_G: 8.0946	D(x): 0.9998	D(G(z)): 0.0808 / 0.0006
True
[992/1000][0/12]	Loss_D: -0.1894	Loss_G: 26.6212	D(x): 0.9989	D(G(z)): 0.3824 / 0.0000
True
[993/1000][0/12]	Loss_D: -0.3136	Loss_G: 8.5563	D(x): 0.9999	D(G(z)): 0.0185 / 0.0008
True
[994/1000][0/12]	Loss_D: -0.1749	Loss_G: 5.3629	D(x): 0.9994	D(G(z)): 0.0235 / 0.0064
True
[995/1000][0/12]	Loss_D: 0.1908	Loss_G: 6.7610	D(x): 0.9979	D(G(z)): 0.0151 / 0.0012
True
[996/1000][0/12]	Loss_D: -0.1581	Loss_G: 5.7863	D(x): 0.9953	D(G(z)): 0.0117 / 0.0060
True
[997/1000][0/12]	Loss_D: 0.0801	Loss_G: 7.6364	D(x): 0.9995	D(G(z)): 0.0488 / 0.0006
True
[998/1000][0/12]	Loss_D: 0.2425	Loss_G: 15.6726	D(x): 1.0000	D(G(z)): 0.2007 / 0.0000
True
[999/1000][0/12]	Loss_D: -0.1346	Loss_G: 7.0298	D(x): 0.9992	D(G(z)): 0.0047 / 0.0016
Traceback (most recent call last):
  File "train.py", line 319, in <module>
    plt.figure(figsize=(10,5))
  File "/home/s1890135/miniconda3/envs/mlp/lib/python3.7/site-packages/matplotlib/pyplot.py", line 548, in figure
    **kwargs)
  File "/home/s1890135/miniconda3/envs/mlp/lib/python3.7/site-packages/matplotlib/backend_bases.py", line 161, in new_figure_manager
    return cls.new_figure_manager_given_figure(num, fig)
  File "/home/s1890135/miniconda3/envs/mlp/lib/python3.7/site-packages/matplotlib/backend_bases.py", line 167, in new_figure_manager_given_figure
    canvas = cls.FigureCanvas(figure)
  File "/home/s1890135/miniconda3/envs/mlp/lib/python3.7/site-packages/matplotlib/backends/backend_qt5agg.py", line 24, in __init__
    super(FigureCanvasQTAgg, self).__init__(figure=figure)
  File "/home/s1890135/miniconda3/envs/mlp/lib/python3.7/site-packages/matplotlib/backends/backend_qt5.py", line 234, in __init__
    _create_qApp()
  File "/home/s1890135/miniconda3/envs/mlp/lib/python3.7/site-packages/matplotlib/backends/backend_qt5.py", line 125, in _create_qApp
    raise RuntimeError('Invalid DISPLAY variable')
RuntimeError: Invalid DISPLAY variable
