/home/s1890135/miniconda3/envs/mlp/lib/python3.7/site-packages/torch/nn/functional.py:1332: UserWarning: nn.functional.sigmoid is deprecated. Use torch.sigmoid instead.
  warnings.warn("nn.functional.sigmoid is deprecated. Use torch.sigmoid instead.")
/home/s1890135/miniconda3/envs/mlp/lib/python3.7/site-packages/torch/nn/functional.py:1320: UserWarning: nn.functional.tanh is deprecated. Use torch.tanh instead.
  warnings.warn("nn.functional.tanh is deprecated. Use torch.tanh instead.")
Random Seed:  8008
cuda:0  will be used.

Generator(
  (fc_embed1): Linear(in_features=20, out_features=128, bias=False)
  (fc_embed2): Linear(in_features=20, out_features=128, bias=False)
  (tconv1): ConvTranspose2d(356, 512, kernel_size=(4, 4), stride=(1, 1), bias=False)
  (bn1): BatchNorm2d(512, eps=1e-05, momentum=0.1, affine=True, track_running_stats=True)
  (tconv2): ConvTranspose2d(512, 256, kernel_size=(4, 4), stride=(2, 2), padding=(1, 1), bias=False)
  (bn2): BatchNorm2d(256, eps=1e-05, momentum=0.1, affine=True, track_running_stats=True)
  (tconv3): ConvTranspose2d(256, 128, kernel_size=(4, 4), stride=(2, 2), padding=(1, 1), bias=False)
  (bn3): BatchNorm2d(128, eps=1e-05, momentum=0.1, affine=True, track_running_stats=True)
  (tconv4): ConvTranspose2d(128, 64, kernel_size=(4, 4), stride=(2, 2), padding=(1, 1), bias=False)
  (bn4): BatchNorm2d(64, eps=1e-05, momentum=0.1, affine=True, track_running_stats=True)
  (tconv5): ConvTranspose2d(64, 3, kernel_size=(4, 4), stride=(2, 2), padding=(1, 1), bias=False)
)
3
Discriminator(
  (conv1): Conv2d(3, 64, kernel_size=(4, 4), stride=(2, 2), padding=(1, 1), bias=False)
  (conv2): Conv2d(64, 128, kernel_size=(4, 4), stride=(2, 2), padding=(1, 1), bias=False)
  (bn2): BatchNorm2d(128, eps=1e-05, momentum=0.1, affine=True, track_running_stats=True)
  (conv3): Conv2d(128, 256, kernel_size=(4, 4), stride=(2, 2), padding=(1, 1), bias=False)
  (bn3): BatchNorm2d(256, eps=1e-05, momentum=0.1, affine=True, track_running_stats=True)
  (conv4): Conv2d(256, 512, kernel_size=(4, 4), stride=(2, 2), padding=(1, 1), bias=False)
  (bn4): BatchNorm2d(512, eps=1e-05, momentum=0.1, affine=True, track_running_stats=True)
  (conv5): Conv2d(768, 512, kernel_size=(1, 1), stride=(1, 1), bias=False)
  (bn5): BatchNorm2d(512, eps=1e-05, momentum=0.1, affine=True, track_running_stats=True)
  (conv6): Conv2d(512, 1, kernel_size=(4, 4), stride=(1, 1), bias=False)
  (fc_embed1): Linear(in_features=20, out_features=128, bias=False)
  (fc_embed2): Linear(in_features=20, out_features=128, bias=False)
)
Starting Training Loop...
-------------------------
True
[0/1000][0/12]	Loss_D: 1.7096	Loss_G: 1.8702	D(x): 0.3715	D(G(z)): 0.3717 / 0.1895
True
[1/1000][0/12]	Loss_D: 1.4465	Loss_G: 6.0508	D(x): 0.7934	D(G(z)): 0.2144 / 0.0034
True
[2/1000][0/12]	Loss_D: 1.3132	Loss_G: 8.3841	D(x): 0.4440	D(G(z)): 0.0036 / 0.0003
True
[3/1000][0/12]	Loss_D: 1.1368	Loss_G: 4.0226	D(x): 0.7224	D(G(z)): 0.1242 / 0.0211
True
[4/1000][0/12]	Loss_D: 1.2221	Loss_G: 2.4873	D(x): 0.5365	D(G(z)): 0.1252 / 0.0991
True
[5/1000][0/12]	Loss_D: 1.4703	Loss_G: 4.6435	D(x): 0.8211	D(G(z)): 0.3849 / 0.0146
True
[6/1000][0/12]	Loss_D: 1.5360	Loss_G: 4.1895	D(x): 0.8388	D(G(z)): 0.5016 / 0.0209
True
[7/1000][0/12]	Loss_D: 1.2065	Loss_G: 2.6336	D(x): 0.5018	D(G(z)): 0.1323 / 0.0814
True
[8/1000][0/12]	Loss_D: 1.1604	Loss_G: 2.4727	D(x): 0.4983	D(G(z)): 0.1148 / 0.1026
True
[9/1000][0/12]	Loss_D: 1.6296	Loss_G: 1.3429	D(x): 0.2665	D(G(z)): 0.0586 / 0.2885
True
[10/1000][0/12]	Loss_D: 1.4364	Loss_G: 3.3025	D(x): 0.7978	D(G(z)): 0.5028 / 0.0437
True
[11/1000][0/12]	Loss_D: 1.1210	Loss_G: 3.4638	D(x): 0.6700	D(G(z)): 0.1652 / 0.0418
True
[12/1000][0/12]	Loss_D: 1.1002	Loss_G: 2.7703	D(x): 0.5482	D(G(z)): 0.1086 / 0.0755
True
[13/1000][0/12]	Loss_D: 1.0960	Loss_G: 2.5366	D(x): 0.5671	D(G(z)): 0.1306 / 0.0904
True
[14/1000][0/12]	Loss_D: 1.1718	Loss_G: 2.3299	D(x): 0.5512	D(G(z)): 0.2094 / 0.1124
True
[15/1000][0/12]	Loss_D: 1.3885	Loss_G: 1.1796	D(x): 0.3719	D(G(z)): 0.1062 / 0.3394
True
[16/1000][0/12]	Loss_D: 1.8275	Loss_G: 4.0171	D(x): 0.8871	D(G(z)): 0.6347 / 0.0238
True
[17/1000][0/12]	Loss_D: 1.1213	Loss_G: 2.8669	D(x): 0.6908	D(G(z)): 0.2428 / 0.0687
True
[18/1000][0/12]	Loss_D: 1.6009	Loss_G: 3.3724	D(x): 0.8682	D(G(z)): 0.5121 / 0.0399
True
[19/1000][0/12]	Loss_D: 1.1045	Loss_G: 2.3114	D(x): 0.6796	D(G(z)): 0.2334 / 0.1138
True
[20/1000][0/12]	Loss_D: 1.1691	Loss_G: 3.4516	D(x): 0.7392	D(G(z)): 0.3380 / 0.0368
True
[21/1000][0/12]	Loss_D: 1.0464	Loss_G: 3.5292	D(x): 0.7135	D(G(z)): 0.1835 / 0.0363
True
[22/1000][0/12]	Loss_D: 1.0546	Loss_G: 2.8515	D(x): 0.6599	D(G(z)): 0.1622 / 0.0621
True
[23/1000][0/12]	Loss_D: 1.0634	Loss_G: 2.2626	D(x): 0.5808	D(G(z)): 0.1196 / 0.1119
True
[24/1000][0/12]	Loss_D: 1.0821	Loss_G: 2.1691	D(x): 0.5103	D(G(z)): 0.0701 / 0.1257
True
[25/1000][0/12]	Loss_D: 0.9967	Loss_G: 2.3945	D(x): 0.5886	D(G(z)): 0.1066 / 0.1040
True
[26/1000][0/12]	Loss_D: 1.2423	Loss_G: 1.6496	D(x): 0.6346	D(G(z)): 0.2891 / 0.2185
True
[27/1000][0/12]	Loss_D: 1.0482	Loss_G: 1.9371	D(x): 0.5605	D(G(z)): 0.1671 / 0.1527
True
[28/1000][0/12]	Loss_D: 0.9383	Loss_G: 2.1711	D(x): 0.6600	D(G(z)): 0.1966 / 0.1247
True
[29/1000][0/12]	Loss_D: 0.9616	Loss_G: 2.6172	D(x): 0.7111	D(G(z)): 0.1589 / 0.0855
True
[30/1000][0/12]	Loss_D: 1.4916	Loss_G: 4.0655	D(x): 0.9311	D(G(z)): 0.4778 / 0.0225
True
[31/1000][0/12]	Loss_D: 0.9575	Loss_G: 1.5574	D(x): 0.4916	D(G(z)): 0.1117 / 0.2314
True
[32/1000][0/12]	Loss_D: 1.0172	Loss_G: 3.7867	D(x): 0.7790	D(G(z)): 0.2881 / 0.0289
True
[33/1000][0/12]	Loss_D: 0.9961	Loss_G: 3.0789	D(x): 0.7882	D(G(z)): 0.3426 / 0.0536
True
[34/1000][0/12]	Loss_D: 1.0711	Loss_G: 4.5398	D(x): 0.8928	D(G(z)): 0.4199 / 0.0124
True
[35/1000][0/12]	Loss_D: 0.9655	Loss_G: 2.9497	D(x): 0.7859	D(G(z)): 0.3172 / 0.0693
True
[36/1000][0/12]	Loss_D: 1.3455	Loss_G: 0.8982	D(x): 0.3014	D(G(z)): 0.0271 / 0.4389
True
[37/1000][0/12]	Loss_D: 0.7578	Loss_G: 2.5767	D(x): 0.7739	D(G(z)): 0.2248 / 0.0872
True
[38/1000][0/12]	Loss_D: 1.1851	Loss_G: 1.6869	D(x): 0.3894	D(G(z)): 0.0795 / 0.2085
True
[39/1000][0/12]	Loss_D: 1.2345	Loss_G: 4.3198	D(x): 0.9222	D(G(z)): 0.5383 / 0.0178
True
[40/1000][0/12]	Loss_D: 0.8040	Loss_G: 2.8470	D(x): 0.7591	D(G(z)): 0.2440 / 0.0673
True
[41/1000][0/12]	Loss_D: 0.9230	Loss_G: 1.1069	D(x): 0.5130	D(G(z)): 0.0548 / 0.3465
True
[42/1000][0/12]	Loss_D: 1.0080	Loss_G: 3.1649	D(x): 0.9314	D(G(z)): 0.5164 / 0.0550
True
[43/1000][0/12]	Loss_D: 0.7246	Loss_G: 2.4730	D(x): 0.7766	D(G(z)): 0.3518 / 0.0988
True
[44/1000][0/12]	Loss_D: 1.8919	Loss_G: 4.1947	D(x): 0.9639	D(G(z)): 0.7636 / 0.0224
True
[45/1000][0/12]	Loss_D: 0.7329	Loss_G: 1.5855	D(x): 0.5771	D(G(z)): 0.0692 / 0.2350
True
[46/1000][0/12]	Loss_D: 0.6558	Loss_G: 3.6705	D(x): 0.8311	D(G(z)): 0.2550 / 0.0302
True
[47/1000][0/12]	Loss_D: 2.0211	Loss_G: 5.2093	D(x): 0.9805	D(G(z)): 0.8282 / 0.0134
True
[48/1000][0/12]	Loss_D: 0.7852	Loss_G: 3.1134	D(x): 0.9145	D(G(z)): 0.3549 / 0.0533
True
[49/1000][0/12]	Loss_D: 1.2512	Loss_G: 4.4761	D(x): 0.9451	D(G(z)): 0.6674 / 0.0164
True
[50/1000][0/12]	Loss_D: 0.7063	Loss_G: 2.8333	D(x): 0.8828	D(G(z)): 0.3050 / 0.0730
True
[51/1000][0/12]	Loss_D: 0.5105	Loss_G: 4.1525	D(x): 0.9225	D(G(z)): 0.2654 / 0.0224
True
[52/1000][0/12]	Loss_D: 1.2222	Loss_G: 4.1001	D(x): 0.9613	D(G(z)): 0.6825 / 0.0226
True
[53/1000][0/12]	Loss_D: 0.7582	Loss_G: 3.9001	D(x): 0.9393	D(G(z)): 0.5612 / 0.0284
True
[54/1000][0/12]	Loss_D: 0.4921	Loss_G: 2.7438	D(x): 0.8496	D(G(z)): 0.3098 / 0.0764
True
[55/1000][0/12]	Loss_D: 0.6343	Loss_G: 2.9192	D(x): 0.8351	D(G(z)): 0.3062 / 0.0663
True
[56/1000][0/12]	Loss_D: 0.4322	Loss_G: 2.2856	D(x): 0.7516	D(G(z)): 0.1392 / 0.1237
True
[57/1000][0/12]	Loss_D: 0.4784	Loss_G: 1.8033	D(x): 0.7346	D(G(z)): 0.1613 / 0.2079
True
[58/1000][0/12]	Loss_D: 0.4103	Loss_G: 2.9265	D(x): 0.8258	D(G(z)): 0.1936 / 0.0624
True
[59/1000][0/12]	Loss_D: 0.5688	Loss_G: 1.6058	D(x): 0.6797	D(G(z)): 0.1363 / 0.2198
True
[60/1000][0/12]	Loss_D: 0.6811	Loss_G: 3.5022	D(x): 0.9361	D(G(z)): 0.5096 / 0.0378
True
[61/1000][0/12]	Loss_D: 0.5299	Loss_G: 1.4900	D(x): 0.7057	D(G(z)): 0.1664 / 0.2546
True
[62/1000][0/12]	Loss_D: 0.4126	Loss_G: 2.5684	D(x): 0.8253	D(G(z)): 0.2068 / 0.0898
True
[63/1000][0/12]	Loss_D: 0.9803	Loss_G: 4.6161	D(x): 0.9795	D(G(z)): 0.6884 / 0.0140
True
[64/1000][0/12]	Loss_D: 0.4733	Loss_G: 2.9072	D(x): 0.9662	D(G(z)): 0.5040 / 0.0659
True
[65/1000][0/12]	Loss_D: 0.9305	Loss_G: 3.2385	D(x): 0.9407	D(G(z)): 0.6790 / 0.0490
True
[66/1000][0/12]	Loss_D: 0.3432	Loss_G: 2.5935	D(x): 0.7601	D(G(z)): 0.0840 / 0.0941
True
[67/1000][0/12]	Loss_D: 0.2264	Loss_G: 2.8484	D(x): 0.9149	D(G(z)): 0.1693 / 0.0735
True
[68/1000][0/12]	Loss_D: 0.2944	Loss_G: 2.2134	D(x): 0.8815	D(G(z)): 0.1996 / 0.1286
True
[69/1000][0/12]	Loss_D: 0.2889	Loss_G: 2.9286	D(x): 0.9033	D(G(z)): 0.2891 / 0.0688
True
[70/1000][0/12]	Loss_D: 1.4211	Loss_G: 3.7593	D(x): 0.9927	D(G(z)): 0.8771 / 0.0333
True
[71/1000][0/12]	Loss_D: 0.7378	Loss_G: 2.9340	D(x): 0.9814	D(G(z)): 0.6261 / 0.0844
True
[72/1000][0/12]	Loss_D: 0.3430	Loss_G: 2.2756	D(x): 0.7904	D(G(z)): 0.1329 / 0.1285
True
[73/1000][0/12]	Loss_D: 0.2843	Loss_G: 1.7628	D(x): 0.8324	D(G(z)): 0.1288 / 0.2072
True
[74/1000][0/12]	Loss_D: 0.2028	Loss_G: 2.1655	D(x): 0.9241	D(G(z)): 0.2160 / 0.1413
True
[75/1000][0/12]	Loss_D: 0.1834	Loss_G: 2.7016	D(x): 0.9163	D(G(z)): 0.2034 / 0.0840
True
[76/1000][0/12]	Loss_D: 0.2011	Loss_G: 2.8709	D(x): 0.9006	D(G(z)): 0.1274 / 0.0749
True
[77/1000][0/12]	Loss_D: 0.2433	Loss_G: 2.7163	D(x): 0.9371	D(G(z)): 0.2354 / 0.0940
True
[78/1000][0/12]	Loss_D: 0.1496	Loss_G: 3.0200	D(x): 0.9151	D(G(z)): 0.1678 / 0.0613
True
[79/1000][0/12]	Loss_D: 0.5103	Loss_G: 3.1758	D(x): 0.9751	D(G(z)): 0.5050 / 0.0592
True
[80/1000][0/12]	Loss_D: 0.2148	Loss_G: 2.7552	D(x): 0.8934	D(G(z)): 0.1861 / 0.0757
True
[81/1000][0/12]	Loss_D: 0.2550	Loss_G: 3.0345	D(x): 0.8914	D(G(z)): 0.1256 / 0.0617
True
[82/1000][0/12]	Loss_D: 0.1731	Loss_G: 3.2357	D(x): 0.9195	D(G(z)): 0.0961 / 0.0502
True
[83/1000][0/12]	Loss_D: 0.4270	Loss_G: 3.6500	D(x): 0.9827	D(G(z)): 0.4775 / 0.0289
True
[84/1000][0/12]	Loss_D: 0.2014	Loss_G: 2.8552	D(x): 0.8596	D(G(z)): 0.0971 / 0.0759
True
[85/1000][0/12]	Loss_D: 0.2554	Loss_G: 4.2360	D(x): 0.9685	D(G(z)): 0.3349 / 0.0177
True
[86/1000][0/12]	Loss_D: 0.1275	Loss_G: 2.8389	D(x): 0.9470	D(G(z)): 0.2026 / 0.0739
True
[87/1000][0/12]	Loss_D: 0.3987	Loss_G: 3.7603	D(x): 0.9896	D(G(z)): 0.4882 / 0.0349
True
[88/1000][0/12]	Loss_D: 0.1356	Loss_G: 3.0229	D(x): 0.9156	D(G(z)): 0.1111 / 0.0618
True
[89/1000][0/12]	Loss_D: 0.1285	Loss_G: 3.6980	D(x): 0.9055	D(G(z)): 0.0659 / 0.0324
True
[90/1000][0/12]	Loss_D: 0.2231	Loss_G: 3.3848	D(x): 0.9626	D(G(z)): 0.2604 / 0.0424
True
[91/1000][0/12]	Loss_D: 0.5192	Loss_G: 4.7655	D(x): 0.9915	D(G(z)): 0.6094 / 0.0131
True
[92/1000][0/12]	Loss_D: 0.5653	Loss_G: 4.3631	D(x): 0.9853	D(G(z)): 0.5340 / 0.0237
True
[93/1000][0/12]	Loss_D: 0.2047	Loss_G: 2.8859	D(x): 0.8755	D(G(z)): 0.0730 / 0.0683
True
[94/1000][0/12]	Loss_D: 0.1704	Loss_G: 2.9186	D(x): 0.9537	D(G(z)): 0.1664 / 0.0735
True
[95/1000][0/12]	Loss_D: 0.5861	Loss_G: 4.6158	D(x): 0.9925	D(G(z)): 0.5142 / 0.0140
True
[96/1000][0/12]	Loss_D: 0.1792	Loss_G: 3.5486	D(x): 0.9755	D(G(z)): 0.3258 / 0.0313
True
[97/1000][0/12]	Loss_D: 0.2329	Loss_G: 4.5546	D(x): 0.9595	D(G(z)): 0.1423 / 0.0134
True
[98/1000][0/12]	Loss_D: 0.1157	Loss_G: 3.3883	D(x): 0.9659	D(G(z)): 0.1815 / 0.0457
True
[99/1000][0/12]	Loss_D: 0.5305	Loss_G: 4.6415	D(x): 0.9931	D(G(z)): 0.5339 / 0.0154
True
[100/1000][0/12]	Loss_D: 0.3743	Loss_G: 4.5813	D(x): 0.9804	D(G(z)): 0.3247 / 0.0158
True
[101/1000][0/12]	Loss_D: 0.1250	Loss_G: 2.5816	D(x): 0.8917	D(G(z)): 0.0573 / 0.1069
True
[102/1000][0/12]	Loss_D: 0.0089	Loss_G: 3.4855	D(x): 0.9839	D(G(z)): 0.2081 / 0.0376
True
[103/1000][0/12]	Loss_D: 0.3579	Loss_G: 5.1608	D(x): 0.9944	D(G(z)): 0.4914 / 0.0078
True
[104/1000][0/12]	Loss_D: 0.2638	Loss_G: 3.7615	D(x): 0.9870	D(G(z)): 0.2541 / 0.0252
True
[105/1000][0/12]	Loss_D: 0.1989	Loss_G: 2.5861	D(x): 0.9303	D(G(z)): 0.0948 / 0.1085
True
[106/1000][0/12]	Loss_D: 0.3466	Loss_G: 4.6953	D(x): 0.9934	D(G(z)): 0.4327 / 0.0121
True
[107/1000][0/12]	Loss_D: 0.0881	Loss_G: 3.5412	D(x): 0.9733	D(G(z)): 0.1410 / 0.0370
True
[108/1000][0/12]	Loss_D: 0.6960	Loss_G: 5.5568	D(x): 0.9934	D(G(z)): 0.4781 / 0.0054
True
[109/1000][0/12]	Loss_D: 0.1069	Loss_G: 2.6675	D(x): 0.8816	D(G(z)): 0.0356 / 0.0927
True
[110/1000][0/12]	Loss_D: 0.0805	Loss_G: 3.3369	D(x): 0.9302	D(G(z)): 0.0480 / 0.0494
True
[111/1000][0/12]	Loss_D: 0.2214	Loss_G: 4.4647	D(x): 0.9895	D(G(z)): 0.2239 / 0.0144
True
[112/1000][0/12]	Loss_D: 0.0627	Loss_G: 3.8554	D(x): 0.9539	D(G(z)): 0.0992 / 0.0293
True
[113/1000][0/12]	Loss_D: 0.3223	Loss_G: 5.0562	D(x): 0.9872	D(G(z)): 0.2368 / 0.0081
True
[114/1000][0/12]	Loss_D: 0.1033	Loss_G: 3.6268	D(x): 0.9569	D(G(z)): 0.0697 / 0.0403
True
[115/1000][0/12]	Loss_D: 0.0869	Loss_G: 3.6683	D(x): 0.9120	D(G(z)): 0.0356 / 0.0404
True
[116/1000][0/12]	Loss_D: 0.2111	Loss_G: 3.9047	D(x): 0.9240	D(G(z)): 0.0411 / 0.0288
True
[117/1000][0/12]	Loss_D: -0.0024	Loss_G: 3.9961	D(x): 0.9731	D(G(z)): 0.0918 / 0.0276
True
[118/1000][0/12]	Loss_D: 0.0600	Loss_G: 3.9467	D(x): 0.9903	D(G(z)): 0.1715 / 0.0265
True
[119/1000][0/12]	Loss_D: 0.1482	Loss_G: 4.1579	D(x): 0.9886	D(G(z)): 0.2443 / 0.0199
True
[120/1000][0/12]	Loss_D: 0.1885	Loss_G: 3.8585	D(x): 0.9575	D(G(z)): 0.0705 / 0.0263
True
[121/1000][0/12]	Loss_D: 0.0408	Loss_G: 4.1179	D(x): 0.9933	D(G(z)): 0.3228 / 0.0212
True
[122/1000][0/12]	Loss_D: 0.0185	Loss_G: 3.7799	D(x): 0.9846	D(G(z)): 0.1613 / 0.0298
True
[123/1000][0/12]	Loss_D: 0.1094	Loss_G: 4.4609	D(x): 0.9505	D(G(z)): 0.0355 / 0.0190
True
[124/1000][0/12]	Loss_D: 0.0460	Loss_G: 3.8700	D(x): 0.9654	D(G(z)): 0.0442 / 0.0245
True
[125/1000][0/12]	Loss_D: 0.2085	Loss_G: 2.8141	D(x): 0.8366	D(G(z)): 0.0101 / 0.0846
True
[126/1000][0/12]	Loss_D: 0.6343	Loss_G: 7.9967	D(x): 0.9878	D(G(z)): 0.6333 / 0.0012
True
[127/1000][0/12]	Loss_D: 0.3982	Loss_G: 2.2984	D(x): 0.8037	D(G(z)): 0.2543 / 0.1613
True
[128/1000][0/12]	Loss_D: 0.4528	Loss_G: 3.1203	D(x): 0.9519	D(G(z)): 0.4630 / 0.0605
True
[129/1000][0/12]	Loss_D: 0.1753	Loss_G: 2.6696	D(x): 0.9134	D(G(z)): 0.2256 / 0.0895
True
[130/1000][0/12]	Loss_D: 0.1754	Loss_G: 3.8640	D(x): 0.9832	D(G(z)): 0.3246 / 0.0294
True
[131/1000][0/12]	Loss_D: 0.1318	Loss_G: 4.1274	D(x): 0.9557	D(G(z)): 0.0742 / 0.0205
True
[132/1000][0/12]	Loss_D: 0.0485	Loss_G: 3.5150	D(x): 0.9462	D(G(z)): 0.0611 / 0.0421
True
[133/1000][0/12]	Loss_D: 0.1128	Loss_G: 3.8918	D(x): 0.9754	D(G(z)): 0.1644 / 0.0278
True
[134/1000][0/12]	Loss_D: 0.0704	Loss_G: 3.5088	D(x): 0.9318	D(G(z)): 0.0491 / 0.0493
True
[135/1000][0/12]	Loss_D: 0.1564	Loss_G: 3.6646	D(x): 0.9090	D(G(z)): 0.0377 / 0.0383
True
[136/1000][0/12]	Loss_D: 0.0953	Loss_G: 4.1798	D(x): 0.9933	D(G(z)): 0.1813 / 0.0195
True
[137/1000][0/12]	Loss_D: 0.0792	Loss_G: 3.7087	D(x): 0.9735	D(G(z)): 0.0861 / 0.0354
True
[138/1000][0/12]	Loss_D: 0.0486	Loss_G: 3.5607	D(x): 0.9873	D(G(z)): 0.1581 / 0.0330
True
[139/1000][0/12]	Loss_D: 0.2842	Loss_G: 4.5016	D(x): 0.9938	D(G(z)): 0.1900 / 0.0143
True
[140/1000][0/12]	Loss_D: -0.1033	Loss_G: 3.6143	D(x): 0.9929	D(G(z)): 0.1957 / 0.0335
True
[141/1000][0/12]	Loss_D: 0.0671	Loss_G: 3.8942	D(x): 0.9639	D(G(z)): 0.0463 / 0.0280
True
[142/1000][0/12]	Loss_D: 0.1867	Loss_G: 4.5043	D(x): 0.9886	D(G(z)): 0.1828 / 0.0138
True
[143/1000][0/12]	Loss_D: 0.0648	Loss_G: 3.9583	D(x): 0.9699	D(G(z)): 0.0719 / 0.0288
True
[144/1000][0/12]	Loss_D: 0.2383	Loss_G: 3.8989	D(x): 0.9125	D(G(z)): 0.0289 / 0.0350
True
[145/1000][0/12]	Loss_D: 0.1487	Loss_G: 3.8578	D(x): 0.9293	D(G(z)): 0.0212 / 0.0341
True
[146/1000][0/12]	Loss_D: 0.0505	Loss_G: 4.1625	D(x): 0.9955	D(G(z)): 0.1752 / 0.0213
True
[147/1000][0/12]	Loss_D: 0.0541	Loss_G: 2.8284	D(x): 0.9213	D(G(z)): 0.0186 / 0.0884
True
[148/1000][0/12]	Loss_D: -0.0051	Loss_G: 4.7199	D(x): 0.9605	D(G(z)): 0.0139 / 0.0138
True
[149/1000][0/12]	Loss_D: 0.2602	Loss_G: 5.7418	D(x): 0.9954	D(G(z)): 0.2973 / 0.0042
True
[150/1000][0/12]	Loss_D: 0.1913	Loss_G: 4.0683	D(x): 0.9742	D(G(z)): 0.0629 / 0.0315
True
[151/1000][0/12]	Loss_D: 0.2767	Loss_G: 3.4717	D(x): 0.8622	D(G(z)): 0.0085 / 0.0564
True
[152/1000][0/12]	Loss_D: -0.0055	Loss_G: 4.4016	D(x): 0.9761	D(G(z)): 0.0444 / 0.0181
True
[153/1000][0/12]	Loss_D: 0.2168	Loss_G: 4.3923	D(x): 0.9617	D(G(z)): 0.0200 / 0.0167
True
[154/1000][0/12]	Loss_D: -0.1041	Loss_G: 3.2319	D(x): 0.9887	D(G(z)): 0.1006 / 0.0536
True
[155/1000][0/12]	Loss_D: 0.0824	Loss_G: 4.7052	D(x): 0.9585	D(G(z)): 0.0084 / 0.0131
True
[156/1000][0/12]	Loss_D: 0.0700	Loss_G: 5.0874	D(x): 0.9665	D(G(z)): 0.0163 / 0.0107
True
[157/1000][0/12]	Loss_D: 0.3226	Loss_G: 5.9046	D(x): 0.9936	D(G(z)): 0.2100 / 0.0032
True
[158/1000][0/12]	Loss_D: 0.1419	Loss_G: 5.7415	D(x): 0.9877	D(G(z)): 0.1309 / 0.0051
True
[159/1000][0/12]	Loss_D: 0.1947	Loss_G: 4.6097	D(x): 0.9478	D(G(z)): 0.0426 / 0.0151
True
[160/1000][0/12]	Loss_D: 0.2090	Loss_G: 4.9883	D(x): 0.9678	D(G(z)): 0.0310 / 0.0100
True
[161/1000][0/12]	Loss_D: -0.1978	Loss_G: 3.7651	D(x): 0.9737	D(G(z)): 0.0224 / 0.0342
True
[162/1000][0/12]	Loss_D: 0.1549	Loss_G: 5.8784	D(x): 0.9677	D(G(z)): 0.0198 / 0.0051
True
[163/1000][0/12]	Loss_D: 0.1033	Loss_G: 3.9481	D(x): 0.9651	D(G(z)): 0.0608 / 0.0311
True
[164/1000][0/12]	Loss_D: 0.2690	Loss_G: 5.0420	D(x): 0.9903	D(G(z)): 0.0549 / 0.0093
True
[165/1000][0/12]	Loss_D: -0.0259	Loss_G: 5.4605	D(x): 0.9959	D(G(z)): 0.1838 / 0.0055
True
[166/1000][0/12]	Loss_D: -0.0782	Loss_G: 3.9301	D(x): 0.9835	D(G(z)): 0.0304 / 0.0289
True
[167/1000][0/12]	Loss_D: 0.0203	Loss_G: 3.6312	D(x): 0.9635	D(G(z)): 0.0221 / 0.0427
True
[168/1000][0/12]	Loss_D: 0.1105	Loss_G: 7.0006	D(x): 0.9981	D(G(z)): 0.3137 / 0.0016
True
[169/1000][0/12]	Loss_D: 0.2057	Loss_G: 5.0431	D(x): 0.9969	D(G(z)): 0.1378 / 0.0088
True
[170/1000][0/12]	Loss_D: -0.0801	Loss_G: 3.5823	D(x): 0.9689	D(G(z)): 0.0275 / 0.0484
True
[171/1000][0/12]	Loss_D: 0.0354	Loss_G: 3.0032	D(x): 0.9092	D(G(z)): 0.0065 / 0.0859
True
[172/1000][0/12]	Loss_D: 0.2052	Loss_G: 5.0663	D(x): 0.9914	D(G(z)): 0.1447 / 0.0079
True
[173/1000][0/12]	Loss_D: -0.0538	Loss_G: 3.4808	D(x): 0.9748	D(G(z)): 0.0836 / 0.0437
True
[174/1000][0/12]	Loss_D: 0.0909	Loss_G: 3.7091	D(x): 0.9828	D(G(z)): 0.0756 / 0.0420
True
[175/1000][0/12]	Loss_D: 0.1744	Loss_G: 5.3546	D(x): 0.9849	D(G(z)): 0.1247 / 0.0077
True
[176/1000][0/12]	Loss_D: 0.0984	Loss_G: 3.5217	D(x): 0.9449	D(G(z)): 0.0373 / 0.0394
True
[177/1000][0/12]	Loss_D: 0.1656	Loss_G: 3.3883	D(x): 0.9080	D(G(z)): 0.0066 / 0.0507
True
[178/1000][0/12]	Loss_D: 0.1950	Loss_G: 3.5898	D(x): 0.9014	D(G(z)): 0.0100 / 0.0429
True
[179/1000][0/12]	Loss_D: -0.0140	Loss_G: 3.9974	D(x): 0.9871	D(G(z)): 0.0327 / 0.0286
True
[180/1000][0/12]	Loss_D: 0.1716	Loss_G: 6.2190	D(x): 0.9969	D(G(z)): 0.2552 / 0.0027
True
[181/1000][0/12]	Loss_D: 0.0713	Loss_G: 4.6578	D(x): 0.9267	D(G(z)): 0.0065 / 0.0169
True
[182/1000][0/12]	Loss_D: 0.0814	Loss_G: 4.5223	D(x): 0.9745	D(G(z)): 0.0391 / 0.0204
True
[183/1000][0/12]	Loss_D: 0.2873	Loss_G: 6.3601	D(x): 0.9984	D(G(z)): 0.2479 / 0.0023
True
[184/1000][0/12]	Loss_D: 0.0980	Loss_G: 5.1258	D(x): 0.9706	D(G(z)): 0.0169 / 0.0097
True
[185/1000][0/12]	Loss_D: -0.0041	Loss_G: 5.3302	D(x): 0.9967	D(G(z)): 0.2045 / 0.0065
True
[186/1000][0/12]	Loss_D: 0.0526	Loss_G: 4.8119	D(x): 0.9814	D(G(z)): 0.0303 / 0.0165
True
[187/1000][0/12]	Loss_D: 0.0568	Loss_G: 5.7010	D(x): 0.9838	D(G(z)): 0.0271 / 0.0060
True
[188/1000][0/12]	Loss_D: 0.3405	Loss_G: 8.2648	D(x): 0.9988	D(G(z)): 0.3809 / 0.0005
True
[189/1000][0/12]	Loss_D: 0.1505	Loss_G: 5.0713	D(x): 0.9757	D(G(z)): 0.0927 / 0.0104
True
[190/1000][0/12]	Loss_D: 0.0501	Loss_G: 3.9024	D(x): 0.9551	D(G(z)): 0.0442 / 0.0271
True
[191/1000][0/12]	Loss_D: 0.1828	Loss_G: 3.8207	D(x): 0.9116	D(G(z)): 0.0103 / 0.0343
True
[192/1000][0/12]	Loss_D: 0.2781	Loss_G: 5.5887	D(x): 0.9947	D(G(z)): 0.0870 / 0.0049
True
[193/1000][0/12]	Loss_D: 0.1057	Loss_G: 4.3639	D(x): 0.9544	D(G(z)): 0.0161 / 0.0232
True
[194/1000][0/12]	Loss_D: 0.0805	Loss_G: 4.7629	D(x): 0.9579	D(G(z)): 0.0093 / 0.0143
True
[195/1000][0/12]	Loss_D: -0.0039	Loss_G: 4.2308	D(x): 0.9888	D(G(z)): 0.0721 / 0.0186
True
[196/1000][0/12]	Loss_D: 0.1367	Loss_G: 3.5036	D(x): 0.9054	D(G(z)): 0.0094 / 0.0495
True
[197/1000][0/12]	Loss_D: 0.2405	Loss_G: 3.4733	D(x): 0.8980	D(G(z)): 0.0194 / 0.0459
True
[198/1000][0/12]	Loss_D: 0.0212	Loss_G: 4.1940	D(x): 0.9965	D(G(z)): 0.0981 / 0.0237
True
[199/1000][0/12]	Loss_D: 0.2598	Loss_G: 3.3981	D(x): 0.8692	D(G(z)): 0.0040 / 0.0633
True
[200/1000][0/12]	Loss_D: -0.0888	Loss_G: 4.0801	D(x): 0.9861	D(G(z)): 0.0330 / 0.0289
True
[201/1000][0/12]	Loss_D: -0.0113	Loss_G: 4.5044	D(x): 0.9847	D(G(z)): 0.0395 / 0.0176
True
[202/1000][0/12]	Loss_D: 0.2225	Loss_G: 5.9320	D(x): 0.9954	D(G(z)): 0.0800 / 0.0037
True
[203/1000][0/12]	Loss_D: 0.1108	Loss_G: 5.3303	D(x): 0.9885	D(G(z)): 0.1705 / 0.0071
True
[204/1000][0/12]	Loss_D: 0.3147	Loss_G: 2.3111	D(x): 0.8398	D(G(z)): 0.0070 / 0.1483
True
[205/1000][0/12]	Loss_D: 0.1399	Loss_G: 4.5963	D(x): 0.9750	D(G(z)): 0.0232 / 0.0122
True
[206/1000][0/12]	Loss_D: 0.1086	Loss_G: 3.0945	D(x): 0.9077	D(G(z)): 0.0124 / 0.0857
True
[207/1000][0/12]	Loss_D: -0.0843	Loss_G: 4.8281	D(x): 0.9894	D(G(z)): 0.1528 / 0.0118
True
[208/1000][0/12]	Loss_D: -0.0532	Loss_G: 4.3219	D(x): 0.9787	D(G(z)): 0.0194 / 0.0242
True
[209/1000][0/12]	Loss_D: 0.0504	Loss_G: 4.1826	D(x): 0.9451	D(G(z)): 0.0081 / 0.0324
True
[210/1000][0/12]	Loss_D: -0.0875	Loss_G: 3.9612	D(x): 0.9900	D(G(z)): 0.0650 / 0.0257
True
[211/1000][0/12]	Loss_D: 0.1705	Loss_G: 4.2536	D(x): 0.9947	D(G(z)): 0.0938 / 0.0226
True
[212/1000][0/12]	Loss_D: 0.1947	Loss_G: 3.9357	D(x): 0.8768	D(G(z)): 0.0030 / 0.0296
True
[213/1000][0/12]	Loss_D: 0.1219	Loss_G: 4.3679	D(x): 0.9669	D(G(z)): 0.0245 / 0.0184
True
[214/1000][0/12]	Loss_D: 0.0602	Loss_G: 3.9131	D(x): 0.9574	D(G(z)): 0.0172 / 0.0330
True
[215/1000][0/12]	Loss_D: 0.0017	Loss_G: 3.5621	D(x): 0.9911	D(G(z)): 0.0466 / 0.0406
True
[216/1000][0/12]	Loss_D: 0.0368	Loss_G: 5.7370	D(x): 0.9864	D(G(z)): 0.0290 / 0.0062
True
[217/1000][0/12]	Loss_D: 0.0537	Loss_G: 4.2075	D(x): 0.9797	D(G(z)): 0.0574 / 0.0295
True
[218/1000][0/12]	Loss_D: 0.1358	Loss_G: 5.9510	D(x): 0.9700	D(G(z)): 0.0068 / 0.0053
True
[219/1000][0/12]	Loss_D: 0.1801	Loss_G: 5.1011	D(x): 0.9420	D(G(z)): 0.0114 / 0.0110
True
[220/1000][0/12]	Loss_D: 0.0070	Loss_G: 6.3685	D(x): 0.9644	D(G(z)): 0.0057 / 0.0038
True
[221/1000][0/12]	Loss_D: 0.0321	Loss_G: 4.0488	D(x): 0.9953	D(G(z)): 0.0592 / 0.0233
True
[222/1000][0/12]	Loss_D: 0.1835	Loss_G: 4.9700	D(x): 0.9950	D(G(z)): 0.0888 / 0.0108
True
[223/1000][0/12]	Loss_D: -0.1018	Loss_G: 3.9318	D(x): 0.9963	D(G(z)): 0.0857 / 0.0323
True
[224/1000][0/12]	Loss_D: 0.0937	Loss_G: 5.6619	D(x): 0.9942	D(G(z)): 0.0393 / 0.0086
True
[225/1000][0/12]	Loss_D: 0.1949	Loss_G: 6.0983	D(x): 0.9991	D(G(z)): 0.2233 / 0.0039
True
[226/1000][0/12]	Loss_D: 0.1810	Loss_G: 4.6406	D(x): 0.9634	D(G(z)): 0.0943 / 0.0205
True
[227/1000][0/12]	Loss_D: 0.0261	Loss_G: 4.6016	D(x): 0.9786	D(G(z)): 0.0667 / 0.0166
True
[228/1000][0/12]	Loss_D: 0.1555	Loss_G: 3.8846	D(x): 0.9400	D(G(z)): 0.0312 / 0.0340
True
[229/1000][0/12]	Loss_D: -0.0232	Loss_G: 5.2620	D(x): 0.9453	D(G(z)): 0.0033 / 0.0091
True
[230/1000][0/12]	Loss_D: 0.0727	Loss_G: 4.7986	D(x): 0.9578	D(G(z)): 0.0121 / 0.0137
True
[231/1000][0/12]	Loss_D: 0.0660	Loss_G: 4.3391	D(x): 0.9916	D(G(z)): 0.0464 / 0.0217
True
[232/1000][0/12]	Loss_D: 0.0557	Loss_G: 4.9456	D(x): 0.9836	D(G(z)): 0.0254 / 0.0101
True
[233/1000][0/12]	Loss_D: -0.1097	Loss_G: 4.2050	D(x): 0.9892	D(G(z)): 0.1006 / 0.0238
True
[234/1000][0/12]	Loss_D: 0.1464	Loss_G: 4.1359	D(x): 0.9552	D(G(z)): 0.0103 / 0.0234
True
[235/1000][0/12]	Loss_D: 0.0269	Loss_G: 4.6774	D(x): 0.9956	D(G(z)): 0.0445 / 0.0149
True
[236/1000][0/12]	Loss_D: 0.0417	Loss_G: 4.7370	D(x): 0.9946	D(G(z)): 0.0497 / 0.0161
True
[237/1000][0/12]	Loss_D: 0.3822	Loss_G: 7.8439	D(x): 0.9980	D(G(z)): 0.2125 / 0.0005
True
[238/1000][0/12]	Loss_D: -0.1578	Loss_G: 3.7261	D(x): 0.9794	D(G(z)): 0.0252 / 0.0373
True
[239/1000][0/12]	Loss_D: 0.0920	Loss_G: 5.0246	D(x): 0.9801	D(G(z)): 0.0223 / 0.0129
True
[240/1000][0/12]	Loss_D: 0.1009	Loss_G: 4.4152	D(x): 0.9982	D(G(z)): 0.0769 / 0.0188
True
[241/1000][0/12]	Loss_D: -0.0109	Loss_G: 3.0155	D(x): 0.9447	D(G(z)): 0.0174 / 0.0813
True
[242/1000][0/12]	Loss_D: -0.0175	Loss_G: 4.9737	D(x): 0.9862	D(G(z)): 0.0251 / 0.0100
True
[243/1000][0/12]	Loss_D: 0.0020	Loss_G: 4.7058	D(x): 0.9888	D(G(z)): 0.0259 / 0.0160
True
[244/1000][0/12]	Loss_D: 0.0503	Loss_G: 5.2532	D(x): 0.9970	D(G(z)): 0.0972 / 0.0087
True
[245/1000][0/12]	Loss_D: -0.0525	Loss_G: 4.9687	D(x): 0.9699	D(G(z)): 0.0093 / 0.0162
True
[246/1000][0/12]	Loss_D: -0.0437	Loss_G: 5.3485	D(x): 0.9707	D(G(z)): 0.0173 / 0.0079
True
[247/1000][0/12]	Loss_D: 0.0832	Loss_G: 5.1080	D(x): 0.9923	D(G(z)): 0.0572 / 0.0104
True
[248/1000][0/12]	Loss_D: 0.1233	Loss_G: 5.0388	D(x): 0.9948	D(G(z)): 0.0683 / 0.0115
True
[249/1000][0/12]	Loss_D: 0.2160	Loss_G: 6.6915	D(x): 0.9993	D(G(z)): 0.1971 / 0.0018
True
[250/1000][0/12]	Loss_D: -0.0558	Loss_G: 4.3236	D(x): 0.9885	D(G(z)): 0.0255 / 0.0274
True
[251/1000][0/12]	Loss_D: 0.1037	Loss_G: 5.7920	D(x): 0.9787	D(G(z)): 0.0117 / 0.0065
True
[252/1000][0/12]	Loss_D: 0.1625	Loss_G: 5.5876	D(x): 0.9834	D(G(z)): 0.0360 / 0.0061
True
[253/1000][0/12]	Loss_D: 0.0097	Loss_G: 5.2264	D(x): 0.9959	D(G(z)): 0.0625 / 0.0081
True
[254/1000][0/12]	Loss_D: 0.0833	Loss_G: 5.1034	D(x): 0.9542	D(G(z)): 0.0114 / 0.0173
True
[255/1000][0/12]	Loss_D: -0.0805	Loss_G: 4.5462	D(x): 0.9978	D(G(z)): 0.0890 / 0.0173
True
[256/1000][0/12]	Loss_D: 0.0621	Loss_G: 4.7423	D(x): 0.9864	D(G(z)): 0.0888 / 0.0155
True
[257/1000][0/12]	Loss_D: 0.3072	Loss_G: 5.8901	D(x): 0.9927	D(G(z)): 0.0809 / 0.0049
True
[258/1000][0/12]	Loss_D: 0.2671	Loss_G: 5.2575	D(x): 0.9443	D(G(z)): 0.0220 / 0.0115
True
[259/1000][0/12]	Loss_D: 0.1558	Loss_G: 5.7780	D(x): 0.9977	D(G(z)): 0.0908 / 0.0055
True
[260/1000][0/12]	Loss_D: 0.1050	Loss_G: 5.6962	D(x): 0.9850	D(G(z)): 0.0550 / 0.0063
True
[261/1000][0/12]	Loss_D: 0.2582	Loss_G: 5.1951	D(x): 0.9102	D(G(z)): 0.0028 / 0.0098
True
[262/1000][0/12]	Loss_D: 0.1505	Loss_G: 5.0931	D(x): 0.9923	D(G(z)): 0.0823 / 0.0102
True
[263/1000][0/12]	Loss_D: -0.0486	Loss_G: 4.5305	D(x): 0.9837	D(G(z)): 0.0173 / 0.0170
True
[264/1000][0/12]	Loss_D: -0.0646	Loss_G: 5.0934	D(x): 0.9961	D(G(z)): 0.0435 / 0.0097
True
[265/1000][0/12]	Loss_D: -0.0511	Loss_G: 4.7687	D(x): 0.9951	D(G(z)): 0.0348 / 0.0152
True
[266/1000][0/12]	Loss_D: 0.1380	Loss_G: 5.5461	D(x): 0.9988	D(G(z)): 0.1310 / 0.0062
True
[267/1000][0/12]	Loss_D: -0.0797	Loss_G: 4.0865	D(x): 0.9650	D(G(z)): 0.0131 / 0.0348
True
[268/1000][0/12]	Loss_D: 0.1772	Loss_G: 6.3996	D(x): 0.9966	D(G(z)): 0.0728 / 0.0036
True
[269/1000][0/12]	Loss_D: 0.0990	Loss_G: 5.8973	D(x): 0.9991	D(G(z)): 0.1899 / 0.0036
True
[270/1000][0/12]	Loss_D: -0.0203	Loss_G: 4.9344	D(x): 0.9880	D(G(z)): 0.1136 / 0.0100
True
[271/1000][0/12]	Loss_D: -0.1297	Loss_G: 4.6047	D(x): 0.9907	D(G(z)): 0.0363 / 0.0140
True
[272/1000][0/12]	Loss_D: 0.1917	Loss_G: 7.4372	D(x): 0.9670	D(G(z)): 0.0072 / 0.0013
True
[273/1000][0/12]	Loss_D: -0.0002	Loss_G: 5.0516	D(x): 0.9773	D(G(z)): 0.0072 / 0.0095
True
[274/1000][0/12]	Loss_D: -0.1934	Loss_G: 4.5302	D(x): 0.9745	D(G(z)): 0.0060 / 0.0232
True
[275/1000][0/12]	Loss_D: 0.2176	Loss_G: 4.3806	D(x): 0.9115	D(G(z)): 0.0012 / 0.0366
True
[276/1000][0/12]	Loss_D: 0.0947	Loss_G: 4.6262	D(x): 0.9723	D(G(z)): 0.0326 / 0.0202
True
[277/1000][0/12]	Loss_D: 0.1495	Loss_G: 3.8643	D(x): 0.9636	D(G(z)): 0.0272 / 0.0373
True
[278/1000][0/12]	Loss_D: 0.1488	Loss_G: 6.0322	D(x): 0.9957	D(G(z)): 0.1094 / 0.0035
True
[279/1000][0/12]	Loss_D: 0.1308	Loss_G: 6.4969	D(x): 0.9851	D(G(z)): 0.0096 / 0.0042
True
[280/1000][0/12]	Loss_D: -0.0830	Loss_G: 4.6669	D(x): 0.9955	D(G(z)): 0.0354 / 0.0148
True
[281/1000][0/12]	Loss_D: 0.1043	Loss_G: 5.0729	D(x): 0.9696	D(G(z)): 0.0111 / 0.0106
True
[282/1000][0/12]	Loss_D: 0.0767	Loss_G: 5.8613	D(x): 0.9958	D(G(z)): 0.0324 / 0.0048
True
[283/1000][0/12]	Loss_D: -0.0400	Loss_G: 4.6013	D(x): 0.9956	D(G(z)): 0.0749 / 0.0148
True
[284/1000][0/12]	Loss_D: -0.1154	Loss_G: 4.4097	D(x): 0.9986	D(G(z)): 0.1124 / 0.0152
True
[285/1000][0/12]	Loss_D: 0.1512	Loss_G: 7.1490	D(x): 0.9808	D(G(z)): 0.0059 / 0.0015
True
[286/1000][0/12]	Loss_D: 0.1310	Loss_G: 5.6016	D(x): 0.9958	D(G(z)): 0.0454 / 0.0052
True
[287/1000][0/12]	Loss_D: -0.1227	Loss_G: 5.3319	D(x): 0.9972	D(G(z)): 0.0951 / 0.0077
True
[288/1000][0/12]	Loss_D: -0.1389	Loss_G: 5.2972	D(x): 0.9906	D(G(z)): 0.0307 / 0.0120
True
[289/1000][0/12]	Loss_D: -0.0785	Loss_G: 3.3153	D(x): 0.9471	D(G(z)): 0.0117 / 0.0643
True
[290/1000][0/12]	Loss_D: -0.0090	Loss_G: 4.4753	D(x): 0.9980	D(G(z)): 0.0469 / 0.0172
True
[291/1000][0/12]	Loss_D: 0.0730	Loss_G: 5.0611	D(x): 0.9653	D(G(z)): 0.0141 / 0.0207
True
[292/1000][0/12]	Loss_D: -0.1145	Loss_G: 4.5242	D(x): 0.9944	D(G(z)): 0.0512 / 0.0178
True
[293/1000][0/12]	Loss_D: 0.0680	Loss_G: 4.2565	D(x): 0.9414	D(G(z)): 0.0075 / 0.0294
True
[294/1000][0/12]	Loss_D: -0.1120	Loss_G: 4.2172	D(x): 0.9964	D(G(z)): 0.0855 / 0.0208
True
[295/1000][0/12]	Loss_D: 0.0254	Loss_G: 5.6654	D(x): 0.9738	D(G(z)): 0.0095 / 0.0084
True
[296/1000][0/12]	Loss_D: 0.5391	Loss_G: 14.0706	D(x): 0.9994	D(G(z)): 0.5378 / 0.0000
True
[297/1000][0/12]	Loss_D: 2.2135	Loss_G: 4.5185	D(x): 0.9954	D(G(z)): 0.9509 / 0.0347
True
[298/1000][0/12]	Loss_D: 2.0963	Loss_G: 0.6787	D(x): 0.3583	D(G(z)): 0.0354 / 0.6235
True
[299/1000][0/12]	Loss_D: 0.9043	Loss_G: 4.2052	D(x): 0.9963	D(G(z)): 0.7797 / 0.0498
True
[300/1000][0/12]	Loss_D: 0.2436	Loss_G: 4.3993	D(x): 0.8276	D(G(z)): 0.0318 / 0.0356
True
[301/1000][0/12]	Loss_D: 0.1544	Loss_G: 4.4158	D(x): 0.9601	D(G(z)): 0.2303 / 0.0192
True
[302/1000][0/12]	Loss_D: 0.0741	Loss_G: 4.4926	D(x): 0.9655	D(G(z)): 0.1026 / 0.0210
True
[303/1000][0/12]	Loss_D: 0.2426	Loss_G: 5.6876	D(x): 0.9923	D(G(z)): 0.2937 / 0.0050
True
[304/1000][0/12]	Loss_D: 0.2722	Loss_G: 5.6858	D(x): 0.9943	D(G(z)): 0.2725 / 0.0052
True
[305/1000][0/12]	Loss_D: 0.1571	Loss_G: 3.8586	D(x): 0.9113	D(G(z)): 0.0222 / 0.0355
True
[306/1000][0/12]	Loss_D: 0.0881	Loss_G: 4.6443	D(x): 0.9692	D(G(z)): 0.0377 / 0.0165
True
[307/1000][0/12]	Loss_D: -0.0226	Loss_G: 3.9610	D(x): 0.9729	D(G(z)): 0.0338 / 0.0314
True
[308/1000][0/12]	Loss_D: 0.2052	Loss_G: 3.1553	D(x): 0.9062	D(G(z)): 0.0126 / 0.0640
True
[309/1000][0/12]	Loss_D: 0.1364	Loss_G: 4.1843	D(x): 0.9929	D(G(z)): 0.0990 / 0.0189
True
[310/1000][0/12]	Loss_D: -0.0110	Loss_G: 3.7568	D(x): 0.9921	D(G(z)): 0.1217 / 0.0340
True
[311/1000][0/12]	Loss_D: 0.1778	Loss_G: 5.3785	D(x): 0.9980	D(G(z)): 0.1138 / 0.0084
True
[312/1000][0/12]	Loss_D: -0.0298	Loss_G: 4.6055	D(x): 0.9959	D(G(z)): 0.1247 / 0.0143
True
[313/1000][0/12]	Loss_D: 0.2553	Loss_G: 4.7653	D(x): 0.9943	D(G(z)): 0.1381 / 0.0132
True
[314/1000][0/12]	Loss_D: 0.0219	Loss_G: 4.1961	D(x): 0.9783	D(G(z)): 0.0364 / 0.0232
True
[315/1000][0/12]	Loss_D: 0.0201	Loss_G: 5.1604	D(x): 0.9919	D(G(z)): 0.0179 / 0.0081
True
[316/1000][0/12]	Loss_D: -0.0453	Loss_G: 5.7590	D(x): 0.9779	D(G(z)): 0.0087 / 0.0050
True
[317/1000][0/12]	Loss_D: 0.1193	Loss_G: 4.9950	D(x): 0.9884	D(G(z)): 0.0439 / 0.0116
True
[318/1000][0/12]	Loss_D: 0.2096	Loss_G: 6.4964	D(x): 0.9800	D(G(z)): 0.0167 / 0.0036
True
[319/1000][0/12]	Loss_D: 0.0618	Loss_G: 5.0204	D(x): 0.9972	D(G(z)): 0.0829 / 0.0109
True
[320/1000][0/12]	Loss_D: -0.1474	Loss_G: 4.5291	D(x): 0.9970	D(G(z)): 0.0395 / 0.0167
True
[321/1000][0/12]	Loss_D: 0.0251	Loss_G: 4.7078	D(x): 0.9947	D(G(z)): 0.0938 / 0.0119
True
[322/1000][0/12]	Loss_D: 0.1387	Loss_G: 5.4144	D(x): 0.9917	D(G(z)): 0.0301 / 0.0087
True
[323/1000][0/12]	Loss_D: -0.0047	Loss_G: 4.3085	D(x): 0.9838	D(G(z)): 0.0111 / 0.0242
True
[324/1000][0/12]	Loss_D: 0.5209	Loss_G: 8.7728	D(x): 0.9991	D(G(z)): 0.3457 / 0.0003
True
[325/1000][0/12]	Loss_D: 0.0182	Loss_G: 4.0375	D(x): 0.9787	D(G(z)): 0.0196 / 0.0284
True
[326/1000][0/12]	Loss_D: 0.0024	Loss_G: 5.6796	D(x): 0.9827	D(G(z)): 0.0112 / 0.0066
True
[327/1000][0/12]	Loss_D: -0.1594	Loss_G: 4.1252	D(x): 0.9900	D(G(z)): 0.0211 / 0.0223
True
[328/1000][0/12]	Loss_D: 0.0933	Loss_G: 4.6035	D(x): 0.9959	D(G(z)): 0.0591 / 0.0146
True
[329/1000][0/12]	Loss_D: 0.2205	Loss_G: 6.5013	D(x): 0.9976	D(G(z)): 0.1982 / 0.0019
True
[330/1000][0/12]	Loss_D: 0.2649	Loss_G: 6.3466	D(x): 0.9977	D(G(z)): 0.1545 / 0.0030
True
[331/1000][0/12]	Loss_D: 0.1409	Loss_G: 6.6499	D(x): 0.9565	D(G(z)): 0.0032 / 0.0030
True
[332/1000][0/12]	Loss_D: -0.0564	Loss_G: 5.0328	D(x): 0.9905	D(G(z)): 0.0311 / 0.0117
True
[333/1000][0/12]	Loss_D: -0.0371	Loss_G: 4.7984	D(x): 0.9788	D(G(z)): 0.0069 / 0.0146
True
[334/1000][0/12]	Loss_D: 0.0016	Loss_G: 5.3029	D(x): 0.9967	D(G(z)): 0.0237 / 0.0078
True
[335/1000][0/12]	Loss_D: 0.1348	Loss_G: 3.9130	D(x): 0.9932	D(G(z)): 0.0464 / 0.0313
True
[336/1000][0/12]	Loss_D: 0.2171	Loss_G: 7.1356	D(x): 0.9924	D(G(z)): 0.0054 / 0.0015
True
[337/1000][0/12]	Loss_D: 0.1508	Loss_G: 5.9549	D(x): 0.9865	D(G(z)): 0.0110 / 0.0058
True
[338/1000][0/12]	Loss_D: -0.0549	Loss_G: 3.7315	D(x): 0.9827	D(G(z)): 0.0208 / 0.0386
True
[339/1000][0/12]	Loss_D: -0.1412	Loss_G: 4.8923	D(x): 0.9925	D(G(z)): 0.0181 / 0.0140
True
[340/1000][0/12]	Loss_D: -0.1582	Loss_G: 4.4427	D(x): 0.9939	D(G(z)): 0.0373 / 0.0166
True
[341/1000][0/12]	Loss_D: 0.0558	Loss_G: 5.4045	D(x): 0.9870	D(G(z)): 0.0095 / 0.0100
True
[342/1000][0/12]	Loss_D: 0.1202	Loss_G: 6.3075	D(x): 0.9974	D(G(z)): 0.0368 / 0.0033
True
[343/1000][0/12]	Loss_D: -0.1994	Loss_G: 3.7943	D(x): 0.9829	D(G(z)): 0.0172 / 0.0466
True
[344/1000][0/12]	Loss_D: 0.0524	Loss_G: 4.0273	D(x): 0.9953	D(G(z)): 0.0500 / 0.0262
True
[345/1000][0/12]	Loss_D: 0.2076	Loss_G: 5.1888	D(x): 0.9923	D(G(z)): 0.0355 / 0.0109
True
[346/1000][0/12]	Loss_D: 0.0039	Loss_G: 4.7096	D(x): 0.9728	D(G(z)): 0.0118 / 0.0162
True
[347/1000][0/12]	Loss_D: 0.0525	Loss_G: 5.6465	D(x): 0.9501	D(G(z)): 0.0015 / 0.0077
True
[348/1000][0/12]	Loss_D: -0.1246	Loss_G: 4.8160	D(x): 0.9913	D(G(z)): 0.0383 / 0.0147
True
[349/1000][0/12]	Loss_D: 0.1267	Loss_G: 4.8776	D(x): 0.9849	D(G(z)): 0.0146 / 0.0127
True
[350/1000][0/12]	Loss_D: -0.1272	Loss_G: 5.4906	D(x): 0.9978	D(G(z)): 0.0268 / 0.0076
True
[351/1000][0/12]	Loss_D: 0.0371	Loss_G: 5.0461	D(x): 0.9925	D(G(z)): 0.0427 / 0.0091
True
[352/1000][0/12]	Loss_D: 0.0438	Loss_G: 4.4679	D(x): 0.9989	D(G(z)): 0.0591 / 0.0182
True
[353/1000][0/12]	Loss_D: 0.0613	Loss_G: 4.4726	D(x): 0.9564	D(G(z)): 0.0142 / 0.0274
True
[354/1000][0/12]	Loss_D: -0.0400	Loss_G: 4.1891	D(x): 0.9896	D(G(z)): 0.0267 / 0.0252
True
[355/1000][0/12]	Loss_D: 0.1306	Loss_G: 5.5660	D(x): 0.9978	D(G(z)): 0.0533 / 0.0080
True
[356/1000][0/12]	Loss_D: -0.0543	Loss_G: 7.7682	D(x): 0.9710	D(G(z)): 0.0023 / 0.0012
True
[357/1000][0/12]	Loss_D: 0.1645	Loss_G: 5.8472	D(x): 0.9988	D(G(z)): 0.0521 / 0.0044
True
[358/1000][0/12]	Loss_D: -0.0109	Loss_G: 4.0429	D(x): 0.9413	D(G(z)): 0.0063 / 0.0367
True
[359/1000][0/12]	Loss_D: 0.0858	Loss_G: 5.8578	D(x): 0.9854	D(G(z)): 0.0176 / 0.0065
True
[360/1000][0/12]	Loss_D: -0.1009	Loss_G: 4.9969	D(x): 0.9968	D(G(z)): 0.0741 / 0.0095
True
[361/1000][0/12]	Loss_D: 0.0712	Loss_G: 4.8058	D(x): 0.9966	D(G(z)): 0.0320 / 0.0152
True
[362/1000][0/12]	Loss_D: 0.0278	Loss_G: 5.0475	D(x): 0.9916	D(G(z)): 0.0202 / 0.0108
True
[363/1000][0/12]	Loss_D: 0.0910	Loss_G: 5.8685	D(x): 0.9805	D(G(z)): 0.0032 / 0.0049
True
[364/1000][0/12]	Loss_D: 0.1545	Loss_G: 5.7657	D(x): 0.9989	D(G(z)): 0.1190 / 0.0048
True
[365/1000][0/12]	Loss_D: -0.0756	Loss_G: 4.6228	D(x): 0.9746	D(G(z)): 0.0166 / 0.0154
True
[366/1000][0/12]	Loss_D: -0.1946	Loss_G: 3.9444	D(x): 0.9961	D(G(z)): 0.0420 / 0.0314
True
[367/1000][0/12]	Loss_D: 0.0496	Loss_G: 5.1054	D(x): 0.9955	D(G(z)): 0.0625 / 0.0105
True
[368/1000][0/12]	Loss_D: 0.3812	Loss_G: 6.0542	D(x): 0.9971	D(G(z)): 0.0815 / 0.0041
True
[369/1000][0/12]	Loss_D: -0.0749	Loss_G: 5.0639	D(x): 0.9961	D(G(z)): 0.0331 / 0.0142
True
[370/1000][0/12]	Loss_D: 0.1285	Loss_G: 6.5883	D(x): 0.9689	D(G(z)): 0.0059 / 0.0037
True
[371/1000][0/12]	Loss_D: 0.0914	Loss_G: 4.7873	D(x): 0.9810	D(G(z)): 0.0223 / 0.0149
True
[372/1000][0/12]	Loss_D: -0.0804	Loss_G: 5.9987	D(x): 0.9967	D(G(z)): 0.1357 / 0.0035
True
[373/1000][0/12]	Loss_D: -0.1678	Loss_G: 4.1616	D(x): 0.9713	D(G(z)): 0.0071 / 0.0310
True
[374/1000][0/12]	Loss_D: -0.1971	Loss_G: 3.4629	D(x): 0.9982	D(G(z)): 0.0378 / 0.0493
True
[375/1000][0/12]	Loss_D: 0.2252	Loss_G: 7.6569	D(x): 0.9981	D(G(z)): 0.1772 / 0.0009
True
[376/1000][0/12]	Loss_D: 0.1020	Loss_G: 4.6193	D(x): 0.9440	D(G(z)): 0.0067 / 0.0191
True
[377/1000][0/12]	Loss_D: 0.1427	Loss_G: 6.0563	D(x): 0.9516	D(G(z)): 0.0025 / 0.0047
True
[378/1000][0/12]	Loss_D: -0.0686	Loss_G: 5.3051	D(x): 0.9710	D(G(z)): 0.0068 / 0.0126
True
[379/1000][0/12]	Loss_D: 0.1345	Loss_G: 5.9740	D(x): 0.9974	D(G(z)): 0.0141 / 0.0062
True
[380/1000][0/12]	Loss_D: 0.0383	Loss_G: 5.4403	D(x): 0.9890	D(G(z)): 0.0246 / 0.0081
True
[381/1000][0/12]	Loss_D: 0.0638	Loss_G: 4.8816	D(x): 0.9756	D(G(z)): 0.0081 / 0.0145
True
[382/1000][0/12]	Loss_D: -0.0748	Loss_G: 5.3078	D(x): 0.9913	D(G(z)): 0.0117 / 0.0095
True
[383/1000][0/12]	Loss_D: 0.0478	Loss_G: 4.9786	D(x): 0.9941	D(G(z)): 0.0268 / 0.0143
True
[384/1000][0/12]	Loss_D: 0.2279	Loss_G: 5.2438	D(x): 0.9375	D(G(z)): 0.0036 / 0.0095
True
[385/1000][0/12]	Loss_D: -0.1141	Loss_G: 5.5963	D(x): 0.9917	D(G(z)): 0.0053 / 0.0073
True
[386/1000][0/12]	Loss_D: 0.1900	Loss_G: 6.0798	D(x): 0.9866	D(G(z)): 0.0098 / 0.0039
True
[387/1000][0/12]	Loss_D: 0.1369	Loss_G: 5.8284	D(x): 0.9861	D(G(z)): 0.0098 / 0.0053
True
[388/1000][0/12]	Loss_D: 0.2445	Loss_G: 6.8194	D(x): 0.9975	D(G(z)): 0.0820 / 0.0018
True
[389/1000][0/12]	Loss_D: -0.0704	Loss_G: 4.2320	D(x): 0.9913	D(G(z)): 0.0467 / 0.0263
True
[390/1000][0/12]	Loss_D: -0.0511	Loss_G: 8.0641	D(x): 0.9971	D(G(z)): 0.1638 / 0.0006
True
[391/1000][0/12]	Loss_D: 0.0238	Loss_G: 6.9070	D(x): 0.9482	D(G(z)): 0.0010 / 0.0023
True
[392/1000][0/12]	Loss_D: -0.0588	Loss_G: 4.1689	D(x): 0.9955	D(G(z)): 0.0273 / 0.0242
True
[393/1000][0/12]	Loss_D: 0.0633	Loss_G: 5.9054	D(x): 0.9928	D(G(z)): 0.0089 / 0.0053
True
[394/1000][0/12]	Loss_D: -0.4342	Loss_G: 4.7585	D(x): 0.9982	D(G(z)): 0.0411 / 0.0175
True
[395/1000][0/12]	Loss_D: 0.2318	Loss_G: 7.1083	D(x): 0.9257	D(G(z)): 0.0032 / 0.0042
True
[396/1000][0/12]	Loss_D: -0.1113	Loss_G: 4.2225	D(x): 0.9979	D(G(z)): 0.0763 / 0.0245
True
[397/1000][0/12]	Loss_D: -0.0441	Loss_G: 5.2669	D(x): 0.9944	D(G(z)): 0.0070 / 0.0119
True
[398/1000][0/12]	Loss_D: -0.0698	Loss_G: 4.8447	D(x): 0.9785	D(G(z)): 0.0092 / 0.0140
True
[399/1000][0/12]	Loss_D: -0.0054	Loss_G: 6.5451	D(x): 0.9790	D(G(z)): 0.0059 / 0.0046
True
[400/1000][0/12]	Loss_D: -0.0356	Loss_G: 5.2425	D(x): 0.9965	D(G(z)): 0.0100 / 0.0086
True
[401/1000][0/12]	Loss_D: 0.1611	Loss_G: 5.4965	D(x): 0.9931	D(G(z)): 0.0452 / 0.0077
True
[402/1000][0/12]	Loss_D: 0.2483	Loss_G: 5.9485	D(x): 0.9394	D(G(z)): 0.0025 / 0.0051
True
[403/1000][0/12]	Loss_D: 0.1165	Loss_G: 5.0133	D(x): 0.9986	D(G(z)): 0.0779 / 0.0108
True
[404/1000][0/12]	Loss_D: 0.1003	Loss_G: 1.6290	D(x): 0.8583	D(G(z)): 0.0012 / 0.2532
True
[405/1000][0/12]	Loss_D: 0.2702	Loss_G: 5.8521	D(x): 0.8608	D(G(z)): 0.0992 / 0.0143
True
[406/1000][0/12]	Loss_D: 0.2130	Loss_G: 7.1993	D(x): 0.9983	D(G(z)): 0.4411 / 0.0025
True
[407/1000][0/12]	Loss_D: 0.1050	Loss_G: 4.4968	D(x): 0.9346	D(G(z)): 0.0494 / 0.0224
True
[408/1000][0/12]	Loss_D: 0.2260	Loss_G: 4.8283	D(x): 0.8945	D(G(z)): 0.0075 / 0.0182
True
[409/1000][0/12]	Loss_D: 0.1075	Loss_G: 5.4995	D(x): 0.9504	D(G(z)): 0.0317 / 0.0107
True
[410/1000][0/12]	Loss_D: 0.0848	Loss_G: 4.8435	D(x): 0.9879	D(G(z)): 0.0569 / 0.0137
True
[411/1000][0/12]	Loss_D: 0.0786	Loss_G: 4.6646	D(x): 0.9898	D(G(z)): 0.0410 / 0.0144
True
[412/1000][0/12]	Loss_D: 0.0784	Loss_G: 4.8580	D(x): 0.9618	D(G(z)): 0.0187 / 0.0145
True
[413/1000][0/12]	Loss_D: -0.0293	Loss_G: 4.5908	D(x): 0.9964	D(G(z)): 0.0592 / 0.0157
True
[414/1000][0/12]	Loss_D: -0.0337	Loss_G: 4.8045	D(x): 0.9612	D(G(z)): 0.0213 / 0.0135
True
[415/1000][0/12]	Loss_D: -0.0085	Loss_G: 5.5205	D(x): 0.9951	D(G(z)): 0.0240 / 0.0063
True
[416/1000][0/12]	Loss_D: 0.0490	Loss_G: 5.7190	D(x): 0.9555	D(G(z)): 0.0059 / 0.0075
True
[417/1000][0/12]	Loss_D: 0.0156	Loss_G: 5.4484	D(x): 0.9940	D(G(z)): 0.0292 / 0.0071
True
[418/1000][0/12]	Loss_D: 0.1083	Loss_G: 5.6191	D(x): 0.9955	D(G(z)): 0.0668 / 0.0052
True
[419/1000][0/12]	Loss_D: -0.1622	Loss_G: 4.2867	D(x): 0.9975	D(G(z)): 0.0666 / 0.0193
True
[420/1000][0/12]	Loss_D: 0.1643	Loss_G: 5.8515	D(x): 0.8872	D(G(z)): 0.0004 / 0.0037
True
[421/1000][0/12]	Loss_D: -0.0280	Loss_G: 4.8801	D(x): 0.9992	D(G(z)): 0.0478 / 0.0108
True
[422/1000][0/12]	Loss_D: -0.0821	Loss_G: 6.4275	D(x): 0.9932	D(G(z)): 0.0335 / 0.0037
True
[423/1000][0/12]	Loss_D: 0.1471	Loss_G: 5.3096	D(x): 0.9721	D(G(z)): 0.0089 / 0.0094
True
[424/1000][0/12]	Loss_D: 0.1734	Loss_G: 5.6611	D(x): 0.9984	D(G(z)): 0.0944 / 0.0052
True
[425/1000][0/12]	Loss_D: 0.0663	Loss_G: 5.5272	D(x): 0.9707	D(G(z)): 0.0171 / 0.0092
True
[426/1000][0/12]	Loss_D: 0.2865	Loss_G: 5.9597	D(x): 0.9976	D(G(z)): 0.0734 / 0.0046
True
[427/1000][0/12]	Loss_D: 0.1465	Loss_G: 6.2887	D(x): 0.9871	D(G(z)): 0.0083 / 0.0036
True
[428/1000][0/12]	Loss_D: 0.0298	Loss_G: 6.0332	D(x): 0.9981	D(G(z)): 0.0507 / 0.0092
True
[429/1000][0/12]	Loss_D: 0.1026	Loss_G: 5.4402	D(x): 0.9321	D(G(z)): 0.0029 / 0.0082
True
[430/1000][0/12]	Loss_D: -0.1220	Loss_G: 6.8961	D(x): 0.9992	D(G(z)): 0.2270 / 0.0019
True
[431/1000][0/12]	Loss_D: 0.1505	Loss_G: 5.6418	D(x): 0.9898	D(G(z)): 0.0129 / 0.0072
True
[432/1000][0/12]	Loss_D: 0.0556	Loss_G: 5.1030	D(x): 0.9868	D(G(z)): 0.0192 / 0.0117
True
[433/1000][0/12]	Loss_D: 0.0959	Loss_G: 6.3885	D(x): 0.9904	D(G(z)): 0.0069 / 0.0045
True
[434/1000][0/12]	Loss_D: -0.0863	Loss_G: 5.7209	D(x): 0.9968	D(G(z)): 0.0765 / 0.0047
True
[435/1000][0/12]	Loss_D: 0.1573	Loss_G: 6.8442	D(x): 0.9968	D(G(z)): 0.1209 / 0.0015
True
[436/1000][0/12]	Loss_D: 0.1324	Loss_G: 5.7872	D(x): 0.9968	D(G(z)): 0.0133 / 0.0051
True
[437/1000][0/12]	Loss_D: 0.1477	Loss_G: 6.3794	D(x): 0.9235	D(G(z)): 0.0007 / 0.0060
True
[438/1000][0/12]	Loss_D: 0.0125	Loss_G: 6.4967	D(x): 0.9606	D(G(z)): 0.0054 / 0.0045
True
[439/1000][0/12]	Loss_D: 0.0161	Loss_G: 5.0935	D(x): 0.9481	D(G(z)): 0.0022 / 0.0124
True
[440/1000][0/12]	Loss_D: -0.0073	Loss_G: 4.6740	D(x): 0.9861	D(G(z)): 0.0237 / 0.0197
True
[441/1000][0/12]	Loss_D: -0.1588	Loss_G: 5.0985	D(x): 0.9805	D(G(z)): 0.0036 / 0.0087
True
[442/1000][0/12]	Loss_D: 0.3750	Loss_G: 5.6783	D(x): 0.9952	D(G(z)): 0.0175 / 0.0057
True
[443/1000][0/12]	Loss_D: -0.2057	Loss_G: 5.0264	D(x): 0.9953	D(G(z)): 0.0302 / 0.0127
True
[444/1000][0/12]	Loss_D: -0.0089	Loss_G: 3.9889	D(x): 0.9991	D(G(z)): 0.0261 / 0.0268
True
[445/1000][0/12]	Loss_D: 0.1799	Loss_G: 6.7366	D(x): 0.9922	D(G(z)): 0.0086 / 0.0022
True
[446/1000][0/12]	Loss_D: 0.1724	Loss_G: 5.5182	D(x): 0.9947	D(G(z)): 0.0206 / 0.0072
True
[447/1000][0/12]	Loss_D: 0.0818	Loss_G: 4.7777	D(x): 0.9907	D(G(z)): 0.0582 / 0.0118
True
[448/1000][0/12]	Loss_D: 0.1733	Loss_G: 6.4483	D(x): 0.9955	D(G(z)): 0.0438 / 0.0029
True
[449/1000][0/12]	Loss_D: 0.1208	Loss_G: 6.6679	D(x): 0.9949	D(G(z)): 0.0082 / 0.0027
True
[450/1000][0/12]	Loss_D: 0.0812	Loss_G: 9.0995	D(x): 0.9988	D(G(z)): 0.2169 / 0.0003
True
[451/1000][0/12]	Loss_D: 0.1062	Loss_G: 5.6759	D(x): 0.9996	D(G(z)): 0.0516 / 0.0064
True
[452/1000][0/12]	Loss_D: -0.2325	Loss_G: 4.9515	D(x): 0.9978	D(G(z)): 0.0373 / 0.0111
True
[453/1000][0/12]	Loss_D: 0.1067	Loss_G: 7.7274	D(x): 0.9691	D(G(z)): 0.0012 / 0.0018
True
[454/1000][0/12]	Loss_D: 0.0503	Loss_G: 4.0469	D(x): 0.9941	D(G(z)): 0.0418 / 0.0267
True
[455/1000][0/12]	Loss_D: -0.0250	Loss_G: 6.8920	D(x): 0.9985	D(G(z)): 0.0084 / 0.0023
True
[456/1000][0/12]	Loss_D: -0.0335	Loss_G: 6.7446	D(x): 0.9942	D(G(z)): 0.0063 / 0.0018
True
[457/1000][0/12]	Loss_D: -0.0616	Loss_G: 5.3307	D(x): 0.9979	D(G(z)): 0.0198 / 0.0109
True
[458/1000][0/12]	Loss_D: 0.1759	Loss_G: 7.6267	D(x): 0.9917	D(G(z)): 0.0062 / 0.0011
True
[459/1000][0/12]	Loss_D: -0.0880	Loss_G: 5.3045	D(x): 0.9993	D(G(z)): 0.0216 / 0.0091
True
[460/1000][0/12]	Loss_D: -0.0042	Loss_G: 4.7577	D(x): 0.9980	D(G(z)): 0.0333 / 0.0127
True
[461/1000][0/12]	Loss_D: -0.1279	Loss_G: 5.8094	D(x): 0.9878	D(G(z)): 0.0102 / 0.0074
True
[462/1000][0/12]	Loss_D: -0.3014	Loss_G: 4.6119	D(x): 0.9963	D(G(z)): 0.0247 / 0.0193
True
[463/1000][0/12]	Loss_D: 0.0143	Loss_G: 4.5848	D(x): 0.9686	D(G(z)): 0.0066 / 0.0199
True
[464/1000][0/12]	Loss_D: -0.1649	Loss_G: 4.5670	D(x): 0.9977	D(G(z)): 0.0142 / 0.0233
True
[465/1000][0/12]	Loss_D: -0.0658	Loss_G: 3.9642	D(x): 0.9738	D(G(z)): 0.0215 / 0.0336
True
[466/1000][0/12]	Loss_D: 0.4541	Loss_G: 6.6344	D(x): 0.9930	D(G(z)): 0.0124 / 0.0025
True
[467/1000][0/12]	Loss_D: -0.0432	Loss_G: 5.4631	D(x): 0.9981	D(G(z)): 0.0250 / 0.0088
True
[468/1000][0/12]	Loss_D: 0.1514	Loss_G: 4.7511	D(x): 0.9832	D(G(z)): 0.0122 / 0.0178
True
[469/1000][0/12]	Loss_D: 0.0105	Loss_G: 5.6494	D(x): 0.9882	D(G(z)): 0.0068 / 0.0133
True
[470/1000][0/12]	Loss_D: 0.3656	Loss_G: 6.6387	D(x): 0.9952	D(G(z)): 0.0251 / 0.0027
True
[471/1000][0/12]	Loss_D: 0.3473	Loss_G: 7.0976	D(x): 0.9968	D(G(z)): 0.0450 / 0.0017
True
[472/1000][0/12]	Loss_D: 0.1473	Loss_G: 6.5138	D(x): 0.9770	D(G(z)): 0.0063 / 0.0055
True
[473/1000][0/12]	Loss_D: 0.0415	Loss_G: 5.0462	D(x): 0.9989	D(G(z)): 0.0315 / 0.0079
True
[474/1000][0/12]	Loss_D: 0.1730	Loss_G: 5.1566	D(x): 0.9883	D(G(z)): 0.0317 / 0.0094
True
[475/1000][0/12]	Loss_D: 0.0314	Loss_G: 5.6287	D(x): 0.9983	D(G(z)): 0.0069 / 0.0083
True
[476/1000][0/12]	Loss_D: 0.1401	Loss_G: 6.0472	D(x): 0.9960	D(G(z)): 0.0111 / 0.0053
True
[477/1000][0/12]	Loss_D: -0.0325	Loss_G: 6.8364	D(x): 0.9996	D(G(z)): 0.0897 / 0.0021
True
[478/1000][0/12]	Loss_D: 0.1430	Loss_G: 5.2089	D(x): 0.9985	D(G(z)): 0.1013 / 0.0074
True
[479/1000][0/12]	Loss_D: 0.0523	Loss_G: 6.3025	D(x): 0.9984	D(G(z)): 0.0570 / 0.0038
True
[480/1000][0/12]	Loss_D: 0.0742	Loss_G: 6.3666	D(x): 0.9801	D(G(z)): 0.0052 / 0.0042
True
[481/1000][0/12]	Loss_D: 0.1146	Loss_G: 6.9831	D(x): 0.9899	D(G(z)): 0.0073 / 0.0017
True
[482/1000][0/12]	Loss_D: -0.0379	Loss_G: 4.4500	D(x): 0.9818	D(G(z)): 0.0175 / 0.0183
True
[483/1000][0/12]	Loss_D: -0.1012	Loss_G: 7.9186	D(x): 0.9991	D(G(z)): 0.1387 / 0.0011
True
[484/1000][0/12]	Loss_D: -0.1252	Loss_G: 5.2931	D(x): 0.9767	D(G(z)): 0.0044 / 0.0105
True
[485/1000][0/12]	Loss_D: -0.2007	Loss_G: 6.3695	D(x): 0.9986	D(G(z)): 0.0609 / 0.0031
True
[486/1000][0/12]	Loss_D: 0.3805	Loss_G: 6.6793	D(x): 0.9985	D(G(z)): 0.0259 / 0.0022
True
[487/1000][0/12]	Loss_D: -0.1474	Loss_G: 6.4600	D(x): 0.9992	D(G(z)): 0.1131 / 0.0022
True
[488/1000][0/12]	Loss_D: -0.0234	Loss_G: 7.9469	D(x): 0.9808	D(G(z)): 0.0026 / 0.0013
True
[489/1000][0/12]	Loss_D: -0.0364	Loss_G: 7.9591	D(x): 0.9831	D(G(z)): 0.0039 / 0.0009
True
[490/1000][0/12]	Loss_D: 0.0433	Loss_G: 7.3524	D(x): 0.9619	D(G(z)): 0.0016 / 0.0016
True
[491/1000][0/12]	Loss_D: 0.1347	Loss_G: 5.5549	D(x): 0.9877	D(G(z)): 0.0089 / 0.0053
True
[492/1000][0/12]	Loss_D: 0.2605	Loss_G: 6.4387	D(x): 0.9945	D(G(z)): 0.0172 / 0.0032
True
[493/1000][0/12]	Loss_D: -0.3422	Loss_G: 5.5937	D(x): 0.9970	D(G(z)): 0.0085 / 0.0084
True
[494/1000][0/12]	Loss_D: 0.0977	Loss_G: 6.2828	D(x): 0.9630	D(G(z)): 0.0044 / 0.0041
True
[495/1000][0/12]	Loss_D: -0.1447	Loss_G: 6.3721	D(x): 0.9629	D(G(z)): 0.0013 / 0.0035
True
[496/1000][0/12]	Loss_D: -0.2099	Loss_G: 4.4626	D(x): 0.9975	D(G(z)): 0.0229 / 0.0184
True
[497/1000][0/12]	Loss_D: 0.0113	Loss_G: 4.8771	D(x): 0.9462	D(G(z)): 0.0035 / 0.0179
True
[498/1000][0/12]	Loss_D: -0.0716	Loss_G: 4.8251	D(x): 0.9987	D(G(z)): 0.0219 / 0.0145
True
[499/1000][0/12]	Loss_D: 0.1881	Loss_G: 7.2763	D(x): 0.9796	D(G(z)): 0.0071 / 0.0030
True
[500/1000][0/12]	Loss_D: 0.4209	Loss_G: 8.6935	D(x): 1.0000	D(G(z)): 0.1996 / 0.0002
True
[501/1000][0/12]	Loss_D: -0.1293	Loss_G: 6.8331	D(x): 0.9961	D(G(z)): 0.0133 / 0.0029
True
[502/1000][0/12]	Loss_D: 0.0235	Loss_G: 5.9551	D(x): 0.9816	D(G(z)): 0.0044 / 0.0064
True
[503/1000][0/12]	Loss_D: 0.2858	Loss_G: 6.1390	D(x): 0.9994	D(G(z)): 0.0374 / 0.0034
True
[504/1000][0/12]	Loss_D: 0.1161	Loss_G: 6.9371	D(x): 0.9770	D(G(z)): 0.0021 / 0.0020
True
[505/1000][0/12]	Loss_D: -0.0025	Loss_G: 5.9451	D(x): 0.9963	D(G(z)): 0.0282 / 0.0054
True
[506/1000][0/12]	Loss_D: 0.0822	Loss_G: 5.5596	D(x): 0.9925	D(G(z)): 0.0125 / 0.0091
True
[507/1000][0/12]	Loss_D: -0.0458	Loss_G: 4.6370	D(x): 0.9948	D(G(z)): 0.0258 / 0.0180
True
[508/1000][0/12]	Loss_D: 0.0830	Loss_G: 6.6761	D(x): 0.9988	D(G(z)): 0.0488 / 0.0030
True
[509/1000][0/12]	Loss_D: 0.0175	Loss_G: 13.3960	D(x): 0.9996	D(G(z)): 0.3312 / 0.0000
True
[510/1000][0/12]	Loss_D: 0.1893	Loss_G: 5.1039	D(x): 0.9721	D(G(z)): 0.0194 / 0.0168
True
[511/1000][0/12]	Loss_D: 0.1031	Loss_G: 6.0331	D(x): 0.9979	D(G(z)): 0.0311 / 0.0058
True
[512/1000][0/12]	Loss_D: 0.0484	Loss_G: 5.9957	D(x): 0.9864	D(G(z)): 0.0077 / 0.0042
True
[513/1000][0/12]	Loss_D: 0.1034	Loss_G: 6.1429	D(x): 0.9932	D(G(z)): 0.0090 / 0.0039
True
[514/1000][0/12]	Loss_D: 0.2149	Loss_G: 6.2417	D(x): 0.9985	D(G(z)): 0.0212 / 0.0031
True
[515/1000][0/12]	Loss_D: 0.2214	Loss_G: 7.4669	D(x): 0.9920	D(G(z)): 0.0050 / 0.0016
True
[516/1000][0/12]	Loss_D: 0.1382	Loss_G: 5.5611	D(x): 0.9929	D(G(z)): 0.0203 / 0.0050
True
[517/1000][0/12]	Loss_D: 0.2068	Loss_G: 5.0507	D(x): 0.9980	D(G(z)): 0.0175 / 0.0099
True
[518/1000][0/12]	Loss_D: -0.0330	Loss_G: 5.7174	D(x): 0.9984	D(G(z)): 0.0042 / 0.0060
True
[519/1000][0/12]	Loss_D: 0.2079	Loss_G: 6.0965	D(x): 0.9989	D(G(z)): 0.0096 / 0.0052
True
[520/1000][0/12]	Loss_D: 0.2557	Loss_G: 6.5383	D(x): 0.9883	D(G(z)): 0.0192 / 0.0025
True
[521/1000][0/12]	Loss_D: 0.0382	Loss_G: 6.1079	D(x): 0.9984	D(G(z)): 0.0498 / 0.0033
True
[522/1000][0/12]	Loss_D: -0.0884	Loss_G: 5.7587	D(x): 0.9984	D(G(z)): 0.0279 / 0.0069
True
[523/1000][0/12]	Loss_D: -0.1880	Loss_G: 5.4709	D(x): 0.9976	D(G(z)): 0.0424 / 0.0068
True
[524/1000][0/12]	Loss_D: 0.1670	Loss_G: 4.8908	D(x): 0.9774	D(G(z)): 0.0170 / 0.0151
True
[525/1000][0/12]	Loss_D: 0.1600	Loss_G: 14.5966	D(x): 0.9999	D(G(z)): 0.3154 / 0.0000
True
[526/1000][0/12]	Loss_D: 0.0166	Loss_G: 5.9587	D(x): 1.0000	D(G(z)): 0.0093 / 0.0054
True
[527/1000][0/12]	Loss_D: 0.0293	Loss_G: 7.2106	D(x): 0.9833	D(G(z)): 0.0037 / 0.0025
True
[528/1000][0/12]	Loss_D: 0.1789	Loss_G: 4.8534	D(x): 0.9994	D(G(z)): 0.0376 / 0.0119
True
[529/1000][0/12]	Loss_D: 0.1072	Loss_G: 6.2623	D(x): 0.9990	D(G(z)): 0.0273 / 0.0048
True
[530/1000][0/12]	Loss_D: -0.0324	Loss_G: 6.3022	D(x): 0.9974	D(G(z)): 0.0140 / 0.0028
True
[531/1000][0/12]	Loss_D: 0.1052	Loss_G: 6.1434	D(x): 0.9998	D(G(z)): 0.0535 / 0.0034
True
[532/1000][0/12]	Loss_D: 0.3679	Loss_G: 10.3003	D(x): 0.9979	D(G(z)): 0.1774 / 0.0001
True
[533/1000][0/12]	Loss_D: 0.1462	Loss_G: 5.1866	D(x): 0.9971	D(G(z)): 0.0602 / 0.0107
True
[534/1000][0/12]	Loss_D: -0.2971	Loss_G: 6.3785	D(x): 0.9993	D(G(z)): 0.0611 / 0.0034
True
[535/1000][0/12]	Loss_D: 0.1244	Loss_G: 5.0142	D(x): 0.9996	D(G(z)): 0.0758 / 0.0117
True
[536/1000][0/12]	Loss_D: 0.4427	Loss_G: 6.8179	D(x): 0.9997	D(G(z)): 0.0865 / 0.0021
True
[537/1000][0/12]	Loss_D: 0.0731	Loss_G: 6.5140	D(x): 0.9992	D(G(z)): 0.0640 / 0.0029
True
[538/1000][0/12]	Loss_D: 0.1014	Loss_G: 4.9222	D(x): 0.9813	D(G(z)): 0.0787 / 0.0118
True
[539/1000][0/12]	Loss_D: 0.1172	Loss_G: 6.0353	D(x): 0.9949	D(G(z)): 0.0253 / 0.0054
True
[540/1000][0/12]	Loss_D: 0.0013	Loss_G: 6.4695	D(x): 0.9996	D(G(z)): 0.1045 / 0.0029
True
[541/1000][0/12]	Loss_D: 0.3951	Loss_G: 8.4962	D(x): 0.9988	D(G(z)): 0.0069 / 0.0004
True
[542/1000][0/12]	Loss_D: -0.1910	Loss_G: 7.8193	D(x): 0.9997	D(G(z)): 0.1329 / 0.0006
True
[543/1000][0/12]	Loss_D: -0.2065	Loss_G: 6.6685	D(x): 0.9676	D(G(z)): 0.0018 / 0.0032
True
[544/1000][0/12]	Loss_D: -0.1685	Loss_G: 6.8975	D(x): 0.9996	D(G(z)): 0.1060 / 0.0018
True
[545/1000][0/12]	Loss_D: 0.2008	Loss_G: 7.1059	D(x): 0.9975	D(G(z)): 0.0978 / 0.0013
True
[546/1000][0/12]	Loss_D: -0.2053	Loss_G: 5.5110	D(x): 0.9922	D(G(z)): 0.0047 / 0.0088
True
[547/1000][0/12]	Loss_D: 0.0695	Loss_G: 6.8943	D(x): 0.9779	D(G(z)): 0.0034 / 0.0025
True
[548/1000][0/12]	Loss_D: -0.0386	Loss_G: 6.3245	D(x): 0.9780	D(G(z)): 0.0029 / 0.0043
True
[549/1000][0/12]	Loss_D: -0.2444	Loss_G: 5.8714	D(x): 0.9982	D(G(z)): 0.0225 / 0.0076
True
[550/1000][0/12]	Loss_D: 0.2912	Loss_G: 6.4369	D(x): 0.9988	D(G(z)): 0.0201 / 0.0031
True
[551/1000][0/12]	Loss_D: -0.1025	Loss_G: 6.1007	D(x): 0.9861	D(G(z)): 0.0057 / 0.0045
True
[552/1000][0/12]	Loss_D: 0.1695	Loss_G: 8.7252	D(x): 0.9899	D(G(z)): 0.0025 / 0.0003
True
[553/1000][0/12]	Loss_D: 0.2775	Loss_G: 7.2500	D(x): 0.9993	D(G(z)): 0.0123 / 0.0014
True
[554/1000][0/12]	Loss_D: -0.2875	Loss_G: 5.9158	D(x): 0.9985	D(G(z)): 0.0254 / 0.0080
True
[555/1000][0/12]	Loss_D: 0.0047	Loss_G: 10.7839	D(x): 0.9991	D(G(z)): 0.1590 / 0.0000
True
[556/1000][0/12]	Loss_D: 0.1328	Loss_G: 5.0856	D(x): 0.9976	D(G(z)): 0.0229 / 0.0157
True
[557/1000][0/12]	Loss_D: 0.2529	Loss_G: 8.7319	D(x): 0.9980	D(G(z)): 0.1404 / 0.0003
True
[558/1000][0/12]	Loss_D: -0.4066	Loss_G: 3.5062	D(x): 0.9971	D(G(z)): 0.0305 / 0.0460
True
[559/1000][0/12]	Loss_D: -0.0388	Loss_G: 5.8478	D(x): 0.9986	D(G(z)): 0.0567 / 0.0056
True
[560/1000][0/12]	Loss_D: -0.1908	Loss_G: 5.9760	D(x): 0.9999	D(G(z)): 0.0522 / 0.0060
True
[561/1000][0/12]	Loss_D: -0.0818	Loss_G: 4.3529	D(x): 0.9910	D(G(z)): 0.0400 / 0.0214
True
[562/1000][0/12]	Loss_D: -0.0341	Loss_G: 6.3548	D(x): 0.9890	D(G(z)): 0.0033 / 0.0035
True
[563/1000][0/12]	Loss_D: -0.0355	Loss_G: 6.3364	D(x): 0.9895	D(G(z)): 0.0033 / 0.0030
True
[564/1000][0/12]	Loss_D: -0.3733	Loss_G: 4.9691	D(x): 0.9986	D(G(z)): 0.0363 / 0.0118
True
[565/1000][0/12]	Loss_D: 0.0705	Loss_G: 7.1066	D(x): 0.9962	D(G(z)): 0.0387 / 0.0018
True
[566/1000][0/12]	Loss_D: 0.2148	Loss_G: 10.0124	D(x): 0.9919	D(G(z)): 0.0005 / 0.0001
True
[567/1000][0/12]	Loss_D: -0.1711	Loss_G: 6.2721	D(x): 0.9992	D(G(z)): 0.0264 / 0.0045
True
[568/1000][0/12]	Loss_D: -0.1691	Loss_G: 7.5732	D(x): 0.9997	D(G(z)): 0.0798 / 0.0007
True
[569/1000][0/12]	Loss_D: -0.0226	Loss_G: 7.7974	D(x): 0.9902	D(G(z)): 0.0092 / 0.0011
True
[570/1000][0/12]	Loss_D: 0.1237	Loss_G: 8.5277	D(x): 0.9960	D(G(z)): 0.0693 / 0.0005
True
[571/1000][0/12]	Loss_D: -0.0622	Loss_G: 5.9305	D(x): 0.9878	D(G(z)): 0.0044 / 0.0044
True
[572/1000][0/12]	Loss_D: 0.3064	Loss_G: 6.7657	D(x): 0.9992	D(G(z)): 0.0163 / 0.0025
True
[573/1000][0/12]	Loss_D: -0.0857	Loss_G: 6.0821	D(x): 0.9989	D(G(z)): 0.0115 / 0.0056
True
[574/1000][0/12]	Loss_D: 0.1264	Loss_G: 4.8854	D(x): 0.9951	D(G(z)): 0.0153 / 0.0132
True
[575/1000][0/12]	Loss_D: -0.2584	Loss_G: 5.1755	D(x): 0.9982	D(G(z)): 0.0129 / 0.0106
True
[576/1000][0/12]	Loss_D: 0.0579	Loss_G: 5.8968	D(x): 0.9933	D(G(z)): 0.0250 / 0.0048
True
[577/1000][0/12]	Loss_D: 0.0444	Loss_G: 4.6203	D(x): 0.9705	D(G(z)): 0.0027 / 0.0163
True
[578/1000][0/12]	Loss_D: 0.1730	Loss_G: 6.3574	D(x): 0.9997	D(G(z)): 0.0087 / 0.0056
True
[579/1000][0/12]	Loss_D: -0.1070	Loss_G: 5.9375	D(x): 0.9997	D(G(z)): 0.0553 / 0.0034
True
[580/1000][0/12]	Loss_D: 0.0058	Loss_G: 5.1203	D(x): 0.9987	D(G(z)): 0.0073 / 0.0138
True
[581/1000][0/12]	Loss_D: -0.0914	Loss_G: 7.5558	D(x): 0.9807	D(G(z)): 0.0017 / 0.0014
True
[582/1000][0/12]	Loss_D: -0.3542	Loss_G: 6.5866	D(x): 0.9981	D(G(z)): 0.0091 / 0.0041
True
[583/1000][0/12]	Loss_D: 0.2177	Loss_G: 9.8149	D(x): 0.9177	D(G(z)): 0.0000 / 0.0002
True
[584/1000][0/12]	Loss_D: -0.0696	Loss_G: 6.2246	D(x): 0.9905	D(G(z)): 0.0055 / 0.0038
True
[585/1000][0/12]	Loss_D: -0.1082	Loss_G: 5.0344	D(x): 0.9993	D(G(z)): 0.0151 / 0.0130
True
[586/1000][0/12]	Loss_D: 0.0434	Loss_G: 7.1330	D(x): 0.9924	D(G(z)): 0.0053 / 0.0022
True
[587/1000][0/12]	Loss_D: 0.2010	Loss_G: 6.2950	D(x): 0.9992	D(G(z)): 0.0169 / 0.0040
True
[588/1000][0/12]	Loss_D: 0.1437	Loss_G: 6.1615	D(x): 0.9935	D(G(z)): 0.0221 / 0.0039
True
[589/1000][0/12]	Loss_D: 0.1970	Loss_G: 4.2962	D(x): 0.8466	D(G(z)): 0.0002 / 0.0420
True
[590/1000][0/12]	Loss_D: 0.3231	Loss_G: 8.3363	D(x): 0.9997	D(G(z)): 0.1128 / 0.0005
True
[591/1000][0/12]	Loss_D: 0.1317	Loss_G: 7.3501	D(x): 0.9788	D(G(z)): 0.0014 / 0.0011
True
[592/1000][0/12]	Loss_D: 0.0571	Loss_G: 8.4814	D(x): 0.9952	D(G(z)): 0.0468 / 0.0008
True
[593/1000][0/12]	Loss_D: -0.3000	Loss_G: 4.8661	D(x): 0.9974	D(G(z)): 0.0365 / 0.0135
True
[594/1000][0/12]	Loss_D: -0.1646	Loss_G: 8.1726	D(x): 0.9999	D(G(z)): 0.1125 / 0.0011
True
[595/1000][0/12]	Loss_D: 0.2195	Loss_G: 6.0064	D(x): 0.9972	D(G(z)): 0.0223 / 0.0039
True
[596/1000][0/12]	Loss_D: 0.1435	Loss_G: 4.6766	D(x): 0.9494	D(G(z)): 0.0026 / 0.0210
True
[597/1000][0/12]	Loss_D: 0.2385	Loss_G: 5.8077	D(x): 0.9981	D(G(z)): 0.0362 / 0.0048
True
[598/1000][0/12]	Loss_D: -0.1420	Loss_G: 6.6792	D(x): 0.9997	D(G(z)): 0.0541 / 0.0022
True
[599/1000][0/12]	Loss_D: 0.1235	Loss_G: 6.0288	D(x): 0.9875	D(G(z)): 0.0277 / 0.0058
True
[600/1000][0/12]	Loss_D: 0.1663	Loss_G: 6.8928	D(x): 0.9929	D(G(z)): 0.0110 / 0.0036
True
[601/1000][0/12]	Loss_D: 0.0304	Loss_G: 6.1189	D(x): 0.9975	D(G(z)): 0.0150 / 0.0074
True
[602/1000][0/12]	Loss_D: -0.0262	Loss_G: 4.0673	D(x): 0.9977	D(G(z)): 0.0305 / 0.0350
True
[603/1000][0/12]	Loss_D: -0.1609	Loss_G: 5.6939	D(x): 0.9982	D(G(z)): 0.0191 / 0.0084
True
[604/1000][0/12]	Loss_D: -0.1600	Loss_G: 5.6127	D(x): 0.9990	D(G(z)): 0.0431 / 0.0074
True
[605/1000][0/12]	Loss_D: 0.1740	Loss_G: 6.8487	D(x): 0.9944	D(G(z)): 0.0073 / 0.0038
True
[606/1000][0/12]	Loss_D: 0.1128	Loss_G: 5.2656	D(x): 0.9957	D(G(z)): 0.0268 / 0.0096
True
[607/1000][0/12]	Loss_D: 0.0935	Loss_G: 6.6231	D(x): 0.9980	D(G(z)): 0.0294 / 0.0030
True
[608/1000][0/12]	Loss_D: 0.4067	Loss_G: 17.2136	D(x): 1.0000	D(G(z)): 0.3445 / 0.0000
True
[609/1000][0/12]	Loss_D: -0.2896	Loss_G: 6.7369	D(x): 0.9982	D(G(z)): 0.0105 / 0.0039
True
[610/1000][0/12]	Loss_D: -0.0367	Loss_G: 14.0099	D(x): 0.9998	D(G(z)): 0.2467 / 0.0000
True
[611/1000][0/12]	Loss_D: -0.0117	Loss_G: 6.9438	D(x): 0.9949	D(G(z)): 0.0617 / 0.0025
True
[612/1000][0/12]	Loss_D: 0.3479	Loss_G: 11.1637	D(x): 0.9998	D(G(z)): 0.1540 / 0.0000
True
[613/1000][0/12]	Loss_D: 0.0577	Loss_G: 9.2013	D(x): 0.9977	D(G(z)): 0.0041 / 0.0005
True
[614/1000][0/12]	Loss_D: 0.1201	Loss_G: 5.7258	D(x): 0.9985	D(G(z)): 0.0424 / 0.0058
True
[615/1000][0/12]	Loss_D: 0.1447	Loss_G: 4.9594	D(x): 0.9917	D(G(z)): 0.0078 / 0.0148
True
[616/1000][0/12]	Loss_D: 0.0732	Loss_G: 6.4628	D(x): 0.9972	D(G(z)): 0.0057 / 0.0033
True
[617/1000][0/12]	Loss_D: 0.4522	Loss_G: 7.8847	D(x): 0.9907	D(G(z)): 0.0395 / 0.0012
True
[618/1000][0/12]	Loss_D: 0.1268	Loss_G: 6.9159	D(x): 0.9980	D(G(z)): 0.0087 / 0.0022
True
[619/1000][0/12]	Loss_D: 0.1037	Loss_G: 6.6120	D(x): 0.9953	D(G(z)): 0.0046 / 0.0025
True
[620/1000][0/12]	Loss_D: -0.1095	Loss_G: 5.8983	D(x): 0.9966	D(G(z)): 0.0048 / 0.0063
True
[621/1000][0/12]	Loss_D: 0.2829	Loss_G: 2.7503	D(x): 0.8627	D(G(z)): 0.0005 / 0.1126
True
[622/1000][0/12]	Loss_D: 0.5503	Loss_G: 12.3863	D(x): 1.0000	D(G(z)): 0.2448 / 0.0000
True
[623/1000][0/12]	Loss_D: 0.1087	Loss_G: 7.1856	D(x): 0.9877	D(G(z)): 0.0059 / 0.0027
True
[624/1000][0/12]	Loss_D: 0.0719	Loss_G: 7.4892	D(x): 0.9963	D(G(z)): 0.0565 / 0.0025
True
[625/1000][0/12]	Loss_D: 0.2515	Loss_G: 7.8374	D(x): 0.9999	D(G(z)): 0.0343 / 0.0010
True
[626/1000][0/12]	Loss_D: -0.0062	Loss_G: 7.3922	D(x): 0.9742	D(G(z)): 0.0016 / 0.0018
True
[627/1000][0/12]	Loss_D: -0.2232	Loss_G: 6.1146	D(x): 0.9988	D(G(z)): 0.0076 / 0.0063
True
[628/1000][0/12]	Loss_D: 0.2306	Loss_G: 5.9068	D(x): 0.9848	D(G(z)): 0.0039 / 0.0054
True
[629/1000][0/12]	Loss_D: 0.1032	Loss_G: 9.2150	D(x): 0.9981	D(G(z)): 0.0025 / 0.0002
True
[630/1000][0/12]	Loss_D: -0.0906	Loss_G: 7.8190	D(x): 0.9717	D(G(z)): 0.0009 / 0.0012
True
[631/1000][0/12]	Loss_D: 0.0091	Loss_G: 5.2482	D(x): 0.9940	D(G(z)): 0.0127 / 0.0103
True
[632/1000][0/12]	Loss_D: -0.4663	Loss_G: 5.6658	D(x): 0.9952	D(G(z)): 0.0089 / 0.0066
True
[633/1000][0/12]	Loss_D: -0.2249	Loss_G: 5.6094	D(x): 0.9999	D(G(z)): 0.0249 / 0.0077
True
[634/1000][0/12]	Loss_D: -0.1004	Loss_G: 10.2022	D(x): 0.9984	D(G(z)): 0.0080 / 0.0008
True
[635/1000][0/12]	Loss_D: -0.0856	Loss_G: 7.7863	D(x): 0.9969	D(G(z)): 0.0690 / 0.0010
True
[636/1000][0/12]	Loss_D: -0.2012	Loss_G: 5.5292	D(x): 0.9989	D(G(z)): 0.0333 / 0.0083
True
[637/1000][0/12]	Loss_D: 0.1330	Loss_G: 7.4332	D(x): 0.9914	D(G(z)): 0.0136 / 0.0018
True
[638/1000][0/12]	Loss_D: -0.1183	Loss_G: 6.4870	D(x): 0.9993	D(G(z)): 0.0056 / 0.0043
True
[639/1000][0/12]	Loss_D: -0.4247	Loss_G: 4.8237	D(x): 0.9992	D(G(z)): 0.0200 / 0.0197
True
[640/1000][0/12]	Loss_D: 0.0491	Loss_G: 5.3345	D(x): 0.9998	D(G(z)): 0.0320 / 0.0089
True
[641/1000][0/12]	Loss_D: -0.0453	Loss_G: 6.2020	D(x): 0.9939	D(G(z)): 0.0380 / 0.0088
True
[642/1000][0/12]	Loss_D: 0.1677	Loss_G: 6.5171	D(x): 0.9867	D(G(z)): 0.0028 / 0.0065
True
[643/1000][0/12]	Loss_D: -0.0196	Loss_G: 10.3746	D(x): 0.9752	D(G(z)): 0.0002 / 0.0012
True
[644/1000][0/12]	Loss_D: -0.0689	Loss_G: 6.7185	D(x): 0.9999	D(G(z)): 0.0467 / 0.0025
True
[645/1000][0/12]	Loss_D: -0.1917	Loss_G: 6.4711	D(x): 0.9995	D(G(z)): 0.0082 / 0.0127
True
[646/1000][0/12]	Loss_D: -0.2329	Loss_G: 7.6147	D(x): 0.9980	D(G(z)): 0.0034 / 0.0021
True
[647/1000][0/12]	Loss_D: -0.0614	Loss_G: 7.0109	D(x): 0.9995	D(G(z)): 0.0491 / 0.0019
True
[648/1000][0/12]	Loss_D: -0.1007	Loss_G: 6.4770	D(x): 0.9941	D(G(z)): 0.0185 / 0.0033
True
[649/1000][0/12]	Loss_D: 0.0101	Loss_G: 7.7944	D(x): 0.9837	D(G(z)): 0.0005 / 0.0009
True
[650/1000][0/12]	Loss_D: 0.5293	Loss_G: 7.0710	D(x): 0.9964	D(G(z)): 0.0097 / 0.0015
True
[651/1000][0/12]	Loss_D: 0.6547	Loss_G: 26.0950	D(x): 1.0000	D(G(z)): 0.6872 / 0.0000
True
[652/1000][0/12]	Loss_D: 0.4329	Loss_G: 6.3504	D(x): 0.9990	D(G(z)): 0.1900 / 0.0591
True
[653/1000][0/12]	Loss_D: 0.0333	Loss_G: 5.3077	D(x): 0.9940	D(G(z)): 0.0782 / 0.0150
True
[654/1000][0/12]	Loss_D: 0.1115	Loss_G: 7.9191	D(x): 0.9996	D(G(z)): 0.0433 / 0.0054
True
[655/1000][0/12]	Loss_D: 0.0015	Loss_G: 7.1668	D(x): 0.9579	D(G(z)): 0.0275 / 0.0346
True
[656/1000][0/12]	Loss_D: -0.0397	Loss_G: 6.2518	D(x): 0.9953	D(G(z)): 0.0943 / 0.0073
True
[657/1000][0/12]	Loss_D: -0.0226	Loss_G: 9.5776	D(x): 0.9948	D(G(z)): 0.2409 / 0.0002
True
[658/1000][0/12]	Loss_D: 0.3377	Loss_G: 4.4588	D(x): 0.8443	D(G(z)): 0.0019 / 0.0316
True
[659/1000][0/12]	Loss_D: 0.1986	Loss_G: 5.4512	D(x): 0.9929	D(G(z)): 0.0589 / 0.0075
True
[660/1000][0/12]	Loss_D: -0.0638	Loss_G: 5.8740	D(x): 0.9819	D(G(z)): 0.0086 / 0.0068
True
[661/1000][0/12]	Loss_D: 0.2071	Loss_G: 7.9905	D(x): 0.9864	D(G(z)): 0.0061 / 0.0006
True
[662/1000][0/12]	Loss_D: -0.0130	Loss_G: 5.4382	D(x): 0.9943	D(G(z)): 0.0405 / 0.0068
True
[663/1000][0/12]	Loss_D: -0.1755	Loss_G: 5.9205	D(x): 0.9953	D(G(z)): 0.0313 / 0.0047
True
[664/1000][0/12]	Loss_D: -0.1156	Loss_G: 6.2109	D(x): 0.9936	D(G(z)): 0.0088 / 0.0031
True
[665/1000][0/12]	Loss_D: 0.3537	Loss_G: 11.4457	D(x): 0.9999	D(G(z)): 0.2187 / 0.0001
True
[666/1000][0/12]	Loss_D: 0.0411	Loss_G: 4.7042	D(x): 0.9821	D(G(z)): 0.0278 / 0.0174
True
[667/1000][0/12]	Loss_D: 0.1778	Loss_G: 6.0792	D(x): 0.9940	D(G(z)): 0.0490 / 0.0050
True
[668/1000][0/12]	Loss_D: 0.1341	Loss_G: 6.0874	D(x): 0.9819	D(G(z)): 0.0161 / 0.0044
True
[669/1000][0/12]	Loss_D: 0.1833	Loss_G: 5.7436	D(x): 0.9588	D(G(z)): 0.0045 / 0.0050
True
[670/1000][0/12]	Loss_D: 0.2099	Loss_G: 6.8209	D(x): 0.9987	D(G(z)): 0.0609 / 0.0034
True
[671/1000][0/12]	Loss_D: -0.0697	Loss_G: 5.1984	D(x): 0.9929	D(G(z)): 0.0321 / 0.0083
True
[672/1000][0/12]	Loss_D: -0.1202	Loss_G: 4.2450	D(x): 0.9281	D(G(z)): 0.0026 / 0.0317
True
[673/1000][0/12]	Loss_D: 0.0104	Loss_G: 5.9794	D(x): 0.9983	D(G(z)): 0.0453 / 0.0056
True
[674/1000][0/12]	Loss_D: 0.0389	Loss_G: 5.5099	D(x): 0.9982	D(G(z)): 0.0393 / 0.0070
True
[675/1000][0/12]	Loss_D: -0.2078	Loss_G: 4.9385	D(x): 0.9995	D(G(z)): 0.0381 / 0.0112
True
[676/1000][0/12]	Loss_D: 0.3726	Loss_G: 7.8226	D(x): 0.9836	D(G(z)): 0.0045 / 0.0007
True
[677/1000][0/12]	Loss_D: 0.3141	Loss_G: 6.7739	D(x): 0.9976	D(G(z)): 0.0191 / 0.0018
True
[678/1000][0/12]	Loss_D: 0.0012	Loss_G: 5.7896	D(x): 0.9985	D(G(z)): 0.0304 / 0.0072
True
[679/1000][0/12]	Loss_D: 0.1915	Loss_G: 5.3771	D(x): 0.9347	D(G(z)): 0.0024 / 0.0079
True
[680/1000][0/12]	Loss_D: -0.2637	Loss_G: 5.2265	D(x): 0.9857	D(G(z)): 0.0046 / 0.0138
True
[681/1000][0/12]	Loss_D: -0.2030	Loss_G: 5.7501	D(x): 0.9996	D(G(z)): 0.0218 / 0.0058
True
[682/1000][0/12]	Loss_D: 0.2229	Loss_G: 7.1777	D(x): 0.9960	D(G(z)): 0.0076 / 0.0016
True
[683/1000][0/12]	Loss_D: 0.2028	Loss_G: 7.2731	D(x): 0.9974	D(G(z)): 0.0112 / 0.0015
True
[684/1000][0/12]	Loss_D: -0.1588	Loss_G: 9.5272	D(x): 0.9999	D(G(z)): 0.1755 / 0.0002
True
[685/1000][0/12]	Loss_D: 0.0856	Loss_G: 7.7090	D(x): 0.9974	D(G(z)): 0.0940 / 0.0008
True
[686/1000][0/12]	Loss_D: 0.4963	Loss_G: 7.7164	D(x): 0.9977	D(G(z)): 0.0547 / 0.0016
True
[687/1000][0/12]	Loss_D: 0.1313	Loss_G: 7.7694	D(x): 1.0000	D(G(z)): 0.0942 / 0.0007
True
[688/1000][0/12]	Loss_D: 0.2284	Loss_G: 7.4907	D(x): 0.9994	D(G(z)): 0.0833 / 0.0016
True
[689/1000][0/12]	Loss_D: -0.1785	Loss_G: 11.3466	D(x): 0.9915	D(G(z)): 0.0001 / 0.0001
True
[690/1000][0/12]	Loss_D: 0.5241	Loss_G: 7.5050	D(x): 0.9960	D(G(z)): 0.0235 / 0.0010
True
[691/1000][0/12]	Loss_D: 0.0795	Loss_G: 6.8731	D(x): 0.9987	D(G(z)): 0.0621 / 0.0018
True
[692/1000][0/12]	Loss_D: -0.2010	Loss_G: 6.2319	D(x): 0.9992	D(G(z)): 0.0454 / 0.0030
True
[693/1000][0/12]	Loss_D: 0.2455	Loss_G: 15.5358	D(x): 0.9987	D(G(z)): 0.1786 / 0.0000
True
[694/1000][0/12]	Loss_D: 0.3732	Loss_G: 8.4460	D(x): 0.9878	D(G(z)): 0.0020 / 0.0004
True
[695/1000][0/12]	Loss_D: 0.2443	Loss_G: 9.5143	D(x): 0.9972	D(G(z)): 0.0935 / 0.0003
True
[696/1000][0/12]	Loss_D: 0.0789	Loss_G: 7.2185	D(x): 0.9999	D(G(z)): 0.0424 / 0.0017
True
[697/1000][0/12]	Loss_D: 0.1776	Loss_G: 6.7381	D(x): 0.9913	D(G(z)): 0.0057 / 0.0022
True
[698/1000][0/12]	Loss_D: 0.2857	Loss_G: 14.8354	D(x): 0.9926	D(G(z)): 0.0000 / 0.0000
True
[699/1000][0/12]	Loss_D: 0.3274	Loss_G: 6.6398	D(x): 0.9997	D(G(z)): 0.0219 / 0.0023
True
[700/1000][0/12]	Loss_D: 0.1203	Loss_G: 6.6085	D(x): 0.9926	D(G(z)): 0.0162 / 0.0021
True
[701/1000][0/12]	Loss_D: 0.2498	Loss_G: 6.0040	D(x): 0.9953	D(G(z)): 0.0127 / 0.0042
True
[702/1000][0/12]	Loss_D: 0.0549	Loss_G: 5.6438	D(x): 0.9978	D(G(z)): 0.0368 / 0.0056
True
[703/1000][0/12]	Loss_D: 0.0650	Loss_G: 6.4049	D(x): 0.9938	D(G(z)): 0.0230 / 0.0024
True
[704/1000][0/12]	Loss_D: 0.0750	Loss_G: 4.9841	D(x): 0.9995	D(G(z)): 0.0215 / 0.0114
True
[705/1000][0/12]	Loss_D: -0.0999	Loss_G: 6.9762	D(x): 0.9653	D(G(z)): 0.0016 / 0.0035
True
[706/1000][0/12]	Loss_D: 0.0983	Loss_G: 5.8757	D(x): 0.9917	D(G(z)): 0.0084 / 0.0059
True
[707/1000][0/12]	Loss_D: -0.1198	Loss_G: 5.6793	D(x): 0.9949	D(G(z)): 0.0103 / 0.0054
True
[708/1000][0/12]	Loss_D: 0.2314	Loss_G: 7.5807	D(x): 0.9756	D(G(z)): 0.0013 / 0.0012
True
[709/1000][0/12]	Loss_D: 0.1994	Loss_G: 6.3553	D(x): 0.9997	D(G(z)): 0.0204 / 0.0029
True
[710/1000][0/12]	Loss_D: 0.1625	Loss_G: 3.8431	D(x): 0.8814	D(G(z)): 0.0004 / 0.0344
True
[711/1000][0/12]	Loss_D: 0.3776	Loss_G: 29.3830	D(x): 0.9999	D(G(z)): 0.5823 / 0.0000
True
[712/1000][0/12]	Loss_D: 0.0346	Loss_G: 10.7817	D(x): 0.9997	D(G(z)): 0.0966 / 0.0000
True
[713/1000][0/12]	Loss_D: 0.0120	Loss_G: 11.5805	D(x): 0.9997	D(G(z)): 0.1239 / 0.0001
True
[714/1000][0/12]	Loss_D: 0.2989	Loss_G: 7.2789	D(x): 0.9984	D(G(z)): 0.0090 / 0.0012
True
[715/1000][0/12]	Loss_D: -0.1282	Loss_G: 7.1066	D(x): 0.9992	D(G(z)): 0.0321 / 0.0015
True
[716/1000][0/12]	Loss_D: 0.2051	Loss_G: 7.2726	D(x): 0.9896	D(G(z)): 0.0053 / 0.0011
True
[717/1000][0/12]	Loss_D: 0.0594	Loss_G: 6.1406	D(x): 0.9975	D(G(z)): 0.0119 / 0.0051
True
[718/1000][0/12]	Loss_D: 0.0772	Loss_G: 6.8275	D(x): 0.9985	D(G(z)): 0.0018 / 0.0037
True
[719/1000][0/12]	Loss_D: 0.0729	Loss_G: 16.8879	D(x): 0.9967	D(G(z)): 0.1782 / 0.0000
True
[720/1000][0/12]	Loss_D: 0.0560	Loss_G: 10.2428	D(x): 0.9999	D(G(z)): 0.0965 / 0.0001
True
[721/1000][0/12]	Loss_D: -0.0076	Loss_G: 5.4746	D(x): 0.9858	D(G(z)): 0.0116 / 0.0053
True
[722/1000][0/12]	Loss_D: -0.0794	Loss_G: 8.3450	D(x): 0.9969	D(G(z)): 0.0669 / 0.0004
True
[723/1000][0/12]	Loss_D: -0.0810	Loss_G: 15.0586	D(x): 1.0000	D(G(z)): 0.1718 / 0.0000
True
[724/1000][0/12]	Loss_D: -0.0013	Loss_G: 8.2167	D(x): 0.9901	D(G(z)): 0.0012 / 0.0006
True
[725/1000][0/12]	Loss_D: -0.5870	Loss_G: 6.9826	D(x): 0.9999	D(G(z)): 0.0447 / 0.0016
True
[726/1000][0/12]	Loss_D: -0.1067	Loss_G: 6.2854	D(x): 0.9999	D(G(z)): 0.0093 / 0.0026
True
[727/1000][0/12]	Loss_D: 0.2147	Loss_G: 12.1815	D(x): 0.9947	D(G(z)): 0.0949 / 0.0000
True
[728/1000][0/12]	Loss_D: 0.2618	Loss_G: 15.0698	D(x): 0.9996	D(G(z)): 0.1469 / 0.0000
True
[729/1000][0/12]	Loss_D: 0.3102	Loss_G: 8.2995	D(x): 0.9999	D(G(z)): 0.0107 / 0.0003
True
[730/1000][0/12]	Loss_D: 0.1567	Loss_G: 8.0250	D(x): 0.9991	D(G(z)): 0.0135 / 0.0005
True
[731/1000][0/12]	Loss_D: -0.5949	Loss_G: 10.4948	D(x): 0.9998	D(G(z)): 0.0915 / 0.0001
True
[732/1000][0/12]	Loss_D: -0.0667	Loss_G: 7.2816	D(x): 0.9900	D(G(z)): 0.0049 / 0.0009
True
[733/1000][0/12]	Loss_D: -0.0443	Loss_G: 7.6281	D(x): 0.9993	D(G(z)): 0.0356 / 0.0009
True
[734/1000][0/12]	Loss_D: -0.1589	Loss_G: 27.1186	D(x): 0.9919	D(G(z)): 0.3141 / 0.0000
True
[735/1000][0/12]	Loss_D: 0.1168	Loss_G: 10.1191	D(x): 0.9990	D(G(z)): 0.0539 / 0.0001
True
[736/1000][0/12]	Loss_D: -0.1739	Loss_G: 11.4815	D(x): 0.9923	D(G(z)): 0.0822 / 0.0000
True
[737/1000][0/12]	Loss_D: -0.2427	Loss_G: 8.0748	D(x): 0.9958	D(G(z)): 0.0013 / 0.0015
True
[738/1000][0/12]	Loss_D: 0.1303	Loss_G: 18.0420	D(x): 0.9520	D(G(z)): 0.0056 / 0.0100
True
[739/1000][0/12]	Loss_D: 0.0137	Loss_G: 7.3328	D(x): 0.9694	D(G(z)): 0.0026 / 0.0033
True
[740/1000][0/12]	Loss_D: 0.2318	Loss_G: 7.5263	D(x): 0.9973	D(G(z)): 0.0199 / 0.0008
True
[741/1000][0/12]	Loss_D: 0.0360	Loss_G: 8.0089	D(x): 0.9959	D(G(z)): 0.0062 / 0.0010
True
[742/1000][0/12]	Loss_D: 0.1165	Loss_G: 7.6688	D(x): 0.9985	D(G(z)): 0.0297 / 0.0006
True
[743/1000][0/12]	Loss_D: -0.0349	Loss_G: 3.9982	D(x): 0.9707	D(G(z)): 0.0262 / 0.0231
True
[744/1000][0/12]	Loss_D: 0.2613	Loss_G: 9.8138	D(x): 0.9974	D(G(z)): 0.0002 / 0.0002
True
[745/1000][0/12]	Loss_D: 0.2897	Loss_G: 20.1897	D(x): 0.9996	D(G(z)): 0.2708 / 0.0000
True
[746/1000][0/12]	Loss_D: 0.8137	Loss_G: 0.1941	D(x): 0.6293	D(G(z)): 0.0002 / 0.8352
True
[747/1000][0/12]	Loss_D: -0.0103	Loss_G: 9.0307	D(x): 0.9777	D(G(z)): 0.0303 / 0.0218
True
[748/1000][0/12]	Loss_D: 0.1230	Loss_G: 9.3241	D(x): 0.9859	D(G(z)): 0.0056 / 0.0047
True
[749/1000][0/12]	Loss_D: -0.0852	Loss_G: 9.2596	D(x): 0.9948	D(G(z)): 0.0023 / 0.0005
True
[750/1000][0/12]	Loss_D: 0.0487	Loss_G: 7.7491	D(x): 0.9915	D(G(z)): 0.0062 / 0.0008
True
[751/1000][0/12]	Loss_D: 0.2549	Loss_G: 8.2730	D(x): 0.9904	D(G(z)): 0.0127 / 0.0006
True
[752/1000][0/12]	Loss_D: -0.0673	Loss_G: 5.9275	D(x): 0.9980	D(G(z)): 0.0285 / 0.0057
True
[753/1000][0/12]	Loss_D: -0.0228	Loss_G: 4.3254	D(x): 0.9543	D(G(z)): 0.0048 / 0.0226
True
[754/1000][0/12]	Loss_D: -0.0339	Loss_G: 9.0592	D(x): 0.9950	D(G(z)): 0.1061 / 0.0004
True
[755/1000][0/12]	Loss_D: -0.2648	Loss_G: 6.6728	D(x): 1.0000	D(G(z)): 0.0433 / 0.0018
True
[756/1000][0/12]	Loss_D: 0.0636	Loss_G: 8.7799	D(x): 0.9943	D(G(z)): 0.0024 / 0.0004
True
[757/1000][0/12]	Loss_D: -0.0921	Loss_G: 6.2426	D(x): 0.9962	D(G(z)): 0.0235 / 0.0033
True
[758/1000][0/12]	Loss_D: 0.0150	Loss_G: 6.8632	D(x): 0.9973	D(G(z)): 0.0094 / 0.0016
True
[759/1000][0/12]	Loss_D: 0.0703	Loss_G: 19.7804	D(x): 0.9996	D(G(z)): 0.2346 / 0.0000
True
[760/1000][0/12]	Loss_D: 0.2080	Loss_G: 14.4293	D(x): 0.9987	D(G(z)): 0.1329 / 0.0001
True
[761/1000][0/12]	Loss_D: 0.2080	Loss_G: 12.4766	D(x): 0.9999	D(G(z)): 0.1006 / 0.0002
True
[762/1000][0/12]	Loss_D: 0.3311	Loss_G: 6.7024	D(x): 0.9988	D(G(z)): 0.0062 / 0.0027
True
[763/1000][0/12]	Loss_D: -0.2668	Loss_G: 6.7327	D(x): 0.9983	D(G(z)): 0.0031 / 0.0066
True
[764/1000][0/12]	Loss_D: -0.1125	Loss_G: 6.1632	D(x): 0.9664	D(G(z)): 0.0024 / 0.0038
True
[765/1000][0/12]	Loss_D: 0.5112	Loss_G: 14.5087	D(x): 0.9996	D(G(z)): 0.1816 / 0.0000
True
[766/1000][0/12]	Loss_D: -0.1885	Loss_G: 7.7709	D(x): 0.9972	D(G(z)): 0.0727 / 0.0006
True
[767/1000][0/12]	Loss_D: -0.2156	Loss_G: 5.2577	D(x): 0.9980	D(G(z)): 0.0154 / 0.0087
True
[768/1000][0/12]	Loss_D: 0.5906	Loss_G: 31.2483	D(x): 0.9997	D(G(z)): 0.6496 / 0.0000
True
[769/1000][0/12]	Loss_D: -0.0616	Loss_G: 10.3089	D(x): 0.9982	D(G(z)): 0.0032 / 0.0005
True
[770/1000][0/12]	Loss_D: -0.1342	Loss_G: 9.0503	D(x): 0.9698	D(G(z)): 0.0003 / 0.0003
True
[771/1000][0/12]	Loss_D: 0.1539	Loss_G: 8.8570	D(x): 0.9995	D(G(z)): 0.0989 / 0.0004
True
[772/1000][0/12]	Loss_D: 0.3051	Loss_G: 6.5339	D(x): 0.9979	D(G(z)): 0.0126 / 0.0024
True
[773/1000][0/12]	Loss_D: 0.1697	Loss_G: 7.1146	D(x): 0.9294	D(G(z)): 0.0024 / 0.0024
True
[774/1000][0/12]	Loss_D: 0.1956	Loss_G: 8.5726	D(x): 0.9981	D(G(z)): 0.0474 / 0.0003
True
[775/1000][0/12]	Loss_D: -0.2122	Loss_G: 5.9981	D(x): 0.9937	D(G(z)): 0.0029 / 0.0037
True
[776/1000][0/12]	Loss_D: 0.0397	Loss_G: 6.8940	D(x): 0.9734	D(G(z)): 0.0100 / 0.0014
True
[777/1000][0/12]	Loss_D: 0.1075	Loss_G: 6.5900	D(x): 0.9998	D(G(z)): 0.0407 / 0.0026
True
[778/1000][0/12]	Loss_D: 0.1867	Loss_G: 12.2675	D(x): 0.9958	D(G(z)): 0.0000 / 0.0000
True
[779/1000][0/12]	Loss_D: 0.1788	Loss_G: 6.2436	D(x): 0.9923	D(G(z)): 0.0051 / 0.0040
True
[780/1000][0/12]	Loss_D: 0.0479	Loss_G: 7.3142	D(x): 0.9952	D(G(z)): 0.0046 / 0.0010
True
[781/1000][0/12]	Loss_D: 0.0115	Loss_G: 7.8793	D(x): 0.9993	D(G(z)): 0.0528 / 0.0005
True
[782/1000][0/12]	Loss_D: -0.2544	Loss_G: 5.8370	D(x): 0.9944	D(G(z)): 0.0166 / 0.0032
True
[783/1000][0/12]	Loss_D: 0.1218	Loss_G: 5.8500	D(x): 0.9913	D(G(z)): 0.0214 / 0.0045
True
[784/1000][0/12]	Loss_D: 0.0836	Loss_G: 5.4628	D(x): 0.9653	D(G(z)): 0.0051 / 0.0047
True
[785/1000][0/12]	Loss_D: 0.1233	Loss_G: 7.3786	D(x): 0.9896	D(G(z)): 0.0043 / 0.0013
True
[786/1000][0/12]	Loss_D: 0.1440	Loss_G: 8.3706	D(x): 0.9962	D(G(z)): 0.0237 / 0.0004
True
[787/1000][0/12]	Loss_D: -0.1159	Loss_G: 5.0740	D(x): 0.9967	D(G(z)): 0.0170 / 0.0074
True
[788/1000][0/12]	Loss_D: 0.0325	Loss_G: 5.9895	D(x): 0.9940	D(G(z)): 0.0209 / 0.0035
True
[789/1000][0/12]	Loss_D: -0.0498	Loss_G: 12.7220	D(x): 0.9684	D(G(z)): 0.0001 / 0.0000
True
[790/1000][0/12]	Loss_D: 0.0469	Loss_G: 9.1818	D(x): 0.9995	D(G(z)): 0.0528 / 0.0002
True
[791/1000][0/12]	Loss_D: 0.1898	Loss_G: 7.3528	D(x): 0.9883	D(G(z)): 0.0047 / 0.0007
True
[792/1000][0/12]	Loss_D: -0.0240	Loss_G: 13.8933	D(x): 0.9638	D(G(z)): 0.0007 / 0.0037
True
[793/1000][0/12]	Loss_D: -0.3376	Loss_G: 17.7333	D(x): 0.9988	D(G(z)): 0.1947 / 0.0000
True
[794/1000][0/12]	Loss_D: -0.0219	Loss_G: 8.4707	D(x): 0.9881	D(G(z)): 0.0032 / 0.0017
True
[795/1000][0/12]	Loss_D: 0.1525	Loss_G: 6.1213	D(x): 0.9990	D(G(z)): 0.0129 / 0.0029
True
[796/1000][0/12]	Loss_D: -0.0408	Loss_G: 6.4204	D(x): 0.9889	D(G(z)): 0.0226 / 0.0020
True
[797/1000][0/12]	Loss_D: 0.2225	Loss_G: 7.7718	D(x): 0.9992	D(G(z)): 0.0012 / 0.0007
True
[798/1000][0/12]	Loss_D: -0.0796	Loss_G: 7.6133	D(x): 0.9966	D(G(z)): 0.0031 / 0.0009
True
[799/1000][0/12]	Loss_D: -0.3097	Loss_G: 4.6743	D(x): 0.9987	D(G(z)): 0.0307 / 0.0125
True
[800/1000][0/12]	Loss_D: -0.0452	Loss_G: 12.4875	D(x): 0.9977	D(G(z)): 0.1232 / 0.0000
True
[801/1000][0/12]	Loss_D: -0.1674	Loss_G: 7.1539	D(x): 0.9978	D(G(z)): 0.0026 / 0.0013
True
[802/1000][0/12]	Loss_D: -0.1596	Loss_G: 6.7333	D(x): 0.9974	D(G(z)): 0.0439 / 0.0015
True
[803/1000][0/12]	Loss_D: -0.2170	Loss_G: 6.6764	D(x): 0.9817	D(G(z)): 0.0016 / 0.0016
True
[804/1000][0/12]	Loss_D: 0.0703	Loss_G: 7.7018	D(x): 0.9827	D(G(z)): 0.0030 / 0.0010
True
[805/1000][0/12]	Loss_D: 0.1590	Loss_G: 12.4471	D(x): 1.0000	D(G(z)): 0.0562 / 0.0002
True
[806/1000][0/12]	Loss_D: 0.4317	Loss_G: 10.9279	D(x): 0.9998	D(G(z)): 0.0622 / 0.0000
True
[807/1000][0/12]	Loss_D: 0.1032	Loss_G: 7.4461	D(x): 0.9981	D(G(z)): 0.0159 / 0.0007
True
[808/1000][0/12]	Loss_D: -0.0533	Loss_G: 6.6915	D(x): 0.9862	D(G(z)): 0.0149 / 0.0016
True
[809/1000][0/12]	Loss_D: 0.0386	Loss_G: 10.5557	D(x): 0.9993	D(G(z)): 0.0865 / 0.0001
True
[810/1000][0/12]	Loss_D: 0.0260	Loss_G: 14.9797	D(x): 0.9956	D(G(z)): 0.0005 / 0.0001
True
[811/1000][0/12]	Loss_D: -0.2605	Loss_G: 5.9584	D(x): 0.9997	D(G(z)): 0.0153 / 0.0090
True
[812/1000][0/12]	Loss_D: 0.0318	Loss_G: 7.2635	D(x): 0.9949	D(G(z)): 0.0141 / 0.0013
True
[813/1000][0/12]	Loss_D: 0.0674	Loss_G: 10.0637	D(x): 0.9993	D(G(z)): 0.0805 / 0.0003
True
[814/1000][0/12]	Loss_D: -0.3456	Loss_G: 5.6809	D(x): 0.9926	D(G(z)): 0.0116 / 0.0072
True
[815/1000][0/12]	Loss_D: -0.1663	Loss_G: 26.3684	D(x): 0.9994	D(G(z)): 0.1980 / 0.0000
True
[816/1000][0/12]	Loss_D: 0.1135	Loss_G: 10.3668	D(x): 0.9753	D(G(z)): 0.0003 / 0.0001
True
[817/1000][0/12]	Loss_D: 0.1061	Loss_G: 8.0496	D(x): 0.9984	D(G(z)): 0.0166 / 0.0004
True
[818/1000][0/12]	Loss_D: -0.0807	Loss_G: 8.1922	D(x): 0.9965	D(G(z)): 0.0350 / 0.0005
True
[819/1000][0/12]	Loss_D: 0.1229	Loss_G: 15.3573	D(x): 0.9925	D(G(z)): 0.0004 / 0.0000
True
[820/1000][0/12]	Loss_D: 0.1285	Loss_G: 6.8861	D(x): 0.9916	D(G(z)): 0.0142 / 0.0019
True
[821/1000][0/12]	Loss_D: 0.1346	Loss_G: 8.3573	D(x): 0.9967	D(G(z)): 0.0753 / 0.0007
True
[822/1000][0/12]	Loss_D: 0.0237	Loss_G: 11.7651	D(x): 0.9437	D(G(z)): 0.0005 / 0.0012
True
[823/1000][0/12]	Loss_D: 0.8420	Loss_G: 19.0560	D(x): 1.0000	D(G(z)): 0.2809 / 0.0000
True
[824/1000][0/12]	Loss_D: 0.0536	Loss_G: 9.5794	D(x): 0.9910	D(G(z)): 0.0041 / 0.0004
True
[825/1000][0/12]	Loss_D: 0.0879	Loss_G: 7.7856	D(x): 0.9943	D(G(z)): 0.0051 / 0.0008
True
[826/1000][0/12]	Loss_D: -0.1257	Loss_G: 4.9191	D(x): 0.9749	D(G(z)): 0.0204 / 0.0101
True
[827/1000][0/12]	Loss_D: -0.0619	Loss_G: 8.1245	D(x): 0.9985	D(G(z)): 0.0570 / 0.0006
True
[828/1000][0/12]	Loss_D: 0.2236	Loss_G: 7.7689	D(x): 0.9971	D(G(z)): 0.0113 / 0.0007
True
[829/1000][0/12]	Loss_D: 0.0102	Loss_G: 24.6339	D(x): 0.9995	D(G(z)): 0.3600 / 0.0000
True
[830/1000][0/12]	Loss_D: 0.1635	Loss_G: 8.2688	D(x): 0.9940	D(G(z)): 0.0082 / 0.0011
True
[831/1000][0/12]	Loss_D: 0.0033	Loss_G: 9.3696	D(x): 0.9939	D(G(z)): 0.0019 / 0.0001
True
[832/1000][0/12]	Loss_D: 0.0620	Loss_G: 12.1336	D(x): 0.9997	D(G(z)): 0.1055 / 0.0000
True
[833/1000][0/12]	Loss_D: 0.0891	Loss_G: 7.5575	D(x): 0.9907	D(G(z)): 0.0062 / 0.0007
True
[834/1000][0/12]	Loss_D: -0.1971	Loss_G: 13.0180	D(x): 0.9994	D(G(z)): 0.1366 / 0.0000
True
[835/1000][0/12]	Loss_D: 0.1413	Loss_G: 6.4788	D(x): 0.9915	D(G(z)): 0.0205 / 0.0020
True
[836/1000][0/12]	Loss_D: -0.0236	Loss_G: 5.6012	D(x): 0.9924	D(G(z)): 0.0145 / 0.0047
True
[837/1000][0/12]	Loss_D: -0.3491	Loss_G: 6.8900	D(x): 0.9999	D(G(z)): 0.0467 / 0.0032
True
[838/1000][0/12]	Loss_D: -0.0612	Loss_G: 7.4075	D(x): 0.9739	D(G(z)): 0.0012 / 0.0008
True
[839/1000][0/12]	Loss_D: -0.1530	Loss_G: 7.8627	D(x): 0.9998	D(G(z)): 0.0155 / 0.0005
True
[840/1000][0/12]	Loss_D: -0.1289	Loss_G: 5.8580	D(x): 0.9940	D(G(z)): 0.0062 / 0.0036
True
[841/1000][0/12]	Loss_D: 0.0637	Loss_G: 5.5409	D(x): 0.9932	D(G(z)): 0.0260 / 0.0071
True
[842/1000][0/12]	Loss_D: 0.0462	Loss_G: 7.2847	D(x): 0.9999	D(G(z)): 0.0126 / 0.0012
True
[843/1000][0/12]	Loss_D: -0.2873	Loss_G: 7.4214	D(x): 0.9994	D(G(z)): 0.0060 / 0.0015
True
[844/1000][0/12]	Loss_D: -0.0121	Loss_G: 7.2327	D(x): 1.0000	D(G(z)): 0.0094 / 0.0017
True
[845/1000][0/12]	Loss_D: 0.1546	Loss_G: 7.2137	D(x): 0.9923	D(G(z)): 0.0045 / 0.0011
True
[846/1000][0/12]	Loss_D: 0.2021	Loss_G: 11.4912	D(x): 0.9898	D(G(z)): 0.0005 / 0.0000
True
[847/1000][0/12]	Loss_D: -0.3143	Loss_G: 5.5159	D(x): 0.9975	D(G(z)): 0.0394 / 0.0043
True
[848/1000][0/12]	Loss_D: -0.0518	Loss_G: 5.0072	D(x): 0.9802	D(G(z)): 0.0055 / 0.0092
True
[849/1000][0/12]	Loss_D: -0.1441	Loss_G: 9.8373	D(x): 0.9979	D(G(z)): 0.0005 / 0.0001
True
[850/1000][0/12]	Loss_D: 0.5982	Loss_G: 31.2104	D(x): 1.0000	D(G(z)): 0.4774 / 0.0000
True
[851/1000][0/12]	Loss_D: -0.1846	Loss_G: 7.7090	D(x): 0.9998	D(G(z)): 0.0364 / 0.0008
True
[852/1000][0/12]	Loss_D: -0.1842	Loss_G: 14.5201	D(x): 0.9996	D(G(z)): 0.1486 / 0.0000
True
[853/1000][0/12]	Loss_D: -0.1457	Loss_G: 5.9397	D(x): 0.9968	D(G(z)): 0.0029 / 0.0039
True
[854/1000][0/12]	Loss_D: 0.1663	Loss_G: 6.0574	D(x): 0.9841	D(G(z)): 0.0170 / 0.0029
True
[855/1000][0/12]	Loss_D: -0.0364	Loss_G: 12.7977	D(x): 0.9937	D(G(z)): 0.1222 / 0.0000
True
[856/1000][0/12]	Loss_D: -0.1814	Loss_G: 5.3535	D(x): 0.9980	D(G(z)): 0.0126 / 0.0051
True
[857/1000][0/12]	Loss_D: -0.0696	Loss_G: 8.0290	D(x): 0.9983	D(G(z)): 0.0020 / 0.0005
True
[858/1000][0/12]	Loss_D: 0.0854	Loss_G: 7.5774	D(x): 0.9997	D(G(z)): 0.0214 / 0.0008
True
[859/1000][0/12]	Loss_D: 0.2089	Loss_G: 8.6997	D(x): 0.9985	D(G(z)): 0.0208 / 0.0061
True
[860/1000][0/12]	Loss_D: -0.1724	Loss_G: 6.9136	D(x): 0.9978	D(G(z)): 0.0315 / 0.0039
True
[861/1000][0/12]	Loss_D: 0.0699	Loss_G: 13.3398	D(x): 0.9986	D(G(z)): 0.0004 / 0.0002
True
[862/1000][0/12]	Loss_D: 0.0453	Loss_G: 6.4210	D(x): 0.9971	D(G(z)): 0.0159 / 0.0035
True
[863/1000][0/12]	Loss_D: -0.1793	Loss_G: 30.3804	D(x): 0.9995	D(G(z)): 0.4505 / 0.0000
True
[864/1000][0/12]	Loss_D: 0.2898	Loss_G: 11.7919	D(x): 0.9990	D(G(z)): 0.0023 / 0.0004
True
[865/1000][0/12]	Loss_D: 0.0407	Loss_G: 6.3924	D(x): 0.9994	D(G(z)): 0.0201 / 0.0037
True
[866/1000][0/12]	Loss_D: -0.0695	Loss_G: 5.9246	D(x): 0.9925	D(G(z)): 0.0087 / 0.0027
True
[867/1000][0/12]	Loss_D: 0.0712	Loss_G: 9.8633	D(x): 0.9954	D(G(z)): 0.0007 / 0.0003
True
[868/1000][0/12]	Loss_D: -0.3469	Loss_G: 7.4058	D(x): 0.9972	D(G(z)): 0.0040 / 0.0007
True
[869/1000][0/12]	Loss_D: -0.0897	Loss_G: 6.6313	D(x): 0.9958	D(G(z)): 0.0263 / 0.0025
True
[870/1000][0/12]	Loss_D: 0.0989	Loss_G: 7.7012	D(x): 0.9975	D(G(z)): 0.0041 / 0.0026
True
[871/1000][0/12]	Loss_D: 0.0622	Loss_G: 6.9689	D(x): 0.9892	D(G(z)): 0.0141 / 0.0011
True
[872/1000][0/12]	Loss_D: -0.0963	Loss_G: 6.0656	D(x): 0.9883	D(G(z)): 0.0418 / 0.0043
True
[873/1000][0/12]	Loss_D: -0.0278	Loss_G: 6.3078	D(x): 0.9996	D(G(z)): 0.0053 / 0.0023
True
[874/1000][0/12]	Loss_D: 0.0306	Loss_G: 7.4671	D(x): 0.9998	D(G(z)): 0.0037 / 0.0063
True
[875/1000][0/12]	Loss_D: 0.3495	Loss_G: 15.8586	D(x): 0.9862	D(G(z)): 0.0001 / 0.0000
True
[876/1000][0/12]	Loss_D: -0.1743	Loss_G: 12.0294	D(x): 0.9890	D(G(z)): 0.0002 / 0.0004
True
[877/1000][0/12]	Loss_D: 0.2283	Loss_G: 6.8006	D(x): 0.9922	D(G(z)): 0.0104 / 0.0013
True
[878/1000][0/12]	Loss_D: 0.2042	Loss_G: 9.4276	D(x): 0.9979	D(G(z)): 0.0030 / 0.0002
True
[879/1000][0/12]	Loss_D: -0.1568	Loss_G: 13.4000	D(x): 0.9999	D(G(z)): 0.0235 / 0.0021
True
[880/1000][0/12]	Loss_D: 0.0201	Loss_G: 8.4976	D(x): 0.9995	D(G(z)): 0.0652 / 0.0003
True
[881/1000][0/12]	Loss_D: 0.2819	Loss_G: 16.3881	D(x): 0.9996	D(G(z)): 0.1361 / 0.0000
True
[882/1000][0/12]	Loss_D: -0.0273	Loss_G: 4.9479	D(x): 0.9591	D(G(z)): 0.0035 / 0.0095
True
[883/1000][0/12]	Loss_D: 0.0790	Loss_G: 6.1743	D(x): 0.9925	D(G(z)): 0.0070 / 0.0022
True
[884/1000][0/12]	Loss_D: 0.1437	Loss_G: 5.9381	D(x): 0.9982	D(G(z)): 0.0187 / 0.0030
True
[885/1000][0/12]	Loss_D: 0.2735	Loss_G: 8.9971	D(x): 0.9987	D(G(z)): 0.0350 / 0.0003
True
[886/1000][0/12]	Loss_D: -0.0469	Loss_G: 4.9107	D(x): 0.9647	D(G(z)): 0.0074 / 0.0146
True
[887/1000][0/12]	Loss_D: -0.1311	Loss_G: 5.2566	D(x): 0.9977	D(G(z)): 0.0183 / 0.0065
True
[888/1000][0/12]	Loss_D: 0.1090	Loss_G: 7.6123	D(x): 0.9992	D(G(z)): 0.0592 / 0.0007
True
[889/1000][0/12]	Loss_D: -0.1067	Loss_G: 4.8860	D(x): 0.9774	D(G(z)): 0.0011 / 0.0091
True
[890/1000][0/12]	Loss_D: 0.2689	Loss_G: 9.0013	D(x): 0.9583	D(G(z)): 0.0006 / 0.0005
True
[891/1000][0/12]	Loss_D: -0.1133	Loss_G: 18.2834	D(x): 0.9995	D(G(z)): 0.1597 / 0.0000
True
[892/1000][0/12]	Loss_D: -0.2071	Loss_G: 8.1951	D(x): 0.9921	D(G(z)): 0.0013 / 0.0003
True
[893/1000][0/12]	Loss_D: 0.0225	Loss_G: 7.1111	D(x): 0.9998	D(G(z)): 0.0217 / 0.0009
True
[894/1000][0/12]	Loss_D: 0.2351	Loss_G: 10.2667	D(x): 0.9974	D(G(z)): 0.0002 / 0.0011
True
[895/1000][0/12]	Loss_D: -0.0764	Loss_G: 5.2373	D(x): 0.9883	D(G(z)): 0.0244 / 0.0099
True
[896/1000][0/12]	Loss_D: -0.1255	Loss_G: 8.7053	D(x): 0.9720	D(G(z)): 0.0000 / 0.0002
True
[897/1000][0/12]	Loss_D: 0.0035	Loss_G: 23.8260	D(x): 0.9999	D(G(z)): 0.2808 / 0.0000
True
[898/1000][0/12]	Loss_D: -0.0353	Loss_G: 8.2710	D(x): 0.9998	D(G(z)): 0.0238 / 0.0009
True
[899/1000][0/12]	Loss_D: -0.1731	Loss_G: 7.1002	D(x): 0.9973	D(G(z)): 0.0316 / 0.0010
True
[900/1000][0/12]	Loss_D: 0.1061	Loss_G: 8.7650	D(x): 0.9996	D(G(z)): 0.0532 / 0.0002
True
[901/1000][0/12]	Loss_D: -0.0021	Loss_G: 6.7295	D(x): 0.9870	D(G(z)): 0.0264 / 0.0012
True
[902/1000][0/12]	Loss_D: 0.0105	Loss_G: 23.8267	D(x): 0.9785	D(G(z)): 0.0000 / 0.0000
True
[903/1000][0/12]	Loss_D: -0.2372	Loss_G: 11.5358	D(x): 0.9977	D(G(z)): 0.0036 / 0.0010
True
[904/1000][0/12]	Loss_D: 0.9956	Loss_G: 40.7370	D(x): 1.0000	D(G(z)): 0.8738 / 0.0000
True
[905/1000][0/12]	Loss_D: -0.3937	Loss_G: 17.2869	D(x): 1.0000	D(G(z)): 0.1565 / 0.0001
True
[906/1000][0/12]	Loss_D: 0.0401	Loss_G: 16.9359	D(x): 0.9895	D(G(z)): 0.0781 / 0.0000
True
[907/1000][0/12]	Loss_D: 0.0742	Loss_G: 7.6390	D(x): 0.9989	D(G(z)): 0.0057 / 0.0019
True
[908/1000][0/12]	Loss_D: 0.5636	Loss_G: 30.1913	D(x): 1.0000	D(G(z)): 0.5041 / 0.0000
True
[909/1000][0/12]	Loss_D: -0.0253	Loss_G: 9.9432	D(x): 0.9736	D(G(z)): 0.0003 / 0.0002
True
[910/1000][0/12]	Loss_D: 0.2249	Loss_G: 8.7566	D(x): 0.9984	D(G(z)): 0.0085 / 0.0007
True
[911/1000][0/12]	Loss_D: 0.0482	Loss_G: 8.9325	D(x): 0.9987	D(G(z)): 0.0548 / 0.0008
True
[912/1000][0/12]	Loss_D: -0.2165	Loss_G: 7.1520	D(x): 0.9970	D(G(z)): 0.0093 / 0.0029
True
[913/1000][0/12]	Loss_D: -0.0460	Loss_G: 5.8928	D(x): 0.9942	D(G(z)): 0.0156 / 0.0031
True
[914/1000][0/12]	Loss_D: 0.0227	Loss_G: 7.2461	D(x): 0.9938	D(G(z)): 0.0350 / 0.0016
True
[915/1000][0/12]	Loss_D: 0.0106	Loss_G: 5.2303	D(x): 0.9560	D(G(z)): 0.0040 / 0.0064
True
[916/1000][0/12]	Loss_D: -0.0291	Loss_G: 10.8770	D(x): 0.9693	D(G(z)): 0.0002 / 0.0002
True
[917/1000][0/12]	Loss_D: -0.0496	Loss_G: 7.4175	D(x): 0.9929	D(G(z)): 0.0073 / 0.0012
True
[918/1000][0/12]	Loss_D: 0.5969	Loss_G: 22.3740	D(x): 0.9995	D(G(z)): 0.2896 / 0.0000
True
[919/1000][0/12]	Loss_D: 0.0495	Loss_G: 13.4089	D(x): 0.9716	D(G(z)): 0.0006 / 0.0014
True
[920/1000][0/12]	Loss_D: -0.1562	Loss_G: 7.9147	D(x): 0.9972	D(G(z)): 0.0041 / 0.0009
True
[921/1000][0/12]	Loss_D: 0.3254	Loss_G: 8.2878	D(x): 0.9989	D(G(z)): 0.0016 / 0.0004
True
[922/1000][0/12]	Loss_D: 0.2236	Loss_G: 10.2670	D(x): 0.9969	D(G(z)): 0.0057 / 0.0017
True
[923/1000][0/12]	Loss_D: -0.1574	Loss_G: 7.3140	D(x): 0.9963	D(G(z)): 0.0024 / 0.0011
True
[924/1000][0/12]	Loss_D: 0.0779	Loss_G: 6.7267	D(x): 0.9970	D(G(z)): 0.0119 / 0.0019
True
[925/1000][0/12]	Loss_D: -0.1165	Loss_G: 6.4948	D(x): 0.9988	D(G(z)): 0.0067 / 0.0015
True
[926/1000][0/12]	Loss_D: -0.0150	Loss_G: 6.9836	D(x): 0.9990	D(G(z)): 0.0134 / 0.0013
True
[927/1000][0/12]	Loss_D: -0.1916	Loss_G: 7.8493	D(x): 0.9989	D(G(z)): 0.0056 / 0.0007
True
[928/1000][0/12]	Loss_D: 0.1006	Loss_G: 8.4673	D(x): 0.9784	D(G(z)): 0.0021 / 0.0026
True
[929/1000][0/12]	Loss_D: -0.2098	Loss_G: 4.7572	D(x): 0.9693	D(G(z)): 0.0018 / 0.0115
True
[930/1000][0/12]	Loss_D: -0.2467	Loss_G: 6.9037	D(x): 0.9983	D(G(z)): 0.0026 / 0.0020
True
[931/1000][0/12]	Loss_D: 0.3501	Loss_G: 16.5775	D(x): 0.9995	D(G(z)): 0.1656 / 0.0000
True
[932/1000][0/12]	Loss_D: -0.4575	Loss_G: 4.5836	D(x): 0.9894	D(G(z)): 0.0109 / 0.0150
True
[933/1000][0/12]	Loss_D: 0.2003	Loss_G: 7.4232	D(x): 0.9863	D(G(z)): 0.0048 / 0.0007
True
[934/1000][0/12]	Loss_D: -0.2424	Loss_G: 6.5783	D(x): 0.9971	D(G(z)): 0.0085 / 0.0062
True
[935/1000][0/12]	Loss_D: -0.0318	Loss_G: 13.8205	D(x): 0.9728	D(G(z)): 0.0001 / 0.0000
True
[936/1000][0/12]	Loss_D: 0.3208	Loss_G: 8.5841	D(x): 0.9973	D(G(z)): 0.0035 / 0.0002
True
[937/1000][0/12]	Loss_D: 0.2979	Loss_G: 6.6215	D(x): 0.9964	D(G(z)): 0.0346 / 0.0014
True
[938/1000][0/12]	Loss_D: 0.4171	Loss_G: 7.5058	D(x): 0.8370	D(G(z)): 0.0000 / 0.0036
True
[939/1000][0/12]	Loss_D: 0.1649	Loss_G: 7.7542	D(x): 0.9936	D(G(z)): 0.0042 / 0.0012
True
[940/1000][0/12]	Loss_D: -0.2422	Loss_G: 5.3061	D(x): 0.9991	D(G(z)): 0.0147 / 0.0058
True
[941/1000][0/12]	Loss_D: 0.0247	Loss_G: 6.1886	D(x): 0.9976	D(G(z)): 0.0114 / 0.0024
True
[942/1000][0/12]	Loss_D: 0.0266	Loss_G: 11.7345	D(x): 0.9970	D(G(z)): 0.1176 / 0.0001
True
[943/1000][0/12]	Loss_D: 0.2583	Loss_G: 7.9275	D(x): 0.9821	D(G(z)): 0.0036 / 0.0006
True
[944/1000][0/12]	Loss_D: 0.4274	Loss_G: 7.1063	D(x): 0.9989	D(G(z)): 0.0200 / 0.0012
True
[945/1000][0/12]	Loss_D: -0.1304	Loss_G: 6.7943	D(x): 0.9993	D(G(z)): 0.0623 / 0.0016
True
[946/1000][0/12]	Loss_D: -0.0307	Loss_G: 11.5976	D(x): 1.0000	D(G(z)): 0.0872 / 0.0003
True
[947/1000][0/12]	Loss_D: 0.0178	Loss_G: 6.7871	D(x): 0.9919	D(G(z)): 0.0263 / 0.0017
True
[948/1000][0/12]	Loss_D: 0.2238	Loss_G: 11.8652	D(x): 0.9997	D(G(z)): 0.0973 / 0.0000
True
[949/1000][0/12]	Loss_D: 0.1768	Loss_G: 6.7265	D(x): 0.9795	D(G(z)): 0.0147 / 0.0021
True
[950/1000][0/12]	Loss_D: 0.2909	Loss_G: 17.3535	D(x): 0.9921	D(G(z)): 0.0007 / 0.0003
True
[951/1000][0/12]	Loss_D: -0.3106	Loss_G: 7.4052	D(x): 0.9997	D(G(z)): 0.0048 / 0.0030
True
[952/1000][0/12]	Loss_D: 0.1013	Loss_G: 5.6253	D(x): 0.9843	D(G(z)): 0.0198 / 0.0052
True
[953/1000][0/12]	Loss_D: -0.1913	Loss_G: 9.0028	D(x): 0.9997	D(G(z)): 0.1048 / 0.0004
True
[954/1000][0/12]	Loss_D: 0.0321	Loss_G: 6.2660	D(x): 0.9948	D(G(z)): 0.0028 / 0.0038
True
[955/1000][0/12]	Loss_D: -0.0146	Loss_G: 5.9885	D(x): 0.9800	D(G(z)): 0.0084 / 0.0032
True
[956/1000][0/12]	Loss_D: 0.0784	Loss_G: 5.6031	D(x): 0.9381	D(G(z)): 0.0017 / 0.0045
True
[957/1000][0/12]	Loss_D: 0.2774	Loss_G: 7.5845	D(x): 0.9982	D(G(z)): 0.0036 / 0.0009
True
[958/1000][0/12]	Loss_D: 0.1174	Loss_G: 12.9790	D(x): 0.9999	D(G(z)): 0.1607 / 0.0000
True
[959/1000][0/12]	Loss_D: -0.0210	Loss_G: 8.5876	D(x): 0.9997	D(G(z)): 0.0920 / 0.0005
True
[960/1000][0/12]	Loss_D: 0.2851	Loss_G: 5.9538	D(x): 0.9971	D(G(z)): 0.0226 / 0.0031
True
[961/1000][0/12]	Loss_D: 0.2897	Loss_G: 6.0051	D(x): 0.9988	D(G(z)): 0.0198 / 0.0026
True
[962/1000][0/12]	Loss_D: 0.2086	Loss_G: 7.2324	D(x): 0.9935	D(G(z)): 0.0410 / 0.0011
True
[963/1000][0/12]	Loss_D: 0.2400	Loss_G: 20.8035	D(x): 0.9182	D(G(z)): 0.0000 / 0.0000
True
[964/1000][0/12]	Loss_D: -0.0333	Loss_G: 18.0808	D(x): 0.9995	D(G(z)): 0.2018 / 0.0000
True
[965/1000][0/12]	Loss_D: -0.0002	Loss_G: 6.9098	D(x): 0.9999	D(G(z)): 0.0262 / 0.0119
True
[966/1000][0/12]	Loss_D: -0.2060	Loss_G: 6.3542	D(x): 0.9976	D(G(z)): 0.0142 / 0.0060
True
[967/1000][0/12]	Loss_D: 0.1899	Loss_G: 9.4368	D(x): 0.9991	D(G(z)): 0.0006 / 0.0001
True
[968/1000][0/12]	Loss_D: 0.0512	Loss_G: 12.4102	D(x): 0.9718	D(G(z)): 0.0000 / 0.0000
True
[969/1000][0/12]	Loss_D: -0.0455	Loss_G: 25.4480	D(x): 0.9732	D(G(z)): 0.0000 / 0.0000
True
[970/1000][0/12]	Loss_D: -0.3026	Loss_G: 6.2316	D(x): 0.9800	D(G(z)): 0.0110 / 0.0036
True
[971/1000][0/12]	Loss_D: -0.0542	Loss_G: 8.7145	D(x): 0.9928	D(G(z)): 0.0022 / 0.0004
True
[972/1000][0/12]	Loss_D: -0.0356	Loss_G: 8.3324	D(x): 0.9989	D(G(z)): 0.0017 / 0.0009
True
[973/1000][0/12]	Loss_D: -0.2483	Loss_G: 5.3801	D(x): 0.9979	D(G(z)): 0.0558 / 0.0061
True
[974/1000][0/12]	Loss_D: -0.0596	Loss_G: 5.0362	D(x): 0.9785	D(G(z)): 0.0071 / 0.0079
True
[975/1000][0/12]	Loss_D: 0.0926	Loss_G: 9.3627	D(x): 0.9711	D(G(z)): 0.0003 / 0.0002
True
[976/1000][0/12]	Loss_D: 0.1712	Loss_G: 8.5398	D(x): 0.9984	D(G(z)): 0.0048 / 0.0005
True
[977/1000][0/12]	Loss_D: 0.4771	Loss_G: 15.6940	D(x): 1.0000	D(G(z)): 0.2086 / 0.0000
True
[978/1000][0/12]	Loss_D: 0.3956	Loss_G: 8.9344	D(x): 0.9987	D(G(z)): 0.0559 / 0.0006
True
[979/1000][0/12]	Loss_D: 0.0006	Loss_G: 6.2055	D(x): 0.9919	D(G(z)): 0.0161 / 0.0033
True
[980/1000][0/12]	Loss_D: 0.1346	Loss_G: 8.0872	D(x): 0.9979	D(G(z)): 0.0812 / 0.0004
True
[981/1000][0/12]	Loss_D: 0.2206	Loss_G: 7.9879	D(x): 0.9993	D(G(z)): 0.0394 / 0.0005
True
[982/1000][0/12]	Loss_D: -0.0260	Loss_G: 7.7122	D(x): 0.9996	D(G(z)): 0.0427 / 0.0005
True
[983/1000][0/12]	Loss_D: 0.2363	Loss_G: 10.3432	D(x): 0.9987	D(G(z)): 0.0870 / 0.0001
True
[984/1000][0/12]	Loss_D: -0.0850	Loss_G: 7.2071	D(x): 0.9880	D(G(z)): 0.0058 / 0.0014
True
[985/1000][0/12]	Loss_D: 0.4154	Loss_G: 11.0427	D(x): 0.9992	D(G(z)): 0.0583 / 0.0000
True
[986/1000][0/12]	Loss_D: 0.0200	Loss_G: 8.4534	D(x): 0.9995	D(G(z)): 0.0577 / 0.0004
True
[987/1000][0/12]	Loss_D: 0.0935	Loss_G: 9.0080	D(x): 0.9982	D(G(z)): 0.0182 / 0.0004
True
[988/1000][0/12]	Loss_D: 0.2108	Loss_G: 8.8771	D(x): 0.9918	D(G(z)): 0.0033 / 0.0003
True
[989/1000][0/12]	Loss_D: -0.0347	Loss_G: 6.7088	D(x): 0.9989	D(G(z)): 0.0554 / 0.0012
True
[990/1000][0/12]	Loss_D: 0.3045	Loss_G: 5.7668	D(x): 0.9956	D(G(z)): 0.0213 / 0.0038
True
[991/1000][0/12]	Loss_D: -0.0445	Loss_G: 11.0058	D(x): 0.9776	D(G(z)): 0.0001 / 0.0007
True
[992/1000][0/12]	Loss_D: 0.0089	Loss_G: 2.6902	D(x): 0.8998	D(G(z)): 0.0010 / 0.1008
True
[993/1000][0/12]	Loss_D: -0.2420	Loss_G: 7.9714	D(x): 0.9998	D(G(z)): 0.0412 / 0.0005
True
[994/1000][0/12]	Loss_D: -0.1938	Loss_G: 5.7539	D(x): 0.9992	D(G(z)): 0.0020 / 0.0038
True
[995/1000][0/12]	Loss_D: 0.0099	Loss_G: 9.7373	D(x): 0.9991	D(G(z)): 0.0015 / 0.0001
True
[996/1000][0/12]	Loss_D: -0.3243	Loss_G: 10.8767	D(x): 0.9942	D(G(z)): 0.0002 / 0.0001
True
[997/1000][0/12]	Loss_D: 0.0289	Loss_G: 7.0960	D(x): 0.9987	D(G(z)): 0.0076 / 0.0018
True
[998/1000][0/12]	Loss_D: 0.0352	Loss_G: 6.4746	D(x): 0.9985	D(G(z)): 0.0046 / 0.0022
True
[999/1000][0/12]	Loss_D: -0.0260	Loss_G: 6.3618	D(x): 0.9837	D(G(z)): 0.0027 / 0.0020
Traceback (most recent call last):
  File "train.py", line 319, in <module>
    plt.figure(figsize=(10,5))
  File "/home/s1890135/miniconda3/envs/mlp/lib/python3.7/site-packages/matplotlib/pyplot.py", line 548, in figure
    **kwargs)
  File "/home/s1890135/miniconda3/envs/mlp/lib/python3.7/site-packages/matplotlib/backend_bases.py", line 161, in new_figure_manager
    return cls.new_figure_manager_given_figure(num, fig)
  File "/home/s1890135/miniconda3/envs/mlp/lib/python3.7/site-packages/matplotlib/backend_bases.py", line 167, in new_figure_manager_given_figure
    canvas = cls.FigureCanvas(figure)
  File "/home/s1890135/miniconda3/envs/mlp/lib/python3.7/site-packages/matplotlib/backends/backend_qt5agg.py", line 24, in __init__
    super(FigureCanvasQTAgg, self).__init__(figure=figure)
  File "/home/s1890135/miniconda3/envs/mlp/lib/python3.7/site-packages/matplotlib/backends/backend_qt5.py", line 234, in __init__
    _create_qApp()
  File "/home/s1890135/miniconda3/envs/mlp/lib/python3.7/site-packages/matplotlib/backends/backend_qt5.py", line 125, in _create_qApp
    raise RuntimeError('Invalid DISPLAY variable')
RuntimeError: Invalid DISPLAY variable
