/home/s1890135/miniconda3/envs/mlp/lib/python3.7/site-packages/torch/nn/functional.py:1332: UserWarning: nn.functional.sigmoid is deprecated. Use torch.sigmoid instead.
  warnings.warn("nn.functional.sigmoid is deprecated. Use torch.sigmoid instead.")
/home/s1890135/miniconda3/envs/mlp/lib/python3.7/site-packages/torch/nn/functional.py:1320: UserWarning: nn.functional.tanh is deprecated. Use torch.tanh instead.
  warnings.warn("nn.functional.tanh is deprecated. Use torch.tanh instead.")
Random Seed:  8008
cuda:0  will be used.

Generator(
  (fc_embed1): Linear(in_features=20, out_features=128, bias=False)
  (fc_embed2): Linear(in_features=20, out_features=128, bias=False)
  (tconv1): ConvTranspose2d(356, 512, kernel_size=(4, 4), stride=(1, 1), bias=False)
  (bn1): BatchNorm2d(512, eps=1e-05, momentum=0.1, affine=True, track_running_stats=True)
  (tconv2): ConvTranspose2d(512, 256, kernel_size=(4, 4), stride=(2, 2), padding=(1, 1), bias=False)
  (bn2): BatchNorm2d(256, eps=1e-05, momentum=0.1, affine=True, track_running_stats=True)
  (tconv3): ConvTranspose2d(256, 128, kernel_size=(4, 4), stride=(2, 2), padding=(1, 1), bias=False)
  (bn3): BatchNorm2d(128, eps=1e-05, momentum=0.1, affine=True, track_running_stats=True)
  (tconv4): ConvTranspose2d(128, 64, kernel_size=(4, 4), stride=(2, 2), padding=(1, 1), bias=False)
  (bn4): BatchNorm2d(64, eps=1e-05, momentum=0.1, affine=True, track_running_stats=True)
  (tconv5): ConvTranspose2d(64, 3, kernel_size=(4, 4), stride=(2, 2), padding=(1, 1), bias=False)
)
3
Discriminator(
  (conv1): Conv2d(3, 64, kernel_size=(4, 4), stride=(2, 2), padding=(1, 1), bias=False)
  (conv2): Conv2d(64, 128, kernel_size=(4, 4), stride=(2, 2), padding=(1, 1), bias=False)
  (bn2): BatchNorm2d(128, eps=1e-05, momentum=0.1, affine=True, track_running_stats=True)
  (conv3): Conv2d(128, 256, kernel_size=(4, 4), stride=(2, 2), padding=(1, 1), bias=False)
  (bn3): BatchNorm2d(256, eps=1e-05, momentum=0.1, affine=True, track_running_stats=True)
  (conv4): Conv2d(256, 512, kernel_size=(4, 4), stride=(2, 2), padding=(1, 1), bias=False)
  (bn4): BatchNorm2d(512, eps=1e-05, momentum=0.1, affine=True, track_running_stats=True)
  (conv5): Conv2d(768, 512, kernel_size=(1, 1), stride=(1, 1), bias=False)
  (bn5): BatchNorm2d(512, eps=1e-05, momentum=0.1, affine=True, track_running_stats=True)
  (conv6): Conv2d(512, 1, kernel_size=(4, 4), stride=(1, 1), bias=False)
  (fc_embed1): Linear(in_features=20, out_features=128, bias=False)
  (fc_embed2): Linear(in_features=20, out_features=128, bias=False)
)
Starting Training Loop...
-------------------------
True
[0/500][0/12]	Loss_D: 2.0237	Loss_G: 1.3812	D(x): 0.2775	D(G(z)): 0.3717 / 0.3069
True
[1/500][0/12]	Loss_D: 1.2764	Loss_G: 5.6950	D(x): 0.6969	D(G(z)): 0.1384 / 0.0053
True
[2/500][0/12]	Loss_D: 1.0732	Loss_G: 5.4720	D(x): 0.6975	D(G(z)): 0.0832 / 0.0058
True
[3/500][0/12]	Loss_D: 1.3058	Loss_G: 8.1951	D(x): 0.4596	D(G(z)): 0.0004 / 0.0004
True
[4/500][0/12]	Loss_D: 1.6650	Loss_G: 5.6704	D(x): 0.9509	D(G(z)): 0.0494 / 0.0045
True
[5/500][0/12]	Loss_D: 1.1193	Loss_G: 3.3061	D(x): 0.5363	D(G(z)): 0.0475 / 0.0408
True
[6/500][0/12]	Loss_D: 1.5021	Loss_G: 7.0280	D(x): 0.8730	D(G(z)): 0.3230 / 0.0012
True
[7/500][0/12]	Loss_D: 1.1521	Loss_G: 2.7306	D(x): 0.4656	D(G(z)): 0.0438 / 0.0717
True
[8/500][0/12]	Loss_D: 1.3047	Loss_G: 4.9005	D(x): 0.7830	D(G(z)): 0.3680 / 0.0107
True
[9/500][0/12]	Loss_D: 1.1197	Loss_G: 2.1520	D(x): 0.5726	D(G(z)): 0.1559 / 0.1187
True
[10/500][0/12]	Loss_D: 1.2323	Loss_G: 4.2704	D(x): 0.7241	D(G(z)): 0.3072 / 0.0158
True
[11/500][0/12]	Loss_D: 1.0867	Loss_G: 4.6371	D(x): 0.7271	D(G(z)): 0.1445 / 0.0127
True
[12/500][0/12]	Loss_D: 1.1388	Loss_G: 4.3459	D(x): 0.7306	D(G(z)): 0.1908 / 0.0149
True
[13/500][0/12]	Loss_D: 1.1011	Loss_G: 4.1320	D(x): 0.7860	D(G(z)): 0.1484 / 0.0191
True
[14/500][0/12]	Loss_D: 1.0717	Loss_G: 3.5213	D(x): 0.6162	D(G(z)): 0.1061 / 0.0355
True
[15/500][0/12]	Loss_D: 1.0357	Loss_G: 4.0576	D(x): 0.6869	D(G(z)): 0.1047 / 0.0207
True
[16/500][0/12]	Loss_D: 1.2195	Loss_G: 1.4359	D(x): 0.4331	D(G(z)): 0.1265 / 0.2647
True
[17/500][0/12]	Loss_D: 1.3446	Loss_G: 3.0695	D(x): 0.8070	D(G(z)): 0.3572 / 0.0676
True
[18/500][0/12]	Loss_D: 1.5049	Loss_G: 4.8268	D(x): 0.8692	D(G(z)): 0.4430 / 0.0108
True
[19/500][0/12]	Loss_D: 1.1376	Loss_G: 1.8855	D(x): 0.5729	D(G(z)): 0.1819 / 0.1705
True
[20/500][0/12]	Loss_D: 1.2043	Loss_G: 3.2217	D(x): 0.7266	D(G(z)): 0.2944 / 0.0445
True
[21/500][0/12]	Loss_D: 1.6824	Loss_G: 3.9974	D(x): 0.8812	D(G(z)): 0.6123 / 0.0221
True
[22/500][0/12]	Loss_D: 1.1072	Loss_G: 2.7153	D(x): 0.5776	D(G(z)): 0.1329 / 0.0746
True
[23/500][0/12]	Loss_D: 1.1368	Loss_G: 2.9181	D(x): 0.7544	D(G(z)): 0.2419 / 0.0636
True
[24/500][0/12]	Loss_D: 1.0390	Loss_G: 3.0470	D(x): 0.6457	D(G(z)): 0.1431 / 0.0519
True
[25/500][0/12]	Loss_D: 1.0356	Loss_G: 4.1996	D(x): 0.7644	D(G(z)): 0.1943 / 0.0174
True
[26/500][0/12]	Loss_D: 1.1218	Loss_G: 5.1979	D(x): 0.8004	D(G(z)): 0.2341 / 0.0074
True
[27/500][0/12]	Loss_D: 1.0365	Loss_G: 2.0236	D(x): 0.5406	D(G(z)): 0.0939 / 0.1343
True
[28/500][0/12]	Loss_D: 0.9054	Loss_G: 2.3482	D(x): 0.6215	D(G(z)): 0.1268 / 0.1099
True
[29/500][0/12]	Loss_D: 0.9320	Loss_G: 2.5835	D(x): 0.6780	D(G(z)): 0.1511 / 0.0841
True
[30/500][0/12]	Loss_D: 1.2767	Loss_G: 4.4594	D(x): 0.8906	D(G(z)): 0.4475 / 0.0155
True
[31/500][0/12]	Loss_D: 1.0546	Loss_G: 1.3909	D(x): 0.4527	D(G(z)): 0.0701 / 0.2649
True
[32/500][0/12]	Loss_D: 0.9279	Loss_G: 3.3390	D(x): 0.6912	D(G(z)): 0.1437 / 0.0463
True
[33/500][0/12]	Loss_D: 1.2801	Loss_G: 4.4484	D(x): 0.8870	D(G(z)): 0.4777 / 0.0163
True
[34/500][0/12]	Loss_D: 1.4320	Loss_G: 3.8979	D(x): 0.9113	D(G(z)): 0.5555 / 0.0282
True
[35/500][0/12]	Loss_D: 0.8331	Loss_G: 3.6999	D(x): 0.7368	D(G(z)): 0.2467 / 0.0305
True
[36/500][0/12]	Loss_D: 1.3905	Loss_G: 1.4660	D(x): 0.3133	D(G(z)): 0.0291 / 0.2837
True
[37/500][0/12]	Loss_D: 1.2746	Loss_G: 4.7808	D(x): 0.9241	D(G(z)): 0.5385 / 0.0102
True
[38/500][0/12]	Loss_D: 0.8506	Loss_G: 2.8115	D(x): 0.6524	D(G(z)): 0.1905 / 0.0735
True
[39/500][0/12]	Loss_D: 1.2587	Loss_G: 4.6510	D(x): 0.9365	D(G(z)): 0.5971 / 0.0127
True
[40/500][0/12]	Loss_D: 0.7394	Loss_G: 3.0357	D(x): 0.8137	D(G(z)): 0.2593 / 0.0539
True
[41/500][0/12]	Loss_D: 0.8247	Loss_G: 4.3491	D(x): 0.8317	D(G(z)): 0.2364 / 0.0144
True
[42/500][0/12]	Loss_D: 0.6761	Loss_G: 3.0263	D(x): 0.9063	D(G(z)): 0.2318 / 0.0568
True
[43/500][0/12]	Loss_D: 0.9997	Loss_G: 0.7426	D(x): 0.4240	D(G(z)): 0.0409 / 0.5004
True
[44/500][0/12]	Loss_D: 2.2981	Loss_G: 4.2847	D(x): 0.9839	D(G(z)): 0.7936 / 0.0209
True
[45/500][0/12]	Loss_D: 0.6342	Loss_G: 2.5261	D(x): 0.7295	D(G(z)): 0.1850 / 0.0938
True
[46/500][0/12]	Loss_D: 0.6293	Loss_G: 2.6273	D(x): 0.7242	D(G(z)): 0.2006 / 0.0816
True
[47/500][0/12]	Loss_D: 1.5898	Loss_G: 2.7847	D(x): 0.9799	D(G(z)): 0.7633 / 0.0836
True
[48/500][0/12]	Loss_D: 0.5884	Loss_G: 3.1855	D(x): 0.8228	D(G(z)): 0.2264 / 0.0460
True
[49/500][0/12]	Loss_D: 1.1270	Loss_G: 4.7449	D(x): 0.9563	D(G(z)): 0.6033 / 0.0109
True
[50/500][0/12]	Loss_D: 1.0919	Loss_G: 3.9948	D(x): 0.9730	D(G(z)): 0.6383 / 0.0259
True
[51/500][0/12]	Loss_D: 0.4539	Loss_G: 3.1451	D(x): 0.8356	D(G(z)): 0.2606 / 0.0493
True
[52/500][0/12]	Loss_D: 1.8149	Loss_G: 5.3319	D(x): 0.9760	D(G(z)): 0.8284 / 0.0095
True
[53/500][0/12]	Loss_D: 0.4125	Loss_G: 3.0141	D(x): 0.9210	D(G(z)): 0.3436 / 0.0594
True
[54/500][0/12]	Loss_D: 0.4450	Loss_G: 2.6655	D(x): 0.7094	D(G(z)): 0.0574 / 0.0843
True
[55/500][0/12]	Loss_D: 0.8281	Loss_G: 3.4957	D(x): 0.9652	D(G(z)): 0.6072 / 0.0451
True
[56/500][0/12]	Loss_D: 0.4172	Loss_G: 1.9705	D(x): 0.7115	D(G(z)): 0.0683 / 0.1586
True
[57/500][0/12]	Loss_D: 0.4131	Loss_G: 3.8489	D(x): 0.9452	D(G(z)): 0.3985 / 0.0290
True
[58/500][0/12]	Loss_D: 0.3504	Loss_G: 3.3191	D(x): 0.9040	D(G(z)): 0.3513 / 0.0486
True
[59/500][0/12]	Loss_D: 0.2693	Loss_G: 2.6708	D(x): 0.8938	D(G(z)): 0.1603 / 0.0800
True
[60/500][0/12]	Loss_D: 0.7506	Loss_G: 4.7128	D(x): 0.9818	D(G(z)): 0.6974 / 0.0174
True
[61/500][0/12]	Loss_D: 0.2548	Loss_G: 2.0476	D(x): 0.9122	D(G(z)): 0.1712 / 0.1617
True
[62/500][0/12]	Loss_D: 0.2494	Loss_G: 3.0204	D(x): 0.8563	D(G(z)): 0.1528 / 0.0641
True
[63/500][0/12]	Loss_D: 1.3115	Loss_G: 3.9413	D(x): 0.9962	D(G(z)): 0.8388 / 0.0293
True
[64/500][0/12]	Loss_D: 0.1473	Loss_G: 3.9132	D(x): 0.9022	D(G(z)): 0.1017 / 0.0283
True
[65/500][0/12]	Loss_D: 0.9245	Loss_G: 4.6027	D(x): 0.9892	D(G(z)): 0.7019 / 0.0177
True
[66/500][0/12]	Loss_D: 0.2771	Loss_G: 2.1720	D(x): 0.7829	D(G(z)): 0.1138 / 0.1434
True
[67/500][0/12]	Loss_D: 0.1480	Loss_G: 2.5669	D(x): 0.8691	D(G(z)): 0.0772 / 0.0959
True
[68/500][0/12]	Loss_D: 0.2647	Loss_G: 1.8296	D(x): 0.8049	D(G(z)): 0.0695 / 0.1883
True
[69/500][0/12]	Loss_D: 0.1471	Loss_G: 3.3601	D(x): 0.9231	D(G(z)): 0.1482 / 0.0485
True
[70/500][0/12]	Loss_D: 0.2118	Loss_G: 3.8140	D(x): 0.9605	D(G(z)): 0.3440 / 0.0298
True
[71/500][0/12]	Loss_D: 0.8603	Loss_G: 4.2605	D(x): 0.9939	D(G(z)): 0.7245 / 0.0250
True
[72/500][0/12]	Loss_D: 0.5051	Loss_G: 5.6047	D(x): 0.9827	D(G(z)): 0.5317 / 0.0063
True
[73/500][0/12]	Loss_D: 0.2354	Loss_G: 3.3968	D(x): 0.9479	D(G(z)): 0.2534 / 0.0439
True
[74/500][0/12]	Loss_D: 0.1552	Loss_G: 3.7991	D(x): 0.9634	D(G(z)): 0.2485 / 0.0292
True
[75/500][0/12]	Loss_D: 0.2177	Loss_G: 3.6626	D(x): 0.9106	D(G(z)): 0.2285 / 0.0360
True
[76/500][0/12]	Loss_D: 0.2716	Loss_G: 2.0439	D(x): 0.8080	D(G(z)): 0.1155 / 0.1630
True
[77/500][0/12]	Loss_D: 0.2719	Loss_G: 2.4427	D(x): 0.8444	D(G(z)): 0.1180 / 0.1278
True
[78/500][0/12]	Loss_D: 0.1534	Loss_G: 3.4687	D(x): 0.9679	D(G(z)): 0.2921 / 0.0439
True
[79/500][0/12]	Loss_D: 1.0923	Loss_G: 7.1797	D(x): 0.9945	D(G(z)): 0.7708 / 0.0017
True
[80/500][0/12]	Loss_D: 0.2977	Loss_G: 2.4733	D(x): 0.8512	D(G(z)): 0.2485 / 0.1068
True
[81/500][0/12]	Loss_D: 0.3987	Loss_G: 2.6305	D(x): 0.7474	D(G(z)): 0.0913 / 0.0943
True
[82/500][0/12]	Loss_D: 0.3513	Loss_G: 3.3358	D(x): 0.9406	D(G(z)): 0.3296 / 0.0492
True
[83/500][0/12]	Loss_D: 0.2830	Loss_G: 3.5595	D(x): 0.9521	D(G(z)): 0.3087 / 0.0321
True
[84/500][0/12]	Loss_D: 0.2080	Loss_G: 3.7331	D(x): 0.9334	D(G(z)): 0.2463 / 0.0332
True
[85/500][0/12]	Loss_D: 0.5163	Loss_G: 4.4854	D(x): 0.9895	D(G(z)): 0.5721 / 0.0180
True
[86/500][0/12]	Loss_D: 0.1451	Loss_G: 2.6450	D(x): 0.9065	D(G(z)): 0.1745 / 0.0958
True
[87/500][0/12]	Loss_D: 0.3644	Loss_G: 3.6451	D(x): 0.9808	D(G(z)): 0.4506 / 0.0363
True
[88/500][0/12]	Loss_D: 0.2113	Loss_G: 4.2368	D(x): 0.9714	D(G(z)): 0.2873 / 0.0194
True
[89/500][0/12]	Loss_D: 0.1088	Loss_G: 4.5459	D(x): 0.9050	D(G(z)): 0.0535 / 0.0188
True
[90/500][0/12]	Loss_D: 0.4101	Loss_G: 4.6872	D(x): 0.9874	D(G(z)): 0.4428 / 0.0125
True
[91/500][0/12]	Loss_D: 0.1243	Loss_G: 3.8052	D(x): 0.9545	D(G(z)): 0.1811 / 0.0293
True
[92/500][0/12]	Loss_D: 0.1775	Loss_G: 4.1523	D(x): 0.9735	D(G(z)): 0.1888 / 0.0255
True
[93/500][0/12]	Loss_D: 0.1717	Loss_G: 3.7944	D(x): 0.9335	D(G(z)): 0.1195 / 0.0306
True
[94/500][0/12]	Loss_D: 0.2564	Loss_G: 3.7690	D(x): 0.9817	D(G(z)): 0.3322 / 0.0344
True
[95/500][0/12]	Loss_D: 0.9061	Loss_G: 5.7634	D(x): 0.9939	D(G(z)): 0.7093 / 0.0053
True
[96/500][0/12]	Loss_D: 0.2550	Loss_G: 4.1789	D(x): 0.9866	D(G(z)): 0.4293 / 0.0184
True
[97/500][0/12]	Loss_D: 0.2473	Loss_G: 4.1616	D(x): 0.9030	D(G(z)): 0.0620 / 0.0220
True
[98/500][0/12]	Loss_D: 0.1328	Loss_G: 3.3321	D(x): 0.9517	D(G(z)): 0.1618 / 0.0513
True
[99/500][0/12]	Loss_D: 0.1921	Loss_G: 2.9989	D(x): 0.9468	D(G(z)): 0.1569 / 0.0693
True
[100/500][0/12]	Loss_D: 0.3230	Loss_G: 5.2421	D(x): 0.9817	D(G(z)): 0.3037 / 0.0087
True
[101/500][0/12]	Loss_D: 0.1507	Loss_G: 3.3936	D(x): 0.9513	D(G(z)): 0.1831 / 0.0499
True
[102/500][0/12]	Loss_D: 0.0918	Loss_G: 3.8888	D(x): 0.9753	D(G(z)): 0.2603 / 0.0255
True
[103/500][0/12]	Loss_D: 0.3667	Loss_G: 5.6070	D(x): 0.9908	D(G(z)): 0.4916 / 0.0044
True
[104/500][0/12]	Loss_D: 0.2819	Loss_G: 4.2775	D(x): 0.9774	D(G(z)): 0.2651 / 0.0153
True
[105/500][0/12]	Loss_D: 0.2320	Loss_G: 3.3845	D(x): 0.9759	D(G(z)): 0.2190 / 0.0547
True
[106/500][0/12]	Loss_D: 0.1951	Loss_G: 4.1679	D(x): 0.9776	D(G(z)): 0.2358 / 0.0215
True
[107/500][0/12]	Loss_D: 0.4286	Loss_G: 6.0540	D(x): 0.9938	D(G(z)): 0.5077 / 0.0037
True
[108/500][0/12]	Loss_D: 0.4616	Loss_G: 5.5595	D(x): 0.9919	D(G(z)): 0.2491 / 0.0053
True
[109/500][0/12]	Loss_D: 0.0493	Loss_G: 2.9413	D(x): 0.9601	D(G(z)): 0.0934 / 0.0778
True
[110/500][0/12]	Loss_D: 0.0872	Loss_G: 4.0695	D(x): 0.9706	D(G(z)): 0.1297 / 0.0248
True
[111/500][0/12]	Loss_D: 0.1925	Loss_G: 5.0373	D(x): 0.9840	D(G(z)): 0.2015 / 0.0077
True
[112/500][0/12]	Loss_D: 0.1090	Loss_G: 3.6396	D(x): 0.9463	D(G(z)): 0.1413 / 0.0356
True
[113/500][0/12]	Loss_D: 0.2519	Loss_G: 4.7759	D(x): 0.9871	D(G(z)): 0.1498 / 0.0116
True
[114/500][0/12]	Loss_D: 0.0969	Loss_G: 3.0627	D(x): 0.9307	D(G(z)): 0.0461 / 0.0631
True
[115/500][0/12]	Loss_D: 0.0969	Loss_G: 3.9627	D(x): 0.9484	D(G(z)): 0.0822 / 0.0275
True
[116/500][0/12]	Loss_D: 0.2298	Loss_G: 4.7840	D(x): 0.9784	D(G(z)): 0.1001 / 0.0113
True
[117/500][0/12]	Loss_D: 0.1194	Loss_G: 5.0654	D(x): 0.9856	D(G(z)): 0.2618 / 0.0071
True
[118/500][0/12]	Loss_D: 0.0895	Loss_G: 4.2815	D(x): 0.9883	D(G(z)): 0.2367 / 0.0217
True
[119/500][0/12]	Loss_D: 0.5068	Loss_G: 7.2191	D(x): 0.9982	D(G(z)): 0.6146 / 0.0009
True
[120/500][0/12]	Loss_D: 0.2962	Loss_G: 4.2458	D(x): 0.9889	D(G(z)): 0.2113 / 0.0207
True
[121/500][0/12]	Loss_D: 0.2317	Loss_G: 5.4833	D(x): 0.9968	D(G(z)): 0.5414 / 0.0054
True
[122/500][0/12]	Loss_D: 0.0692	Loss_G: 4.0086	D(x): 0.9820	D(G(z)): 0.1598 / 0.0241
True
[123/500][0/12]	Loss_D: 0.1074	Loss_G: 4.0594	D(x): 0.9535	D(G(z)): 0.0672 / 0.0266
True
[124/500][0/12]	Loss_D: 0.0475	Loss_G: 4.3319	D(x): 0.9324	D(G(z)): 0.0170 / 0.0170
True
[125/500][0/12]	Loss_D: 0.1866	Loss_G: 4.2420	D(x): 0.8392	D(G(z)): 0.0064 / 0.0232
True
[126/500][0/12]	Loss_D: 0.0375	Loss_G: 3.0778	D(x): 0.9870	D(G(z)): 0.1385 / 0.0566
True
[127/500][0/12]	Loss_D: 0.0317	Loss_G: 4.0779	D(x): 0.9906	D(G(z)): 0.1536 / 0.0253
True
[128/500][0/12]	Loss_D: 0.1174	Loss_G: 4.0763	D(x): 0.9639	D(G(z)): 0.0868 / 0.0237
True
[129/500][0/12]	Loss_D: 0.0263	Loss_G: 3.3817	D(x): 0.9251	D(G(z)): 0.0194 / 0.0525
True
[130/500][0/12]	Loss_D: 0.4242	Loss_G: 8.4182	D(x): 0.9990	D(G(z)): 0.6063 / 0.0004
True
[131/500][0/12]	Loss_D: 0.2350	Loss_G: 4.7719	D(x): 0.9746	D(G(z)): 0.1771 / 0.0123
True
[132/500][0/12]	Loss_D: 0.1517	Loss_G: 3.0811	D(x): 0.9204	D(G(z)): 0.0779 / 0.0803
True
[133/500][0/12]	Loss_D: 0.1659	Loss_G: 4.4933	D(x): 0.9895	D(G(z)): 0.2258 / 0.0138
True
[134/500][0/12]	Loss_D: 0.0051	Loss_G: 4.0837	D(x): 0.9740	D(G(z)): 0.0541 / 0.0265
True
[135/500][0/12]	Loss_D: 0.1041	Loss_G: 3.9518	D(x): 0.9519	D(G(z)): 0.0438 / 0.0239
True
[136/500][0/12]	Loss_D: 0.1415	Loss_G: 5.2046	D(x): 0.9955	D(G(z)): 0.2626 / 0.0078
True
[137/500][0/12]	Loss_D: 0.0510	Loss_G: 4.2676	D(x): 0.9905	D(G(z)): 0.0986 / 0.0206
True
[138/500][0/12]	Loss_D: 0.1024	Loss_G: 5.2102	D(x): 0.9937	D(G(z)): 0.2840 / 0.0064
True
[139/500][0/12]	Loss_D: 0.4496	Loss_G: 6.5805	D(x): 0.9957	D(G(z)): 0.3607 / 0.0020
True
[140/500][0/12]	Loss_D: -0.1232	Loss_G: 4.0717	D(x): 0.9944	D(G(z)): 0.1810 / 0.0255
True
[141/500][0/12]	Loss_D: 0.0429	Loss_G: 3.9195	D(x): 0.9914	D(G(z)): 0.0893 / 0.0245
True
[142/500][0/12]	Loss_D: 0.1091	Loss_G: 4.0355	D(x): 0.9863	D(G(z)): 0.1097 / 0.0226
True
[143/500][0/12]	Loss_D: 0.0945	Loss_G: 3.7486	D(x): 0.9570	D(G(z)): 0.0412 / 0.0401
True
[144/500][0/12]	Loss_D: 0.2113	Loss_G: 4.8860	D(x): 0.9565	D(G(z)): 0.0325 / 0.0138
True
[145/500][0/12]	Loss_D: 0.1171	Loss_G: 4.2206	D(x): 0.9487	D(G(z)): 0.0284 / 0.0330
True
[146/500][0/12]	Loss_D: -0.0152	Loss_G: 4.1034	D(x): 0.9923	D(G(z)): 0.0540 / 0.0215
True
[147/500][0/12]	Loss_D: -0.0287	Loss_G: 3.0534	D(x): 0.9755	D(G(z)): 0.0550 / 0.0685
True
[148/500][0/12]	Loss_D: -0.0102	Loss_G: 3.7489	D(x): 0.9882	D(G(z)): 0.0522 / 0.0424
True
[149/500][0/12]	Loss_D: 0.1952	Loss_G: 5.3149	D(x): 0.9947	D(G(z)): 0.2177 / 0.0069
True
[150/500][0/12]	Loss_D: 0.1673	Loss_G: 4.0389	D(x): 0.9735	D(G(z)): 0.0401 / 0.0256
True
[151/500][0/12]	Loss_D: 0.2388	Loss_G: 3.3895	D(x): 0.8701	D(G(z)): 0.0069 / 0.0467
True
[152/500][0/12]	Loss_D: 0.0369	Loss_G: 4.1684	D(x): 0.9817	D(G(z)): 0.0659 / 0.0229
True
[153/500][0/12]	Loss_D: 0.2552	Loss_G: 3.8160	D(x): 0.9710	D(G(z)): 0.0717 / 0.0292
True
[154/500][0/12]	Loss_D: -0.0920	Loss_G: 3.8282	D(x): 0.9722	D(G(z)): 0.0402 / 0.0435
True
[155/500][0/12]	Loss_D: 0.1435	Loss_G: 5.2454	D(x): 0.9562	D(G(z)): 0.0119 / 0.0121
True
[156/500][0/12]	Loss_D: 0.0921	Loss_G: 4.4646	D(x): 0.9731	D(G(z)): 0.0693 / 0.0202
True
[157/500][0/12]	Loss_D: 0.2472	Loss_G: 4.7417	D(x): 0.9806	D(G(z)): 0.0536 / 0.0145
True
[158/500][0/12]	Loss_D: 0.3087	Loss_G: 8.3313	D(x): 0.9980	D(G(z)): 0.3268 / 0.0004
True
[159/500][0/12]	Loss_D: 0.2634	Loss_G: 4.5399	D(x): 0.9646	D(G(z)): 0.0809 / 0.0160
True
[160/500][0/12]	Loss_D: 0.2040	Loss_G: 4.5231	D(x): 0.9694	D(G(z)): 0.0490 / 0.0166
True
[161/500][0/12]	Loss_D: -0.1994	Loss_G: 3.3800	D(x): 0.9884	D(G(z)): 0.0286 / 0.0507
True
[162/500][0/12]	Loss_D: 0.1752	Loss_G: 5.8446	D(x): 0.9528	D(G(z)): 0.0163 / 0.0060
True
[163/500][0/12]	Loss_D: 0.0434	Loss_G: 4.4996	D(x): 0.9921	D(G(z)): 0.1136 / 0.0166
True
[164/500][0/12]	Loss_D: 0.2546	Loss_G: 5.6344	D(x): 0.9863	D(G(z)): 0.0426 / 0.0067
True
[165/500][0/12]	Loss_D: -0.0147	Loss_G: 5.3542	D(x): 0.9974	D(G(z)): 0.1815 / 0.0063
True
[166/500][0/12]	Loss_D: -0.0541	Loss_G: 4.1054	D(x): 0.9699	D(G(z)): 0.0186 / 0.0234
True
[167/500][0/12]	Loss_D: -0.0754	Loss_G: 4.6413	D(x): 0.9914	D(G(z)): 0.0476 / 0.0157
True
[168/500][0/12]	Loss_D: 0.0517	Loss_G: 6.4732	D(x): 0.9976	D(G(z)): 0.2231 / 0.0023
True
[169/500][0/12]	Loss_D: 0.4898	Loss_G: 8.9675	D(x): 0.9996	D(G(z)): 0.4382 / 0.0003
True
[170/500][0/12]	Loss_D: 0.0006	Loss_G: 3.3569	D(x): 0.9006	D(G(z)): 0.0078 / 0.0592
True
[171/500][0/12]	Loss_D: -0.0790	Loss_G: 4.5340	D(x): 0.9701	D(G(z)): 0.0162 / 0.0219
True
[172/500][0/12]	Loss_D: 0.1963	Loss_G: 5.0293	D(x): 0.9946	D(G(z)): 0.1002 / 0.0102
True
[173/500][0/12]	Loss_D: -0.0600	Loss_G: 3.8047	D(x): 0.9724	D(G(z)): 0.0563 / 0.0378
True
[174/500][0/12]	Loss_D: 0.0844	Loss_G: 3.8251	D(x): 0.9753	D(G(z)): 0.0483 / 0.0383
True
[175/500][0/12]	Loss_D: 0.2739	Loss_G: 7.0521	D(x): 0.9911	D(G(z)): 0.2301 / 0.0014
True
[176/500][0/12]	Loss_D: 0.0883	Loss_G: 4.0563	D(x): 0.9743	D(G(z)): 0.0508 / 0.0229
True
[177/500][0/12]	Loss_D: 0.1199	Loss_G: 5.1255	D(x): 0.9373	D(G(z)): 0.0039 / 0.0099
True
[178/500][0/12]	Loss_D: 0.1889	Loss_G: 5.3635	D(x): 0.9767	D(G(z)): 0.0246 / 0.0088
True
[179/500][0/12]	Loss_D: -0.0499	Loss_G: 3.6933	D(x): 0.9905	D(G(z)): 0.0468 / 0.0390
True
[180/500][0/12]	Loss_D: 0.2547	Loss_G: 8.4454	D(x): 0.9986	D(G(z)): 0.3602 / 0.0003
True
[181/500][0/12]	Loss_D: 0.0607	Loss_G: 2.9897	D(x): 0.9170	D(G(z)): 0.0169 / 0.0750
True
[182/500][0/12]	Loss_D: 0.2098	Loss_G: 3.4170	D(x): 0.8867	D(G(z)): 0.0077 / 0.0586
True
[183/500][0/12]	Loss_D: 0.2998	Loss_G: 7.4011	D(x): 0.9977	D(G(z)): 0.2679 / 0.0011
True
[184/500][0/12]	Loss_D: 0.1419	Loss_G: 5.0942	D(x): 0.9928	D(G(z)): 0.0907 / 0.0105
True
[185/500][0/12]	Loss_D: -0.0346	Loss_G: 5.1447	D(x): 0.9963	D(G(z)): 0.1704 / 0.0078
True
[186/500][0/12]	Loss_D: 0.0076	Loss_G: 5.0919	D(x): 0.9877	D(G(z)): 0.0368 / 0.0115
True
[187/500][0/12]	Loss_D: 0.0254	Loss_G: 5.8794	D(x): 0.9829	D(G(z)): 0.0237 / 0.0057
True
[188/500][0/12]	Loss_D: 0.3560	Loss_G: 8.1274	D(x): 0.9990	D(G(z)): 0.3520 / 0.0004
True
[189/500][0/12]	Loss_D: 0.1030	Loss_G: 4.8501	D(x): 0.9851	D(G(z)): 0.0618 / 0.0135
True
[190/500][0/12]	Loss_D: 0.0156	Loss_G: 4.3653	D(x): 0.9743	D(G(z)): 0.0280 / 0.0228
True
[191/500][0/12]	Loss_D: 0.1070	Loss_G: 4.4749	D(x): 0.9344	D(G(z)): 0.0070 / 0.0162
True
[192/500][0/12]	Loss_D: 0.2984	Loss_G: 6.1558	D(x): 0.9986	D(G(z)): 0.0880 / 0.0029
True
[193/500][0/12]	Loss_D: 0.0927	Loss_G: 4.3804	D(x): 0.9758	D(G(z)): 0.0414 / 0.0240
True
[194/500][0/12]	Loss_D: 0.1020	Loss_G: 4.9675	D(x): 0.9706	D(G(z)): 0.0125 / 0.0120
True
[195/500][0/12]	Loss_D: 0.0019	Loss_G: 4.7816	D(x): 0.9925	D(G(z)): 0.0865 / 0.0112
True
[196/500][0/12]	Loss_D: 0.1363	Loss_G: 3.7318	D(x): 0.8832	D(G(z)): 0.0022 / 0.0446
True
[197/500][0/12]	Loss_D: 0.1741	Loss_G: 4.6135	D(x): 0.9456	D(G(z)): 0.0159 / 0.0166
True
[198/500][0/12]	Loss_D: -0.0005	Loss_G: 4.5181	D(x): 0.9896	D(G(z)): 0.0482 / 0.0169
True
[199/500][0/12]	Loss_D: 0.2352	Loss_G: 2.3391	D(x): 0.8183	D(G(z)): 0.0011 / 0.1325
True
[200/500][0/12]	Loss_D: -0.0501	Loss_G: 3.8178	D(x): 0.9783	D(G(z)): 0.0145 / 0.0313
True
[201/500][0/12]	Loss_D: -0.0321	Loss_G: 4.9306	D(x): 0.9929	D(G(z)): 0.0603 / 0.0099
True
[202/500][0/12]	Loss_D: 0.3203	Loss_G: 6.4419	D(x): 0.9944	D(G(z)): 0.0706 / 0.0030
True
[203/500][0/12]	Loss_D: 0.0637	Loss_G: 5.7268	D(x): 0.9951	D(G(z)): 0.1313 / 0.0049
True
[204/500][0/12]	Loss_D: 0.2401	Loss_G: 3.4746	D(x): 0.9006	D(G(z)): 0.0058 / 0.0624
True
[205/500][0/12]	Loss_D: 3.9302	Loss_G: 0.2437	D(x): 0.1329	D(G(z)): 0.0021 / 0.9960
True
[206/500][0/12]	Loss_D: 0.3327	Loss_G: 1.7030	D(x): 0.8731	D(G(z)): 0.3197 / 0.2712
True
[207/500][0/12]	Loss_D: 0.2948	Loss_G: 4.6210	D(x): 0.9784	D(G(z)): 0.4691 / 0.0171
True
[208/500][0/12]	Loss_D: 1.8398	Loss_G: 6.4360	D(x): 0.9952	D(G(z)): 0.8955 / 0.0066
True
[209/500][0/12]	Loss_D: 0.4062	Loss_G: 2.0447	D(x): 0.7697	D(G(z)): 0.1303 / 0.2031
True
[210/500][0/12]	Loss_D: 0.3768	Loss_G: 6.0503	D(x): 0.9960	D(G(z)): 0.5775 / 0.0051
True
[211/500][0/12]	Loss_D: 0.1605	Loss_G: 4.1884	D(x): 0.9731	D(G(z)): 0.1846 / 0.0242
True
[212/500][0/12]	Loss_D: 0.2172	Loss_G: 3.7519	D(x): 0.8694	D(G(z)): 0.0160 / 0.0440
True
[213/500][0/12]	Loss_D: 0.1829	Loss_G: 3.7634	D(x): 0.9840	D(G(z)): 0.1780 / 0.0326
True
[214/500][0/12]	Loss_D: 0.1214	Loss_G: 3.7118	D(x): 0.9815	D(G(z)): 0.0947 / 0.0328
True
[215/500][0/12]	Loss_D: 0.1092	Loss_G: 3.7784	D(x): 0.9941	D(G(z)): 0.2093 / 0.0298
True
[216/500][0/12]	Loss_D: 0.0947	Loss_G: 4.1632	D(x): 0.9805	D(G(z)): 0.1189 / 0.0205
True
[217/500][0/12]	Loss_D: 0.0231	Loss_G: 3.8181	D(x): 0.9720	D(G(z)): 0.0551 / 0.0357
True
[218/500][0/12]	Loss_D: 0.1581	Loss_G: 4.7409	D(x): 0.9659	D(G(z)): 0.0198 / 0.0169
True
[219/500][0/12]	Loss_D: 0.0964	Loss_G: 5.1776	D(x): 0.9596	D(G(z)): 0.0155 / 0.0091
True
[220/500][0/12]	Loss_D: -0.0346	Loss_G: 5.2537	D(x): 0.9791	D(G(z)): 0.0248 / 0.0086
True
[221/500][0/12]	Loss_D: 0.0799	Loss_G: 3.3945	D(x): 0.9938	D(G(z)): 0.1171 / 0.0488
True
[222/500][0/12]	Loss_D: 0.1470	Loss_G: 4.6626	D(x): 0.9933	D(G(z)): 0.0556 / 0.0151
True
[223/500][0/12]	Loss_D: -0.0994	Loss_G: 3.9323	D(x): 0.9886	D(G(z)): 0.0414 / 0.0352
True
[224/500][0/12]	Loss_D: 0.0721	Loss_G: 4.4306	D(x): 0.9935	D(G(z)): 0.0679 / 0.0177
True
[225/500][0/12]	Loss_D: 0.1090	Loss_G: 4.1023	D(x): 0.9916	D(G(z)): 0.1070 / 0.0243
True
[226/500][0/12]	Loss_D: 0.0420	Loss_G: 5.3360	D(x): 0.9756	D(G(z)): 0.0185 / 0.0086
True
[227/500][0/12]	Loss_D: -0.0040	Loss_G: 4.0156	D(x): 0.9841	D(G(z)): 0.0368 / 0.0301
True
[228/500][0/12]	Loss_D: 0.1147	Loss_G: 4.4253	D(x): 0.9722	D(G(z)): 0.0136 / 0.0167
True
[229/500][0/12]	Loss_D: 0.0443	Loss_G: 4.0677	D(x): 0.9315	D(G(z)): 0.0041 / 0.0278
True
[230/500][0/12]	Loss_D: 0.0753	Loss_G: 5.5159	D(x): 0.9643	D(G(z)): 0.0053 / 0.0069
True
[231/500][0/12]	Loss_D: 0.0790	Loss_G: 4.1630	D(x): 0.9895	D(G(z)): 0.0633 / 0.0249
True
[232/500][0/12]	Loss_D: 0.0797	Loss_G: 4.3508	D(x): 0.9865	D(G(z)): 0.0260 / 0.0176
True
[233/500][0/12]	Loss_D: -0.1187	Loss_G: 3.5795	D(x): 0.9871	D(G(z)): 0.0317 / 0.0400
True
[234/500][0/12]	Loss_D: 0.0848	Loss_G: 4.7062	D(x): 0.9734	D(G(z)): 0.0213 / 0.0142
True
[235/500][0/12]	Loss_D: -0.0035	Loss_G: 4.6895	D(x): 0.9915	D(G(z)): 0.0433 / 0.0135
True
[236/500][0/12]	Loss_D: 0.0807	Loss_G: 4.5421	D(x): 0.9858	D(G(z)): 0.0252 / 0.0140
True
[237/500][0/12]	Loss_D: 0.3473	Loss_G: 6.4174	D(x): 0.9963	D(G(z)): 0.2240 / 0.0020
True
[238/500][0/12]	Loss_D: -0.1326	Loss_G: 3.1336	D(x): 0.9839	D(G(z)): 0.0401 / 0.0621
True
[239/500][0/12]	Loss_D: 0.1117	Loss_G: 4.7036	D(x): 0.9710	D(G(z)): 0.0228 / 0.0172
True
[240/500][0/12]	Loss_D: 0.0627	Loss_G: 5.2975	D(x): 0.9982	D(G(z)): 0.1401 / 0.0064
True
[241/500][0/12]	Loss_D: -0.0070	Loss_G: 5.1891	D(x): 0.9621	D(G(z)): 0.0056 / 0.0100
True
[242/500][0/12]	Loss_D: 0.0012	Loss_G: 5.1103	D(x): 0.9935	D(G(z)): 0.0501 / 0.0078
True
[243/500][0/12]	Loss_D: 0.0410	Loss_G: 4.6617	D(x): 0.9924	D(G(z)): 0.0271 / 0.0159
True
[244/500][0/12]	Loss_D: 0.0184	Loss_G: 4.6556	D(x): 0.9945	D(G(z)): 0.0557 / 0.0153
True
[245/500][0/12]	Loss_D: -0.0682	Loss_G: 5.1380	D(x): 0.9820	D(G(z)): 0.0077 / 0.0100
True
[246/500][0/12]	Loss_D: -0.0863	Loss_G: 5.0474	D(x): 0.9885	D(G(z)): 0.0270 / 0.0100
True
[247/500][0/12]	Loss_D: 0.0700	Loss_G: 5.6660	D(x): 0.9969	D(G(z)): 0.0719 / 0.0058
True
[248/500][0/12]	Loss_D: 0.2065	Loss_G: 6.1668	D(x): 0.9948	D(G(z)): 0.1565 / 0.0031
True
[249/500][0/12]	Loss_D: 0.0469	Loss_G: 6.3072	D(x): 0.9986	D(G(z)): 0.1442 / 0.0024
True
[250/500][0/12]	Loss_D: -0.0631	Loss_G: 4.4341	D(x): 0.9752	D(G(z)): 0.0093 / 0.0199
True
[251/500][0/12]	Loss_D: 0.0805	Loss_G: 5.0521	D(x): 0.9877	D(G(z)): 0.0372 / 0.0094
True
[252/500][0/12]	Loss_D: 0.1070	Loss_G: 5.0691	D(x): 0.9857	D(G(z)): 0.0279 / 0.0112
True
[253/500][0/12]	Loss_D: 0.0436	Loss_G: 5.1483	D(x): 0.9960	D(G(z)): 0.0639 / 0.0079
True
[254/500][0/12]	Loss_D: 0.1377	Loss_G: 5.5359	D(x): 0.9760	D(G(z)): 0.0070 / 0.0074
True
[255/500][0/12]	Loss_D: -0.0811	Loss_G: 4.5332	D(x): 0.9924	D(G(z)): 0.0309 / 0.0155
True
[256/500][0/12]	Loss_D: 0.0676	Loss_G: 6.1961	D(x): 0.9982	D(G(z)): 0.1554 / 0.0034
True
[257/500][0/12]	Loss_D: 0.1707	Loss_G: 5.5569	D(x): 0.9597	D(G(z)): 0.0084 / 0.0075
True
[258/500][0/12]	Loss_D: 0.2865	Loss_G: 7.0235	D(x): 0.9975	D(G(z)): 0.1343 / 0.0013
True
[259/500][0/12]	Loss_D: 0.1104	Loss_G: 5.1266	D(x): 0.9941	D(G(z)): 0.0582 / 0.0105
True
[260/500][0/12]	Loss_D: 0.1001	Loss_G: 5.9687	D(x): 0.9683	D(G(z)): 0.0081 / 0.0038
True
[261/500][0/12]	Loss_D: 0.1691	Loss_G: 5.7999	D(x): 0.9820	D(G(z)): 0.0174 / 0.0038
True
[262/500][0/12]	Loss_D: 0.1205	Loss_G: 5.6549	D(x): 0.9959	D(G(z)): 0.1018 / 0.0048
True
[263/500][0/12]	Loss_D: -0.1348	Loss_G: 4.5455	D(x): 0.9910	D(G(z)): 0.0146 / 0.0171
True
[264/500][0/12]	Loss_D: -0.0628	Loss_G: 5.6120	D(x): 0.9941	D(G(z)): 0.0277 / 0.0059
True
[265/500][0/12]	Loss_D: -0.0403	Loss_G: 5.0320	D(x): 0.9987	D(G(z)): 0.0792 / 0.0100
True
[266/500][0/12]	Loss_D: 0.0690	Loss_G: 6.0085	D(x): 0.9955	D(G(z)): 0.1110 / 0.0042
True
[267/500][0/12]	Loss_D: 0.0394	Loss_G: 4.1473	D(x): 0.9653	D(G(z)): 0.0050 / 0.0288
True
[268/500][0/12]	Loss_D: 0.1840	Loss_G: 6.4088	D(x): 0.9956	D(G(z)): 0.0502 / 0.0041
True
[269/500][0/12]	Loss_D: 0.0871	Loss_G: 6.8805	D(x): 0.9985	D(G(z)): 0.1768 / 0.0021
True
[270/500][0/12]	Loss_D: -0.0322	Loss_G: 4.6991	D(x): 0.9772	D(G(z)): 0.0484 / 0.0136
True
[271/500][0/12]	Loss_D: -0.1701	Loss_G: 3.9718	D(x): 0.9950	D(G(z)): 0.0343 / 0.0230
True
[272/500][0/12]	Loss_D: 0.1424	Loss_G: 7.9137	D(x): 0.9421	D(G(z)): 0.0026 / 0.0010
True
[273/500][0/12]	Loss_D: 0.0523	Loss_G: 4.9299	D(x): 0.9635	D(G(z)): 0.0059 / 0.0114
True
[274/500][0/12]	Loss_D: 0.0030	Loss_G: 2.6209	D(x): 0.9064	D(G(z)): 0.0025 / 0.1034
True
[275/500][0/12]	Loss_D: 0.1878	Loss_G: 4.5613	D(x): 0.9326	D(G(z)): 0.0031 / 0.0171
True
[276/500][0/12]	Loss_D: 0.0665	Loss_G: 4.9224	D(x): 0.9936	D(G(z)): 0.0330 / 0.0132
True
[277/500][0/12]	Loss_D: 0.1242	Loss_G: 4.1365	D(x): 0.9537	D(G(z)): 0.0097 / 0.0254
True
[278/500][0/12]	Loss_D: 0.2829	Loss_G: 10.2362	D(x): 0.9986	D(G(z)): 0.2435 / 0.0001
True
[279/500][0/12]	Loss_D: 0.0758	Loss_G: 5.6527	D(x): 0.9961	D(G(z)): 0.0265 / 0.0066
True
[280/500][0/12]	Loss_D: 0.0009	Loss_G: 4.5893	D(x): 0.9972	D(G(z)): 0.0397 / 0.0131
True
[281/500][0/12]	Loss_D: 0.0094	Loss_G: 5.7018	D(x): 0.9894	D(G(z)): 0.0060 / 0.0056
True
[282/500][0/12]	Loss_D: 0.0793	Loss_G: 5.6809	D(x): 0.9951	D(G(z)): 0.0220 / 0.0056
True
[283/500][0/12]	Loss_D: -0.0192	Loss_G: 5.2054	D(x): 0.9952	D(G(z)): 0.0786 / 0.0090
True
[284/500][0/12]	Loss_D: -0.1565	Loss_G: 4.7167	D(x): 0.9983	D(G(z)): 0.0607 / 0.0202
True
[285/500][0/12]	Loss_D: 0.0767	Loss_G: 7.3123	D(x): 0.9712	D(G(z)): 0.0038 / 0.0013
True
[286/500][0/12]	Loss_D: 0.1717	Loss_G: 5.5788	D(x): 0.9902	D(G(z)): 0.0374 / 0.0057
True
[287/500][0/12]	Loss_D: -0.1454	Loss_G: 5.0109	D(x): 0.9983	D(G(z)): 0.0767 / 0.0095
True
[288/500][0/12]	Loss_D: -0.1475	Loss_G: 4.8719	D(x): 0.9823	D(G(z)): 0.0077 / 0.0146
True
[289/500][0/12]	Loss_D: -0.0102	Loss_G: 1.9267	D(x): 0.9178	D(G(z)): 0.0080 / 0.2050
True
[290/500][0/12]	Loss_D: -0.1042	Loss_G: 3.8971	D(x): 0.9951	D(G(z)): 0.0259 / 0.0288
True
[291/500][0/12]	Loss_D: 0.0298	Loss_G: 4.4530	D(x): 0.9988	D(G(z)): 0.0637 / 0.0380
True
[292/500][0/12]	Loss_D: -0.0726	Loss_G: 7.0779	D(x): 0.9987	D(G(z)): 0.1734 / 0.0013
True
[293/500][0/12]	Loss_D: 0.0723	Loss_G: 5.8161	D(x): 0.9797	D(G(z)): 0.0062 / 0.0048
True
[294/500][0/12]	Loss_D: -0.1047	Loss_G: 4.7597	D(x): 0.9980	D(G(z)): 0.1228 / 0.0141
True
[295/500][0/12]	Loss_D: 0.1280	Loss_G: 6.5559	D(x): 0.9904	D(G(z)): 0.1120 / 0.0030
True
[296/500][0/12]	Loss_D: 0.0085	Loss_G: 5.7838	D(x): 0.9941	D(G(z)): 0.0934 / 0.0051
True
[297/500][0/12]	Loss_D: -0.1066	Loss_G: 5.9817	D(x): 0.9376	D(G(z)): 0.0014 / 0.0103
True
[298/500][0/12]	Loss_D: 0.0406	Loss_G: 7.8155	D(x): 0.9989	D(G(z)): 0.1942 / 0.0006
True
[299/500][0/12]	Loss_D: -0.1633	Loss_G: 4.4590	D(x): 0.9951	D(G(z)): 0.0737 / 0.0233
True
[300/500][0/12]	Loss_D: -0.0135	Loss_G: 5.3019	D(x): 0.9926	D(G(z)): 0.0124 / 0.0089
True
[301/500][0/12]	Loss_D: -0.1423	Loss_G: 3.9314	D(x): 0.9856	D(G(z)): 0.0184 / 0.0273
True
[302/500][0/12]	Loss_D: -0.0050	Loss_G: 5.4788	D(x): 0.9972	D(G(z)): 0.0756 / 0.0060
True
[303/500][0/12]	Loss_D: 0.0701	Loss_G: 6.6430	D(x): 0.9994	D(G(z)): 0.1114 / 0.0021
True
[304/500][0/12]	Loss_D: 0.1233	Loss_G: 5.7078	D(x): 0.9973	D(G(z)): 0.0738 / 0.0050
True
[305/500][0/12]	Loss_D: 0.0836	Loss_G: 3.1729	D(x): 0.8878	D(G(z)): 0.0017 / 0.0574
True
[306/500][0/12]	Loss_D: 0.0212	Loss_G: 6.6074	D(x): 0.9823	D(G(z)): 0.0121 / 0.0030
True
[307/500][0/12]	Loss_D: -0.1556	Loss_G: 5.7985	D(x): 0.9731	D(G(z)): 0.0032 / 0.0060
True
[308/500][0/12]	Loss_D: 0.0387	Loss_G: 5.5865	D(x): 0.9639	D(G(z)): 0.0069 / 0.0079
True
[309/500][0/12]	Loss_D: 0.1361	Loss_G: 5.1320	D(x): 0.9904	D(G(z)): 0.0618 / 0.0095
True
[310/500][0/12]	Loss_D: -0.0068	Loss_G: 3.4997	D(x): 0.9500	D(G(z)): 0.0086 / 0.0470
True
[311/500][0/12]	Loss_D: 0.1399	Loss_G: 5.6650	D(x): 0.9950	D(G(z)): 0.0387 / 0.0066
True
[312/500][0/12]	Loss_D: -0.0482	Loss_G: 8.4988	D(x): 0.9995	D(G(z)): 0.1775 / 0.0003
True
[313/500][0/12]	Loss_D: 0.6285	Loss_G: 14.7624	D(x): 0.9997	D(G(z)): 0.4902 / 0.0000
True
[314/500][0/12]	Loss_D: 0.0575	Loss_G: 4.8053	D(x): 0.9685	D(G(z)): 0.0384 / 0.0154
True
[315/500][0/12]	Loss_D: 0.0442	Loss_G: 5.9799	D(x): 0.9909	D(G(z)): 0.0152 / 0.0040
True
[316/500][0/12]	Loss_D: 0.0193	Loss_G: 5.0435	D(x): 0.9549	D(G(z)): 0.0116 / 0.0120
True
[317/500][0/12]	Loss_D: 0.1571	Loss_G: 5.4068	D(x): 0.9845	D(G(z)): 0.0366 / 0.0095
True
[318/500][0/12]	Loss_D: 0.2651	Loss_G: 6.2834	D(x): 0.9896	D(G(z)): 0.0213 / 0.0043
True
[319/500][0/12]	Loss_D: 0.0415	Loss_G: 4.5471	D(x): 0.9929	D(G(z)): 0.0492 / 0.0168
True
[320/500][0/12]	Loss_D: -0.1639	Loss_G: 4.7795	D(x): 0.9990	D(G(z)): 0.0575 / 0.0144
True
[321/500][0/12]	Loss_D: 0.0357	Loss_G: 8.0284	D(x): 0.9995	D(G(z)): 0.2379 / 0.0004
True
[322/500][0/12]	Loss_D: 0.1307	Loss_G: 5.4708	D(x): 0.9960	D(G(z)): 0.0218 / 0.0071
True
[323/500][0/12]	Loss_D: -0.0093	Loss_G: 3.8923	D(x): 0.9572	D(G(z)): 0.0087 / 0.0306
True
[324/500][0/12]	Loss_D: 0.4881	Loss_G: 12.5667	D(x): 0.9997	D(G(z)): 0.3234 / 0.0000
True
[325/500][0/12]	Loss_D: 0.0046	Loss_G: 4.3510	D(x): 0.9806	D(G(z)): 0.0249 / 0.0280
True
[326/500][0/12]	Loss_D: -0.0851	Loss_G: 4.9987	D(x): 0.9746	D(G(z)): 0.0090 / 0.0107
True
[327/500][0/12]	Loss_D: -0.0929	Loss_G: 3.5742	D(x): 0.9830	D(G(z)): 0.0160 / 0.0332
True
[328/500][0/12]	Loss_D: -0.0284	Loss_G: 6.6448	D(x): 0.9985	D(G(z)): 0.1201 / 0.0015
True
[329/500][0/12]	Loss_D: 0.1834	Loss_G: 5.4561	D(x): 0.9937	D(G(z)): 0.0847 / 0.0059
True
[330/500][0/12]	Loss_D: 0.3161	Loss_G: 7.3584	D(x): 0.9930	D(G(z)): 0.1299 / 0.0014
True
[331/500][0/12]	Loss_D: 0.0917	Loss_G: 7.4180	D(x): 0.9617	D(G(z)): 0.0014 / 0.0013
True
[332/500][0/12]	Loss_D: -0.0332	Loss_G: 6.0503	D(x): 0.9953	D(G(z)): 0.0173 / 0.0043
True
[333/500][0/12]	Loss_D: 0.1170	Loss_G: 2.7058	D(x): 0.9279	D(G(z)): 0.0035 / 0.1116
True
[334/500][0/12]	Loss_D: -0.0557	Loss_G: 5.7797	D(x): 0.9983	D(G(z)): 0.0223 / 0.0048
True
[335/500][0/12]	Loss_D: 0.0654	Loss_G: 4.8719	D(x): 0.9926	D(G(z)): 0.0570 / 0.0118
True
[336/500][0/12]	Loss_D: 0.3272	Loss_G: 6.8582	D(x): 0.9979	D(G(z)): 0.0530 / 0.0019
True
[337/500][0/12]	Loss_D: 0.2733	Loss_G: 6.5304	D(x): 0.9894	D(G(z)): 0.0074 / 0.0031
True
[338/500][0/12]	Loss_D: -0.1200	Loss_G: 4.3056	D(x): 0.9939	D(G(z)): 0.0095 / 0.0246
True
[339/500][0/12]	Loss_D: -0.1305	Loss_G: 5.0286	D(x): 0.9817	D(G(z)): 0.0065 / 0.0126
True
[340/500][0/12]	Loss_D: -0.0825	Loss_G: 4.6625	D(x): 0.9973	D(G(z)): 0.0231 / 0.0173
True
[341/500][0/12]	Loss_D: 0.0779	Loss_G: 4.8100	D(x): 0.9876	D(G(z)): 0.0224 / 0.0179
True
[342/500][0/12]	Loss_D: 0.1248	Loss_G: 7.5665	D(x): 0.9978	D(G(z)): 0.0108 / 0.0012
True
[343/500][0/12]	Loss_D: -0.2650	Loss_G: 3.9859	D(x): 0.9956	D(G(z)): 0.0129 / 0.0305
True
[344/500][0/12]	Loss_D: 0.2706	Loss_G: 11.6291	D(x): 0.9990	D(G(z)): 0.2926 / 0.0000
True
[345/500][0/12]	Loss_D: 0.2613	Loss_G: 7.4718	D(x): 0.9820	D(G(z)): 0.0053 / 0.0013
True
[346/500][0/12]	Loss_D: 0.0375	Loss_G: 5.3799	D(x): 0.9774	D(G(z)): 0.0062 / 0.0073
True
[347/500][0/12]	Loss_D: -0.0461	Loss_G: 6.6385	D(x): 0.9842	D(G(z)): 0.0041 / 0.0040
True
[348/500][0/12]	Loss_D: -0.0369	Loss_G: 5.5975	D(x): 0.9898	D(G(z)): 0.0047 / 0.0061
True
[349/500][0/12]	Loss_D: 0.0696	Loss_G: 5.2667	D(x): 0.9943	D(G(z)): 0.0286 / 0.0084
True
[350/500][0/12]	Loss_D: -0.2360	Loss_G: 5.3744	D(x): 0.9997	D(G(z)): 0.0359 / 0.0078
True
[351/500][0/12]	Loss_D: 0.0406	Loss_G: 5.0963	D(x): 0.9917	D(G(z)): 0.0401 / 0.0089
True
[352/500][0/12]	Loss_D: -0.0065	Loss_G: 5.6423	D(x): 0.9971	D(G(z)): 0.0280 / 0.0063
True
[353/500][0/12]	Loss_D: 1.6004	Loss_G: 22.4729	D(x): 0.9999	D(G(z)): 0.8860 / 0.0000
True
[354/500][0/12]	Loss_D: 0.8280	Loss_G: 0.5315	D(x): 0.9350	D(G(z)): 0.6691 / 0.6982
True
[355/500][0/12]	Loss_D: 0.8218	Loss_G: 0.3363	D(x): 0.5584	D(G(z)): 0.1990 / 0.7978
True
[356/500][0/12]	Loss_D: 2.5350	Loss_G: 0.1152	D(x): 0.1551	D(G(z)): 0.0296 / 0.8535
True
[357/500][0/12]	Loss_D: 0.7980	Loss_G: 1.9073	D(x): 0.8904	D(G(z)): 0.6795 / 0.1857
True
[358/500][0/12]	Loss_D: 0.5573	Loss_G: 1.4330	D(x): 0.8046	D(G(z)): 0.4714 / 0.2702
True
[359/500][0/12]	Loss_D: 0.8151	Loss_G: 2.8137	D(x): 0.9690	D(G(z)): 0.7191 / 0.1005
True
[360/500][0/12]	Loss_D: 0.3161	Loss_G: 2.2292	D(x): 0.8221	D(G(z)): 0.2296 / 0.1471
True
[361/500][0/12]	Loss_D: 0.8366	Loss_G: 2.6600	D(x): 0.9649	D(G(z)): 0.6701 / 0.1304
True
[362/500][0/12]	Loss_D: 0.4759	Loss_G: 0.1688	D(x): 0.7000	D(G(z)): 0.0539 / 0.8868
True
[363/500][0/12]	Loss_D: 0.4028	Loss_G: 1.2862	D(x): 0.7614	D(G(z)): 0.1039 / 0.3711
True
[364/500][0/12]	Loss_D: 0.2859	Loss_G: 3.8357	D(x): 0.9145	D(G(z)): 0.2588 / 0.0325
True
[365/500][0/12]	Loss_D: 0.0953	Loss_G: 3.0192	D(x): 0.9139	D(G(z)): 0.1021 / 0.0913
True
[366/500][0/12]	Loss_D: 0.1808	Loss_G: 6.6868	D(x): 0.9842	D(G(z)): 0.4325 / 0.0019
True
[367/500][0/12]	Loss_D: 0.1865	Loss_G: 5.4054	D(x): 0.9870	D(G(z)): 0.2624 / 0.0068
True
[368/500][0/12]	Loss_D: 0.3496	Loss_G: 5.4286	D(x): 0.9842	D(G(z)): 0.2638 / 0.0091
True
[369/500][0/12]	Loss_D: 0.0783	Loss_G: 4.5343	D(x): 0.9908	D(G(z)): 0.1725 / 0.0213
True
[370/500][0/12]	Loss_D: 0.2359	Loss_G: 4.2613	D(x): 0.9903	D(G(z)): 0.1702 / 0.0217
True
[371/500][0/12]	Loss_D: 0.2282	Loss_G: 5.0784	D(x): 0.9914	D(G(z)): 0.2587 / 0.0093
True
[372/500][0/12]	Loss_D: 0.0106	Loss_G: 4.6934	D(x): 0.9830	D(G(z)): 0.1247 / 0.0151
True
[373/500][0/12]	Loss_D: -0.0240	Loss_G: 3.4015	D(x): 0.9583	D(G(z)): 0.0725 / 0.0555
True
[374/500][0/12]	Loss_D: 0.0471	Loss_G: 5.7145	D(x): 0.9954	D(G(z)): 0.2686 / 0.0049
True
[375/500][0/12]	Loss_D: 0.1870	Loss_G: 5.4307	D(x): 0.9948	D(G(z)): 0.2015 / 0.0069
True
[376/500][0/12]	Loss_D: 0.0867	Loss_G: 3.9898	D(x): 0.9224	D(G(z)): 0.0136 / 0.0248
True
[377/500][0/12]	Loss_D: 0.1143	Loss_G: 4.4875	D(x): 0.9629	D(G(z)): 0.0181 / 0.0196
True
[378/500][0/12]	Loss_D: -0.0133	Loss_G: 4.4167	D(x): 0.9687	D(G(z)): 0.0211 / 0.0187
True
[379/500][0/12]	Loss_D: 0.1102	Loss_G: 4.9577	D(x): 0.9954	D(G(z)): 0.0621 / 0.0098
True
[380/500][0/12]	Loss_D: 0.0332	Loss_G: 5.0083	D(x): 0.9807	D(G(z)): 0.0316 / 0.0112
True
[381/500][0/12]	Loss_D: 0.0262	Loss_G: 4.6367	D(x): 0.9850	D(G(z)): 0.0450 / 0.0137
True
[382/500][0/12]	Loss_D: -0.1032	Loss_G: 4.5144	D(x): 0.9911	D(G(z)): 0.0567 / 0.0149
True
[383/500][0/12]	Loss_D: 0.0168	Loss_G: 5.0607	D(x): 0.9933	D(G(z)): 0.0351 / 0.0094
True
[384/500][0/12]	Loss_D: 0.1375	Loss_G: 4.2826	D(x): 0.9450	D(G(z)): 0.0154 / 0.0199
True
[385/500][0/12]	Loss_D: -0.0115	Loss_G: 3.7994	D(x): 0.9683	D(G(z)): 0.0256 / 0.0315
True
[386/500][0/12]	Loss_D: 0.1516	Loss_G: 6.0729	D(x): 0.9817	D(G(z)): 0.0112 / 0.0031
True
[387/500][0/12]	Loss_D: 0.1460	Loss_G: 5.7763	D(x): 0.9814	D(G(z)): 0.0186 / 0.0051
True
[388/500][0/12]	Loss_D: 0.1869	Loss_G: 6.2391	D(x): 0.9893	D(G(z)): 0.0323 / 0.0032
True
[389/500][0/12]	Loss_D: -0.0451	Loss_G: 4.8106	D(x): 0.9967	D(G(z)): 0.0870 / 0.0137
True
[390/500][0/12]	Loss_D: -0.0517	Loss_G: 5.9062	D(x): 0.9954	D(G(z)): 0.0469 / 0.0046
True
[391/500][0/12]	Loss_D: -0.0893	Loss_G: 4.8041	D(x): 0.9788	D(G(z)): 0.0081 / 0.0158
True
[392/500][0/12]	Loss_D: 0.1006	Loss_G: 8.4843	D(x): 0.9993	D(G(z)): 0.2388 / 0.0003
True
[393/500][0/12]	Loss_D: 0.0287	Loss_G: 6.2147	D(x): 0.9711	D(G(z)): 0.0032 / 0.0032
True
[394/500][0/12]	Loss_D: -0.1373	Loss_G: 5.3740	D(x): 0.9983	D(G(z)): 0.1620 / 0.0078
True
[395/500][0/12]	Loss_D: 0.1534	Loss_G: 5.9763	D(x): 0.9911	D(G(z)): 0.0249 / 0.0037
True
[396/500][0/12]	Loss_D: -0.1575	Loss_G: 3.5504	D(x): 0.9980	D(G(z)): 0.0659 / 0.0467
True
[397/500][0/12]	Loss_D: -0.0329	Loss_G: 4.1404	D(x): 0.9948	D(G(z)): 0.0288 / 0.0242
True
[398/500][0/12]	Loss_D: -0.1113	Loss_G: 4.8025	D(x): 0.9938	D(G(z)): 0.0482 / 0.0124
True
[399/500][0/12]	Loss_D: -0.0024	Loss_G: 5.1739	D(x): 0.9782	D(G(z)): 0.0119 / 0.0106
True
[400/500][0/12]	Loss_D: 0.0861	Loss_G: 8.0695	D(x): 0.9996	D(G(z)): 0.2501 / 0.0005
True
[401/500][0/12]	Loss_D: 0.2449	Loss_G: 7.4243	D(x): 0.9976	D(G(z)): 0.1810 / 0.0009
True
[402/500][0/12]	Loss_D: 0.2163	Loss_G: 5.1985	D(x): 0.9005	D(G(z)): 0.0028 / 0.0097
True
[403/500][0/12]	Loss_D: 0.0240	Loss_G: 4.5870	D(x): 0.9974	D(G(z)): 0.0752 / 0.0158
True
[404/500][0/12]	Loss_D: 0.0467	Loss_G: 2.3347	D(x): 0.8627	D(G(z)): 0.0013 / 0.1375
True
[405/500][0/12]	Loss_D: 0.0428	Loss_G: 5.9080	D(x): 0.9897	D(G(z)): 0.0093 / 0.0040
True
[406/500][0/12]	Loss_D: -0.1616	Loss_G: 4.5309	D(x): 0.9918	D(G(z)): 0.0256 / 0.0168
True
[407/500][0/12]	Loss_D: 0.0792	Loss_G: 4.3143	D(x): 0.9821	D(G(z)): 0.0255 / 0.0194
True
[408/500][0/12]	Loss_D: 0.0438	Loss_G: 6.3055	D(x): 0.9836	D(G(z)): 0.0066 / 0.0023
True
[409/500][0/12]	Loss_D: 0.0883	Loss_G: 5.9814	D(x): 0.9517	D(G(z)): 0.0054 / 0.0049
True
[410/500][0/12]	Loss_D: 0.0764	Loss_G: 4.3112	D(x): 0.9979	D(G(z)): 0.0660 / 0.0201
True
[411/500][0/12]	Loss_D: 0.0953	Loss_G: 5.8445	D(x): 0.9979	D(G(z)): 0.0394 / 0.0046
True
[412/500][0/12]	Loss_D: 0.0460	Loss_G: 7.3687	D(x): 0.9852	D(G(z)): 0.0021 / 0.0019
True
[413/500][0/12]	Loss_D: 0.0068	Loss_G: 4.9726	D(x): 0.9990	D(G(z)): 0.0390 / 0.0114
True
[414/500][0/12]	Loss_D: -0.1101	Loss_G: 5.5448	D(x): 0.9894	D(G(z)): 0.0211 / 0.0058
True
[415/500][0/12]	Loss_D: -0.1002	Loss_G: 5.6999	D(x): 0.9893	D(G(z)): 0.0248 / 0.0061
True
[416/500][0/12]	Loss_D: -0.0216	Loss_G: 4.8610	D(x): 0.9401	D(G(z)): 0.0030 / 0.0130
True
[417/500][0/12]	Loss_D: 0.0988	Loss_G: 5.6649	D(x): 0.9966	D(G(z)): 0.0331 / 0.0049
True
[418/500][0/12]	Loss_D: 0.2874	Loss_G: 8.0657	D(x): 0.9986	D(G(z)): 0.1773 / 0.0004
True
[419/500][0/12]	Loss_D: -0.1290	Loss_G: 5.2833	D(x): 0.9988	D(G(z)): 0.0953 / 0.0069
True
[420/500][0/12]	Loss_D: 0.6047	Loss_G: 0.7786	D(x): 0.7089	D(G(z)): 0.0004 / 0.5459
True
[421/500][0/12]	Loss_D: 0.0691	Loss_G: 6.8023	D(x): 0.9612	D(G(z)): 0.0379 / 0.0110
True
[422/500][0/12]	Loss_D: 0.2543	Loss_G: 4.1978	D(x): 0.8842	D(G(z)): 0.0419 / 0.0387
True
[423/500][0/12]	Loss_D: 1.2861	Loss_G: 7.1257	D(x): 0.9997	D(G(z)): 0.8328 / 0.0026
True
[424/500][0/12]	Loss_D: 0.1959	Loss_G: 5.8696	D(x): 0.9914	D(G(z)): 0.2247 / 0.0063
True
[425/500][0/12]	Loss_D: 0.1286	Loss_G: 5.3387	D(x): 0.9732	D(G(z)): 0.0770 / 0.0096
True
[426/500][0/12]	Loss_D: 0.4848	Loss_G: 8.1625	D(x): 0.9975	D(G(z)): 0.3970 / 0.0006
True
[427/500][0/12]	Loss_D: 0.1595	Loss_G: 4.1702	D(x): 0.9432	D(G(z)): 0.0452 / 0.0306
True
[428/500][0/12]	Loss_D: 0.0570	Loss_G: 5.3624	D(x): 0.9757	D(G(z)): 0.0156 / 0.0079
True
[429/500][0/12]	Loss_D: 0.0592	Loss_G: 4.7242	D(x): 0.9737	D(G(z)): 0.0285 / 0.0116
True
[430/500][0/12]	Loss_D: -0.0946	Loss_G: 4.1747	D(x): 0.9922	D(G(z)): 0.1008 / 0.0284
True
[431/500][0/12]	Loss_D: 0.1436	Loss_G: 4.6122	D(x): 0.9930	D(G(z)): 0.0337 / 0.0160
True
[432/500][0/12]	Loss_D: 0.0858	Loss_G: 4.4783	D(x): 0.9870	D(G(z)): 0.0516 / 0.0165
True
[433/500][0/12]	Loss_D: 0.0882	Loss_G: 4.4224	D(x): 0.9927	D(G(z)): 0.0277 / 0.0206
True
[434/500][0/12]	Loss_D: -0.0375	Loss_G: 4.6466	D(x): 0.9963	D(G(z)): 0.0509 / 0.0120
True
[435/500][0/12]	Loss_D: 0.1152	Loss_G: 5.8012	D(x): 0.9956	D(G(z)): 0.1057 / 0.0043
True
[436/500][0/12]	Loss_D: 0.0998	Loss_G: 5.1747	D(x): 0.9931	D(G(z)): 0.0331 / 0.0083
True
[437/500][0/12]	Loss_D: 0.0518	Loss_G: 6.8193	D(x): 0.9914	D(G(z)): 0.0069 / 0.0019
True
[438/500][0/12]	Loss_D: 0.0465	Loss_G: 7.0338	D(x): 0.9897	D(G(z)): 0.0074 / 0.0016
True
[439/500][0/12]	Loss_D: 0.0388	Loss_G: 5.6805	D(x): 0.9630	D(G(z)): 0.0167 / 0.0043
True
[440/500][0/12]	Loss_D: -0.0967	Loss_G: 6.3208	D(x): 0.9979	D(G(z)): 0.0300 / 0.0027
True
[441/500][0/12]	Loss_D: -0.2173	Loss_G: 7.9378	D(x): 0.9930	D(G(z)): 0.0029 / 0.0005
True
[442/500][0/12]	Loss_D: 0.3223	Loss_G: 10.3715	D(x): 0.9985	D(G(z)): 0.0576 / 0.0001
True
[443/500][0/12]	Loss_D: -0.0076	Loss_G: 21.8249	D(x): 0.9973	D(G(z)): 0.2002 / 0.0000
True
[444/500][0/12]	Loss_D: -0.0869	Loss_G: 7.1567	D(x): 0.9993	D(G(z)): 0.0199 / 0.0010
True
[445/500][0/12]	Loss_D: 0.1318	Loss_G: 9.5645	D(x): 0.9983	D(G(z)): 0.0249 / 0.0001
True
[446/500][0/12]	Loss_D: 0.1231	Loss_G: 7.8782	D(x): 0.9935	D(G(z)): 0.0075 / 0.0005
True
[447/500][0/12]	Loss_D: 0.0607	Loss_G: 6.3478	D(x): 0.9689	D(G(z)): 0.0062 / 0.0020
True
[448/500][0/12]	Loss_D: 0.1535	Loss_G: 13.2197	D(x): 0.9995	D(G(z)): 0.0000 / 0.0000
True
[449/500][0/12]	Loss_D: 0.1390	Loss_G: 10.6042	D(x): 0.9714	D(G(z)): 0.0028 / 0.0000
True
[450/500][0/12]	Loss_D: -0.0781	Loss_G: 7.1043	D(x): 0.9994	D(G(z)): 0.0069 / 0.0039
True
[451/500][0/12]	Loss_D: 0.0568	Loss_G: 15.3122	D(x): 0.9147	D(G(z)): 0.0000 / 0.0000
True
[452/500][0/12]	Loss_D: -0.1833	Loss_G: 6.2852	D(x): 0.9996	D(G(z)): 0.0107 / 0.0106
True
[453/500][0/12]	Loss_D: 0.0760	Loss_G: 7.0934	D(x): 0.9813	D(G(z)): 0.0355 / 0.0064
True
[454/500][0/12]	Loss_D: 0.0134	Loss_G: 5.1480	D(x): 0.9658	D(G(z)): 0.0253 / 0.0068
True
[455/500][0/12]	Loss_D: 0.0004	Loss_G: 8.2955	D(x): 0.9848	D(G(z)): 0.0053 / 0.0006
True
[456/500][0/12]	Loss_D: 0.0127	Loss_G: 5.9027	D(x): 0.9921	D(G(z)): 0.0203 / 0.0030
True
[457/500][0/12]	Loss_D: -0.0815	Loss_G: 5.2352	D(x): 0.9900	D(G(z)): 0.0333 / 0.0068
True
[458/500][0/12]	Loss_D: 0.1614	Loss_G: 7.3840	D(x): 0.9523	D(G(z)): 0.0028 / 0.0011
True
[459/500][0/12]	Loss_D: 0.0144	Loss_G: 5.6432	D(x): 0.9969	D(G(z)): 0.0348 / 0.0062
True
[460/500][0/12]	Loss_D: 0.1372	Loss_G: 7.0883	D(x): 0.9964	D(G(z)): 0.1060 / 0.0012
True
[461/500][0/12]	Loss_D: -0.0410	Loss_G: 6.2733	D(x): 0.9874	D(G(z)): 0.0083 / 0.0033
True
[462/500][0/12]	Loss_D: -0.2590	Loss_G: 8.2457	D(x): 0.9940	D(G(z)): 0.1512 / 0.0010
True
[463/500][0/12]	Loss_D: -0.0136	Loss_G: 5.1250	D(x): 0.9702	D(G(z)): 0.0055 / 0.0076
True
[464/500][0/12]	Loss_D: -0.0952	Loss_G: 3.7881	D(x): 0.9979	D(G(z)): 0.0358 / 0.0475
True
[465/500][0/12]	Loss_D: 0.0084	Loss_G: 4.6566	D(x): 0.9941	D(G(z)): 0.0521 / 0.0114
True
[466/500][0/12]	Loss_D: 0.2315	Loss_G: 6.9136	D(x): 0.9928	D(G(z)): 0.0074 / 0.0020
True
[467/500][0/12]	Loss_D: 0.1532	Loss_G: 9.3267	D(x): 0.9994	D(G(z)): 0.2059 / 0.0002
True
[468/500][0/12]	Loss_D: 0.0632	Loss_G: 5.0404	D(x): 0.9932	D(G(z)): 0.0331 / 0.0101
True
[469/500][0/12]	Loss_D: 0.0121	Loss_G: 5.0355	D(x): 0.9907	D(G(z)): 0.0208 / 0.0136
True
[470/500][0/12]	Loss_D: 0.2316	Loss_G: 6.1298	D(x): 0.9956	D(G(z)): 0.0233 / 0.0030
True
[471/500][0/12]	Loss_D: 0.3450	Loss_G: 8.0182	D(x): 0.9976	D(G(z)): 0.1045 / 0.0006
True
[472/500][0/12]	Loss_D: 0.2279	Loss_G: 4.3727	D(x): 0.8825	D(G(z)): 0.0013 / 0.0193
True
[473/500][0/12]	Loss_D: 0.1114	Loss_G: 5.5334	D(x): 0.9957	D(G(z)): 0.1066 / 0.0047
True
[474/500][0/12]	Loss_D: 0.0951	Loss_G: 6.0038	D(x): 0.9941	D(G(z)): 0.1075 / 0.0049
True
[475/500][0/12]	Loss_D: -0.0731	Loss_G: 5.7117	D(x): 0.9917	D(G(z)): 0.0048 / 0.0059
True
[476/500][0/12]	Loss_D: 0.1029	Loss_G: 6.4574	D(x): 0.9824	D(G(z)): 0.0042 / 0.0030
True
[477/500][0/12]	Loss_D: 0.1013	Loss_G: 5.9455	D(x): 0.9932	D(G(z)): 0.0919 / 0.0050
True
[478/500][0/12]	Loss_D: 0.0654	Loss_G: 4.7632	D(x): 0.9796	D(G(z)): 0.0183 / 0.0150
True
[479/500][0/12]	Loss_D: 0.0052	Loss_G: 5.4836	D(x): 0.9964	D(G(z)): 0.0178 / 0.0082
True
[480/500][0/12]	Loss_D: 0.0946	Loss_G: 6.1940	D(x): 0.9770	D(G(z)): 0.0046 / 0.0035
True
[481/500][0/12]	Loss_D: 0.0999	Loss_G: 6.5897	D(x): 0.9865	D(G(z)): 0.0108 / 0.0023
True
[482/500][0/12]	Loss_D: -0.0701	Loss_G: 4.5429	D(x): 0.9853	D(G(z)): 0.0218 / 0.0143
True
[483/500][0/12]	Loss_D: -0.0381	Loss_G: 4.4711	D(x): 0.9926	D(G(z)): 0.0567 / 0.0169
True
[484/500][0/12]	Loss_D: -0.0091	Loss_G: 4.1431	D(x): 0.9610	D(G(z)): 0.0110 / 0.0247
True
[485/500][0/12]	Loss_D: -0.0408	Loss_G: 5.0056	D(x): 0.9979	D(G(z)): 0.0394 / 0.0100
True
[486/500][0/12]	Loss_D: 0.3197	Loss_G: 7.6724	D(x): 0.9928	D(G(z)): 0.0936 / 0.0008
True
[487/500][0/12]	Loss_D: -0.0019	Loss_G: 8.2660	D(x): 0.9956	D(G(z)): 0.1797 / 0.0003
True
[488/500][0/12]	Loss_D: 0.0693	Loss_G: 6.1734	D(x): 0.9923	D(G(z)): 0.0124 / 0.0030
True
[489/500][0/12]	Loss_D: 0.1373	Loss_G: 7.4790	D(x): 0.9608	D(G(z)): 0.0016 / 0.0008
True
[490/500][0/12]	Loss_D: 0.0415	Loss_G: 7.6300	D(x): 0.9726	D(G(z)): 0.0019 / 0.0010
True
[491/500][0/12]	Loss_D: 0.0880	Loss_G: 4.6547	D(x): 0.9841	D(G(z)): 0.0183 / 0.0116
True
[492/500][0/12]	Loss_D: 0.1832	Loss_G: 7.2072	D(x): 0.9956	D(G(z)): 0.0244 / 0.0011
True
[493/500][0/12]	Loss_D: -0.2518	Loss_G: 4.6242	D(x): 0.9859	D(G(z)): 0.0085 / 0.0135
True
[494/500][0/12]	Loss_D: 0.0751	Loss_G: 6.1924	D(x): 0.9967	D(G(z)): 0.0794 / 0.0032
True
[495/500][0/12]	Loss_D: 0.0065	Loss_G: 4.5186	D(x): 0.9401	D(G(z)): 0.0040 / 0.0162
True
[496/500][0/12]	Loss_D: -0.1859	Loss_G: 4.5576	D(x): 0.9973	D(G(z)): 0.0288 / 0.0157
True
[497/500][0/12]	Loss_D: -0.0727	Loss_G: 5.5760	D(x): 0.9777	D(G(z)): 0.0063 / 0.0049
True
[498/500][0/12]	Loss_D: -0.0240	Loss_G: 6.0704	D(x): 0.9806	D(G(z)): 0.0048 / 0.0035
True
[499/500][0/12]	Loss_D: 0.0167	Loss_G: 6.6541	D(x): 0.9891	D(G(z)): 0.0093 / 0.0021
Traceback (most recent call last):
  File "train.py", line 319, in <module>
    plt.figure(figsize=(10,5))
  File "/home/s1890135/miniconda3/envs/mlp/lib/python3.7/site-packages/matplotlib/pyplot.py", line 548, in figure
    **kwargs)
  File "/home/s1890135/miniconda3/envs/mlp/lib/python3.7/site-packages/matplotlib/backend_bases.py", line 161, in new_figure_manager
    return cls.new_figure_manager_given_figure(num, fig)
  File "/home/s1890135/miniconda3/envs/mlp/lib/python3.7/site-packages/matplotlib/backend_bases.py", line 167, in new_figure_manager_given_figure
    canvas = cls.FigureCanvas(figure)
  File "/home/s1890135/miniconda3/envs/mlp/lib/python3.7/site-packages/matplotlib/backends/backend_qt5agg.py", line 24, in __init__
    super(FigureCanvasQTAgg, self).__init__(figure=figure)
  File "/home/s1890135/miniconda3/envs/mlp/lib/python3.7/site-packages/matplotlib/backends/backend_qt5.py", line 234, in __init__
    _create_qApp()
  File "/home/s1890135/miniconda3/envs/mlp/lib/python3.7/site-packages/matplotlib/backends/backend_qt5.py", line 125, in _create_qApp
    raise RuntimeError('Invalid DISPLAY variable')
RuntimeError: Invalid DISPLAY variable
