Random Seed:  999
/mnt/mscteach_home/s1890135/EvolPokeGAN/experiments/experiment_results/PokeGAN_experiment /mnt/mscteach_home/s1890135/EvolPokeGAN/experiments/experiment_results/PokeGAN_experiment/result_loss /mnt/mscteach_home/s1890135/EvolPokeGAN/experiments/experiment_results/PokeGAN_experiment/saved_models /mnt/mscteach_home/s1890135/EvolPokeGAN/experiments/experiment_results/PokeGAN_experiment/outputs
Data loaded
Generator(
  (main): Sequential(
    (0): ConvTranspose2d(100, 512, kernel_size=(4, 4), stride=(1, 1), bias=False)
    (1): BatchNorm2d(512, eps=1e-05, momentum=0.1, affine=True, track_running_stats=True)
    (2): ReLU(inplace)
    (3): ConvTranspose2d(512, 256, kernel_size=(4, 4), stride=(2, 2), padding=(1, 1), bias=False)
    (4): BatchNorm2d(256, eps=1e-05, momentum=0.1, affine=True, track_running_stats=True)
    (5): ReLU(inplace)
    (6): ConvTranspose2d(256, 128, kernel_size=(4, 4), stride=(2, 2), padding=(1, 1), bias=False)
    (7): BatchNorm2d(128, eps=1e-05, momentum=0.1, affine=True, track_running_stats=True)
    (8): ReLU(inplace)
    (9): ConvTranspose2d(128, 64, kernel_size=(4, 4), stride=(2, 2), padding=(1, 1), bias=False)
    (10): BatchNorm2d(64, eps=1e-05, momentum=0.1, affine=True, track_running_stats=True)
    (11): ReLU(inplace)
    (12): ConvTranspose2d(64, 3, kernel_size=(4, 4), stride=(2, 2), padding=(1, 1), bias=False)
    (13): Tanh()
  )
)
Discriminator(
  (main): Sequential(
    (0): Conv2d(3, 64, kernel_size=(4, 4), stride=(2, 2), padding=(1, 1), bias=False)
    (1): LeakyReLU(negative_slope=0.2, inplace)
    (2): Conv2d(64, 128, kernel_size=(4, 4), stride=(2, 2), padding=(1, 1), bias=False)
    (3): BatchNorm2d(128, eps=1e-05, momentum=0.1, affine=True, track_running_stats=True)
    (4): LeakyReLU(negative_slope=0.2, inplace)
    (5): Conv2d(128, 256, kernel_size=(4, 4), stride=(2, 2), padding=(1, 1), bias=False)
    (6): BatchNorm2d(256, eps=1e-05, momentum=0.1, affine=True, track_running_stats=True)
    (7): LeakyReLU(negative_slope=0.2, inplace)
    (8): Conv2d(256, 512, kernel_size=(4, 4), stride=(2, 2), padding=(1, 1), bias=False)
    (9): BatchNorm2d(512, eps=1e-05, momentum=0.1, affine=True, track_running_stats=True)
    (10): LeakyReLU(negative_slope=0.2, inplace)
    (11): Conv2d(512, 1, kernel_size=(4, 4), stride=(1, 1), bias=False)
    (12): Sigmoid()
  )
)
Starting Training Loop...
[0/500][0/12]	Loss_D: 1.6889	Loss_G: 5.3347	D(x): 0.5643	D(G(z)): 0.5669 / 0.0071
[1/500][0/12]	Loss_D: 0.1648	Loss_G: 7.7278	D(x): 0.9592	D(G(z)): 0.0817 / 0.0007
[2/500][0/12]	Loss_D: 1.5541	Loss_G: 26.8427	D(x): 0.5069	D(G(z)): 0.0000 / 0.0000
[3/500][0/12]	Loss_D: 0.0071	Loss_G: 8.2863	D(x): 0.9937	D(G(z)): 0.0005 / 0.0007
[4/500][0/12]	Loss_D: 2.3064	Loss_G: 17.2528	D(x): 0.9514	D(G(z)): 0.5961 / 0.0000
[5/500][0/12]	Loss_D: 1.2263	Loss_G: 12.4146	D(x): 0.9471	D(G(z)): 0.5570 / 0.0000
[6/500][0/12]	Loss_D: 0.2863	Loss_G: 9.5992	D(x): 0.7965	D(G(z)): 0.0039 / 0.0003
[7/500][0/12]	Loss_D: 0.2221	Loss_G: 4.9826	D(x): 0.8886	D(G(z)): 0.0728 / 0.0215
[8/500][0/12]	Loss_D: 3.5743	Loss_G: 15.3670	D(x): 0.9377	D(G(z)): 0.8702 / 0.0000
[9/500][0/12]	Loss_D: 0.1852	Loss_G: 3.0990	D(x): 0.9460	D(G(z)): 0.0987 / 0.0977
[10/500][0/12]	Loss_D: 1.3190	Loss_G: 8.9079	D(x): 0.9958	D(G(z)): 0.6233 / 0.0003
[11/500][0/12]	Loss_D: 0.1319	Loss_G: 5.1902	D(x): 0.9291	D(G(z)): 0.0473 / 0.0112
[12/500][0/12]	Loss_D: 0.1748	Loss_G: 6.2654	D(x): 0.8704	D(G(z)): 0.0056 / 0.0046
[13/500][0/12]	Loss_D: 1.4496	Loss_G: 18.4436	D(x): 0.9817	D(G(z)): 0.7133 / 0.0000
[14/500][0/12]	Loss_D: 0.2853	Loss_G: 4.5745	D(x): 0.8945	D(G(z)): 0.1394 / 0.0158
[15/500][0/12]	Loss_D: 0.5608	Loss_G: 3.6091	D(x): 0.9866	D(G(z)): 0.3443 / 0.0642
[16/500][0/12]	Loss_D: 3.8775	Loss_G: 9.1695	D(x): 0.9900	D(G(z)): 0.9339 / 0.0003
[17/500][0/12]	Loss_D: 0.5104	Loss_G: 5.3269	D(x): 0.9492	D(G(z)): 0.3018 / 0.0111
[18/500][0/12]	Loss_D: 0.3565	Loss_G: 2.7875	D(x): 0.7993	D(G(z)): 0.0692 / 0.1189
[19/500][0/12]	Loss_D: 0.6121	Loss_G: 5.9890	D(x): 0.9802	D(G(z)): 0.3820 / 0.0064
[20/500][0/12]	Loss_D: 0.2594	Loss_G: 4.4182	D(x): 0.9182	D(G(z)): 0.1423 / 0.0218
[21/500][0/12]	Loss_D: 0.4633	Loss_G: 6.2521	D(x): 0.7067	D(G(z)): 0.0129 / 0.0069
[22/500][0/12]	Loss_D: 1.1628	Loss_G: 7.9159	D(x): 0.9342	D(G(z)): 0.5522 / 0.0037
[23/500][0/12]	Loss_D: 1.0721	Loss_G: 9.7778	D(x): 0.9759	D(G(z)): 0.5920 / 0.0005
[24/500][0/12]	Loss_D: 0.6065	Loss_G: 4.4455	D(x): 0.6500	D(G(z)): 0.0174 / 0.0201
[25/500][0/12]	Loss_D: 1.4473	Loss_G: 8.4727	D(x): 0.9845	D(G(z)): 0.6904 / 0.0010
[26/500][0/12]	Loss_D: 1.3909	Loss_G: 8.0072	D(x): 0.9879	D(G(z)): 0.6315 / 0.0026
[27/500][0/12]	Loss_D: 0.3980	Loss_G: 5.0230	D(x): 0.9894	D(G(z)): 0.2836 / 0.0118
[28/500][0/12]	Loss_D: 0.8070	Loss_G: 4.2997	D(x): 0.5805	D(G(z)): 0.0116 / 0.0345
[29/500][0/12]	Loss_D: 0.8615	Loss_G: 6.6979	D(x): 0.9913	D(G(z)): 0.4835 / 0.0029
[30/500][0/12]	Loss_D: 0.8700	Loss_G: 7.1233	D(x): 0.9229	D(G(z)): 0.4784 / 0.0027
[31/500][0/12]	Loss_D: 0.4619	Loss_G: 5.6251	D(x): 0.9613	D(G(z)): 0.2875 / 0.0056
[32/500][0/12]	Loss_D: 0.5267	Loss_G: 5.5232	D(x): 0.9589	D(G(z)): 0.2991 / 0.0129
[33/500][0/12]	Loss_D: 0.9551	Loss_G: 7.8268	D(x): 0.9489	D(G(z)): 0.5028 / 0.0045
[34/500][0/12]	Loss_D: 0.9557	Loss_G: 6.9924	D(x): 0.9774	D(G(z)): 0.4992 / 0.0027
[35/500][0/12]	Loss_D: 4.6719	Loss_G: 5.9601	D(x): 0.9915	D(G(z)): 0.9476 / 0.0091
[36/500][0/12]	Loss_D: 0.5832	Loss_G: 3.8065	D(x): 0.9802	D(G(z)): 0.3246 / 0.0512
[37/500][0/12]	Loss_D: 0.2625	Loss_G: 3.2747	D(x): 0.9055	D(G(z)): 0.1395 / 0.0482
[38/500][0/12]	Loss_D: 0.1950	Loss_G: 3.4941	D(x): 0.9213	D(G(z)): 0.0926 / 0.0448
[39/500][0/12]	Loss_D: 0.6859	Loss_G: 4.9151	D(x): 0.8448	D(G(z)): 0.3498 / 0.0127
[40/500][0/12]	Loss_D: 1.0293	Loss_G: 6.0242	D(x): 0.9113	D(G(z)): 0.5373 / 0.0100
[41/500][0/12]	Loss_D: 0.7112	Loss_G: 5.5464	D(x): 0.9644	D(G(z)): 0.4416 / 0.0091
[42/500][0/12]	Loss_D: 0.6679	Loss_G: 2.5467	D(x): 0.5753	D(G(z)): 0.0193 / 0.1156
[43/500][0/12]	Loss_D: 1.3536	Loss_G: 8.2489	D(x): 0.9959	D(G(z)): 0.6725 / 0.0017
[44/500][0/12]	Loss_D: 0.6904	Loss_G: 6.1656	D(x): 0.9795	D(G(z)): 0.4433 / 0.0089
[45/500][0/12]	Loss_D: 0.1879	Loss_G: 4.9179	D(x): 0.8865	D(G(z)): 0.0567 / 0.0164
[46/500][0/12]	Loss_D: 0.3626	Loss_G: 5.2305	D(x): 0.9799	D(G(z)): 0.2736 / 0.0111
[47/500][0/12]	Loss_D: 0.2295	Loss_G: 2.4781	D(x): 0.9391	D(G(z)): 0.1356 / 0.1408
[48/500][0/12]	Loss_D: 0.3165	Loss_G: 2.5886	D(x): 0.8059	D(G(z)): 0.0753 / 0.1040
[49/500][0/12]	Loss_D: 0.3803	Loss_G: 5.1641	D(x): 0.9607	D(G(z)): 0.2598 / 0.0098
[50/500][0/12]	Loss_D: 0.2037	Loss_G: 3.6654	D(x): 0.8853	D(G(z)): 0.0685 / 0.0396
[51/500][0/12]	Loss_D: 1.9070	Loss_G: 8.7487	D(x): 0.9810	D(G(z)): 0.7108 / 0.0032
[52/500][0/12]	Loss_D: 0.3614	Loss_G: 2.0065	D(x): 0.7775	D(G(z)): 0.0808 / 0.1913
[53/500][0/12]	Loss_D: 0.4188	Loss_G: 3.8294	D(x): 0.8435	D(G(z)): 0.1716 / 0.0429
[54/500][0/12]	Loss_D: 0.2916	Loss_G: 4.3961	D(x): 0.9432	D(G(z)): 0.1831 / 0.0185
[55/500][0/12]	Loss_D: 0.3598	Loss_G: 6.2279	D(x): 0.9616	D(G(z)): 0.2413 / 0.0049
[56/500][0/12]	Loss_D: 1.5994	Loss_G: 8.0722	D(x): 0.9943	D(G(z)): 0.6785 / 0.0015
[57/500][0/12]	Loss_D: 1.1362	Loss_G: 8.1504	D(x): 0.9855	D(G(z)): 0.5900 / 0.0010
[58/500][0/12]	Loss_D: 0.4305	Loss_G: 6.5082	D(x): 0.9604	D(G(z)): 0.2874 / 0.0034
[59/500][0/12]	Loss_D: 0.3847	Loss_G: 3.5482	D(x): 0.7221	D(G(z)): 0.0128 / 0.0435
[60/500][0/12]	Loss_D: 0.2574	Loss_G: 2.9948	D(x): 0.8595	D(G(z)): 0.0880 / 0.0703
[61/500][0/12]	Loss_D: 0.2227	Loss_G: 4.2780	D(x): 0.8318	D(G(z)): 0.0138 / 0.0203
[62/500][0/12]	Loss_D: 2.1824	Loss_G: 8.4830	D(x): 0.9976	D(G(z)): 0.8186 / 0.0009
[63/500][0/12]	Loss_D: 0.6373	Loss_G: 4.8080	D(x): 0.6243	D(G(z)): 0.0153 / 0.0266
[64/500][0/12]	Loss_D: 0.3938	Loss_G: 2.5846	D(x): 0.8077	D(G(z)): 0.0956 / 0.1127
[65/500][0/12]	Loss_D: 0.1308	Loss_G: 5.1241	D(x): 0.9530	D(G(z)): 0.0754 / 0.0117
[66/500][0/12]	Loss_D: 1.1717	Loss_G: 7.3827	D(x): 0.9805	D(G(z)): 0.6003 / 0.0045
[67/500][0/12]	Loss_D: 0.0825	Loss_G: 3.7127	D(x): 0.9727	D(G(z)): 0.0507 / 0.0369
[68/500][0/12]	Loss_D: 0.4144	Loss_G: 6.3359	D(x): 0.9794	D(G(z)): 0.2959 / 0.0052
[69/500][0/12]	Loss_D: 0.1635	Loss_G: 3.4791	D(x): 0.9567	D(G(z)): 0.1024 / 0.0435
[70/500][0/12]	Loss_D: 0.3639	Loss_G: 6.1430	D(x): 0.9760	D(G(z)): 0.2646 / 0.0037
[71/500][0/12]	Loss_D: 2.0121	Loss_G: 1.3789	D(x): 0.2204	D(G(z)): 0.0026 / 0.4381
[72/500][0/12]	Loss_D: 1.0981	Loss_G: 4.1216	D(x): 0.4309	D(G(z)): 0.0036 / 0.0367
[73/500][0/12]	Loss_D: 0.2248	Loss_G: 5.2579	D(x): 0.8497	D(G(z)): 0.0380 / 0.0134
[74/500][0/12]	Loss_D: 0.5160	Loss_G: 6.1822	D(x): 0.9786	D(G(z)): 0.3507 / 0.0044
[75/500][0/12]	Loss_D: 0.4764	Loss_G: 6.1901	D(x): 0.9821	D(G(z)): 0.3309 / 0.0032
[76/500][0/12]	Loss_D: 0.2874	Loss_G: 5.3111	D(x): 0.9481	D(G(z)): 0.1797 / 0.0093
[77/500][0/12]	Loss_D: 1.5766	Loss_G: 10.0879	D(x): 0.9907	D(G(z)): 0.6720 / 0.0010
[78/500][0/12]	Loss_D: 0.1723	Loss_G: 4.2010	D(x): 0.9030	D(G(z)): 0.0634 / 0.0194
[79/500][0/12]	Loss_D: 1.0436	Loss_G: 8.9779	D(x): 0.9934	D(G(z)): 0.5541 / 0.0004
[80/500][0/12]	Loss_D: 1.4319	Loss_G: 8.0339	D(x): 0.9657	D(G(z)): 0.6603 / 0.0008
[81/500][0/12]	Loss_D: 0.2086	Loss_G: 3.2861	D(x): 0.8542	D(G(z)): 0.0364 / 0.0596
[82/500][0/12]	Loss_D: 1.5367	Loss_G: 8.4585	D(x): 0.9975	D(G(z)): 0.7099 / 0.0016
[83/500][0/12]	Loss_D: 0.6425	Loss_G: 6.6671	D(x): 0.9669	D(G(z)): 0.3777 / 0.0024
[84/500][0/12]	Loss_D: 0.0737	Loss_G: 4.2625	D(x): 0.9750	D(G(z)): 0.0450 / 0.0270
[85/500][0/12]	Loss_D: 0.2036	Loss_G: 3.9786	D(x): 0.8931	D(G(z)): 0.0776 / 0.0312
[86/500][0/12]	Loss_D: 2.2539	Loss_G: 9.4530	D(x): 0.9924	D(G(z)): 0.8269 / 0.0003
[87/500][0/12]	Loss_D: 0.7714	Loss_G: 5.8147	D(x): 0.9474	D(G(z)): 0.4638 / 0.0061
[88/500][0/12]	Loss_D: 0.2216	Loss_G: 5.0417	D(x): 0.9262	D(G(z)): 0.1251 / 0.0119
[89/500][0/12]	Loss_D: 0.2608	Loss_G: 4.1069	D(x): 0.9706	D(G(z)): 0.1887 / 0.0262
[90/500][0/12]	Loss_D: 0.5029	Loss_G: 6.7576	D(x): 0.9394	D(G(z)): 0.3203 / 0.0033
[91/500][0/12]	Loss_D: 0.6454	Loss_G: 5.9430	D(x): 0.9740	D(G(z)): 0.4060 / 0.0065
[92/500][0/12]	Loss_D: 0.8946	Loss_G: 7.0397	D(x): 0.9916	D(G(z)): 0.5168 / 0.0026
[93/500][0/12]	Loss_D: 0.3979	Loss_G: 5.8994	D(x): 0.9669	D(G(z)): 0.2666 / 0.0057
[94/500][0/12]	Loss_D: 0.5397	Loss_G: 3.5723	D(x): 0.6637	D(G(z)): 0.0387 / 0.0664
[95/500][0/12]	Loss_D: 0.4165	Loss_G: 5.4704	D(x): 0.9507	D(G(z)): 0.2710 / 0.0070
[96/500][0/12]	Loss_D: 0.3110	Loss_G: 5.0412	D(x): 0.9741	D(G(z)): 0.2293 / 0.0121
[97/500][0/12]	Loss_D: 0.4347	Loss_G: 6.2158	D(x): 0.9259	D(G(z)): 0.2627 / 0.0038
[98/500][0/12]	Loss_D: 0.5531	Loss_G: 6.4512	D(x): 0.9941	D(G(z)): 0.3863 / 0.0030
[99/500][0/12]	Loss_D: 2.7362	Loss_G: 11.3630	D(x): 0.9980	D(G(z)): 0.8881 / 0.0001
[100/500][0/12]	Loss_D: 0.2689	Loss_G: 4.4730	D(x): 0.9523	D(G(z)): 0.1723 / 0.0189
[101/500][0/12]	Loss_D: 1.7145	Loss_G: 7.0149	D(x): 0.9724	D(G(z)): 0.6930 / 0.0016
[102/500][0/12]	Loss_D: 0.1545	Loss_G: 3.6303	D(x): 0.9688	D(G(z)): 0.1101 / 0.0385
[103/500][0/12]	Loss_D: 0.1354	Loss_G: 4.3033	D(x): 0.9598	D(G(z)): 0.0854 / 0.0199
[104/500][0/12]	Loss_D: 0.2209	Loss_G: 4.4794	D(x): 0.9236	D(G(z)): 0.1240 / 0.0174
[105/500][0/12]	Loss_D: 0.3915	Loss_G: 4.7412	D(x): 0.9296	D(G(z)): 0.1603 / 0.0302
[106/500][0/12]	Loss_D: 0.6908	Loss_G: 7.3617	D(x): 0.9886	D(G(z)): 0.4456 / 0.0013
[107/500][0/12]	Loss_D: 0.2221	Loss_G: 4.1624	D(x): 0.8839	D(G(z)): 0.0853 / 0.0239
[108/500][0/12]	Loss_D: 1.0473	Loss_G: 10.7263	D(x): 0.9833	D(G(z)): 0.5562 / 0.0002
[109/500][0/12]	Loss_D: 0.0822	Loss_G: 3.4036	D(x): 0.9626	D(G(z)): 0.0366 / 0.0635
[110/500][0/12]	Loss_D: 0.2311	Loss_G: 4.2347	D(x): 0.8607	D(G(z)): 0.0684 / 0.0244
[111/500][0/12]	Loss_D: 0.6039	Loss_G: 4.0961	D(x): 0.8314	D(G(z)): 0.2750 / 0.0313
[112/500][0/12]	Loss_D: 0.9473	Loss_G: 7.8710	D(x): 0.9963	D(G(z)): 0.5319 / 0.0016
[113/500][0/12]	Loss_D: 0.3090	Loss_G: 4.1406	D(x): 0.9138	D(G(z)): 0.1795 / 0.0235
[114/500][0/12]	Loss_D: 0.9011	Loss_G: 1.8194	D(x): 0.4860	D(G(z)): 0.0046 / 0.3273
[115/500][0/12]	Loss_D: 1.3678	Loss_G: 8.5237	D(x): 0.9930	D(G(z)): 0.6334 / 0.0010
[116/500][0/12]	Loss_D: 0.6931	Loss_G: 5.0716	D(x): 0.6732	D(G(z)): 0.0382 / 0.0308
[117/500][0/12]	Loss_D: 0.2238	Loss_G: 4.5996	D(x): 0.8295	D(G(z)): 0.0076 / 0.0193
[118/500][0/12]	Loss_D: 0.1605	Loss_G: 5.0889	D(x): 0.9549	D(G(z)): 0.1006 / 0.0104
[119/500][0/12]	Loss_D: 0.8009	Loss_G: 7.1123	D(x): 0.9617	D(G(z)): 0.4125 / 0.0048
[120/500][0/12]	Loss_D: 0.9150	Loss_G: 6.8211	D(x): 0.9742	D(G(z)): 0.5043 / 0.0046
[121/500][0/12]	Loss_D: 0.8769	Loss_G: 6.6336	D(x): 0.9932	D(G(z)): 0.4812 / 0.0037
[122/500][0/12]	Loss_D: 0.5139	Loss_G: 6.9356	D(x): 0.9900	D(G(z)): 0.3527 / 0.0018
[123/500][0/12]	Loss_D: 1.7727	Loss_G: 8.1012	D(x): 0.9967	D(G(z)): 0.7324 / 0.0011
[124/500][0/12]	Loss_D: 0.2728	Loss_G: 2.9247	D(x): 0.9052	D(G(z)): 0.1437 / 0.0816
[125/500][0/12]	Loss_D: 1.4414	Loss_G: 9.4339	D(x): 0.9717	D(G(z)): 0.7000 / 0.0002
[126/500][0/12]	Loss_D: 0.6434	Loss_G: 6.6007	D(x): 0.9922	D(G(z)): 0.4083 / 0.0024
[127/500][0/12]	Loss_D: 0.3341	Loss_G: 3.9669	D(x): 0.7607	D(G(z)): 0.0207 / 0.0296
[128/500][0/12]	Loss_D: 0.3544	Loss_G: 4.2529	D(x): 0.8929	D(G(z)): 0.1755 / 0.0234
[129/500][0/12]	Loss_D: 3.3758	Loss_G: 12.1947	D(x): 0.9944	D(G(z)): 0.8608 / 0.0001
[130/500][0/12]	Loss_D: 0.1497	Loss_G: 5.9569	D(x): 0.9037	D(G(z)): 0.0363 / 0.0056
[131/500][0/12]	Loss_D: 2.5515	Loss_G: 4.5116	D(x): 0.1781	D(G(z)): 0.0015 / 0.0328
[132/500][0/12]	Loss_D: 0.3403	Loss_G: 4.7778	D(x): 0.8929	D(G(z)): 0.1859 / 0.0139
[133/500][0/12]	Loss_D: 0.7629	Loss_G: 6.8217	D(x): 0.9941	D(G(z)): 0.4355 / 0.0019
[134/500][0/12]	Loss_D: 0.2364	Loss_G: 4.2898	D(x): 0.8359	D(G(z)): 0.0365 / 0.0184
[135/500][0/12]	Loss_D: 0.6370	Loss_G: 5.8346	D(x): 0.9844	D(G(z)): 0.3958 / 0.0050
[136/500][0/12]	Loss_D: 0.7213	Loss_G: 3.7425	D(x): 0.5380	D(G(z)): 0.0057 / 0.0460
[137/500][0/12]	Loss_D: 0.1941	Loss_G: 4.2186	D(x): 0.8479	D(G(z)): 0.0178 / 0.0237
[138/500][0/12]	Loss_D: 0.0907	Loss_G: 3.7926	D(x): 0.9702	D(G(z)): 0.0560 / 0.0360
[139/500][0/12]	Loss_D: 0.2631	Loss_G: 3.8213	D(x): 0.9166	D(G(z)): 0.1528 / 0.0320
[140/500][0/12]	Loss_D: 0.2905	Loss_G: 4.5158	D(x): 0.9865	D(G(z)): 0.2208 / 0.0158
[141/500][0/12]	Loss_D: 0.4806	Loss_G: 7.2978	D(x): 0.9836	D(G(z)): 0.3412 / 0.0009
[142/500][0/12]	Loss_D: 0.2859	Loss_G: 4.3224	D(x): 0.7873	D(G(z)): 0.0136 / 0.0274
[143/500][0/12]	Loss_D: 0.2249	Loss_G: 6.6149	D(x): 0.9764	D(G(z)): 0.1592 / 0.0024
[144/500][0/12]	Loss_D: 1.0627	Loss_G: 10.7766	D(x): 0.9945	D(G(z)): 0.5563 / 0.0001
[145/500][0/12]	Loss_D: 0.1561	Loss_G: 4.1371	D(x): 0.9406	D(G(z)): 0.0836 / 0.0295
[146/500][0/12]	Loss_D: 0.6373	Loss_G: 5.7829	D(x): 0.9901	D(G(z)): 0.4042 / 0.0056
[147/500][0/12]	Loss_D: 0.2528	Loss_G: 6.8956	D(x): 0.9685	D(G(z)): 0.1777 / 0.0026
[148/500][0/12]	Loss_D: 0.2999	Loss_G: 4.8511	D(x): 0.7742	D(G(z)): 0.0083 / 0.0136
[149/500][0/12]	Loss_D: 1.0841	Loss_G: 12.8599	D(x): 0.9968	D(G(z)): 0.6019 / 0.0000
[150/500][0/12]	Loss_D: 0.4206	Loss_G: 4.8989	D(x): 0.7858	D(G(z)): 0.0923 / 0.0252
[151/500][0/12]	Loss_D: 0.4634	Loss_G: 5.0210	D(x): 0.9091	D(G(z)): 0.2608 / 0.0124
[152/500][0/12]	Loss_D: 0.2422	Loss_G: 3.5303	D(x): 0.9503	D(G(z)): 0.1548 / 0.0489
[153/500][0/12]	Loss_D: 0.4119	Loss_G: 6.2513	D(x): 0.9759	D(G(z)): 0.2977 / 0.0032
[154/500][0/12]	Loss_D: 0.3447	Loss_G: 3.2663	D(x): 0.8461	D(G(z)): 0.1406 / 0.0613
[155/500][0/12]	Loss_D: 0.1000	Loss_G: 5.0056	D(x): 0.9580	D(G(z)): 0.0514 / 0.0130
[156/500][0/12]	Loss_D: 0.2677	Loss_G: 4.8171	D(x): 0.9850	D(G(z)): 0.2033 / 0.0139
[157/500][0/12]	Loss_D: 0.7042	Loss_G: 4.2107	D(x): 0.5873	D(G(z)): 0.0041 / 0.0231
[158/500][0/12]	Loss_D: 0.8492	Loss_G: 7.8893	D(x): 0.9640	D(G(z)): 0.4926 / 0.0009
[159/500][0/12]	Loss_D: 0.6498	Loss_G: 9.5627	D(x): 0.9774	D(G(z)): 0.4177 / 0.0001
[160/500][0/12]	Loss_D: 0.3414	Loss_G: 7.6026	D(x): 0.9861	D(G(z)): 0.2415 / 0.0010
[161/500][0/12]	Loss_D: 0.2141	Loss_G: 3.5989	D(x): 0.9327	D(G(z)): 0.1087 / 0.0549
[162/500][0/12]	Loss_D: 0.1956	Loss_G: 4.2136	D(x): 0.9580	D(G(z)): 0.1303 / 0.0242
[163/500][0/12]	Loss_D: 0.8094	Loss_G: 8.1047	D(x): 0.9017	D(G(z)): 0.4205 / 0.0006
[164/500][0/12]	Loss_D: 0.3953	Loss_G: 5.0503	D(x): 0.9270	D(G(z)): 0.2321 / 0.0095
[165/500][0/12]	Loss_D: 0.2453	Loss_G: 4.1248	D(x): 0.9740	D(G(z)): 0.1544 / 0.0223
[166/500][0/12]	Loss_D: 0.2680	Loss_G: 3.5154	D(x): 0.8122	D(G(z)): 0.0376 / 0.0530
[167/500][0/12]	Loss_D: 0.1794	Loss_G: 4.0198	D(x): 0.9670	D(G(z)): 0.1306 / 0.0244
[168/500][0/12]	Loss_D: 0.0761	Loss_G: 4.6461	D(x): 0.9790	D(G(z)): 0.0518 / 0.0167
[169/500][0/12]	Loss_D: 0.2573	Loss_G: 3.5077	D(x): 0.8841	D(G(z)): 0.1108 / 0.0439
[170/500][0/12]	Loss_D: 0.1194	Loss_G: 4.3986	D(x): 0.9577	D(G(z)): 0.0709 / 0.0185
[171/500][0/12]	Loss_D: 0.1929	Loss_G: 3.2970	D(x): 0.8605	D(G(z)): 0.0287 / 0.0624
[172/500][0/12]	Loss_D: 0.2358	Loss_G: 5.1827	D(x): 0.9354	D(G(z)): 0.1408 / 0.0080
[173/500][0/12]	Loss_D: 0.6309	Loss_G: 9.5006	D(x): 0.9945	D(G(z)): 0.4062 / 0.0008
[174/500][0/12]	Loss_D: 0.0404	Loss_G: 7.0727	D(x): 0.9764	D(G(z)): 0.0155 / 0.0027
[175/500][0/12]	Loss_D: 0.2065	Loss_G: 4.4480	D(x): 0.9849	D(G(z)): 0.1461 / 0.0293
[176/500][0/12]	Loss_D: 0.3520	Loss_G: 6.2161	D(x): 0.7457	D(G(z)): 0.0086 / 0.0094
[177/500][0/12]	Loss_D: 0.5900	Loss_G: 8.1401	D(x): 0.9916	D(G(z)): 0.3738 / 0.0007
[178/500][0/12]	Loss_D: 0.3507	Loss_G: 2.9167	D(x): 0.8195	D(G(z)): 0.1091 / 0.0942
[179/500][0/12]	Loss_D: 1.8996	Loss_G: 15.0215	D(x): 0.9974	D(G(z)): 0.7118 / 0.0001
[180/500][0/12]	Loss_D: 0.4890	Loss_G: 3.1478	D(x): 0.6912	D(G(z)): 0.0310 / 0.0991
[181/500][0/12]	Loss_D: 4.3273	Loss_G: 10.6955	D(x): 0.9972	D(G(z)): 0.9618 / 0.0005
[182/500][0/12]	Loss_D: 0.2721	Loss_G: 4.1007	D(x): 0.8601	D(G(z)): 0.0816 / 0.0302
[183/500][0/12]	Loss_D: 0.2683	Loss_G: 4.5898	D(x): 0.9814	D(G(z)): 0.2020 / 0.0179
[184/500][0/12]	Loss_D: 0.3714	Loss_G: 5.1949	D(x): 0.9827	D(G(z)): 0.2719 / 0.0081
[185/500][0/12]	Loss_D: 0.6324	Loss_G: 8.9061	D(x): 0.9797	D(G(z)): 0.3888 / 0.0003
[186/500][0/12]	Loss_D: 0.2727	Loss_G: 5.1810	D(x): 0.9958	D(G(z)): 0.2205 / 0.0087
[187/500][0/12]	Loss_D: 0.3010	Loss_G: 5.9653	D(x): 0.9822	D(G(z)): 0.2278 / 0.0055
[188/500][0/12]	Loss_D: 0.1194	Loss_G: 4.9952	D(x): 0.9693	D(G(z)): 0.0811 / 0.0105
[189/500][0/12]	Loss_D: 0.0858	Loss_G: 4.7708	D(x): 0.9455	D(G(z)): 0.0262 / 0.0148
[190/500][0/12]	Loss_D: 0.0834	Loss_G: 4.9473	D(x): 0.9477	D(G(z)): 0.0272 / 0.0123
[191/500][0/12]	Loss_D: 0.3118	Loss_G: 6.4258	D(x): 0.9076	D(G(z)): 0.1771 / 0.0030
[192/500][0/12]	Loss_D: 0.2319	Loss_G: 5.1859	D(x): 0.9854	D(G(z)): 0.1707 / 0.0103
[193/500][0/12]	Loss_D: 0.6166	Loss_G: 8.5946	D(x): 0.9937	D(G(z)): 0.3932 / 0.0007
[194/500][0/12]	Loss_D: 1.7130	Loss_G: 15.9419	D(x): 0.9990	D(G(z)): 0.7239 / 0.0000
[195/500][0/12]	Loss_D: 1.1105	Loss_G: 2.3125	D(x): 0.4902	D(G(z)): 0.0426 / 0.1947
[196/500][0/12]	Loss_D: 0.4075	Loss_G: 5.5498	D(x): 0.8618	D(G(z)): 0.1829 / 0.0076
[197/500][0/12]	Loss_D: 0.1509	Loss_G: 4.7174	D(x): 0.9290	D(G(z)): 0.0579 / 0.0146
[198/500][0/12]	Loss_D: 0.1412	Loss_G: 4.0322	D(x): 0.9486	D(G(z)): 0.0807 / 0.0266
[199/500][0/12]	Loss_D: 1.8294	Loss_G: 12.2809	D(x): 0.9992	D(G(z)): 0.7589 / 0.0001
[200/500][0/12]	Loss_D: 0.2174	Loss_G: 4.6353	D(x): 0.9075	D(G(z)): 0.0891 / 0.0191
[201/500][0/12]	Loss_D: 0.1527	Loss_G: 5.8927	D(x): 0.9240	D(G(z)): 0.0549 / 0.0052
[202/500][0/12]	Loss_D: 0.1351	Loss_G: 3.6890	D(x): 0.9136	D(G(z)): 0.0385 / 0.0431
[203/500][0/12]	Loss_D: 0.1485	Loss_G: 4.6254	D(x): 0.9911	D(G(z)): 0.1235 / 0.0136
[204/500][0/12]	Loss_D: 0.1181	Loss_G: 5.4211	D(x): 0.9729	D(G(z)): 0.0809 / 0.0086
[205/500][0/12]	Loss_D: 0.1405	Loss_G: 4.1572	D(x): 0.9767	D(G(z)): 0.1067 / 0.0219
[206/500][0/12]	Loss_D: 0.4306	Loss_G: 8.9676	D(x): 0.9900	D(G(z)): 0.3158 / 0.0004
[207/500][0/12]	Loss_D: 0.1368	Loss_G: 4.0861	D(x): 0.9937	D(G(z)): 0.1106 / 0.0284
[208/500][0/12]	Loss_D: 0.5831	Loss_G: 7.1264	D(x): 0.9937	D(G(z)): 0.3966 / 0.0023
[209/500][0/12]	Loss_D: 1.1011	Loss_G: 10.1911	D(x): 0.9960	D(G(z)): 0.5780 / 0.0001
[210/500][0/12]	Loss_D: 0.2784	Loss_G: 5.4430	D(x): 0.9655	D(G(z)): 0.1891 / 0.0076
[211/500][0/12]	Loss_D: 0.1068	Loss_G: 4.5977	D(x): 0.9795	D(G(z)): 0.0782 / 0.0164
[212/500][0/12]	Loss_D: 0.1293	Loss_G: 5.0028	D(x): 0.9947	D(G(z)): 0.1018 / 0.0112
[213/500][0/12]	Loss_D: 0.0813	Loss_G: 4.1643	D(x): 0.9758	D(G(z)): 0.0533 / 0.0244
[214/500][0/12]	Loss_D: 0.1267	Loss_G: 5.0881	D(x): 0.9553	D(G(z)): 0.0744 / 0.0107
[215/500][0/12]	Loss_D: 0.0619	Loss_G: 4.8329	D(x): 0.9594	D(G(z)): 0.0193 / 0.0137
[216/500][0/12]	Loss_D: 0.1314	Loss_G: 3.8402	D(x): 0.8997	D(G(z)): 0.0200 / 0.0352
[217/500][0/12]	Loss_D: 0.5070	Loss_G: 9.7502	D(x): 0.9951	D(G(z)): 0.3297 / 0.0003
[218/500][0/12]	Loss_D: 0.2091	Loss_G: 6.0211	D(x): 0.9367	D(G(z)): 0.1160 / 0.0059
[219/500][0/12]	Loss_D: 0.7909	Loss_G: 10.1064	D(x): 0.9591	D(G(z)): 0.4203 / 0.0003
[220/500][0/12]	Loss_D: 0.0860	Loss_G: 5.9420	D(x): 0.9487	D(G(z)): 0.0280 / 0.0053
[221/500][0/12]	Loss_D: 0.1154	Loss_G: 5.3922	D(x): 0.9860	D(G(z)): 0.0888 / 0.0083
[222/500][0/12]	Loss_D: 0.1285	Loss_G: 5.6406	D(x): 0.8912	D(G(z)): 0.0079 / 0.0070
[223/500][0/12]	Loss_D: 0.0888	Loss_G: 4.3384	D(x): 0.9620	D(G(z)): 0.0470 / 0.0200
[224/500][0/12]	Loss_D: 0.0785	Loss_G: 4.6283	D(x): 0.9496	D(G(z)): 0.0243 / 0.0150
[225/500][0/12]	Loss_D: 0.0829	Loss_G: 5.0196	D(x): 0.9714	D(G(z)): 0.0500 / 0.0105
[226/500][0/12]	Loss_D: 0.0677	Loss_G: 4.8525	D(x): 0.9864	D(G(z)): 0.0510 / 0.0119
[227/500][0/12]	Loss_D: 0.1089	Loss_G: 4.3706	D(x): 0.9847	D(G(z)): 0.0857 / 0.0196
[228/500][0/12]	Loss_D: 0.1947	Loss_G: 3.6434	D(x): 0.8541	D(G(z)): 0.0171 / 0.0453
[229/500][0/12]	Loss_D: 0.1110	Loss_G: 5.1930	D(x): 0.9554	D(G(z)): 0.0579 / 0.0105
[230/500][0/12]	Loss_D: 0.0954	Loss_G: 4.4825	D(x): 0.9436	D(G(z)): 0.0346 / 0.0196
[231/500][0/12]	Loss_D: 0.9674	Loss_G: 14.5460	D(x): 0.9995	D(G(z)): 0.5383 / 0.0000
[232/500][0/12]	Loss_D: 1.1889	Loss_G: 3.8103	D(x): 0.4956	D(G(z)): 0.0523 / 0.0632
[233/500][0/12]	Loss_D: 1.7543	Loss_G: 9.2336	D(x): 0.9591	D(G(z)): 0.6737 / 0.0005
[234/500][0/12]	Loss_D: 0.3483	Loss_G: 6.1917	D(x): 0.9373	D(G(z)): 0.2188 / 0.0046
[235/500][0/12]	Loss_D: 0.5631	Loss_G: 7.4875	D(x): 0.9918	D(G(z)): 0.3602 / 0.0014
[236/500][0/12]	Loss_D: 0.2483	Loss_G: 2.9015	D(x): 0.8477	D(G(z)): 0.0659 / 0.0806
[237/500][0/12]	Loss_D: 0.1979	Loss_G: 4.2482	D(x): 0.8637	D(G(z)): 0.0412 / 0.0250
[238/500][0/12]	Loss_D: 0.0454	Loss_G: 4.5655	D(x): 0.9719	D(G(z)): 0.0163 / 0.0152
[239/500][0/12]	Loss_D: 0.1024	Loss_G: 4.5604	D(x): 0.9845	D(G(z)): 0.0797 / 0.0166
[240/500][0/12]	Loss_D: 0.1143	Loss_G: 4.8027	D(x): 0.9828	D(G(z)): 0.0892 / 0.0104
[241/500][0/12]	Loss_D: 0.1042	Loss_G: 4.8732	D(x): 0.9899	D(G(z)): 0.0851 / 0.0117
[242/500][0/12]	Loss_D: 0.1383	Loss_G: 5.1780	D(x): 0.9781	D(G(z)): 0.1028 / 0.0086
[243/500][0/12]	Loss_D: 0.2159	Loss_G: 4.0227	D(x): 0.8319	D(G(z)): 0.0088 / 0.0408
[244/500][0/12]	Loss_D: 0.2248	Loss_G: 6.6466	D(x): 0.9898	D(G(z)): 0.1779 / 0.0022
[245/500][0/12]	Loss_D: 0.0626	Loss_G: 4.7212	D(x): 0.9595	D(G(z)): 0.0203 / 0.0126
[246/500][0/12]	Loss_D: 0.0729	Loss_G: 4.8861	D(x): 0.9860	D(G(z)): 0.0556 / 0.0108
[247/500][0/12]	Loss_D: 0.1321	Loss_G: 4.9999	D(x): 0.9843	D(G(z)): 0.1051 / 0.0090
[248/500][0/12]	Loss_D: 0.0484	Loss_G: 5.1806	D(x): 0.9852	D(G(z)): 0.0320 / 0.0097
[249/500][0/12]	Loss_D: 0.0377	Loss_G: 5.0798	D(x): 0.9846	D(G(z)): 0.0217 / 0.0089
[250/500][0/12]	Loss_D: 0.1096	Loss_G: 4.5219	D(x): 0.9954	D(G(z)): 0.0898 / 0.0212
[251/500][0/12]	Loss_D: 0.3583	Loss_G: 8.6476	D(x): 0.9960	D(G(z)): 0.2756 / 0.0004
[252/500][0/12]	Loss_D: 0.8798	Loss_G: 12.3652	D(x): 0.9980	D(G(z)): 0.4552 / 0.0000
[253/500][0/12]	Loss_D: 0.8578	Loss_G: 2.7837	D(x): 0.5268	D(G(z)): 0.0020 / 0.1705
[254/500][0/12]	Loss_D: 0.4675	Loss_G: 8.9247	D(x): 0.9436	D(G(z)): 0.2847 / 0.0004
[255/500][0/12]	Loss_D: 0.4535	Loss_G: 9.2320	D(x): 0.7050	D(G(z)): 0.0010 / 0.0006
[256/500][0/12]	Loss_D: 0.1851	Loss_G: 6.1589	D(x): 0.9787	D(G(z)): 0.1377 / 0.0046
[257/500][0/12]	Loss_D: 0.3354	Loss_G: 6.6811	D(x): 0.9935	D(G(z)): 0.2502 / 0.0027
[258/500][0/12]	Loss_D: 0.2236	Loss_G: 6.0921	D(x): 0.9825	D(G(z)): 0.1670 / 0.0038
[259/500][0/12]	Loss_D: 0.2867	Loss_G: 6.7868	D(x): 0.9857	D(G(z)): 0.2180 / 0.0018
[260/500][0/12]	Loss_D: 0.1912	Loss_G: 6.3742	D(x): 0.9853	D(G(z)): 0.1447 / 0.0030
[261/500][0/12]	Loss_D: 0.7541	Loss_G: 11.0888	D(x): 0.9962	D(G(z)): 0.4633 / 0.0001
[262/500][0/12]	Loss_D: 0.5689	Loss_G: 10.9806	D(x): 0.9883	D(G(z)): 0.3600 / 0.0000
[263/500][0/12]	Loss_D: 0.7622	Loss_G: 10.4294	D(x): 0.9946	D(G(z)): 0.4381 / 0.0001
[264/500][0/12]	Loss_D: 0.1822	Loss_G: 4.1945	D(x): 0.9823	D(G(z)): 0.1396 / 0.0304
[265/500][0/12]	Loss_D: 0.1572	Loss_G: 3.7559	D(x): 0.8782	D(G(z)): 0.0125 / 0.0365
[266/500][0/12]	Loss_D: 0.1218	Loss_G: 4.9586	D(x): 0.9579	D(G(z)): 0.0721 / 0.0104
[267/500][0/12]	Loss_D: 0.0971	Loss_G: 5.2483	D(x): 0.9854	D(G(z)): 0.0761 / 0.0083
[268/500][0/12]	Loss_D: 1.0484	Loss_G: 11.8839	D(x): 0.9960	D(G(z)): 0.5098 / 0.0000
[269/500][0/12]	Loss_D: 0.5261	Loss_G: 9.5619	D(x): 0.9349	D(G(z)): 0.3111 / 0.0002
[270/500][0/12]	Loss_D: 0.8070	Loss_G: 12.9145	D(x): 0.9986	D(G(z)): 0.5006 / 0.0000
[271/500][0/12]	Loss_D: 0.1026	Loss_G: 4.2804	D(x): 0.9520	D(G(z)): 0.0473 / 0.0244
[272/500][0/12]	Loss_D: 0.0836	Loss_G: 4.4769	D(x): 0.9748	D(G(z)): 0.0549 / 0.0158
[273/500][0/12]	Loss_D: 0.1769	Loss_G: 3.8193	D(x): 0.8543	D(G(z)): 0.0061 / 0.0405
[274/500][0/12]	Loss_D: 0.0469	Loss_G: 4.7838	D(x): 0.9927	D(G(z)): 0.0381 / 0.0126
[275/500][0/12]	Loss_D: 0.0834	Loss_G: 5.5335	D(x): 0.9925	D(G(z)): 0.0702 / 0.0066
[276/500][0/12]	Loss_D: 0.0500	Loss_G: 4.7019	D(x): 0.9932	D(G(z)): 0.0416 / 0.0133
[277/500][0/12]	Loss_D: 0.1504	Loss_G: 6.0434	D(x): 0.9825	D(G(z)): 0.0961 / 0.0039
[278/500][0/12]	Loss_D: 0.0402	Loss_G: 5.2259	D(x): 0.9799	D(G(z)): 0.0191 / 0.0086
[279/500][0/12]	Loss_D: 0.1982	Loss_G: 5.8534	D(x): 0.8471	D(G(z)): 0.0040 / 0.0082
[280/500][0/12]	Loss_D: 0.0800	Loss_G: 5.8607	D(x): 0.9749	D(G(z)): 0.0494 / 0.0068
[281/500][0/12]	Loss_D: 0.0479	Loss_G: 5.3745	D(x): 0.9935	D(G(z)): 0.0398 / 0.0076
[282/500][0/12]	Loss_D: 0.1188	Loss_G: 6.6157	D(x): 0.9958	D(G(z)): 0.0997 / 0.0019
[283/500][0/12]	Loss_D: 0.0320	Loss_G: 5.1187	D(x): 0.9946	D(G(z)): 0.0257 / 0.0104
[284/500][0/12]	Loss_D: 0.9287	Loss_G: 15.3221	D(x): 0.9994	D(G(z)): 0.5050 / 0.0000
[285/500][0/12]	Loss_D: 1.1018	Loss_G: 6.2946	D(x): 0.5726	D(G(z)): 0.0339 / 0.0126
[286/500][0/12]	Loss_D: 0.8361	Loss_G: 8.4179	D(x): 0.9880	D(G(z)): 0.4326 / 0.0052
[287/500][0/12]	Loss_D: 0.1142	Loss_G: 6.8512	D(x): 0.9549	D(G(z)): 0.0593 / 0.0022
[288/500][0/12]	Loss_D: 0.1260	Loss_G: 4.6373	D(x): 0.9202	D(G(z)): 0.0318 / 0.0143
[289/500][0/12]	Loss_D: 0.1250	Loss_G: 6.4846	D(x): 0.8994	D(G(z)): 0.0065 / 0.0040
[290/500][0/12]	Loss_D: 0.0989	Loss_G: 4.9060	D(x): 0.9858	D(G(z)): 0.0785 / 0.0106
[291/500][0/12]	Loss_D: 0.0777	Loss_G: 4.0053	D(x): 0.9778	D(G(z)): 0.0517 / 0.0295
[292/500][0/12]	Loss_D: 0.0864	Loss_G: 4.2688	D(x): 0.9742	D(G(z)): 0.0560 / 0.0225
[293/500][0/12]	Loss_D: 0.0839	Loss_G: 4.4937	D(x): 0.9594	D(G(z)): 0.0382 / 0.0150
[294/500][0/12]	Loss_D: 0.0583	Loss_G: 5.0109	D(x): 0.9727	D(G(z)): 0.0295 / 0.0097
[295/500][0/12]	Loss_D: 0.0728	Loss_G: 4.1675	D(x): 0.9579	D(G(z)): 0.0273 / 0.0255
[296/500][0/12]	Loss_D: 0.1339	Loss_G: 6.1189	D(x): 0.9912	D(G(z)): 0.1094 / 0.0033
[297/500][0/12]	Loss_D: 0.0764	Loss_G: 4.3181	D(x): 0.9509	D(G(z)): 0.0239 / 0.0217
[298/500][0/12]	Loss_D: 0.0488	Loss_G: 4.7581	D(x): 0.9878	D(G(z)): 0.0353 / 0.0126
[299/500][0/12]	Loss_D: 0.0664	Loss_G: 4.2040	D(x): 0.9794	D(G(z)): 0.0427 / 0.0224
[300/500][0/12]	Loss_D: 0.0678	Loss_G: 4.7407	D(x): 0.9807	D(G(z)): 0.0461 / 0.0134
[301/500][0/12]	Loss_D: 1.0909	Loss_G: 15.4307	D(x): 0.9982	D(G(z)): 0.5290 / 0.0000
[302/500][0/12]	Loss_D: 1.0056	Loss_G: 2.3135	D(x): 0.5372	D(G(z)): 0.1090 / 0.2533
[303/500][0/12]	Loss_D: 0.3478	Loss_G: 4.8520	D(x): 0.9118	D(G(z)): 0.1636 / 0.0231
[304/500][0/12]	Loss_D: 0.3283	Loss_G: 5.9640	D(x): 0.7646	D(G(z)): 0.0073 / 0.0069
[305/500][0/12]	Loss_D: 0.0845	Loss_G: 4.9663	D(x): 0.9705	D(G(z)): 0.0487 / 0.0109
[306/500][0/12]	Loss_D: 0.6824	Loss_G: 10.8307	D(x): 0.9977	D(G(z)): 0.4300 / 0.0000
[307/500][0/12]	Loss_D: 0.0924	Loss_G: 5.3477	D(x): 0.9752	D(G(z)): 0.0581 / 0.0102
[308/500][0/12]	Loss_D: 0.1483	Loss_G: 5.7516	D(x): 0.9821	D(G(z)): 0.1098 / 0.0053
[309/500][0/12]	Loss_D: 0.1170	Loss_G: 4.7973	D(x): 0.9886	D(G(z)): 0.0943 / 0.0134
[310/500][0/12]	Loss_D: 0.0580	Loss_G: 4.7943	D(x): 0.9603	D(G(z)): 0.0162 / 0.0122
[311/500][0/12]	Loss_D: 0.0701	Loss_G: 5.2907	D(x): 0.9899	D(G(z)): 0.0566 / 0.0080
[312/500][0/12]	Loss_D: 0.1519	Loss_G: 7.1590	D(x): 0.9921	D(G(z)): 0.1236 / 0.0013
[313/500][0/12]	Loss_D: 0.1942	Loss_G: 6.4603	D(x): 0.9894	D(G(z)): 0.1417 / 0.0030
[314/500][0/12]	Loss_D: 0.1710	Loss_G: 6.4023	D(x): 0.9647	D(G(z)): 0.1131 / 0.0028
[315/500][0/12]	Loss_D: 0.0818	Loss_G: 5.1267	D(x): 0.9820	D(G(z)): 0.0596 / 0.0081
[316/500][0/12]	Loss_D: 0.0649	Loss_G: 5.0613	D(x): 0.9714	D(G(z)): 0.0330 / 0.0103
[317/500][0/12]	Loss_D: 0.0405	Loss_G: 4.9696	D(x): 0.9832	D(G(z)): 0.0229 / 0.0116
[318/500][0/12]	Loss_D: 0.0757	Loss_G: 5.3319	D(x): 0.9337	D(G(z)): 0.0047 / 0.0096
[319/500][0/12]	Loss_D: 0.0548	Loss_G: 5.2816	D(x): 0.9561	D(G(z)): 0.0091 / 0.0069
[320/500][0/12]	Loss_D: 0.1374	Loss_G: 5.9630	D(x): 0.9880	D(G(z)): 0.1104 / 0.0043
[321/500][0/12]	Loss_D: 0.0537	Loss_G: 5.1162	D(x): 0.9707	D(G(z)): 0.0223 / 0.0109
[322/500][0/12]	Loss_D: 0.0550	Loss_G: 5.0239	D(x): 0.9913	D(G(z)): 0.0440 / 0.0100
[323/500][0/12]	Loss_D: 0.1022	Loss_G: 3.9385	D(x): 0.9151	D(G(z)): 0.0089 / 0.0343
[324/500][0/12]	Loss_D: 0.0730	Loss_G: 5.2710	D(x): 0.9943	D(G(z)): 0.0626 / 0.0080
[325/500][0/12]	Loss_D: 0.3504	Loss_G: 9.2558	D(x): 0.9980	D(G(z)): 0.2329 / 0.0003
[326/500][0/12]	Loss_D: 0.2441	Loss_G: 8.2682	D(x): 0.9985	D(G(z)): 0.1852 / 0.0008
[327/500][0/12]	Loss_D: 0.1624	Loss_G: 4.2931	D(x): 0.8621	D(G(z)): 0.0035 / 0.0261
[328/500][0/12]	Loss_D: 0.0651	Loss_G: 5.0285	D(x): 0.9926	D(G(z)): 0.0546 / 0.0094
[329/500][0/12]	Loss_D: 0.0931	Loss_G: 4.3477	D(x): 0.9907	D(G(z)): 0.0751 / 0.0217
[330/500][0/12]	Loss_D: 0.1030	Loss_G: 6.0053	D(x): 0.9936	D(G(z)): 0.0883 / 0.0035
[331/500][0/12]	Loss_D: 0.0376	Loss_G: 4.6912	D(x): 0.9798	D(G(z)): 0.0168 / 0.0159
[332/500][0/12]	Loss_D: 0.5437	Loss_G: 12.4319	D(x): 0.9984	D(G(z)): 0.3467 / 0.0001
[333/500][0/12]	Loss_D: 0.6862	Loss_G: 9.4067	D(x): 0.8823	D(G(z)): 0.3053 / 0.0003
[334/500][0/12]	Loss_D: 0.0604	Loss_G: 4.9885	D(x): 0.9625	D(G(z)): 0.0171 / 0.0201
[335/500][0/12]	Loss_D: 0.2093	Loss_G: 6.2681	D(x): 0.9664	D(G(z)): 0.1409 / 0.0032
[336/500][0/12]	Loss_D: 0.3730	Loss_G: 7.7443	D(x): 0.9900	D(G(z)): 0.2777 / 0.0009
[337/500][0/12]	Loss_D: 0.3279	Loss_G: 7.1776	D(x): 0.9890	D(G(z)): 0.2326 / 0.0013
[338/500][0/12]	Loss_D: 0.2870	Loss_G: 7.3351	D(x): 0.9949	D(G(z)): 0.2136 / 0.0011
[339/500][0/12]	Loss_D: 0.0802	Loss_G: 5.3752	D(x): 0.9365	D(G(z)): 0.0049 / 0.0081
[340/500][0/12]	Loss_D: 0.0590	Loss_G: 4.9709	D(x): 0.9919	D(G(z)): 0.0486 / 0.0098
[341/500][0/12]	Loss_D: 0.1243	Loss_G: 5.9127	D(x): 0.9885	D(G(z)): 0.1023 / 0.0039
[342/500][0/12]	Loss_D: 0.0588	Loss_G: 4.7121	D(x): 0.9900	D(G(z)): 0.0466 / 0.0152
[343/500][0/12]	Loss_D: 0.0592	Loss_G: 5.0024	D(x): 0.9500	D(G(z)): 0.0062 / 0.0121
[344/500][0/12]	Loss_D: 0.2915	Loss_G: 7.1150	D(x): 0.9935	D(G(z)): 0.1939 / 0.0012
[345/500][0/12]	Loss_D: 0.6604	Loss_G: 13.7589	D(x): 0.9977	D(G(z)): 0.4245 / 0.0000
[346/500][0/12]	Loss_D: 0.8512	Loss_G: 11.9608	D(x): 0.9881	D(G(z)): 0.4339 / 0.0000
[347/500][0/12]	Loss_D: 0.1938	Loss_G: 6.8727	D(x): 0.9938	D(G(z)): 0.1499 / 0.0017
[348/500][0/12]	Loss_D: 0.1495	Loss_G: 5.7672	D(x): 0.9946	D(G(z)): 0.1268 / 0.0046
[349/500][0/12]	Loss_D: 0.0725	Loss_G: 5.5395	D(x): 0.9814	D(G(z)): 0.0480 / 0.0072
[350/500][0/12]	Loss_D: 0.0970	Loss_G: 4.8697	D(x): 0.9928	D(G(z)): 0.0797 / 0.0132
[351/500][0/12]	Loss_D: 0.0669	Loss_G: 4.7182	D(x): 0.9885	D(G(z)): 0.0514 / 0.0133
[352/500][0/12]	Loss_D: 0.0646	Loss_G: 5.0641	D(x): 0.9834	D(G(z)): 0.0445 / 0.0098
[353/500][0/12]	Loss_D: 0.1705	Loss_G: 6.4272	D(x): 0.9933	D(G(z)): 0.1269 / 0.0034
[354/500][0/12]	Loss_D: 0.0736	Loss_G: 4.4934	D(x): 0.9494	D(G(z)): 0.0198 / 0.0212
[355/500][0/12]	Loss_D: 0.0611	Loss_G: 5.2842	D(x): 0.9864	D(G(z)): 0.0448 / 0.0085
[356/500][0/12]	Loss_D: 0.0501	Loss_G: 4.9328	D(x): 0.9873	D(G(z)): 0.0358 / 0.0099
[357/500][0/12]	Loss_D: 0.0496	Loss_G: 4.6880	D(x): 0.9944	D(G(z)): 0.0419 / 0.0149
[358/500][0/12]	Loss_D: 0.1105	Loss_G: 5.8485	D(x): 0.9954	D(G(z)): 0.0957 / 0.0043
[359/500][0/12]	Loss_D: 0.0452	Loss_G: 5.9380	D(x): 0.9739	D(G(z)): 0.0168 / 0.0060
[360/500][0/12]	Loss_D: 0.0293	Loss_G: 6.4540	D(x): 0.9762	D(G(z)): 0.0049 / 0.0029
[361/500][0/12]	Loss_D: 0.0289	Loss_G: 4.5208	D(x): 0.9932	D(G(z)): 0.0217 / 0.0141
[362/500][0/12]	Loss_D: 0.0313	Loss_G: 5.1295	D(x): 0.9964	D(G(z)): 0.0262 / 0.0112
[363/500][0/12]	Loss_D: 0.0273	Loss_G: 5.1300	D(x): 0.9828	D(G(z)): 0.0096 / 0.0100
[364/500][0/12]	Loss_D: 0.0425	Loss_G: 4.8758	D(x): 0.9854	D(G(z)): 0.0269 / 0.0119
[365/500][0/12]	Loss_D: 0.0661	Loss_G: 5.7521	D(x): 0.9911	D(G(z)): 0.0543 / 0.0046
[366/500][0/12]	Loss_D: 0.0300	Loss_G: 4.9330	D(x): 0.9805	D(G(z)): 0.0100 / 0.0102
[367/500][0/12]	Loss_D: 0.0752	Loss_G: 5.7689	D(x): 0.9962	D(G(z)): 0.0676 / 0.0044
[368/500][0/12]	Loss_D: 0.0288	Loss_G: 5.1390	D(x): 0.9930	D(G(z)): 0.0214 / 0.0086
[369/500][0/12]	Loss_D: 0.0175	Loss_G: 5.5131	D(x): 0.9958	D(G(z)): 0.0131 / 0.0061
[370/500][0/12]	Loss_D: 0.0325	Loss_G: 5.0657	D(x): 0.9896	D(G(z)): 0.0214 / 0.0107
[371/500][0/12]	Loss_D: 0.0447	Loss_G: 4.8319	D(x): 0.9659	D(G(z)): 0.0088 / 0.0121
[372/500][0/12]	Loss_D: 0.0127	Loss_G: 6.4412	D(x): 0.9931	D(G(z)): 0.0058 / 0.0028
[373/500][0/12]	Loss_D: 0.1426	Loss_G: 7.2103	D(x): 0.9991	D(G(z)): 0.1254 / 0.0011
[374/500][0/12]	Loss_D: 0.1350	Loss_G: 8.2929	D(x): 0.9952	D(G(z)): 0.1125 / 0.0005
[375/500][0/12]	Loss_D: 1.2659	Loss_G: 3.4765	D(x): 0.6260	D(G(z)): 0.1455 / 0.1026
[376/500][0/12]	Loss_D: 0.3191	Loss_G: 9.3535	D(x): 0.9693	D(G(z)): 0.1946 / 0.0003
[377/500][0/12]	Loss_D: 1.6400	Loss_G: 21.5748	D(x): 0.9984	D(G(z)): 0.6846 / 0.0000
[378/500][0/12]	Loss_D: 0.1363	Loss_G: 5.4421	D(x): 0.9668	D(G(z)): 0.0863 / 0.0081
[379/500][0/12]	Loss_D: 0.1318	Loss_G: 5.5073	D(x): 0.9522	D(G(z)): 0.0604 / 0.0111
[380/500][0/12]	Loss_D: 0.1090	Loss_G: 5.4249	D(x): 0.9216	D(G(z)): 0.0185 / 0.0117
[381/500][0/12]	Loss_D: 0.0851	Loss_G: 5.2430	D(x): 0.9612	D(G(z)): 0.0422 / 0.0096
[382/500][0/12]	Loss_D: 0.0812	Loss_G: 5.1189	D(x): 0.9698	D(G(z)): 0.0466 / 0.0110
[383/500][0/12]	Loss_D: 0.0696	Loss_G: 5.2219	D(x): 0.9916	D(G(z)): 0.0565 / 0.0087
[384/500][0/12]	Loss_D: 0.0435	Loss_G: 5.4130	D(x): 0.9666	D(G(z)): 0.0083 / 0.0096
[385/500][0/12]	Loss_D: 0.0901	Loss_G: 5.6425	D(x): 0.9905	D(G(z)): 0.0749 / 0.0049
[386/500][0/12]	Loss_D: 0.0401	Loss_G: 5.2868	D(x): 0.9796	D(G(z)): 0.0189 / 0.0083
[387/500][0/12]	Loss_D: 0.0668	Loss_G: 5.5594	D(x): 0.9762	D(G(z)): 0.0398 / 0.0079
[388/500][0/12]	Loss_D: 0.0466	Loss_G: 5.2620	D(x): 0.9617	D(G(z)): 0.0065 / 0.0096
[389/500][0/12]	Loss_D: 0.0866	Loss_G: 6.0658	D(x): 0.9879	D(G(z)): 0.0693 / 0.0034
[390/500][0/12]	Loss_D: 0.0487	Loss_G: 5.0042	D(x): 0.9950	D(G(z)): 0.0413 / 0.0099
[391/500][0/12]	Loss_D: 0.1019	Loss_G: 6.4172	D(x): 0.9887	D(G(z)): 0.0822 / 0.0029
[392/500][0/12]	Loss_D: 0.0435	Loss_G: 5.6828	D(x): 0.9963	D(G(z)): 0.0382 / 0.0050
[393/500][0/12]	Loss_D: 0.0387	Loss_G: 4.8935	D(x): 0.9775	D(G(z)): 0.0153 / 0.0135
[394/500][0/12]	Loss_D: 0.0345	Loss_G: 5.3947	D(x): 0.9742	D(G(z)): 0.0077 / 0.0066
[395/500][0/12]	Loss_D: 0.5931	Loss_G: 15.6948	D(x): 0.9989	D(G(z)): 0.3696 / 0.0000
[396/500][0/12]	Loss_D: 0.3691	Loss_G: 8.3824	D(x): 0.9768	D(G(z)): 0.2161 / 0.0010
[397/500][0/12]	Loss_D: 0.2511	Loss_G: 10.8313	D(x): 0.8175	D(G(z)): 0.0031 / 0.0011
[398/500][0/12]	Loss_D: 0.0792	Loss_G: 7.4558	D(x): 0.9407	D(G(z)): 0.0135 / 0.0019
[399/500][0/12]	Loss_D: 0.0749	Loss_G: 7.8881	D(x): 0.9657	D(G(z)): 0.0316 / 0.0023
[400/500][0/12]	Loss_D: 0.0502	Loss_G: 5.6613	D(x): 0.9906	D(G(z)): 0.0383 / 0.0059
[401/500][0/12]	Loss_D: 0.1909	Loss_G: 8.1260	D(x): 0.9905	D(G(z)): 0.1515 / 0.0005
[402/500][0/12]	Loss_D: 0.0718	Loss_G: 4.9891	D(x): 0.9916	D(G(z)): 0.0594 / 0.0103
[403/500][0/12]	Loss_D: 0.0249	Loss_G: 5.1204	D(x): 0.9922	D(G(z)): 0.0168 / 0.0100
[404/500][0/12]	Loss_D: 0.0445	Loss_G: 5.7109	D(x): 0.9720	D(G(z)): 0.0153 / 0.0066
[405/500][0/12]	Loss_D: 0.0243	Loss_G: 5.5378	D(x): 0.9877	D(G(z)): 0.0117 / 0.0064
[406/500][0/12]	Loss_D: 0.0695	Loss_G: 6.1906	D(x): 0.9922	D(G(z)): 0.0573 / 0.0032
[407/500][0/12]	Loss_D: 0.0564	Loss_G: 5.2678	D(x): 0.9877	D(G(z)): 0.0422 / 0.0079
[408/500][0/12]	Loss_D: 0.0652	Loss_G: 5.3293	D(x): 0.9963	D(G(z)): 0.0582 / 0.0073
[409/500][0/12]	Loss_D: 0.0211	Loss_G: 6.4603	D(x): 0.9842	D(G(z)): 0.0050 / 0.0034
[410/500][0/12]	Loss_D: 0.0448	Loss_G: 5.5628	D(x): 0.9913	D(G(z)): 0.0347 / 0.0059
[411/500][0/12]	Loss_D: 0.0501	Loss_G: 5.6260	D(x): 0.9979	D(G(z)): 0.0457 / 0.0059
[412/500][0/12]	Loss_D: 0.0442	Loss_G: 6.1425	D(x): 0.9623	D(G(z)): 0.0050 / 0.0052
[413/500][0/12]	Loss_D: 0.1352	Loss_G: 8.2245	D(x): 0.9973	D(G(z)): 0.1072 / 0.0005
[414/500][0/12]	Loss_D: 0.0383	Loss_G: 5.0011	D(x): 0.9905	D(G(z)): 0.0277 / 0.0100
[415/500][0/12]	Loss_D: 0.0281	Loss_G: 5.6433	D(x): 0.9770	D(G(z)): 0.0046 / 0.0069
[416/500][0/12]	Loss_D: 0.3264	Loss_G: 14.3042	D(x): 0.9996	D(G(z)): 0.2480 / 0.0000
[417/500][0/12]	Loss_D: 0.9083	Loss_G: 2.3255	D(x): 0.7953	D(G(z)): 0.2427 / 0.2650
[418/500][0/12]	Loss_D: 0.8157	Loss_G: 9.5159	D(x): 0.9891	D(G(z)): 0.4296 / 0.0003
[419/500][0/12]	Loss_D: 0.1140	Loss_G: 6.1579	D(x): 0.9740	D(G(z)): 0.0742 / 0.0048
[420/500][0/12]	Loss_D: 0.1953	Loss_G: 6.8844	D(x): 0.9590	D(G(z)): 0.1261 / 0.0024
[421/500][0/12]	Loss_D: 0.3197	Loss_G: 8.2687	D(x): 0.9834	D(G(z)): 0.1606 / 0.0010
[422/500][0/12]	Loss_D: 0.0936	Loss_G: 4.9635	D(x): 0.9434	D(G(z)): 0.0300 / 0.0117
[423/500][0/12]	Loss_D: 0.0923	Loss_G: 5.0507	D(x): 0.9854	D(G(z)): 0.0705 / 0.0118
[424/500][0/12]	Loss_D: 0.1228	Loss_G: 5.9817	D(x): 0.9857	D(G(z)): 0.0917 / 0.0047
[425/500][0/12]	Loss_D: 0.2185	Loss_G: 6.9184	D(x): 0.9846	D(G(z)): 0.1592 / 0.0017
[426/500][0/12]	Loss_D: 0.1085	Loss_G: 6.3679	D(x): 0.9862	D(G(z)): 0.0862 / 0.0027
[427/500][0/12]	Loss_D: 0.0525	Loss_G: 4.9003	D(x): 0.9669	D(G(z)): 0.0178 / 0.0140
[428/500][0/12]	Loss_D: 0.0558	Loss_G: 4.9020	D(x): 0.9864	D(G(z)): 0.0401 / 0.0117
[429/500][0/12]	Loss_D: 0.0595	Loss_G: 4.7513	D(x): 0.9737	D(G(z)): 0.0296 / 0.0138
[430/500][0/12]	Loss_D: 0.0743	Loss_G: 5.5412	D(x): 0.9871	D(G(z)): 0.0537 / 0.0070
[431/500][0/12]	Loss_D: 0.0348	Loss_G: 5.8291	D(x): 0.9776	D(G(z)): 0.0118 / 0.0051
[432/500][0/12]	Loss_D: 0.0338	Loss_G: 5.2235	D(x): 0.9899	D(G(z)): 0.0230 / 0.0083
[433/500][0/12]	Loss_D: 0.0617	Loss_G: 5.4422	D(x): 0.9951	D(G(z)): 0.0522 / 0.0068
[434/500][0/12]	Loss_D: 0.1398	Loss_G: 6.5344	D(x): 0.9939	D(G(z)): 0.0877 / 0.0032
[435/500][0/12]	Loss_D: 0.0361	Loss_G: 5.7350	D(x): 0.9746	D(G(z)): 0.0097 / 0.0047
[436/500][0/12]	Loss_D: 0.0373	Loss_G: 5.0382	D(x): 0.9777	D(G(z)): 0.0143 / 0.0096
[437/500][0/12]	Loss_D: 0.0316	Loss_G: 4.9574	D(x): 0.9904	D(G(z)): 0.0213 / 0.0107
[438/500][0/12]	Loss_D: 0.0523	Loss_G: 4.4759	D(x): 0.9655	D(G(z)): 0.0163 / 0.0158
[439/500][0/12]	Loss_D: 0.0647	Loss_G: 5.9401	D(x): 0.9944	D(G(z)): 0.0551 / 0.0038
[440/500][0/12]	Loss_D: 0.0478	Loss_G: 4.7912	D(x): 0.9968	D(G(z)): 0.0427 / 0.0131
[441/500][0/12]	Loss_D: 0.0291	Loss_G: 4.9550	D(x): 0.9876	D(G(z)): 0.0164 / 0.0107
[442/500][0/12]	Loss_D: 0.0385	Loss_G: 5.2525	D(x): 0.9930	D(G(z)): 0.0303 / 0.0085
[443/500][0/12]	Loss_D: 0.0601	Loss_G: 5.8471	D(x): 0.9971	D(G(z)): 0.0538 / 0.0045
[444/500][0/12]	Loss_D: 0.0457	Loss_G: 5.5115	D(x): 0.9919	D(G(z)): 0.0353 / 0.0067
[445/500][0/12]	Loss_D: 0.0332	Loss_G: 5.7175	D(x): 0.9951	D(G(z)): 0.0274 / 0.0056
[446/500][0/12]	Loss_D: 0.0747	Loss_G: 5.6520	D(x): 0.9979	D(G(z)): 0.0659 / 0.0058
[447/500][0/12]	Loss_D: 0.0330	Loss_G: 5.1068	D(x): 0.9911	D(G(z)): 0.0235 / 0.0084
[448/500][0/12]	Loss_D: 0.0253	Loss_G: 5.0798	D(x): 0.9841	D(G(z)): 0.0091 / 0.0090
[449/500][0/12]	Loss_D: 0.0297	Loss_G: 5.1824	D(x): 0.9908	D(G(z)): 0.0200 / 0.0076
[450/500][0/12]	Loss_D: 0.0379	Loss_G: 5.4595	D(x): 0.9954	D(G(z)): 0.0323 / 0.0062
[451/500][0/12]	Loss_D: 0.0245	Loss_G: 6.1066	D(x): 0.9899	D(G(z)): 0.0141 / 0.0048
[452/500][0/12]	Loss_D: 0.3386	Loss_G: 14.3064	D(x): 0.9995	D(G(z)): 0.2562 / 0.0000
[453/500][0/12]	Loss_D: 2.0752	Loss_G: 3.4583	D(x): 0.2712	D(G(z)): 0.0108 / 0.1281
[454/500][0/12]	Loss_D: 0.4200	Loss_G: 5.8199	D(x): 0.8277	D(G(z)): 0.1157 / 0.0117
[455/500][0/12]	Loss_D: 0.2467	Loss_G: 6.2601	D(x): 0.9176	D(G(z)): 0.1200 / 0.0044
[456/500][0/12]	Loss_D: 0.2899	Loss_G: 7.9574	D(x): 0.9884	D(G(z)): 0.2098 / 0.0008
[457/500][0/12]	Loss_D: 0.1416	Loss_G: 6.7713	D(x): 0.9785	D(G(z)): 0.1029 / 0.0025
[458/500][0/12]	Loss_D: 0.1068	Loss_G: 5.3632	D(x): 0.9790	D(G(z)): 0.0779 / 0.0073
[459/500][0/12]	Loss_D: 0.0860	Loss_G: 5.6211	D(x): 0.9739	D(G(z)): 0.0556 / 0.0058
[460/500][0/12]	Loss_D: 0.0618	Loss_G: 5.5478	D(x): 0.9880	D(G(z)): 0.0457 / 0.0089
[461/500][0/12]	Loss_D: 0.1250	Loss_G: 6.7031	D(x): 0.9881	D(G(z)): 0.1005 / 0.0018
[462/500][0/12]	Loss_D: 0.1211	Loss_G: 6.7324	D(x): 0.9948	D(G(z)): 0.1027 / 0.0019
[463/500][0/12]	Loss_D: 0.0730	Loss_G: 5.3247	D(x): 0.9428	D(G(z)): 0.0127 / 0.0093
[464/500][0/12]	Loss_D: 0.0425	Loss_G: 5.0327	D(x): 0.9780	D(G(z)): 0.0193 / 0.0096
[465/500][0/12]	Loss_D: 0.1010	Loss_G: 6.2986	D(x): 0.9951	D(G(z)): 0.0855 / 0.0030
[466/500][0/12]	Loss_D: 0.0483	Loss_G: 4.9006	D(x): 0.9888	D(G(z)): 0.0356 / 0.0116
[467/500][0/12]	Loss_D: 0.1262	Loss_G: 5.9726	D(x): 0.9968	D(G(z)): 0.1067 / 0.0037
[468/500][0/12]	Loss_D: 0.1041	Loss_G: 5.6201	D(x): 0.9920	D(G(z)): 0.0855 / 0.0057
[469/500][0/12]	Loss_D: 0.0369	Loss_G: 4.8871	D(x): 0.9871	D(G(z)): 0.0231 / 0.0120
[470/500][0/12]	Loss_D: 0.0896	Loss_G: 6.8152	D(x): 0.9978	D(G(z)): 0.0764 / 0.0031
[471/500][0/12]	Loss_D: 0.0222	Loss_G: 5.3704	D(x): 0.9941	D(G(z)): 0.0158 / 0.0074
[472/500][0/12]	Loss_D: 0.0756	Loss_G: 6.1101	D(x): 0.9946	D(G(z)): 0.0646 / 0.0036
[473/500][0/12]	Loss_D: 0.3105	Loss_G: 13.7016	D(x): 0.9972	D(G(z)): 0.2207 / 0.0000
[474/500][0/12]	Loss_D: 0.4645	Loss_G: 5.2012	D(x): 0.8052	D(G(z)): 0.0941 / 0.0184
[475/500][0/12]	Loss_D: 1.2580	Loss_G: 13.6282	D(x): 0.9851	D(G(z)): 0.5677 / 0.0000
[476/500][0/12]	Loss_D: 1.5278	Loss_G: 15.4240	D(x): 0.9984	D(G(z)): 0.6644 / 0.0000
[477/500][0/12]	Loss_D: 0.2335	Loss_G: 6.5349	D(x): 0.9846	D(G(z)): 0.1707 / 0.0040
[478/500][0/12]	Loss_D: 0.1058	Loss_G: 5.3487	D(x): 0.9505	D(G(z)): 0.0390 / 0.0104
[479/500][0/12]	Loss_D: 0.0735	Loss_G: 5.7429	D(x): 0.9390	D(G(z)): 0.0065 / 0.0072
[480/500][0/12]	Loss_D: 0.1683	Loss_G: 7.2342	D(x): 0.9896	D(G(z)): 0.1337 / 0.0015
[481/500][0/12]	Loss_D: 0.0733	Loss_G: 4.9132	D(x): 0.9492	D(G(z)): 0.0192 / 0.0146
[482/500][0/12]	Loss_D: 0.1168	Loss_G: 6.3678	D(x): 0.9922	D(G(z)): 0.0969 / 0.0030
[483/500][0/12]	Loss_D: 0.0702	Loss_G: 5.2361	D(x): 0.9822	D(G(z)): 0.0488 / 0.0095
[484/500][0/12]	Loss_D: 0.0722	Loss_G: 5.4836	D(x): 0.9759	D(G(z)): 0.0446 / 0.0065
[485/500][0/12]	Loss_D: 0.0614	Loss_G: 5.8729	D(x): 0.9915	D(G(z)): 0.0495 / 0.0050
[486/500][0/12]	Loss_D: 0.0614	Loss_G: 5.3590	D(x): 0.9960	D(G(z)): 0.0536 / 0.0069
[487/500][0/12]	Loss_D: 0.1658	Loss_G: 8.4341	D(x): 0.9965	D(G(z)): 0.1421 / 0.0006
[488/500][0/12]	Loss_D: 0.0375	Loss_G: 5.1479	D(x): 0.9910	D(G(z)): 0.0276 / 0.0084
[489/500][0/12]	Loss_D: 0.1274	Loss_G: 6.4131	D(x): 0.8901	D(G(z)): 0.0019 / 0.0050
[490/500][0/12]	Loss_D: 0.0640	Loss_G: 5.5959	D(x): 0.9918	D(G(z)): 0.0525 / 0.0060
[491/500][0/12]	Loss_D: 0.0570	Loss_G: 5.6005	D(x): 0.9883	D(G(z)): 0.0433 / 0.0057
[492/500][0/12]	Loss_D: 0.0504	Loss_G: 4.8595	D(x): 0.9656	D(G(z)): 0.0144 / 0.0128
[493/500][0/12]	Loss_D: 0.0245	Loss_G: 5.4302	D(x): 0.9814	D(G(z)): 0.0055 / 0.0063
[494/500][0/12]	Loss_D: 0.0498	Loss_G: 5.2879	D(x): 0.9892	D(G(z)): 0.0373 / 0.0072
[495/500][0/12]	Loss_D: 0.0403	Loss_G: 5.4739	D(x): 0.9937	D(G(z)): 0.0322 / 0.0061
[496/500][0/12]	Loss_D: 0.0327	Loss_G: 5.1825	D(x): 0.9875	D(G(z)): 0.0196 / 0.0093
[497/500][0/12]	Loss_D: 0.0367	Loss_G: 5.3433	D(x): 0.9880	D(G(z)): 0.0233 / 0.0081
[498/500][0/12]	Loss_D: 0.0351	Loss_G: 5.1015	D(x): 0.9732	D(G(z)): 0.0072 / 0.0090
[499/500][0/12]	Loss_D: 0.3784	Loss_G: 15.7579	D(x): 0.9985	D(G(z)): 0.2774 / 0.0000
Losses saved
Images saved
